Use GPU: cuda:0
Experiments will be saved in ./results/electricity_DLinear
test 2607
Loading model from ./results/electricity_DLinear/checkpoint.pth
explainers: ['feature_ablation', 'occlusion', 'augmented_occlusion', 'feature_permutation']
 areas: [0.05, 0.075, 0.1, 0.15]
 metrics: ['mae', 'mse']

Running feature_ablation from 2023-10-08 02:07:29.267430

  0%|          | 0/82 [00:00<?, ?it/s]
  1%|          | 1/82 [00:04<05:51,  4.34s/it]
  2%|▏         | 2/82 [00:04<02:34,  1.94s/it]
  4%|▎         | 3/82 [00:04<01:32,  1.17s/it]
  5%|▍         | 4/82 [00:05<01:02,  1.24it/s]
  6%|▌         | 5/82 [00:05<00:46,  1.65it/s]
  7%|▋         | 6/82 [00:05<00:37,  2.05it/s]
  9%|▊         | 7/82 [00:05<00:30,  2.43it/s]
 10%|▉         | 8/82 [00:06<00:26,  2.77it/s]
 11%|█         | 9/82 [00:06<00:23,  3.06it/s]
 12%|█▏        | 10/82 [00:06<00:21,  3.29it/s]
 13%|█▎        | 11/82 [00:06<00:20,  3.46it/s]
 15%|█▍        | 12/82 [00:07<00:19,  3.60it/s]
 16%|█▌        | 13/82 [00:07<00:18,  3.70it/s]
 17%|█▋        | 14/82 [00:07<00:18,  3.77it/s]
 18%|█▊        | 15/82 [00:07<00:17,  3.82it/s]
 20%|█▉        | 16/82 [00:08<00:17,  3.86it/s]
 21%|██        | 17/82 [00:08<00:16,  3.89it/s]
 22%|██▏       | 18/82 [00:08<00:16,  3.91it/s]
 23%|██▎       | 19/82 [00:08<00:16,  3.92it/s]
 24%|██▍       | 20/82 [00:09<00:15,  3.93it/s]
 26%|██▌       | 21/82 [00:09<00:15,  3.94it/s]
 27%|██▋       | 22/82 [00:09<00:15,  3.94it/s]
 28%|██▊       | 23/82 [00:09<00:14,  3.94it/s]
 29%|██▉       | 24/82 [00:10<00:14,  3.94it/s]
 30%|███       | 25/82 [00:10<00:14,  3.94it/s]
 32%|███▏      | 26/82 [00:10<00:14,  3.94it/s]
 33%|███▎      | 27/82 [00:10<00:13,  3.95it/s]
 34%|███▍      | 28/82 [00:11<00:13,  3.95it/s]
 35%|███▌      | 29/82 [00:11<00:13,  3.95it/s]
 37%|███▋      | 30/82 [00:11<00:13,  3.95it/s]
 38%|███▊      | 31/82 [00:11<00:12,  3.95it/s]
 39%|███▉      | 32/82 [00:12<00:12,  3.94it/s]
 40%|████      | 33/82 [00:12<00:12,  3.95it/s]
 41%|████▏     | 34/82 [00:12<00:12,  3.96it/s]
 43%|████▎     | 35/82 [00:12<00:11,  3.95it/s]
 44%|████▍     | 36/82 [00:13<00:11,  3.95it/s]
 45%|████▌     | 37/82 [00:13<00:11,  3.95it/s]
 46%|████▋     | 38/82 [00:13<00:11,  3.95it/s]
 48%|████▊     | 39/82 [00:13<00:10,  3.95it/s]
 49%|████▉     | 40/82 [00:14<00:10,  3.95it/s]
 50%|█████     | 41/82 [00:14<00:10,  3.95it/s]
 51%|█████     | 42/82 [00:14<00:10,  3.95it/s]
 52%|█████▏    | 43/82 [00:14<00:09,  3.95it/s]
 54%|█████▎    | 44/82 [00:15<00:09,  3.95it/s]
 55%|█████▍    | 45/82 [00:15<00:09,  3.94it/s]
 56%|█████▌    | 46/82 [00:15<00:09,  3.94it/s]
 57%|█████▋    | 47/82 [00:15<00:08,  3.94it/s]
 59%|█████▊    | 48/82 [00:16<00:08,  3.94it/s]
 60%|█████▉    | 49/82 [00:16<00:08,  3.95it/s]
 61%|██████    | 50/82 [00:16<00:08,  3.95it/s]
 62%|██████▏   | 51/82 [00:17<00:07,  3.95it/s]
 63%|██████▎   | 52/82 [00:17<00:07,  3.94it/s]
 65%|██████▍   | 53/82 [00:17<00:07,  3.95it/s]
 66%|██████▌   | 54/82 [00:17<00:07,  3.95it/s]
 67%|██████▋   | 55/82 [00:18<00:06,  3.95it/s]
 68%|██████▊   | 56/82 [00:18<00:06,  3.95it/s]
 70%|██████▉   | 57/82 [00:18<00:06,  3.95it/s]
 71%|███████   | 58/82 [00:18<00:06,  3.95it/s]
 72%|███████▏  | 59/82 [00:19<00:05,  3.95it/s]
 73%|███████▎  | 60/82 [00:19<00:05,  3.95it/s]
 74%|███████▍  | 61/82 [00:19<00:05,  3.95it/s]
 76%|███████▌  | 62/82 [00:19<00:05,  3.95it/s]
 77%|███████▋  | 63/82 [00:20<00:04,  3.95it/s]
 78%|███████▊  | 64/82 [00:20<00:04,  3.96it/s]
 79%|███████▉  | 65/82 [00:20<00:04,  3.96it/s]
 80%|████████  | 66/82 [00:20<00:04,  3.95it/s]
 82%|████████▏ | 67/82 [00:21<00:03,  3.96it/s]
 83%|████████▎ | 68/82 [00:21<00:03,  3.96it/s]
 84%|████████▍ | 69/82 [00:21<00:03,  3.95it/s]
 85%|████████▌ | 70/82 [00:21<00:03,  3.94it/s]
 87%|████████▋ | 71/82 [00:22<00:02,  3.95it/s]
 88%|████████▊ | 72/82 [00:22<00:02,  3.96it/s]
 89%|████████▉ | 73/82 [00:22<00:02,  3.95it/s]
 90%|█████████ | 74/82 [00:22<00:02,  3.96it/s]
 91%|█████████▏| 75/82 [00:23<00:01,  3.96it/s]
 93%|█████████▎| 76/82 [00:23<00:01,  3.96it/s]
 94%|█████████▍| 77/82 [00:23<00:01,  3.95it/s]
 95%|█████████▌| 78/82 [00:23<00:01,  3.96it/s]
 96%|█████████▋| 79/82 [00:24<00:00,  3.96it/s]
 98%|█████████▊| 80/82 [00:24<00:00,  3.96it/s]
 99%|█████████▉| 81/82 [00:24<00:00,  3.95it/s]
100%|██████████| 82/82 [00:24<00:00,  3.95it/s]
100%|██████████| 82/82 [00:24<00:00,  3.30it/s]
Experiment ended at 2023-10-08 02:07:54.115321. Total time taken 0:00:24.847891.
  metric   area       comp       suff
0    mae  0.050   7.410204  16.269393
1    mae  0.075   9.602683  17.064525
2    mae  0.100  10.734250  17.608912
3    mae  0.150  12.886397  18.867213
4    mse  0.050   4.160244  16.073437
5    mse  0.075   6.297837  17.444726
6    mse  0.100   7.574249  18.374969
7    mse  0.150  10.343908  20.522515
Running occlusion from 2023-10-08 02:07:54.185163

  0%|          | 0/82 [00:00<?, ?it/s]
  1%|          | 1/82 [00:00<00:24,  3.34it/s]
  2%|▏         | 2/82 [00:00<00:23,  3.34it/s]
  4%|▎         | 3/82 [00:00<00:23,  3.35it/s]
  5%|▍         | 4/82 [00:01<00:23,  3.36it/s]
  6%|▌         | 5/82 [00:01<00:22,  3.36it/s]
  7%|▋         | 6/82 [00:01<00:22,  3.35it/s]
  9%|▊         | 7/82 [00:02<00:22,  3.35it/s]
 10%|▉         | 8/82 [00:02<00:22,  3.36it/s]
 11%|█         | 9/82 [00:02<00:21,  3.36it/s]
 12%|█▏        | 10/82 [00:02<00:21,  3.36it/s]
 13%|█▎        | 11/82 [00:03<00:21,  3.37it/s]
 15%|█▍        | 12/82 [00:03<00:20,  3.36it/s]
 16%|█▌        | 13/82 [00:03<00:20,  3.36it/s]
 17%|█▋        | 14/82 [00:04<00:20,  3.37it/s]
 18%|█▊        | 15/82 [00:04<00:19,  3.37it/s]
 20%|█▉        | 16/82 [00:04<00:19,  3.37it/s]
 21%|██        | 17/82 [00:05<00:19,  3.36it/s]
 22%|██▏       | 18/82 [00:05<00:19,  3.37it/s]
 23%|██▎       | 19/82 [00:05<00:18,  3.36it/s]
 24%|██▍       | 20/82 [00:05<00:18,  3.36it/s]
 26%|██▌       | 21/82 [00:06<00:18,  3.36it/s]
 27%|██▋       | 22/82 [00:06<00:17,  3.37it/s]
 28%|██▊       | 23/82 [00:06<00:17,  3.37it/s]
 29%|██▉       | 24/82 [00:07<00:17,  3.37it/s]
 30%|███       | 25/82 [00:07<00:16,  3.37it/s]
 32%|███▏      | 26/82 [00:07<00:16,  3.37it/s]
 33%|███▎      | 27/82 [00:08<00:16,  3.35it/s]
 34%|███▍      | 28/82 [00:08<00:16,  3.36it/s]
 35%|███▌      | 29/82 [00:08<00:15,  3.36it/s]
 37%|███▋      | 30/82 [00:08<00:15,  3.36it/s]
 38%|███▊      | 31/82 [00:09<00:15,  3.37it/s]
 39%|███▉      | 32/82 [00:09<00:14,  3.37it/s]
 40%|████      | 33/82 [00:09<00:14,  3.36it/s]
 41%|████▏     | 34/82 [00:10<00:14,  3.37it/s]
 43%|████▎     | 35/82 [00:10<00:13,  3.37it/s]
 44%|████▍     | 36/82 [00:10<00:13,  3.36it/s]
 45%|████▌     | 37/82 [00:11<00:13,  3.37it/s]
 46%|████▋     | 38/82 [00:11<00:13,  3.37it/s]
 48%|████▊     | 39/82 [00:11<00:12,  3.36it/s]
 49%|████▉     | 40/82 [00:11<00:12,  3.36it/s]
 50%|█████     | 41/82 [00:12<00:12,  3.36it/s]
 51%|█████     | 42/82 [00:12<00:11,  3.36it/s]
 52%|█████▏    | 43/82 [00:12<00:11,  3.36it/s]
 54%|█████▎    | 44/82 [00:13<00:11,  3.37it/s]
 55%|█████▍    | 45/82 [00:13<00:11,  3.36it/s]
 56%|█████▌    | 46/82 [00:13<00:10,  3.36it/s]
 57%|█████▋    | 47/82 [00:13<00:10,  3.37it/s]
 59%|█████▊    | 48/82 [00:14<00:10,  3.37it/s]
 60%|█████▉    | 49/82 [00:14<00:09,  3.36it/s]
 61%|██████    | 50/82 [00:14<00:09,  3.37it/s]
 62%|██████▏   | 51/82 [00:15<00:09,  3.37it/s]
 63%|██████▎   | 52/82 [00:15<00:08,  3.36it/s]
 65%|██████▍   | 53/82 [00:15<00:08,  3.36it/s]
 66%|██████▌   | 54/82 [00:16<00:08,  3.36it/s]
 67%|██████▋   | 55/82 [00:16<00:08,  3.36it/s]
 68%|██████▊   | 56/82 [00:16<00:07,  3.36it/s]
 70%|██████▉   | 57/82 [00:16<00:07,  3.36it/s]
 71%|███████   | 58/82 [00:17<00:07,  3.36it/s]
 72%|███████▏  | 59/82 [00:17<00:06,  3.36it/s]
 73%|███████▎  | 60/82 [00:17<00:06,  3.36it/s]
 74%|███████▍  | 61/82 [00:18<00:06,  3.36it/s]
 76%|███████▌  | 62/82 [00:18<00:05,  3.36it/s]
 77%|███████▋  | 63/82 [00:18<00:05,  3.36it/s]
 78%|███████▊  | 64/82 [00:19<00:05,  3.36it/s]
 79%|███████▉  | 65/82 [00:19<00:05,  3.36it/s]
 80%|████████  | 66/82 [00:19<00:04,  3.36it/s]
 82%|████████▏ | 67/82 [00:19<00:04,  3.36it/s]
 83%|████████▎ | 68/82 [00:20<00:04,  3.36it/s]
 84%|████████▍ | 69/82 [00:20<00:03,  3.36it/s]
 85%|████████▌ | 70/82 [00:20<00:03,  3.36it/s]
 87%|████████▋ | 71/82 [00:21<00:03,  3.36it/s]
 88%|████████▊ | 72/82 [00:21<00:02,  3.37it/s]
 89%|████████▉ | 73/82 [00:21<00:02,  3.37it/s]
 90%|█████████ | 74/82 [00:22<00:02,  3.37it/s]
 91%|█████████▏| 75/82 [00:22<00:02,  3.37it/s]
 93%|█████████▎| 76/82 [00:22<00:01,  3.37it/s]
 94%|█████████▍| 77/82 [00:22<00:01,  3.37it/s]
 95%|█████████▌| 78/82 [00:23<00:01,  3.37it/s]
 96%|█████████▋| 79/82 [00:23<00:00,  3.36it/s]
 98%|█████████▊| 80/82 [00:23<00:00,  3.36it/s]
 99%|█████████▉| 81/82 [00:24<00:00,  3.36it/s]
100%|██████████| 82/82 [00:24<00:00,  3.37it/s]
100%|██████████| 82/82 [00:24<00:00,  3.36it/s]
Experiment ended at 2023-10-08 02:08:18.566668. Total time taken 0:00:24.381505.
  metric   area       comp       suff
0    mae  0.050   7.275706  16.475782
1    mae  0.075   9.451084  17.244065
2    mae  0.100  10.577005  17.786044
3    mae  0.150  12.727426  19.028580
4    mse  0.050   4.022436  16.437860
5    mse  0.075   6.121829  17.759761
6    mse  0.100   7.378188  18.689146
7    mse  0.150  10.118584  20.843341
Running augmented_occlusion from 2023-10-08 02:08:18.589636

  0%|          | 0/82 [00:00<?, ?it/s]
  1%|          | 1/82 [00:00<00:26,  3.04it/s]
  2%|▏         | 2/82 [00:00<00:26,  3.04it/s]
  4%|▎         | 3/82 [00:00<00:25,  3.04it/s]
  5%|▍         | 4/82 [00:01<00:25,  3.05it/s]
  6%|▌         | 5/82 [00:01<00:25,  3.05it/s]
  7%|▋         | 6/82 [00:01<00:24,  3.05it/s]
  9%|▊         | 7/82 [00:02<00:24,  3.06it/s]
 10%|▉         | 8/82 [00:02<00:24,  3.06it/s]
 11%|█         | 9/82 [00:02<00:23,  3.06it/s]
 12%|█▏        | 10/82 [00:03<00:23,  3.07it/s]
 13%|█▎        | 11/82 [00:03<00:23,  3.07it/s]
 15%|█▍        | 12/82 [00:03<00:22,  3.06it/s]
 16%|█▌        | 13/82 [00:04<00:22,  3.06it/s]
 17%|█▋        | 14/82 [00:04<00:22,  3.06it/s]
 18%|█▊        | 15/82 [00:04<00:21,  3.06it/s]
 20%|█▉        | 16/82 [00:05<00:21,  3.06it/s]
 21%|██        | 17/82 [00:05<00:21,  3.06it/s]
 22%|██▏       | 18/82 [00:05<00:20,  3.06it/s]
 23%|██▎       | 19/82 [00:06<00:20,  3.06it/s]
 24%|██▍       | 20/82 [00:06<00:20,  3.06it/s]
 26%|██▌       | 21/82 [00:06<00:19,  3.06it/s]
 27%|██▋       | 22/82 [00:07<00:19,  3.06it/s]
 28%|██▊       | 23/82 [00:07<00:19,  3.06it/s]
 29%|██▉       | 24/82 [00:07<00:18,  3.06it/s]
 30%|███       | 25/82 [00:08<00:18,  3.06it/s]
 32%|███▏      | 26/82 [00:08<00:18,  3.05it/s]
 33%|███▎      | 27/82 [00:08<00:18,  3.05it/s]
 34%|███▍      | 28/82 [00:09<00:17,  3.06it/s]
 35%|███▌      | 29/82 [00:09<00:17,  3.06it/s]
 37%|███▋      | 30/82 [00:09<00:17,  3.06it/s]
 38%|███▊      | 31/82 [00:10<00:16,  3.06it/s]
 39%|███▉      | 32/82 [00:10<00:16,  3.05it/s]
 40%|████      | 33/82 [00:10<00:16,  3.06it/s]
 41%|████▏     | 34/82 [00:11<00:15,  3.06it/s]
 43%|████▎     | 35/82 [00:11<00:15,  3.05it/s]
 44%|████▍     | 36/82 [00:11<00:15,  3.05it/s]
 45%|████▌     | 37/82 [00:12<00:14,  3.05it/s]
 46%|████▋     | 38/82 [00:12<00:14,  3.05it/s]
 48%|████▊     | 39/82 [00:12<00:14,  3.05it/s]
 49%|████▉     | 40/82 [00:13<00:13,  3.05it/s]
 50%|█████     | 41/82 [00:13<00:13,  3.05it/s]
 51%|█████     | 42/82 [00:13<00:13,  3.06it/s]
 52%|█████▏    | 43/82 [00:14<00:12,  3.06it/s]
 54%|█████▎    | 44/82 [00:14<00:12,  3.06it/s]
 55%|█████▍    | 45/82 [00:14<00:12,  3.06it/s]
 56%|█████▌    | 46/82 [00:15<00:11,  3.06it/s]
 57%|█████▋    | 47/82 [00:15<00:11,  3.06it/s]
 59%|█████▊    | 48/82 [00:15<00:11,  3.06it/s]
 60%|█████▉    | 49/82 [00:16<00:10,  3.06it/s]
 61%|██████    | 50/82 [00:16<00:10,  3.05it/s]
 62%|██████▏   | 51/82 [00:16<00:10,  3.05it/s]
 63%|██████▎   | 52/82 [00:17<00:09,  3.06it/s]
 65%|██████▍   | 53/82 [00:17<00:09,  3.06it/s]
 66%|██████▌   | 54/82 [00:17<00:09,  3.05it/s]
 67%|██████▋   | 55/82 [00:17<00:08,  3.06it/s]
 68%|██████▊   | 56/82 [00:18<00:08,  3.06it/s]
 70%|██████▉   | 57/82 [00:18<00:08,  3.05it/s]
 71%|███████   | 58/82 [00:18<00:07,  3.06it/s]
 72%|███████▏  | 59/82 [00:19<00:07,  3.06it/s]
 73%|███████▎  | 60/82 [00:19<00:07,  3.06it/s]
 74%|███████▍  | 61/82 [00:19<00:06,  3.06it/s]
 76%|███████▌  | 62/82 [00:20<00:06,  3.05it/s]
 77%|███████▋  | 63/82 [00:20<00:06,  3.06it/s]
 78%|███████▊  | 64/82 [00:20<00:05,  3.06it/s]
 79%|███████▉  | 65/82 [00:21<00:05,  3.06it/s]
 80%|████████  | 66/82 [00:21<00:05,  3.06it/s]
 82%|████████▏ | 67/82 [00:21<00:04,  3.06it/s]
 83%|████████▎ | 68/82 [00:22<00:04,  3.06it/s]
 84%|████████▍ | 69/82 [00:22<00:04,  3.05it/s]
 85%|████████▌ | 70/82 [00:22<00:03,  3.06it/s]
 87%|████████▋ | 71/82 [00:23<00:03,  3.06it/s]
 88%|████████▊ | 72/82 [00:23<00:03,  3.06it/s]
 89%|████████▉ | 73/82 [00:23<00:02,  3.06it/s]
 90%|█████████ | 74/82 [00:24<00:02,  3.06it/s]
 91%|█████████▏| 75/82 [00:24<00:02,  3.06it/s]
 93%|█████████▎| 76/82 [00:24<00:01,  3.06it/s]
 94%|█████████▍| 77/82 [00:25<00:01,  3.06it/s]
 95%|█████████▌| 78/82 [00:25<00:01,  3.06it/s]
 96%|█████████▋| 79/82 [00:25<00:00,  3.06it/s]
 98%|█████████▊| 80/82 [00:26<00:00,  3.06it/s]
 99%|█████████▉| 81/82 [00:26<00:00,  3.06it/s]
100%|██████████| 82/82 [00:26<00:00,  3.06it/s]
100%|██████████| 82/82 [00:26<00:00,  3.06it/s]
Experiment ended at 2023-10-08 02:08:45.414752. Total time taken 0:00:26.825116.
  metric   area      comp       suff
0    mae  0.050  4.939792  14.524418
1    mae  0.075  5.865398  14.262755
2    mae  0.100  6.341221  14.167434
3    mae  0.150  7.224535  13.945959
4    mse  0.050  2.593063  13.128626
5    mse  0.075  3.381455  12.732976
6    mse  0.100  3.821521  12.615853
7    mse  0.150  4.704113  12.348990
Running feature_permutation from 2023-10-08 02:08:45.436075

  0%|          | 0/82 [00:00<?, ?it/s]
  1%|          | 1/82 [00:00<00:25,  3.22it/s]
  2%|▏         | 2/82 [00:00<00:24,  3.25it/s]
  4%|▎         | 3/82 [00:00<00:24,  3.25it/s]
  5%|▍         | 4/82 [00:01<00:23,  3.25it/s]
  6%|▌         | 5/82 [00:01<00:23,  3.26it/s]
  7%|▋         | 6/82 [00:01<00:23,  3.27it/s]
  9%|▊         | 7/82 [00:02<00:22,  3.27it/s]
 10%|▉         | 8/82 [00:02<00:22,  3.27it/s]
 11%|█         | 9/82 [00:02<00:22,  3.27it/s]
 12%|█▏        | 10/82 [00:03<00:21,  3.27it/s]
 13%|█▎        | 11/82 [00:03<00:21,  3.27it/s]
 15%|█▍        | 12/82 [00:03<00:21,  3.28it/s]
 16%|█▌        | 13/82 [00:03<00:21,  3.28it/s]
 17%|█▋        | 14/82 [00:04<00:20,  3.28it/s]
 18%|█▊        | 15/82 [00:04<00:20,  3.28it/s]
 20%|█▉        | 16/82 [00:04<00:20,  3.28it/s]
 21%|██        | 17/82 [00:05<00:19,  3.27it/s]
 22%|██▏       | 18/82 [00:05<00:19,  3.28it/s]
 23%|██▎       | 19/82 [00:05<00:19,  3.28it/s]
 24%|██▍       | 20/82 [00:06<00:18,  3.28it/s]
 26%|██▌       | 21/82 [00:06<00:18,  3.28it/s]
 27%|██▋       | 22/82 [00:06<00:18,  3.29it/s]
 28%|██▊       | 23/82 [00:07<00:17,  3.29it/s]
 29%|██▉       | 24/82 [00:07<00:17,  3.29it/s]
 30%|███       | 25/82 [00:07<00:17,  3.29it/s]
 32%|███▏      | 26/82 [00:07<00:17,  3.28it/s]
 33%|███▎      | 27/82 [00:08<00:16,  3.28it/s]
 34%|███▍      | 28/82 [00:08<00:16,  3.29it/s]
 35%|███▌      | 29/82 [00:08<00:16,  3.29it/s]
 37%|███▋      | 30/82 [00:09<00:15,  3.29it/s]
 38%|███▊      | 31/82 [00:09<00:15,  3.29it/s]
 39%|███▉      | 32/82 [00:09<00:15,  3.28it/s]
 40%|████      | 33/82 [00:10<00:14,  3.28it/s]
 41%|████▏     | 34/82 [00:10<00:14,  3.28it/s]
 43%|████▎     | 35/82 [00:10<00:14,  3.28it/s]
 44%|████▍     | 36/82 [00:10<00:14,  3.28it/s]
 45%|████▌     | 37/82 [00:11<00:13,  3.28it/s]
 46%|████▋     | 38/82 [00:11<00:13,  3.29it/s]
 48%|████▊     | 39/82 [00:11<00:13,  3.28it/s]
 49%|████▉     | 40/82 [00:12<00:12,  3.29it/s]
 50%|█████     | 41/82 [00:12<00:12,  3.29it/s]
 51%|█████     | 42/82 [00:12<00:12,  3.28it/s]
 52%|█████▏    | 43/82 [00:13<00:11,  3.28it/s]
 54%|█████▎    | 44/82 [00:13<00:11,  3.28it/s]
 55%|█████▍    | 45/82 [00:13<00:11,  3.28it/s]
 56%|█████▌    | 46/82 [00:14<00:10,  3.28it/s]
 57%|█████▋    | 47/82 [00:14<00:10,  3.28it/s]
 59%|█████▊    | 48/82 [00:14<00:10,  3.28it/s]
 60%|█████▉    | 49/82 [00:14<00:10,  3.28it/s]
 61%|██████    | 50/82 [00:15<00:09,  3.28it/s]
 62%|██████▏   | 51/82 [00:15<00:09,  3.28it/s]
 63%|██████▎   | 52/82 [00:15<00:09,  3.27it/s]
 65%|██████▍   | 53/82 [00:16<00:08,  3.28it/s]
 66%|██████▌   | 54/82 [00:16<00:08,  3.28it/s]
 67%|██████▋   | 55/82 [00:16<00:08,  3.28it/s]
 68%|██████▊   | 56/82 [00:17<00:07,  3.28it/s]
 70%|██████▉   | 57/82 [00:17<00:07,  3.28it/s]
 71%|███████   | 58/82 [00:17<00:07,  3.28it/s]
 72%|███████▏  | 59/82 [00:17<00:07,  3.28it/s]
 73%|███████▎  | 60/82 [00:18<00:06,  3.29it/s]
 74%|███████▍  | 61/82 [00:18<00:06,  3.29it/s]
 76%|███████▌  | 62/82 [00:18<00:06,  3.29it/s]
 77%|███████▋  | 63/82 [00:19<00:05,  3.29it/s]
 78%|███████▊  | 64/82 [00:19<00:05,  3.29it/s]
 79%|███████▉  | 65/82 [00:19<00:05,  3.29it/s]
 80%|████████  | 66/82 [00:20<00:04,  3.29it/s]
 82%|████████▏ | 67/82 [00:20<00:04,  3.29it/s]
 83%|████████▎ | 68/82 [00:20<00:04,  3.29it/s]
 84%|████████▍ | 69/82 [00:21<00:03,  3.29it/s]
 85%|████████▌ | 70/82 [00:21<00:03,  3.29it/s]
 87%|████████▋ | 71/82 [00:21<00:03,  3.29it/s]
 88%|████████▊ | 72/82 [00:21<00:03,  3.29it/s]
 89%|████████▉ | 73/82 [00:22<00:02,  3.29it/s]
 90%|█████████ | 74/82 [00:22<00:02,  3.29it/s]
 91%|█████████▏| 75/82 [00:22<00:02,  3.29it/s]
 93%|█████████▎| 76/82 [00:23<00:01,  3.29it/s]
 94%|█████████▍| 77/82 [00:23<00:01,  3.29it/s]
 95%|█████████▌| 78/82 [00:23<00:01,  3.28it/s]
 96%|█████████▋| 79/82 [00:24<00:00,  3.28it/s]
 98%|█████████▊| 80/82 [00:24<00:00,  3.28it/s]
 99%|█████████▉| 81/82 [00:24<00:00,  3.28it/s]
100%|██████████| 82/82 [00:24<00:00,  3.28it/s]
100%|██████████| 82/82 [00:24<00:00,  3.28it/s]
Experiment ended at 2023-10-08 02:09:10.425178. Total time taken 0:00:24.989103.
  metric   area      comp       suff
0    mae  0.050  4.824879  14.162178
1    mae  0.075  5.664614  13.859417
2    mae  0.100  6.064992  13.695325
3    mae  0.150  6.815112  13.368611
4    mse  0.050  2.479304  12.552781
5    mse  0.075  3.101972  12.063301
6    mse  0.100  3.418322  11.828344
7    mse  0.150  4.080547  11.340581
