Namespace(task_name='long_term_forecast', train=False, model='Crossformer', seed=2024, itrs=3, itr_no=None, data='custom', result_path='./results', root_path='./dataset/electricity/', data_path='electricity.csv', flag='test', features='S', target='OT', freq='h', seq_len=96, label_len=12, pred_len=24, seasonal_patterns='Monthly', top_k=5, num_kernels=6, n_features=1, d_model=128, n_heads=4, e_layers=2, d_layers=1, d_ff=256, moving_avg=25, factor=3, distil=True, dropout=0.1, embed='timeF', activation='gelu', output_attention=False, conv_kernel=[18, 12], seg_len=24, num_workers=0, train_epochs=10, batch_size=32, patience=3, learning_rate=0.001, lradj='type1', use_amp=False, use_cpu=False, gpu=0, use_multi_gpu=False, devices='0,1,2,3', p_hidden_dims=[128, 128], p_hidden_layers=2, explainers=['feature_ablation', 'occlusion', 'augmented_occlusion', 'winIT', 'tsr'], areas=[0.05, 0.075, 0.1, 0.15], baseline_mode='random', metrics=['mae', 'mse'], overwrite=False, dump_attrs=False, disable_progress=True, use_gpu=True, enc_in=1, dec_in=1, c_out=1)

>>>> itr_no: 1, seed: 648 <<<<<<
Use GPU: cuda:0
Experiments will be saved in ./results/electricity_Crossformer/1
test 2607
Loading model from ./results/electricity_Crossformer/1/checkpoint.pth
./results/electricity_Crossformer/1/feature_ablation.csv exists. Skipping ...
./results/electricity_Crossformer/1/occlusion.csv exists. Skipping ...
./results/electricity_Crossformer/1/augmented_occlusion.csv exists. Skipping ...
./results/electricity_Crossformer/1/winIT.csv exists. Skipping ...
./results/electricity_Crossformer/1/tsr.csv exists. Skipping ...


>>>> itr_no: 2, seed: 506 <<<<<<
Use GPU: cuda:0
Experiments will be saved in ./results/electricity_Crossformer/2
test 2607
Loading model from ./results/electricity_Crossformer/2/checkpoint.pth
./results/electricity_Crossformer/2/feature_ablation.csv exists. Skipping ...
./results/electricity_Crossformer/2/occlusion.csv exists. Skipping ...
./results/electricity_Crossformer/2/augmented_occlusion.csv exists. Skipping ...
./results/electricity_Crossformer/2/winIT.csv exists. Skipping ...
Running tsr from 2024-07-12 16:47:17.083494
Experiment ended at 2024-07-12 18:09:39.191609. Total time taken 1:22:22.108115.
  metric   area       comp       suff
0    mae  0.050  10.986865  13.912943
1    mae  0.075  12.189007  12.899297
2    mae  0.100  12.738613  12.329548
3    mae  0.150  13.812940  11.015584
4    mse  0.050  10.100056  12.841713
5    mse  0.075  11.554530  11.210677
6    mse  0.100  12.254450  10.361276
7    mse  0.150  13.710087   8.518363



>>>> itr_no: 3, seed: 608 <<<<<<
Use GPU: cuda:0
Experiments will be saved in ./results/electricity_Crossformer/3
test 2607
Loading model from ./results/electricity_Crossformer/3/checkpoint.pth
Running feature_ablation from 2024-07-12 18:09:40.456084
Experiment ended at 2024-07-12 18:24:43.973613. Total time taken 0:15:03.517529.
  metric   area       comp       suff
0    mae  0.050  10.781325  14.383760
1    mae  0.075  12.075503  13.346789
2    mae  0.100  12.653699  12.733573
3    mae  0.150  13.735003  11.377875
4    mse  0.050   9.312764  13.824926
5    mse  0.075  11.036209  12.092804
6    mse  0.100  11.842164  11.122526
7    mse  0.150  13.418169   9.144190

Running occlusion from 2024-07-12 18:24:44.153092
Experiment ended at 2024-07-12 18:39:51.676542. Total time taken 0:15:07.523450.
  metric   area       comp       suff
0    mae  0.050  10.713843  14.372664
1    mae  0.075  11.963642  13.367274
2    mae  0.100  12.554094  12.768349
3    mae  0.150  13.673383  11.424840
4    mse  0.050   9.429862  13.766467
5    mse  0.075  11.039370  12.089665
6    mse  0.100  11.837945  11.152898
7    mse  0.150  13.466611   9.197929

Running augmented_occlusion from 2024-07-12 18:39:51.857126
Experiment ended at 2024-07-12 18:55:03.784126. Total time taken 0:15:11.927000.
  metric   area       comp       suff
0    mae  0.050   7.870928  15.695517
1    mae  0.075   9.241191  14.950806
2    mae  0.100   9.901287  14.516207
3    mae  0.150  11.142279  13.572726
4    mse  0.050   6.028931  16.086349
5    mse  0.075   7.443899  14.678028
6    mse  0.100   8.199422  13.892422
7    mse  0.150   9.769004  12.270615

Running winIT from 2024-07-12 18:55:03.972651
Experiment ended at 2024-07-12 19:10:53.919586. Total time taken 0:15:49.946935.
  metric   area      comp       suff
0    mae  0.050  7.758432  15.874893
1    mae  0.075  8.487618  15.559695
2    mae  0.100  8.853605  15.353900
3    mae  0.150  9.668790  14.831036
4    mse  0.050  5.699371  16.495683
5    mse  0.075  6.342092  15.927770
6    mse  0.100  6.692480  15.565868
7    mse  0.150  7.539224  14.670468

Running tsr from 2024-07-12 19:10:54.083891
Experiment ended at 2024-07-12 20:33:09.680257. Total time taken 1:22:15.596366.
  metric   area       comp       suff
0    mae  0.050  10.852470  14.195063
1    mae  0.075  12.103673  13.178822
2    mae  0.100  12.670857  12.584610
3    mae  0.150  13.777722  11.263774
4    mse  0.050   9.459564  13.515643
5    mse  0.075  11.073358  11.834359
6    mse  0.100  11.864994  10.903456
7    mse  0.150  13.488863   8.985882


