Namespace(task_name='long_term_forecast', train=False, model='SegRNN', seed=2024, itrs=3, itr_no=None, data='custom', result_path='./results', root_path='./dataset/traffic/', data_path='traffic.csv', flag='test', features='S', target='OT', freq='h', seq_len=96, label_len=12, pred_len=24, seasonal_patterns='Monthly', top_k=5, num_kernels=6, n_features=1, d_model=128, n_heads=4, e_layers=2, d_layers=1, d_ff=256, moving_avg=25, factor=3, distil=True, dropout=0.1, embed='timeF', activation='gelu', output_attention=False, conv_kernel=[18, 12], seg_len=24, num_workers=0, train_epochs=10, batch_size=32, patience=3, learning_rate=0.001, lradj='type1', use_amp=False, use_cpu=False, gpu=0, use_multi_gpu=False, devices='0,1,2,3', p_hidden_dims=[128, 128], p_hidden_layers=2, explainers=['feature_ablation', 'occlusion', 'augmented_occlusion', 'winIT', 'tsr'], areas=[0.05, 0.075, 0.1, 0.15], baseline_mode='random', metrics=['mae', 'mse'], overwrite=True, dump_attrs=False, disable_progress=True, use_gpu=True, enc_in=1, dec_in=1, c_out=1)

>>>> itr_no: 1, seed: 648 <<<<<<
Use GPU: cuda:0
Experiments will be saved in ./results/traffic_SegRNN/1
test 1731
Loading model from ./results/traffic_SegRNN/1/checkpoint.pth
Running feature_ablation from 2024-07-08 01:03:52.737526
Experiment ended at 2024-07-08 01:12:50.125381. Total time taken 0:08:57.387855.
  metric   area       comp       suff
0    mae  0.050  13.795101  19.610771
1    mae  0.075  14.675790  17.226724
2    mae  0.100  15.074234  15.898643
3    mae  0.150  15.926389  13.160131
4    mse  0.050  15.809067  22.818020
5    mse  0.075  17.089462  17.983781
6    mse  0.100  17.676088  15.520815
7    mse  0.150  18.965614  10.992692

Running occlusion from 2024-07-08 01:12:50.344678
Experiment ended at 2024-07-08 01:13:59.473803. Total time taken 0:01:09.129125.
  metric   area       comp       suff
0    mae  0.050  13.858378  19.563840
1    mae  0.075  14.750357  17.228705
2    mae  0.100  15.131607  15.903019
3    mae  0.150  15.944137  13.179395
4    mse  0.050  15.943267  22.641354
5    mse  0.075  17.265035  17.920483
6    mse  0.100  17.821790  15.474356
7    mse  0.150  19.066155  10.982992

Running augmented_occlusion from 2024-07-08 01:13:59.673281
Experiment ended at 2024-07-08 01:15:10.260154. Total time taken 0:01:10.586873.
  metric   area       comp       suff
0    mae  0.050  11.350196  22.029840
1    mae  0.075  12.513637  20.356737
2    mae  0.100  12.989958  19.376152
3    mae  0.150  13.851195  17.222586
4    mse  0.050  12.706435  28.682832
5    mse  0.075  14.176955  24.827804
6    mse  0.100  14.800493  22.709450
7    mse  0.150  15.993176  18.349961

Running winIT from 2024-07-08 01:15:10.458734
Experiment ended at 2024-07-08 01:16:24.527024. Total time taken 0:01:14.068290.
  metric   area       comp       suff
0    mae  0.050  10.741581  22.268323
1    mae  0.075  11.825856  20.606669
2    mae  0.100  12.360902  19.622863
3    mae  0.150  13.362794  17.485007
4    mse  0.050  11.779668  29.211140
5    mse  0.075  13.054585  25.325985
6    mse  0.100  13.737762  23.142791
7    mse  0.150  15.065086  18.766096

Running tsr from 2024-07-08 01:16:24.715467
Experiment ended at 2024-07-08 01:23:54.350365. Total time taken 0:07:29.634898.
  metric   area       comp       suff
0    mae  0.050  13.836104  19.669082
1    mae  0.075  14.725228  17.333419
2    mae  0.100  15.124830  16.021828
3    mae  0.150  15.946659  13.306157
4    mse  0.050  15.772850  22.888150
5    mse  0.075  17.055931  18.141725
6    mse  0.100  17.635868  15.709768
7    mse  0.150  18.906709  11.196990



>>>> itr_no: 2, seed: 506 <<<<<<
Use GPU: cuda:0
Experiments will be saved in ./results/traffic_SegRNN/2
test 1731
Loading model from ./results/traffic_SegRNN/2/checkpoint.pth
Running feature_ablation from 2024-07-08 01:23:56.250354
Experiment ended at 2024-07-08 01:33:02.708829. Total time taken 0:09:06.458475.
  metric   area       comp       suff
0    mae  0.050  13.125295  19.779432
1    mae  0.075  14.133865  17.443131
2    mae  0.100  14.580862  16.145233
3    mae  0.150  15.510017  13.465431
4    mse  0.050  14.574747  23.100209
5    mse  0.075  16.059411  18.305877
6    mse  0.100  16.745701  15.861392
7    mse  0.150  18.240405  11.372283

Running occlusion from 2024-07-08 01:33:02.909931
Experiment ended at 2024-07-08 01:34:13.768332. Total time taken 0:01:10.858401.
  metric   area       comp       suff
0    mae  0.050  12.985201  19.671933
1    mae  0.075  14.012838  17.339479
2    mae  0.100  14.491530  16.019156
3    mae  0.150  15.459505  13.340732
4    mse  0.050  14.507253  22.883804
5    mse  0.075  15.971749  18.108024
6    mse  0.100  16.692689  15.635645
7    mse  0.150  18.231777  11.166939

Running augmented_occlusion from 2024-07-08 01:34:13.969373
Experiment ended at 2024-07-08 01:35:26.289441. Total time taken 0:01:12.320068.
  metric   area       comp       suff
0    mae  0.050  10.658209  22.040573
1    mae  0.075  11.878700  20.393916
2    mae  0.100  12.393444  19.450577
3    mae  0.150  13.295601  17.363387
4    mse  0.050  11.178663  28.598127
5    mse  0.075  12.684551  24.752733
6    mse  0.100  13.351801  22.681091
7    mse  0.150  14.586665  18.424305

Running winIT from 2024-07-08 01:35:26.488661
Experiment ended at 2024-07-08 01:36:40.564091. Total time taken 0:01:14.075430.
  metric   area       comp       suff
0    mae  0.050  10.239934  22.058683
1    mae  0.075  11.334639  20.545593
2    mae  0.100  11.858428  19.637783
3    mae  0.150  12.861644  17.635579
4    mse  0.050  10.739328  28.603048
5    mse  0.075  12.021380  25.056153
6    mse  0.100  12.679719  23.044252
7    mse  0.150  13.997604  18.917625

Running tsr from 2024-07-08 01:36:40.780934
Experiment ended at 2024-07-08 01:44:09.930289. Total time taken 0:07:29.149355.
  metric   area       comp       suff
0    mae  0.050  13.154169  19.642153
1    mae  0.075  14.174026  17.324873
2    mae  0.100  14.645953  16.017487
3    mae  0.150  15.619390  13.338835
4    mse  0.050  14.653378  22.895443
5    mse  0.075  16.121187  18.143944
6    mse  0.100  16.831345  15.691614
7    mse  0.150  18.375869  11.209385



>>>> itr_no: 3, seed: 608 <<<<<<
Use GPU: cuda:0
Experiments will be saved in ./results/traffic_SegRNN/3
test 1731
Loading model from ./results/traffic_SegRNN/3/checkpoint.pth
Running feature_ablation from 2024-07-08 01:44:11.868355
Experiment ended at 2024-07-08 01:53:19.285507. Total time taken 0:09:07.417152.
  metric   area       comp       suff
0    mae  0.050  12.832835  19.424212
1    mae  0.075  13.793013  17.087809
2    mae  0.100  14.274639  15.745943
3    mae  0.150  15.291919  13.010199
4    mse  0.050  14.256094  21.965717
5    mse  0.075  15.577369  17.293052
6    mse  0.100  16.276085  14.857325
7    mse  0.150  17.828410  10.461582

Running occlusion from 2024-07-08 01:53:19.490330
Experiment ended at 2024-07-08 01:54:30.245781. Total time taken 0:01:10.755451.
  metric   area       comp       suff
0    mae  0.050  12.816033  19.504878
1    mae  0.075  13.793545  17.131497
2    mae  0.100  14.278291  15.793964
3    mae  0.150  15.311804  13.056568
4    mse  0.050  14.085906  22.109117
5    mse  0.075  15.441100  17.374891
6    mse  0.100  16.147451  14.952272
7    mse  0.150  17.730744  10.544478

Running augmented_occlusion from 2024-07-08 01:54:30.449265
Experiment ended at 2024-07-08 01:55:42.837361. Total time taken 0:01:12.388096.
  metric   area       comp       suff
0    mae  0.050  10.153866  21.783128
1    mae  0.075  11.273104  20.144253
2    mae  0.100  11.770282  19.171169
3    mae  0.150  12.734243  17.080551
4    mse  0.050  10.384056  27.527332
5    mse  0.075  11.692758  23.805491
6    mse  0.100  12.302063  21.730767
7    mse  0.150  13.577503  17.598826

Running winIT from 2024-07-08 01:55:43.040009
Experiment ended at 2024-07-08 01:56:57.415317. Total time taken 0:01:14.375308.
  metric   area       comp       suff
0    mae  0.050  10.230567  21.858251
1    mae  0.075  11.252642  20.216881
2    mae  0.100  11.772579  19.231994
3    mae  0.150  12.808809  17.099045
4    mse  0.050  10.500170  27.613536
5    mse  0.075  11.634053  23.872980
6    mse  0.100  12.271004  21.758673
7    mse  0.150  13.602384  17.546851

Running tsr from 2024-07-08 01:56:57.604078
Experiment ended at 2024-07-08 02:04:26.896556. Total time taken 0:07:29.292478.
  metric   area       comp       suff
0    mae  0.050  12.616830  19.507853
1    mae  0.075  13.633001  17.099469
2    mae  0.100  14.133437  15.748295
3    mae  0.150  15.164881  13.005655
4    mse  0.050  13.759611  22.146992
5    mse  0.075  15.128085  17.332858
6    mse  0.100  15.842985  14.880594
7    mse  0.150  17.403636  10.471160


