Namespace(task_name='long_term_forecast', train=False, model='Crossformer', seed=2024, itrs=3, itr_no=None, data='custom', result_path='./results', root_path='./dataset/traffic/', data_path='traffic.csv', flag='test', features='S', target='OT', freq='h', seq_len=96, label_len=12, pred_len=24, seasonal_patterns='Monthly', top_k=5, num_kernels=6, n_features=1, d_model=128, n_heads=4, e_layers=2, d_layers=1, d_ff=256, moving_avg=25, factor=3, distil=True, dropout=0.1, embed='timeF', activation='gelu', output_attention=False, conv_kernel=[18, 12], seg_len=24, num_workers=0, train_epochs=10, batch_size=32, patience=3, learning_rate=0.001, lradj='type1', use_amp=False, use_cpu=False, gpu=0, use_multi_gpu=False, devices='0,1,2,3', p_hidden_dims=[128, 128], p_hidden_layers=2, explainers=['feature_ablation', 'occlusion', 'augmented_occlusion', 'winIT', 'tsr'], areas=[0.05, 0.075, 0.1, 0.15], baseline_mode='random', metrics=['mae', 'mse'], overwrite=False, dump_attrs=False, disable_progress=True, use_gpu=True, enc_in=1, dec_in=1, c_out=1)

>>>> itr_no: 1, seed: 648 <<<<<<
Use GPU: cuda:0
Experiments will be saved in ./results/traffic_Crossformer/1
test 1731
Loading model from ./results/traffic_Crossformer/1/checkpoint.pth
./results/traffic_Crossformer/1/feature_ablation.csv exists. Skipping ...
./results/traffic_Crossformer/1/occlusion.csv exists. Skipping ...
./results/traffic_Crossformer/1/augmented_occlusion.csv exists. Skipping ...
./results/traffic_Crossformer/1/winIT.csv exists. Skipping ...
./results/traffic_Crossformer/1/tsr.csv exists. Skipping ...


>>>> itr_no: 2, seed: 506 <<<<<<
Use GPU: cuda:0
Experiments will be saved in ./results/traffic_Crossformer/2
test 1731
Loading model from ./results/traffic_Crossformer/2/checkpoint.pth
./results/traffic_Crossformer/2/feature_ablation.csv exists. Skipping ...
./results/traffic_Crossformer/2/occlusion.csv exists. Skipping ...
./results/traffic_Crossformer/2/augmented_occlusion.csv exists. Skipping ...
./results/traffic_Crossformer/2/winIT.csv exists. Skipping ...
./results/traffic_Crossformer/2/tsr.csv exists. Skipping ...


>>>> itr_no: 3, seed: 608 <<<<<<
Use GPU: cuda:0
Experiments will be saved in ./results/traffic_Crossformer/3
test 1731
Loading model from ./results/traffic_Crossformer/3/checkpoint.pth
./results/traffic_Crossformer/3/feature_ablation.csv exists. Skipping ...
./results/traffic_Crossformer/3/occlusion.csv exists. Skipping ...
./results/traffic_Crossformer/3/augmented_occlusion.csv exists. Skipping ...
./results/traffic_Crossformer/3/winIT.csv exists. Skipping ...
Running tsr from 2024-07-12 17:00:49.254072
Experiment ended at 2024-07-12 17:55:54.978630. Total time taken 0:55:05.724558.
  metric   area      comp       suff
0    mae  0.050  6.835591  21.750436
1    mae  0.075  7.797778  18.998648
2    mae  0.100  8.248300  17.421840
3    mae  0.150  9.153944  14.254611
4    mse  0.050  3.680691  28.935437
5    mse  0.075  4.579659  22.832382
6    mse  0.100  5.043886  19.601104
7    mse  0.150  6.075930  13.703058


