Namespace(task_name='long_term_forecast', train=False, model='DLinear', seed=2024, itrs=3, itr_no=None, data='custom', result_path='./results', root_path='./dataset/traffic/', data_path='traffic.csv', flag='test', features='S', target='OT', freq='h', seq_len=96, label_len=12, pred_len=24, seasonal_patterns='Monthly', top_k=5, num_kernels=6, n_features=1, d_model=128, n_heads=4, e_layers=2, d_layers=1, d_ff=256, moving_avg=25, factor=3, distil=True, dropout=0.1, embed='timeF', activation='gelu', output_attention=False, conv_kernel=[18, 12], seg_len=24, num_workers=0, train_epochs=10, batch_size=32, patience=3, learning_rate=0.001, lradj='type1', use_amp=False, use_cpu=False, gpu=0, use_multi_gpu=False, devices='0,1,2,3', p_hidden_dims=[128, 128], p_hidden_layers=2, explainers=['feature_ablation', 'occlusion', 'augmented_occlusion', 'winIT', 'tsr'], areas=[0.05, 0.075, 0.1, 0.15], baseline_mode='random', metrics=['mae', 'mse'], overwrite=True, dump_attrs=False, disable_progress=True, use_gpu=True, enc_in=1, dec_in=1, c_out=1)

>>>> itr_no: 1, seed: 648 <<<<<<
Use GPU: cuda:0
Experiments will be saved in ./results/traffic_DLinear/1
test 1731
Loading model from ./results/traffic_DLinear/1/checkpoint.pth
Running feature_ablation from 2024-07-07 23:42:53.495817
Experiment ended at 2024-07-07 23:48:35.660956. Total time taken 0:05:42.165139.
  metric   area       comp       suff
0    mae  0.050   8.906858  23.801610
1    mae  0.075  10.743973  21.908189
2    mae  0.100  11.625427  20.794722
3    mae  0.150  13.385360  18.393518
4    mse  0.050   7.476711  32.925818
5    mse  0.075   9.980092  28.304357
6    mse  0.100  11.274738  25.769577
7    mse  0.150  13.992646  20.757307

Running occlusion from 2024-07-07 23:48:35.911763
Experiment ended at 2024-07-07 23:49:25.555045. Total time taken 0:00:49.643282.
  metric   area       comp       suff
0    mae  0.050   8.880472  23.836892
1    mae  0.075  10.722910  21.936242
2    mae  0.100  11.598754  20.815978
3    mae  0.150  13.376677  18.403154
4    mse  0.050   7.490873  32.971936
5    mse  0.075   9.980967  28.344340
6    mse  0.100  11.263989  25.791973
7    mse  0.150  14.007497  20.733713

Running augmented_occlusion from 2024-07-07 23:49:25.756136
Experiment ended at 2024-07-07 23:50:17.128836. Total time taken 0:00:51.372700.
  metric   area       comp       suff
0    mae  0.050   6.533247  25.233392
1    mae  0.075   8.096771  23.940506
2    mae  0.100   8.814842  23.175291
3    mae  0.150  10.263437  21.480632
4    mse  0.050   4.856399  36.841919
5    mse  0.075   6.545293  33.414125
6    mse  0.100   7.396363  31.485659
7    mse  0.150   9.265201  27.463016

Running winIT from 2024-07-07 23:50:17.328831
Experiment ended at 2024-07-07 23:51:08.538620. Total time taken 0:00:51.209789.
  metric   area       comp       suff
0    mae  0.050   6.532816  25.439145
1    mae  0.075   7.984424  24.151839
2    mae  0.100   8.698266  23.387771
3    mae  0.150  10.133348  21.690092
4    mse  0.050   4.840217  37.122804
5    mse  0.075   6.416970  33.714088
6    mse  0.100   7.260300  31.795858
7    mse  0.150   9.084782  27.757733

Running tsr from 2024-07-07 23:51:08.707915
Experiment ended at 2024-07-07 23:56:48.607518. Total time taken 0:05:39.899603.
  metric   area       comp       suff
0    mae  0.050   8.902593  23.887292
1    mae  0.075  10.730482  21.990930
2    mae  0.100  11.612041  20.876675
3    mae  0.150  13.386267  18.465786
4    mse  0.050   7.452098  33.097394
5    mse  0.075   9.922171  28.471298
6    mse  0.100  11.207890  25.922042
7    mse  0.150  13.943103  20.843811



>>>> itr_no: 2, seed: 506 <<<<<<
Use GPU: cuda:0
Experiments will be saved in ./results/traffic_DLinear/2
test 1731
Loading model from ./results/traffic_DLinear/2/checkpoint.pth
Running feature_ablation from 2024-07-07 23:56:50.439837
Experiment ended at 2024-07-08 00:02:32.838643. Total time taken 0:05:42.398806.
  metric   area       comp       suff
0    mae  0.050   8.899174  24.074435
1    mae  0.075  10.780954  22.158107
2    mae  0.100  11.714373  21.015499
3    mae  0.150  13.602030  18.540000
4    mse  0.050   7.601839  33.778549
5    mse  0.075  10.186383  29.037203
6    mse  0.100  11.568765  26.413138
7    mse  0.150  14.530694  21.230772

Running occlusion from 2024-07-08 00:02:33.055268
Experiment ended at 2024-07-08 00:03:23.295833. Total time taken 0:00:50.240565.
  metric   area       comp       suff
0    mae  0.050   8.831106  24.065530
1    mae  0.075  10.691318  22.138154
2    mae  0.100  11.638838  20.990746
3    mae  0.150  13.547958  18.504930
4    mse  0.050   7.548242  33.757151
5    mse  0.075  10.068457  29.003656
6    mse  0.100  11.452163  26.368932
7    mse  0.150  14.425934  21.161665

Running augmented_occlusion from 2024-07-08 00:03:23.729906
Experiment ended at 2024-07-08 00:04:15.583765. Total time taken 0:00:51.853859.
  metric   area       comp       suff
0    mae  0.050   6.701989  25.573623
1    mae  0.075   8.230432  24.279627
2    mae  0.100   8.973885  23.501680
3    mae  0.150  10.470217  21.765844
4    mse  0.050   5.114741  37.698080
5    mse  0.075   6.794216  34.233806
6    mse  0.100   7.684924  32.268666
7    mse  0.150   9.616935  28.158550

Running winIT from 2024-07-08 00:04:15.782022
Experiment ended at 2024-07-08 00:05:07.078783. Total time taken 0:00:51.296761.
  metric   area       comp       suff
0    mae  0.050   6.610936  25.589753
1    mae  0.075   8.048142  24.312264
2    mae  0.100   8.771513  23.540817
3    mae  0.150  10.248404  21.806510
4    mse  0.050   4.918841  37.797383
5    mse  0.075   6.487571  34.383128
6    mse  0.100   7.343043  32.433309
7    mse  0.150   9.237906  28.289214

Running tsr from 2024-07-08 00:05:07.261331
Experiment ended at 2024-07-08 00:10:47.990887. Total time taken 0:05:40.729556.
  metric   area       comp       suff
0    mae  0.050   8.957931  24.037255
1    mae  0.075  10.841498  22.114893
2    mae  0.100  11.776581  20.975346
3    mae  0.150  13.662600  18.488437
4    mse  0.050   7.716366  33.689964
5    mse  0.075  10.290754  28.930671
6    mse  0.100  11.672572  26.308731
7    mse  0.150  14.638362  21.104953



>>>> itr_no: 3, seed: 608 <<<<<<
Use GPU: cuda:0
Experiments will be saved in ./results/traffic_DLinear/3
test 1731
Loading model from ./results/traffic_DLinear/3/checkpoint.pth
Running feature_ablation from 2024-07-08 00:10:49.821639
Experiment ended at 2024-07-08 00:16:32.726262. Total time taken 0:05:42.904623.
  metric   area       comp       suff
0    mae  0.050   8.831478  23.734033
1    mae  0.075  10.698158  21.817025
2    mae  0.100  11.571381  20.695183
3    mae  0.150  13.325112  18.285825
4    mse  0.050   7.361574  32.648887
5    mse  0.075   9.899256  28.016489
6    mse  0.100  11.183820  25.477341
7    mse  0.150  13.902099  20.458068

Running occlusion from 2024-07-08 00:16:32.925547
Experiment ended at 2024-07-08 00:17:23.225879. Total time taken 0:00:50.300332.
  metric   area       comp       suff
0    mae  0.050   8.838769  23.909650
1    mae  0.075  10.752192  21.961092
2    mae  0.100  11.645768  20.829727
3    mae  0.150  13.446695  18.399395
4    mse  0.050   7.321213  33.107098
5    mse  0.075   9.920183  28.364875
6    mse  0.100  11.240274  25.788204
7    mse  0.150  14.035307  20.680549

Running augmented_occlusion from 2024-07-08 00:17:23.425681
Experiment ended at 2024-07-08 00:18:15.197093. Total time taken 0:00:51.771412.
  metric   area       comp       suff
0    mae  0.050   6.485612  25.248114
1    mae  0.075   8.027339  23.941437
2    mae  0.100   8.754613  23.168632
3    mae  0.150  10.190115  21.457757
4    mse  0.050   4.639712  36.623620
5    mse  0.075   6.289738  33.174417
6    mse  0.100   7.145398  31.248356
7    mse  0.150   8.988953  27.217246

Running winIT from 2024-07-08 00:18:15.394890
Experiment ended at 2024-07-08 00:19:06.727953. Total time taken 0:00:51.333063.
  metric   area       comp       suff
0    mae  0.050   6.471754  25.325677
1    mae  0.075   7.955942  24.017547
2    mae  0.100   8.661943  23.257894
3    mae  0.150  10.076605  21.564289
4    mse  0.050   4.556579  36.772030
5    mse  0.075   6.147771  33.322013
6    mse  0.100   6.973385  31.424646
7    mse  0.150   8.753516  27.407265

Running tsr from 2024-07-08 00:19:06.931695
Experiment ended at 2024-07-08 00:24:47.845857. Total time taken 0:05:40.914162.
  metric   area       comp       suff
0    mae  0.050   8.731869  23.840770
1    mae  0.075  10.606829  21.899058
2    mae  0.100  11.504920  20.764386
3    mae  0.150  13.310034  18.346470
4    mse  0.050   7.154803  33.001320
5    mse  0.075   9.691036  28.258232
6    mse  0.100  11.009291  25.674392
7    mse  0.150  13.787673  20.616799


