
>>>> itr_no: 1, seed: 648 <<<<<<
Use GPU: cuda:0
Dead patients 1832, percentage 9.96.
train 18390
Dead patients 229, percentage 9.96.
test 2299
Experiments will be saved in ./results/mimic_iii_DLinear/1
Dead patients 229, percentage 9.96.
test 2299
Loading model from ./results/mimic_iii_DLinear/1/checkpoint.pth
./results/mimic_iii_DLinear/1/dyna_mask.csv exists. Skipping ...

>>>> itr_no: 2, seed: 506 <<<<<<
Use GPU: cuda:0
Dead patients 1832, percentage 9.96.
train 18390
Dead patients 229, percentage 9.96.
test 2299
Experiments will be saved in ./results/mimic_iii_DLinear/2
Dead patients 229, percentage 9.96.
test 2299
Loading model from ./results/mimic_iii_DLinear/2/checkpoint.pth
./results/mimic_iii_DLinear/2/dyna_mask.csv exists. Skipping ...

>>>> itr_no: 3, seed: 608 <<<<<<
Use GPU: cuda:0
Dead patients 1832, percentage 9.96.
train 18390
Dead patients 229, percentage 9.96.
test 2299
Experiments will be saved in ./results/mimic_iii_DLinear/3
Dead patients 229, percentage 9.96.
test 2299
Loading model from ./results/mimic_iii_DLinear/3/checkpoint.pth
./results/mimic_iii_DLinear/3/dyna_mask.csv exists. Skipping ...

>>>> itr_no: 1, seed: 648 <<<<<<
Use GPU: cuda:0
Dead patients 1832, percentage 9.96.
train 18390
Dead patients 229, percentage 9.96.
test 2299
Experiments will be saved in ./results/mimic_iii_MICN/1
Dead patients 229, percentage 9.96.
test 2299
Loading model from ./results/mimic_iii_MICN/1/checkpoint.pth
./results/mimic_iii_MICN/1/dyna_mask.csv exists. Skipping ...

>>>> itr_no: 2, seed: 506 <<<<<<
Use GPU: cuda:0
Dead patients 1832, percentage 9.96.
train 18390
Dead patients 229, percentage 9.96.
test 2299
Experiments will be saved in ./results/mimic_iii_MICN/2
Dead patients 229, percentage 9.96.
test 2299
Loading model from ./results/mimic_iii_MICN/2/checkpoint.pth
./results/mimic_iii_MICN/2/dyna_mask.csv exists. Skipping ...

>>>> itr_no: 3, seed: 608 <<<<<<
Use GPU: cuda:0
Dead patients 1832, percentage 9.96.
train 18390
Dead patients 229, percentage 9.96.
test 2299
Experiments will be saved in ./results/mimic_iii_MICN/3
Dead patients 229, percentage 9.96.
test 2299
Loading model from ./results/mimic_iii_MICN/3/checkpoint.pth
./results/mimic_iii_MICN/3/dyna_mask.csv exists. Skipping ...

>>>> itr_no: 1, seed: 648 <<<<<<
Use GPU: cuda:0
Dead patients 1832, percentage 9.96.
train 18390
Dead patients 229, percentage 9.96.
test 2299
Experiments will be saved in ./results/mimic_iii_SegRNN/1
Dead patients 229, percentage 9.96.
test 2299
Loading model from ./results/mimic_iii_SegRNN/1/checkpoint.pth
Running dyna_mask from 2024-07-23 21:46:50.020787
Experiment ended at 2024-07-23 21:47:08.043130. Total time taken 0:00:18.022343.
           metric   area      comp      suff
0        accuracy  0.050  0.982341  0.889950
1        accuracy  0.075  0.980605  0.892988
2        accuracy  0.100  0.979263  0.896203
3        accuracy  0.150  0.968509  0.901058
4             auc  0.050  0.798439  0.523775
5             auc  0.075  0.794397  0.537904
6             auc  0.100  0.787669  0.563642
7             auc  0.150  0.775187  0.604509
8   cross_entropy  0.050  0.099244  0.307700
9   cross_entropy  0.075  0.106850  0.301755
10  cross_entropy  0.100  0.115069  0.295503
11  cross_entropy  0.150  0.133558  0.280336


>>>> itr_no: 2, seed: 506 <<<<<<
Use GPU: cuda:0
Dead patients 1832, percentage 9.96.
train 18390
Dead patients 229, percentage 9.96.
test 2299
Experiments will be saved in ./results/mimic_iii_SegRNN/2
Dead patients 229, percentage 9.96.
test 2299
Loading model from ./results/mimic_iii_SegRNN/2/checkpoint.pth
Running dyna_mask from 2024-07-23 21:47:10.504438
Experiment ended at 2024-07-23 21:47:28.130184. Total time taken 0:00:17.625746.
           metric   area      comp      suff
0        accuracy  0.050  0.987196  0.938858
1        accuracy  0.075  0.982205  0.940377
2        accuracy  0.100  0.979384  0.940594
3        accuracy  0.150  0.971137  0.945586
4             auc  0.050  0.606354  0.353505
5             auc  0.075  0.604204  0.369423
6             auc  0.100  0.603180  0.387147
7             auc  0.150  0.598022  0.421391
8   cross_entropy  0.050  0.114613  0.265416
9   cross_entropy  0.075  0.124104  0.261694
10  cross_entropy  0.100  0.133187  0.257725
11  cross_entropy  0.150  0.155630  0.244404


>>>> itr_no: 3, seed: 608 <<<<<<
Use GPU: cuda:0
Dead patients 1832, percentage 9.96.
train 18390
Dead patients 229, percentage 9.96.
test 2299
Experiments will be saved in ./results/mimic_iii_SegRNN/3
Dead patients 229, percentage 9.96.
test 2299
Loading model from ./results/mimic_iii_SegRNN/3/checkpoint.pth
Running dyna_mask from 2024-07-23 21:47:30.560003
Experiment ended at 2024-07-23 21:47:48.132314. Total time taken 0:00:17.572311.
           metric   area      comp      suff
0        accuracy  0.050  0.982816  0.924616
1        accuracy  0.075  0.973878  0.927654
2        accuracy  0.100  0.967151  0.928739
3        accuracy  0.150  0.951011  0.932645
4             auc  0.050  0.857464  0.511803
5             auc  0.075  0.853072  0.530174
6             auc  0.100  0.849284  0.548513
7             auc  0.150  0.838640  0.596358
8   cross_entropy  0.050  0.125933  0.292779
9   cross_entropy  0.075  0.140510  0.286012
10  cross_entropy  0.100  0.153596  0.280329
11  cross_entropy  0.150  0.187741  0.261701


>>>> itr_no: 1, seed: 648 <<<<<<
Use GPU: cuda:0
Dead patients 1832, percentage 9.96.
train 18390
Dead patients 229, percentage 9.96.
test 2299
Experiments will be saved in ./results/mimic_iii_iTransformer/1
Dead patients 229, percentage 9.96.
test 2299
Loading model from ./results/mimic_iii_iTransformer/1/checkpoint.pth
./results/mimic_iii_iTransformer/1/dyna_mask.csv exists. Skipping ...

>>>> itr_no: 2, seed: 506 <<<<<<
Use GPU: cuda:0
Dead patients 1832, percentage 9.96.
train 18390
Dead patients 229, percentage 9.96.
test 2299
Experiments will be saved in ./results/mimic_iii_iTransformer/2
Dead patients 229, percentage 9.96.
test 2299
Loading model from ./results/mimic_iii_iTransformer/2/checkpoint.pth
./results/mimic_iii_iTransformer/2/dyna_mask.csv exists. Skipping ...

>>>> itr_no: 3, seed: 608 <<<<<<
Use GPU: cuda:0
Dead patients 1832, percentage 9.96.
train 18390
Dead patients 229, percentage 9.96.
test 2299
Experiments will be saved in ./results/mimic_iii_iTransformer/3
Dead patients 229, percentage 9.96.
test 2299
Loading model from ./results/mimic_iii_iTransformer/3/checkpoint.pth
./results/mimic_iii_iTransformer/3/dyna_mask.csv exists. Skipping ...

>>>> itr_no: 1, seed: 648 <<<<<<
Use GPU: cuda:0
Dead patients 1832, percentage 9.96.
train 18390
Dead patients 229, percentage 9.96.
test 2299
Experiments will be saved in ./results/mimic_iii_Crossformer/1
Dead patients 229, percentage 9.96.
test 2299
Loading model from ./results/mimic_iii_Crossformer/1/checkpoint.pth
./results/mimic_iii_Crossformer/1/dyna_mask.csv exists. Skipping ...

>>>> itr_no: 2, seed: 506 <<<<<<
Use GPU: cuda:0
Dead patients 1832, percentage 9.96.
train 18390
Dead patients 229, percentage 9.96.
test 2299
Experiments will be saved in ./results/mimic_iii_Crossformer/2
Dead patients 229, percentage 9.96.
test 2299
Loading model from ./results/mimic_iii_Crossformer/2/checkpoint.pth
./results/mimic_iii_Crossformer/2/dyna_mask.csv exists. Skipping ...

>>>> itr_no: 3, seed: 608 <<<<<<
Use GPU: cuda:0
Dead patients 1832, percentage 9.96.
train 18390
Dead patients 229, percentage 9.96.
test 2299
Experiments will be saved in ./results/mimic_iii_Crossformer/3
Dead patients 229, percentage 9.96.
test 2299
Loading model from ./results/mimic_iii_Crossformer/3/checkpoint.pth
./results/mimic_iii_Crossformer/3/dyna_mask.csv exists. Skipping ...

>>>> itr_no: 1, seed: 648 <<<<<<
Use GPU: cuda:0
Experiments will be saved in ./results/electricity_DLinear/1
test 2607
Loading model from ./results/electricity_DLinear/1/checkpoint.pth
./results/electricity_DLinear/1/dyna_mask.csv exists. Skipping ...

>>>> itr_no: 2, seed: 506 <<<<<<
Use GPU: cuda:0
Experiments will be saved in ./results/electricity_DLinear/2
test 2607
Loading model from ./results/electricity_DLinear/2/checkpoint.pth
Running dyna_mask from 2024-07-23 21:48:19.200187
Experiment ended at 2024-07-23 21:49:00.649283. Total time taken 0:00:41.449096.
  metric   area      comp       suff
0    mae  0.050  2.164175  16.832645
1    mae  0.075  3.287056  16.269991
2    mae  0.100  4.002772  15.874265
3    mae  0.150  5.630411  14.922444
4    mse  0.050  0.643631  18.757105
5    mse  0.075  1.238122  17.781891
6    mse  0.100  1.723159  17.106795
7    mse  0.150  3.012968  15.551865


>>>> itr_no: 3, seed: 608 <<<<<<
Use GPU: cuda:0
Experiments will be saved in ./results/electricity_DLinear/3
test 2607
Loading model from ./results/electricity_DLinear/3/checkpoint.pth
Running dyna_mask from 2024-07-23 21:49:01.674506
Experiment ended at 2024-07-23 21:49:43.145508. Total time taken 0:00:41.471002.
  metric   area      comp       suff
0    mae  0.050  2.155391  17.333188
1    mae  0.075  3.280214  16.743709
2    mae  0.100  4.022104  16.343815
3    mae  0.150  5.715575  15.364211
4    mse  0.050  0.623444  19.880149
5    mse  0.075  1.217131  18.843129
6    mse  0.100  1.723806  18.153314
7    mse  0.150  3.101947  16.507187


>>>> itr_no: 1, seed: 648 <<<<<<
Use GPU: cuda:0
Experiments will be saved in ./results/electricity_MICN/1
test 2607
Loading model from ./results/electricity_MICN/1/checkpoint.pth
./results/electricity_MICN/1/dyna_mask.csv exists. Skipping ...

>>>> itr_no: 2, seed: 506 <<<<<<
Use GPU: cuda:0
Experiments will be saved in ./results/electricity_MICN/2
test 2607
Loading model from ./results/electricity_MICN/2/checkpoint.pth
Running dyna_mask from 2024-07-23 21:49:50.879546
Experiment ended at 2024-07-23 21:52:25.986238. Total time taken 0:02:35.106692.
  metric   area      comp       suff
0    mae  0.050  5.172156  15.042927
1    mae  0.075  6.903256  14.342720
2    mae  0.100  7.693061  13.990116
3    mae  0.150  9.083431  13.323333
4    mse  0.050  3.002957  15.195796
5    mse  0.075  4.517238  14.038073
6    mse  0.100  5.279901  13.483690
7    mse  0.150  6.723167  12.455643


>>>> itr_no: 3, seed: 608 <<<<<<
Use GPU: cuda:0
Experiments will be saved in ./results/electricity_MICN/3
test 2607
Loading model from ./results/electricity_MICN/3/checkpoint.pth
Running dyna_mask from 2024-07-23 21:52:27.089482
Experiment ended at 2024-07-23 21:55:01.945541. Total time taken 0:02:34.856059.
  metric   area      comp       suff
0    mae  0.050  5.089175  15.368579
1    mae  0.075  6.781301  14.618047
2    mae  0.100  7.630726  14.247357
3    mae  0.150  9.125345  13.494729
4    mse  0.050  2.904048  15.757952
5    mse  0.075  4.374888  14.472987
6    mse  0.100  5.194738  13.861609
7    mse  0.150  6.796039  12.640696


>>>> itr_no: 1, seed: 648 <<<<<<
Use GPU: cuda:0
Experiments will be saved in ./results/electricity_SegRNN/1
test 2607
Loading model from ./results/electricity_SegRNN/1/checkpoint.pth
Running dyna_mask from 2024-07-23 21:55:08.662344
Experiment ended at 2024-07-23 21:56:11.883969. Total time taken 0:01:03.221625.
  metric   area      comp       suff
0    mae  0.050  2.461877  17.392609
1    mae  0.075  3.571205  17.078338
2    mae  0.100  4.223922  16.884672
3    mae  0.150  5.698224  16.378970
4    mse  0.050  0.632381  19.743484
5    mse  0.075  1.189168  19.107334
6    mse  0.100  1.596755  18.723009
7    mse  0.150  2.726356  17.751966


>>>> itr_no: 2, seed: 506 <<<<<<
Use GPU: cuda:0
Experiments will be saved in ./results/electricity_SegRNN/2
test 2607
Loading model from ./results/electricity_SegRNN/2/checkpoint.pth
Running dyna_mask from 2024-07-23 21:56:12.894223
Experiment ended at 2024-07-23 21:57:16.024470. Total time taken 0:01:03.130247.
  metric   area      comp       suff
0    mae  0.050  2.256642  17.110808
1    mae  0.075  3.317282  16.776102
2    mae  0.100  3.939697  16.580527
3    mae  0.150  5.356285  16.049830
4    mse  0.050  0.527823  19.019693
5    mse  0.075  1.031164  18.342259
6    mse  0.100  1.393113  17.964674
7    mse  0.150  2.427392  16.952099


>>>> itr_no: 3, seed: 608 <<<<<<
Use GPU: cuda:0
Experiments will be saved in ./results/electricity_SegRNN/3
test 2607
Loading model from ./results/electricity_SegRNN/3/checkpoint.pth
Running dyna_mask from 2024-07-23 21:57:17.004157
Experiment ended at 2024-07-23 21:58:20.012814. Total time taken 0:01:03.008657.
  metric   area      comp       suff
0    mae  0.050  2.369146  17.157924
1    mae  0.075  3.475771  16.829200
2    mae  0.100  4.146920  16.604690
3    mae  0.150  5.620214  16.090737
4    mse  0.050  0.618185  19.229609
5    mse  0.075  1.189886  18.579442
6    mse  0.100  1.628973  18.134099
7    mse  0.150  2.768779  17.151546


>>>> itr_no: 1, seed: 648 <<<<<<
Use GPU: cuda:0
Experiments will be saved in ./results/electricity_iTransformer/1
test 2607
Loading model from ./results/electricity_iTransformer/1/checkpoint.pth
./results/electricity_iTransformer/1/dyna_mask.csv exists. Skipping ...

>>>> itr_no: 2, seed: 506 <<<<<<
Use GPU: cuda:0
Experiments will be saved in ./results/electricity_iTransformer/2
test 2607
Loading model from ./results/electricity_iTransformer/2/checkpoint.pth
Running dyna_mask from 2024-07-23 21:58:27.815621
Experiment ended at 2024-07-23 22:00:30.857248. Total time taken 0:02:03.041627.
  metric   area      comp       suff
0    mae  0.050  2.507694  20.598431
1    mae  0.075  3.318981  20.244136
2    mae  0.100  4.027263  19.980277
3    mae  0.150  5.374748  19.306143
4    mse  0.050  0.594702  27.181025
5    mse  0.075  0.953538  26.342713
6    mse  0.100  1.350250  25.742907
7    mse  0.150  2.332639  24.239123


>>>> itr_no: 3, seed: 608 <<<<<<
Use GPU: cuda:0
Experiments will be saved in ./results/electricity_iTransformer/3
test 2607
Loading model from ./results/electricity_iTransformer/3/checkpoint.pth
Running dyna_mask from 2024-07-23 22:00:31.998137
Experiment ended at 2024-07-23 22:02:35.202592. Total time taken 0:02:03.204455.
  metric   area      comp       suff
0    mae  0.050  2.631906  20.989097
1    mae  0.075  3.558509  20.589797
2    mae  0.100  4.273585  20.298927
3    mae  0.150  5.517268  19.648708
4    mse  0.050  0.695056  28.024012
5    mse  0.075  1.176642  27.122463
6    mse  0.100  1.628351  26.453554
7    mse  0.150  2.531685  24.980671


>>>> itr_no: 1, seed: 648 <<<<<<
Use GPU: cuda:0
Experiments will be saved in ./results/electricity_Crossformer/1
test 2607
Loading model from ./results/electricity_Crossformer/1/checkpoint.pth
./results/electricity_Crossformer/1/dyna_mask.csv exists. Skipping ...

>>>> itr_no: 2, seed: 506 <<<<<<
Use GPU: cuda:0
Experiments will be saved in ./results/electricity_Crossformer/2
test 2607
Loading model from ./results/electricity_Crossformer/2/checkpoint.pth
Running dyna_mask from 2024-07-23 22:02:43.168132
Experiment ended at 2024-07-23 22:12:18.414160. Total time taken 0:09:35.246028.
  metric   area      comp       suff
0    mae  0.050  2.101655  17.720356
1    mae  0.075  3.096105  17.437341
2    mae  0.100  3.708352  17.236716
3    mae  0.150  5.184006  16.635679
4    mse  0.050  0.600553  20.499146
5    mse  0.075  1.086299  19.962089
6    mse  0.100  1.471466  19.577738
7    mse  0.150  2.610770  18.462701


>>>> itr_no: 3, seed: 608 <<<<<<
Use GPU: cuda:0
Experiments will be saved in ./results/electricity_Crossformer/3
test 2607
Loading model from ./results/electricity_Crossformer/3/checkpoint.pth
Running dyna_mask from 2024-07-23 22:12:19.462138
Experiment ended at 2024-07-23 22:21:56.192169. Total time taken 0:09:36.730031.
  metric   area      comp       suff
0    mae  0.050  2.266400  18.015284
1    mae  0.075  3.323567  17.689531
2    mae  0.100  3.961483  17.472922
3    mae  0.150  5.514205  16.818538
4    mse  0.050  0.642193  21.029066
5    mse  0.075  1.155967  20.371104
6    mse  0.100  1.547648  19.944579
7    mse  0.150  2.739528  18.669543


>>>> itr_no: 1, seed: 648 <<<<<<
Use GPU: cuda:0
Experiments will be saved in ./results/traffic_DLinear/1
test 1731
Loading model from ./results/traffic_DLinear/1/checkpoint.pth
./results/traffic_DLinear/1/dyna_mask.csv exists. Skipping ...

>>>> itr_no: 2, seed: 506 <<<<<<
Use GPU: cuda:0
Experiments will be saved in ./results/traffic_DLinear/2
test 1731
Loading model from ./results/traffic_DLinear/2/checkpoint.pth
Running dyna_mask from 2024-07-23 22:22:04.432043
Experiment ended at 2024-07-23 22:22:32.330236. Total time taken 0:00:27.898193.
  metric   area      comp       suff
0    mae  0.050  2.782938  27.085542
1    mae  0.075  4.129567  26.299319
2    mae  0.100  4.971121  25.778573
3    mae  0.150  6.799349  24.547073
4    mse  0.050  0.851702  42.485291
5    mse  0.075  1.656793  40.561835
6    mse  0.100  2.288273  39.348206
7    mse  0.150  3.965268  36.569655


>>>> itr_no: 3, seed: 608 <<<<<<
Use GPU: cuda:0
Experiments will be saved in ./results/traffic_DLinear/3
test 1731
Loading model from ./results/traffic_DLinear/3/checkpoint.pth
Running dyna_mask from 2024-07-23 22:22:33.764877
Experiment ended at 2024-07-23 22:23:01.507086. Total time taken 0:00:27.742209.
  metric   area      comp       suff
0    mae  0.050  2.730414  26.832993
1    mae  0.075  4.060719  26.029341
2    mae  0.100  4.860437  25.502998
3    mae  0.150  6.672320  24.286710
4    mse  0.050  0.815215  41.614262
5    mse  0.075  1.578690  39.642242
6    mse  0.100  2.143244  38.391567
7    mse  0.150  3.732298  35.648541


>>>> itr_no: 1, seed: 648 <<<<<<
Use GPU: cuda:0
Experiments will be saved in ./results/traffic_MICN/1
test 1731
Loading model from ./results/traffic_MICN/1/checkpoint.pth
./results/traffic_MICN/1/dyna_mask.csv exists. Skipping ...

>>>> itr_no: 2, seed: 506 <<<<<<
Use GPU: cuda:0
Experiments will be saved in ./results/traffic_MICN/2
test 1731
Loading model from ./results/traffic_MICN/2/checkpoint.pth
Running dyna_mask from 2024-07-23 22:23:10.529754
Experiment ended at 2024-07-23 22:24:54.924115. Total time taken 0:01:44.394361.
  metric   area      comp       suff
0    mae  0.050  3.298819  22.012683
1    mae  0.075  4.295644  21.206344
2    mae  0.100  4.764998  20.761412
3    mae  0.150  5.741083  19.803362
4    mse  0.050  1.158902  28.140634
5    mse  0.075  1.738669  26.320100
6    mse  0.100  2.029913  25.349761
7    mse  0.150  2.695900  23.334718


>>>> itr_no: 3, seed: 608 <<<<<<
Use GPU: cuda:0
Experiments will be saved in ./results/traffic_MICN/3
test 1731
Loading model from ./results/traffic_MICN/3/checkpoint.pth
Running dyna_mask from 2024-07-23 22:24:56.665049
Experiment ended at 2024-07-23 22:26:41.202242. Total time taken 0:01:44.537193.
  metric   area      comp       suff
0    mae  0.050  3.337167  23.080024
1    mae  0.075  4.337793  22.198633
2    mae  0.100  4.844753  21.746107
3    mae  0.150  5.883486  20.736615
4    mse  0.050  1.199991  30.561011
5    mse  0.075  1.788371  28.459679
6    mse  0.100  2.113019  27.423015
7    mse  0.150  2.832250  25.207706


>>>> itr_no: 1, seed: 648 <<<<<<
Use GPU: cuda:0
Experiments will be saved in ./results/traffic_SegRNN/1
test 1731
Loading model from ./results/traffic_SegRNN/1/checkpoint.pth
Running dyna_mask from 2024-07-23 22:26:48.621372
Experiment ended at 2024-07-23 22:27:30.914219. Total time taken 0:00:42.292847.
  metric   area      comp       suff
0    mae  0.050  2.274792  25.351879
1    mae  0.075  3.438164  24.381661
2    mae  0.100  4.111370  23.752190
3    mae  0.150  5.825891  22.185104
4    mse  0.050  0.714976  38.017306
5    mse  0.075  1.392762  35.587608
6    mse  0.100  1.832410  34.084832
7    mse  0.150  3.240488  30.496946


>>>> itr_no: 2, seed: 506 <<<<<<
Use GPU: cuda:0
Experiments will be saved in ./results/traffic_SegRNN/2
test 1731
Loading model from ./results/traffic_SegRNN/2/checkpoint.pth
Running dyna_mask from 2024-07-23 22:27:32.377411
Experiment ended at 2024-07-23 22:28:14.179535. Total time taken 0:00:41.802124.
  metric   area      comp       suff
0    mae  0.050  2.331384  25.306465
1    mae  0.075  3.559518  24.295700
2    mae  0.100  4.283150  23.644853
3    mae  0.150  5.974085  22.067507
4    mse  0.050  0.838910  37.925403
5    mse  0.075  1.549234  35.446107
6    mse  0.100  2.044141  33.905262
7    mse  0.150  3.446108  30.326347


>>>> itr_no: 3, seed: 608 <<<<<<
Use GPU: cuda:0
Experiments will be saved in ./results/traffic_SegRNN/3
test 1731
Loading model from ./results/traffic_SegRNN/3/checkpoint.pth
Running dyna_mask from 2024-07-23 22:28:15.582564
Experiment ended at 2024-07-23 22:28:57.607609. Total time taken 0:00:42.025045.
  metric   area      comp       suff
0    mae  0.050  2.280184  25.104387
1    mae  0.075  3.492361  24.042652
2    mae  0.100  4.160184  23.356628
3    mae  0.150  5.833301  21.739222
4    mse  0.050  0.767559  37.091854
5    mse  0.075  1.490324  34.522831
6    mse  0.100  1.947518  32.882772
7    mse  0.150  3.377248  29.271804


>>>> itr_no: 1, seed: 648 <<<<<<
Use GPU: cuda:0
Experiments will be saved in ./results/traffic_iTransformer/1
test 1731
Loading model from ./results/traffic_iTransformer/1/checkpoint.pth
./results/traffic_iTransformer/1/dyna_mask.csv exists. Skipping ...

>>>> itr_no: 2, seed: 506 <<<<<<
Use GPU: cuda:0
Experiments will be saved in ./results/traffic_iTransformer/2
test 1731
Loading model from ./results/traffic_iTransformer/2/checkpoint.pth
Running dyna_mask from 2024-07-23 22:29:06.364882
Experiment ended at 2024-07-23 22:30:29.761335. Total time taken 0:01:23.396453.
  metric   area      comp       suff
0    mae  0.050  2.662040  29.012245
1    mae  0.075  3.472345  28.017069
2    mae  0.100  4.105070  27.301094
3    mae  0.150  5.423148  25.537001
4    mse  0.050  0.644383  47.629263
5    mse  0.075  1.022877  44.740236
6    mse  0.100  1.379616  42.692637
7    mse  0.150  2.307965  37.899114


>>>> itr_no: 3, seed: 608 <<<<<<
Use GPU: cuda:0
Experiments will be saved in ./results/traffic_iTransformer/3
test 1731
Loading model from ./results/traffic_iTransformer/3/checkpoint.pth
Running dyna_mask from 2024-07-23 22:30:31.124795
Experiment ended at 2024-07-23 22:31:54.776192. Total time taken 0:01:23.651397.
  metric   area      comp       suff
0    mae  0.050  2.757804  29.019157
1    mae  0.075  3.650492  28.012954
2    mae  0.100  4.275537  27.309376
3    mae  0.150  5.486698  25.645025
4    mse  0.050  0.704744  47.760825
5    mse  0.075  1.144026  44.831721
6    mse  0.100  1.508607  42.807083
7    mse  0.150  2.354539  38.297615


>>>> itr_no: 1, seed: 648 <<<<<<
Use GPU: cuda:0
Experiments will be saved in ./results/traffic_Crossformer/1
test 1731
Loading model from ./results/traffic_Crossformer/1/checkpoint.pth
./results/traffic_Crossformer/1/dyna_mask.csv exists. Skipping ...

>>>> itr_no: 2, seed: 506 <<<<<<
Use GPU: cuda:0
Experiments will be saved in ./results/traffic_Crossformer/2
test 1731
Loading model from ./results/traffic_Crossformer/2/checkpoint.pth
Running dyna_mask from 2024-07-23 22:32:03.828217
Experiment ended at 2024-07-23 22:38:25.511277. Total time taken 0:06:21.683060.
  metric   area      comp       suff
0    mae  0.050  1.872816  24.524578
1    mae  0.075  2.679169  23.002033
2    mae  0.100  3.124264  22.016307
3    mae  0.150  4.100396  19.715258
4    mse  0.050  0.388763  35.128684
5    mse  0.075  0.698500  31.402712
6    mse  0.100  0.906702  29.101678
7    mse  0.150  1.438957  24.052977


>>>> itr_no: 3, seed: 608 <<<<<<
Use GPU: cuda:0
Experiments will be saved in ./results/traffic_Crossformer/3
test 1731
Loading model from ./results/traffic_Crossformer/3/checkpoint.pth
Running dyna_mask from 2024-07-23 22:38:28.001472
Experiment ended at 2024-07-23 22:44:50.006256. Total time taken 0:06:22.004784.
  metric   area      comp       suff
0    mae  0.050  2.047255  25.610955
1    mae  0.075  2.903047  24.214515
2    mae  0.100  3.411410  23.285956
3    mae  0.150  4.526077  20.944147
4    mse  0.050  0.459354  38.520209
5    mse  0.075  0.814073  34.864828
6    mse  0.100  1.071794  32.553300
7    mse  0.150  1.736658  27.057896

