Namespace(task_name='long_term_forecast', train=False, dry_run=False, model='DLinear', seed=2024, itrs=3, itr_no=None, data='custom', result_path='./results', root_path='./dataset/electricity/', data_path='electricity.csv', flag='test', features='S', target='OT', freq='h', seq_len=96, label_len=12, pred_len=24, seasonal_patterns='Monthly', top_k=5, num_kernels=6, n_features=1, d_model=128, n_heads=4, e_layers=2, d_layers=1, d_ff=256, moving_avg=25, factor=3, distil=True, dropout=0.1, embed='timeF', activation='gelu', output_attention=False, conv_kernel=[18, 12], seg_len=24, num_workers=0, train_epochs=10, batch_size=32, patience=3, learning_rate=0.001, lradj='type1', use_amp=False, use_cpu=False, gpu=0, use_multi_gpu=False, devices='0,1,2,3', p_hidden_dims=[128, 128], p_hidden_layers=2, explainers=['feature_ablation', 'occlusion', 'augmented_occlusion', 'feature_permutation', 'integrated_gradients', 'gradient_shap', 'winIT', 'wtsr', 'tsr'], areas=[0.05, 0.075, 0.1, 0.15], baseline_mode='random', metrics=['mae', 'mse'], overwrite=True, dump_attrs=False, disable_progress=True, use_gpu=True, enc_in=1, dec_in=1, c_out=1)

>>>> itr_no: 1, seed: 648 <<<<<<
Use GPU: cuda:0
Experiments will be saved in ./results/electricity_DLinear/1
test 2607
Loading model from ./results/electricity_DLinear/1/checkpoint.pth
Running feature_ablation from 2024-07-21 19:14:34.579495
Experiment ended at 2024-07-21 19:15:54.101251. Total time taken 0:01:19.521756.
  metric   area       comp       suff
0    mae  0.050  10.034250  13.579582
1    mae  0.075  10.716838  12.849703
2    mae  0.100  11.027826  12.405442
3    mae  0.150  11.662536  11.397442
4    mse  0.050   8.935555  12.130382
5    mse  0.075   9.563221  10.942405
6    mse  0.100   9.885572  10.245459
7    mse  0.150  10.641376   8.752813

Running occlusion from 2024-07-21 19:15:54.665856
Experiment ended at 2024-07-21 19:17:10.886513. Total time taken 0:01:16.220657.
  metric   area       comp       suff
0    mae  0.050  11.174844  12.544817
1    mae  0.075  11.728116  11.655937
2    mae  0.100  12.019717  11.116716
3    mae  0.150  12.705989   9.887022
4    mse  0.050  10.120982  10.439034
5    mse  0.075  10.739857   9.138326
6    mse  0.100  11.136944   8.377895
7    mse  0.150  12.124813   6.749636

Running augmented_occlusion from 2024-07-21 19:17:11.162671
Experiment ended at 2024-07-21 19:18:31.696616. Total time taken 0:01:20.533945.
  metric   area       comp       suff
0    mae  0.050   8.991314  14.086131
1    mae  0.075   9.902308  13.296066
2    mae  0.100  10.307175  12.854269
3    mae  0.150  11.033884  11.919909
4    mse  0.050   7.603804  13.131971
5    mse  0.075   8.492249  11.761156
6    mse  0.100   8.939252  11.028510
7    mse  0.150   9.797562   9.566347

Running feature_permutation from 2024-07-21 19:18:31.984212
Experiment ended at 2024-07-21 19:19:50.911246. Total time taken 0:01:18.927034.
  metric   area      comp       suff
0    mae  0.050  6.004021  16.663684
1    mae  0.075  7.017339  16.361022
2    mae  0.100  7.497102  16.183306
3    mae  0.150  8.409967  15.756058
4    mse  0.050  4.421366  18.126241
5    mse  0.075  5.202326  17.559528
6    mse  0.100  5.597022  17.233505
7    mse  0.150  6.421783  16.471125

Running integrated_gradients from 2024-07-21 19:19:51.188950
Experiment ended at 2024-07-21 19:21:30.880607. Total time taken 0:01:39.691657.
  metric   area       comp       suff
0    mae  0.050   8.658070  18.643452
1    mae  0.075  10.575878  19.062282
2    mae  0.100  11.497911  19.273253
3    mae  0.150  13.135894  19.658705
4    mse  0.050   6.638212  22.272682
5    mse  0.075   8.840147  23.268680
6    mse  0.100  10.092722  23.774811
7    mse  0.150  12.620115  24.711143

Running gradient_shap from 2024-07-21 19:21:31.108167
Experiment ended at 2024-07-21 19:22:27.602841. Total time taken 0:00:56.494674.
  metric   area      comp       suff
0    mae  0.050  6.306867  17.662641
1    mae  0.075  7.615216  17.624760
2    mae  0.100  8.274640  17.564925
3    mae  0.150  9.507269  17.396983
4    mse  0.050  4.683426  20.229689
5    mse  0.075  5.835166  20.251657
6    mse  0.100  6.495331  20.185107
7    mse  0.150  7.870105  19.955132

Running winIT from 2024-07-21 19:22:27.860116
Experiment ended at 2024-07-21 19:24:37.311692. Total time taken 0:02:09.451576.
  metric   area       comp       suff
0    mae  0.050   9.957946  14.156117
1    mae  0.075  10.408391  13.769266
2    mae  0.100  10.611026  13.527809
3    mae  0.150  10.988553  12.936784
4    mse  0.050   8.571646  13.190425
5    mse  0.075   9.018138  12.532627
6    mse  0.100   9.239113  12.134152
7    mse  0.150   9.663170  11.184539

Running wtsr from 2024-07-21 19:24:37.651041
Experiment ended at 2024-07-21 19:25:51.478925. Total time taken 0:01:13.827884.
  metric   area       comp       suff
0    mae  0.050  11.155956  12.624603
1    mae  0.075  11.640668  11.735183
2    mae  0.100  11.916750  11.186310
3    mae  0.150  12.597819   9.948758
4    mse  0.050   9.889621  10.597923
5    mse  0.075  10.407646   9.293709
6    mse  0.100  10.792307   8.516310
7    mse  0.150  11.757077   6.859974

Running tsr from 2024-07-21 19:25:51.777501
Experiment ended at 2024-07-21 19:45:24.802152. Total time taken 0:19:33.024651.
  metric   area       comp       suff
0    mae  0.050  11.138362  12.618179
1    mae  0.075  11.677871  11.744238
2    mae  0.100  11.963284  11.199650
3    mae  0.150  12.645848   9.956538
4    mse  0.050   9.993363  10.571213
5    mse  0.075  10.608421   9.283689
6    mse  0.100  11.000845   8.513967
7    mse  0.150  11.964883   6.861292


>>>> itr_no: 2, seed: 506 <<<<<<
Use GPU: cuda:0
Experiments will be saved in ./results/electricity_DLinear/2
test 2607
Loading model from ./results/electricity_DLinear/2/checkpoint.pth
Running feature_ablation from 2024-07-21 19:45:26.394247
Experiment ended at 2024-07-21 19:46:38.614581. Total time taken 0:01:12.220334.
  metric   area       comp       suff
0    mae  0.050   9.625837  13.185024
1    mae  0.075  10.296178  12.475790
2    mae  0.100  10.594850  12.064373
3    mae  0.150  11.219079  11.118063
4    mse  0.050   8.159233  11.432352
5    mse  0.075   8.792547  10.322145
6    mse  0.100   9.110793   9.697074
7    mse  0.150   9.849498   8.339440

Running occlusion from 2024-07-21 19:46:38.872165
Experiment ended at 2024-07-21 19:47:55.259791. Total time taken 0:01:16.387626.
  metric   area       comp       suff
0    mae  0.050  11.124203  12.383328
1    mae  0.075  11.641984  11.523456
2    mae  0.100  11.904025  11.020369
3    mae  0.150  12.543619   9.852969
4    mse  0.050   9.899498  10.174936
5    mse  0.075  10.425771   8.956719
6    mse  0.100  10.760039   8.272556
7    mse  0.150  11.648988   6.757795

Running augmented_occlusion from 2024-07-21 19:47:55.537978
Experiment ended at 2024-07-21 19:49:14.733912. Total time taken 0:01:19.195934.
  metric   area       comp       suff
0    mae  0.050   8.634008  14.111681
1    mae  0.075   9.584257  13.315266
2    mae  0.100  10.001243  12.881961
3    mae  0.150  10.726648  11.938690
4    mse  0.050   7.060732  13.162985
5    mse  0.075   7.955982  11.807330
6    mse  0.100   8.397764  11.104159
7    mse  0.150   9.215597   9.642619

Running feature_permutation from 2024-07-21 19:49:15.007830
Experiment ended at 2024-07-21 19:50:31.345159. Total time taken 0:01:16.337329.
  metric   area      comp       suff
0    mae  0.050  5.642222  16.219412
1    mae  0.075  6.595660  15.906590
2    mae  0.100  7.082659  15.725608
3    mae  0.150  8.014020  15.303394
4    mse  0.050  4.112063  17.239294
5    mse  0.075  4.838490  16.655308
6    mse  0.100  5.240713  16.322629
7    mse  0.150  6.064884  15.568490

Running integrated_gradients from 2024-07-21 19:50:31.619141
Experiment ended at 2024-07-21 19:52:10.015754. Total time taken 0:01:38.396613.
  metric   area       comp       suff
0    mae  0.050   8.129478  18.416916
1    mae  0.075   9.982209  18.866091
2    mae  0.100  10.899708  19.084263
3    mae  0.150  12.535784  19.482796
4    mse  0.050   5.947802  21.423659
5    mse  0.075   7.986870  22.428202
6    mse  0.100   9.170535  22.924179
7    mse  0.150  11.557230  23.839675

Running gradient_shap from 2024-07-21 19:52:10.243394
Experiment ended at 2024-07-21 19:53:07.382252. Total time taken 0:00:57.138858.
  metric   area      comp       suff
0    mae  0.050  5.851893  17.234745
1    mae  0.075  7.114801  17.224445
2    mae  0.100  7.752478  17.194328
3    mae  0.150  8.981609  17.075800
4    mse  0.050  4.125714  19.175893
5    mse  0.075  5.168961  19.211514
6    mse  0.100  5.774950  19.186812
7    mse  0.150  7.083341  19.018097

Running winIT from 2024-07-21 19:53:07.650993
Experiment ended at 2024-07-21 19:55:18.458929. Total time taken 0:02:10.807936.
  metric   area       comp       suff
0    mae  0.050   9.686706  13.960555
1    mae  0.075  10.109286  13.586983
2    mae  0.100  10.302314  13.361790
3    mae  0.150  10.681503  12.778919
4    mse  0.050   7.982522  12.703340
5    mse  0.075   8.407703  12.078886
6    mse  0.100   8.620123  11.721130
7    mse  0.150   9.066516  10.819126

Running wtsr from 2024-07-21 19:55:18.698556
Experiment ended at 2024-07-21 19:56:33.067193. Total time taken 0:01:14.368637.
  metric   area       comp       suff
0    mae  0.050  11.179390  12.382757
1    mae  0.075  11.663816  11.543107
2    mae  0.100  11.898869  11.036167
3    mae  0.150  12.510687   9.862482
4    mse  0.050   9.934909  10.173560
5    mse  0.075  10.441791   8.979170
6    mse  0.100  10.749630   8.283247
7    mse  0.150  11.602984   6.758852

Running tsr from 2024-07-21 19:56:33.348450
Experiment ended at 2024-07-21 20:15:45.898788. Total time taken 0:19:12.550338.
  metric   area       comp       suff
0    mae  0.050  10.888890  12.358173
1    mae  0.075  11.414851  11.515954
2    mae  0.100  11.691786  10.998161
3    mae  0.150  12.359534   9.819547
4    mse  0.050   9.469254  10.131576
5    mse  0.075  10.038498   8.943285
6    mse  0.100  10.385198   8.243558
7    mse  0.150  11.294970   6.726559


>>>> itr_no: 3, seed: 608 <<<<<<
Use GPU: cuda:0
Experiments will be saved in ./results/electricity_DLinear/3
test 2607
Loading model from ./results/electricity_DLinear/3/checkpoint.pth
Running feature_ablation from 2024-07-21 20:15:47.530685
Experiment ended at 2024-07-21 20:17:01.214072. Total time taken 0:01:13.683387.
  metric   area       comp       suff
0    mae  0.050  10.029541  13.429036
1    mae  0.075  10.716022  12.682237
2    mae  0.100  11.022409  12.249656
3    mae  0.150  11.641818  11.263775
4    mse  0.050   8.811202  11.871318
5    mse  0.075   9.464794  10.673823
6    mse  0.100   9.802424  10.004945
7    mse  0.150  10.546906   8.567331

Running occlusion from 2024-07-21 20:17:01.486212
Experiment ended at 2024-07-21 20:18:19.881629. Total time taken 0:01:18.395417.
  metric   area       comp       suff
0    mae  0.050  11.090411  12.442639
1    mae  0.075  11.577982  11.574475
2    mae  0.100  11.843057  11.046765
3    mae  0.150  12.491221   9.869414
4    mse  0.050   9.972206  10.264371
5    mse  0.075  10.468588   9.012742
6    mse  0.100  10.804531   8.279903
7    mse  0.150  11.669654   6.746482

Running augmented_occlusion from 2024-07-21 20:18:20.196575
Experiment ended at 2024-07-21 20:19:41.248638. Total time taken 0:01:21.052063.
  metric   area       comp       suff
0    mae  0.050   9.056641  13.938436
1    mae  0.075  10.006090  13.132116
2    mae  0.100  10.414560  12.691289
3    mae  0.150  11.187074  11.714638
4    mse  0.050   7.723165  12.951497
5    mse  0.075   8.622471  11.564128
6    mse  0.100   9.060655  10.837206
7    mse  0.150   9.990650   9.316562

Running feature_permutation from 2024-07-21 20:19:41.533092
Experiment ended at 2024-07-21 20:20:58.362492. Total time taken 0:01:16.829400.
  metric   area      comp       suff
0    mae  0.050  5.740890  16.489682
1    mae  0.075  6.679859  16.187825
2    mae  0.100  7.144238  16.014637
3    mae  0.150  8.056792  15.591500
4    mse  0.050  4.102898  17.733146
5    mse  0.075  4.814391  17.165916
6    mse  0.100  5.188701  16.855815
7    mse  0.150  6.002999  16.110416

Running integrated_gradients from 2024-07-21 20:20:58.623875
Experiment ended at 2024-07-21 20:22:37.576624. Total time taken 0:01:38.952749.
  metric   area       comp       suff
0    mae  0.050   8.460078  18.421834
1    mae  0.075  10.341639  18.862058
2    mae  0.100  11.254809  19.077791
3    mae  0.150  12.896175  19.485768
4    mse  0.050   6.343758  21.627746
5    mse  0.075   8.451993  22.606826
6    mse  0.100   9.653113  23.099605
7    mse  0.150  12.099249  24.044944

Running gradient_shap from 2024-07-21 20:22:37.843858
Experiment ended at 2024-07-21 20:23:35.970574. Total time taken 0:00:58.126716.
  metric   area      comp       suff
0    mae  0.050  6.130207  17.410039
1    mae  0.075  7.392122  17.387474
2    mae  0.100  8.032081  17.347115
3    mae  0.150  9.240018  17.220402
4    mse  0.050  4.545776  19.463862
5    mse  0.075  5.612943  19.486069
6    mse  0.100  6.244629  19.441943
7    mse  0.150  7.546596  19.272657

Running winIT from 2024-07-21 20:23:36.247282
Experiment ended at 2024-07-21 20:25:49.000712. Total time taken 0:02:12.753430.
  metric   area       comp       suff
0    mae  0.050  10.096128  14.086295
1    mae  0.075  10.543443  13.699802
2    mae  0.100  10.732609  13.467866
3    mae  0.150  11.083115  12.888723
4    mse  0.050   8.775673  12.960332
5    mse  0.075   9.220807  12.315549
6    mse  0.100   9.422279  11.944367
7    mse  0.150   9.814829  11.037255

Running wtsr from 2024-07-21 20:25:49.279944
Experiment ended at 2024-07-21 20:27:04.451350. Total time taken 0:01:15.171406.
  metric   area       comp       suff
0    mae  0.050  11.391961  12.410690
1    mae  0.075  11.862717  11.547935
2    mae  0.100  12.112609  11.025399
3    mae  0.150  12.748188   9.838909
4    mse  0.050  10.441141  10.208232
5    mse  0.075  10.948989   8.959143
6    mse  0.100  11.281029   8.232713
7    mse  0.150  12.181614   6.689444

Running tsr from 2024-07-21 20:27:04.735842
Experiment ended at 2024-07-21 20:46:07.557698. Total time taken 0:19:02.821856.
  metric   area       comp       suff
0    mae  0.050  11.201423  12.538813
1    mae  0.075  11.707434  11.658877
2    mae  0.100  11.976528  11.123063
3    mae  0.150  12.633575   9.896608
4    mse  0.050   9.968562  10.419434
5    mse  0.075  10.530213   9.137719
6    mse  0.100  10.908608   8.392385
7    mse  0.150  11.825701   6.783556

Namespace(task_name='long_term_forecast', train=False, dry_run=False, model='MICN', seed=2024, itrs=3, itr_no=None, data='custom', result_path='./results', root_path='./dataset/electricity/', data_path='electricity.csv', flag='test', features='S', target='OT', freq='h', seq_len=96, label_len=12, pred_len=24, seasonal_patterns='Monthly', top_k=5, num_kernels=6, n_features=1, d_model=128, n_heads=4, e_layers=2, d_layers=1, d_ff=256, moving_avg=25, factor=3, distil=True, dropout=0.1, embed='timeF', activation='gelu', output_attention=False, conv_kernel=[18, 12], seg_len=24, num_workers=0, train_epochs=10, batch_size=32, patience=3, learning_rate=0.001, lradj='type1', use_amp=False, use_cpu=False, gpu=0, use_multi_gpu=False, devices='0,1,2,3', p_hidden_dims=[128, 128], p_hidden_layers=2, explainers=['feature_ablation', 'occlusion', 'augmented_occlusion', 'feature_permutation', 'integrated_gradients', 'gradient_shap', 'winIT', 'wtsr', 'tsr'], areas=[0.05, 0.075, 0.1, 0.15], baseline_mode='random', metrics=['mae', 'mse'], overwrite=True, dump_attrs=False, disable_progress=True, use_gpu=True, enc_in=1, dec_in=1, c_out=1)

>>>> itr_no: 1, seed: 648 <<<<<<
Use GPU: cuda:0
Experiments will be saved in ./results/electricity_MICN/1
test 2607
Loading model from ./results/electricity_MICN/1/checkpoint.pth
Running feature_ablation from 2024-07-21 20:46:17.890679
Experiment ended at 2024-07-21 20:51:14.268264. Total time taken 0:04:56.377585.
  metric   area       comp       suff
0    mae  0.050  10.630720  12.628161
1    mae  0.075  11.739321  11.517838
2    mae  0.100  12.297678  10.834435
3    mae  0.150  13.245425   9.449140
4    mse  0.050   8.836247  10.886148
5    mse  0.075  10.215333   9.224758
6    mse  0.100  11.003564   8.234948
7    mse  0.150  12.360892   6.432877

Running occlusion from 2024-07-21 20:51:14.562198
Experiment ended at 2024-07-21 20:56:15.260348. Total time taken 0:05:00.698150.
  metric   area       comp       suff
0    mae  0.050  11.581989  11.620814
1    mae  0.075  12.358049  10.207134
2    mae  0.100  12.823499   9.382001
3    mae  0.150  13.637818   7.928399
4    mse  0.050   9.915650   9.439499
5    mse  0.075  10.970185   7.435649
6    mse  0.100  11.657247   6.353783
7    mse  0.150  12.913221   4.682593

Running augmented_occlusion from 2024-07-21 20:56:15.533390
Experiment ended at 2024-07-21 21:01:18.035394. Total time taken 0:05:02.502004.
  metric   area       comp       suff
0    mae  0.050   9.846498  13.365493
1    mae  0.075  10.804808  12.548204
2    mae  0.100  11.285552  12.033246
3    mae  0.150  12.181100  10.935920
4    mse  0.050   7.882804  12.032397
5    mse  0.075   8.982176  10.773429
6    mse  0.100   9.606282  10.009672
7    mse  0.150  10.822489   8.460853

Running feature_permutation from 2024-07-21 21:01:18.303084
Experiment ended at 2024-07-21 21:06:17.385768. Total time taken 0:04:59.082684.
  metric   area       comp       suff
0    mae  0.050   8.167397  14.650610
1    mae  0.075   9.235264  14.296954
2    mae  0.100   9.753820  14.099875
3    mae  0.150  10.674326  13.724941
4    mse  0.050   5.871762  14.338524
5    mse  0.075   6.968598  13.681206
6    mse  0.100   7.575957  13.309632
7    mse  0.150   8.748460  12.618102

Running integrated_gradients from 2024-07-21 21:06:17.730271
Experiment ended at 2024-07-21 21:11:48.719056. Total time taken 0:05:30.988785.
  metric   area       comp       suff
0    mae  0.050  10.656537  15.441176
1    mae  0.075  12.985592  16.045743
2    mae  0.100  14.266516  16.526515
3    mae  0.150  16.687446  17.612880
4    mse  0.050   8.417929  15.318338
5    mse  0.075  11.570322  16.356441
6    mse  0.100  13.548210  17.215408
7    mse  0.150  17.817647  19.244757

Running gradient_shap from 2024-07-21 21:11:48.989816
Experiment ended at 2024-07-21 21:15:15.516911. Total time taken 0:03:26.527095.
  metric   area       comp       suff
0    mae  0.050   8.460250  14.805131
1    mae  0.075   9.958346  14.670618
2    mae  0.100  10.768194  14.680568
3    mae  0.150  12.362209  14.835214
4    mse  0.050   6.247274  14.464849
5    mse  0.075   7.980388  14.184012
6    mse  0.100   9.034030  14.178474
7    mse  0.150  11.352055  14.399856

Running winIT from 2024-07-21 21:15:15.777477
Experiment ended at 2024-07-21 21:21:11.060462. Total time taken 0:05:55.282985.
  metric   area      comp       suff
0    mae  0.050  8.808357  13.946107
1    mae  0.075  9.292800  13.793677
2    mae  0.100  9.509997  13.718447
3    mae  0.150  9.932144  13.561007
4    mse  0.050  7.400923  13.083266
5    mse  0.075  7.811349  12.819814
6    mse  0.100  8.000446  12.700230
7    mse  0.150  8.389708  12.449686

Running wtsr from 2024-07-21 21:21:11.311119
Experiment ended at 2024-07-21 21:25:27.168269. Total time taken 0:04:15.857150.
  metric   area       comp       suff
0    mae  0.050  11.741941  11.629823
1    mae  0.075  12.506877  10.155843
2    mae  0.100  12.947038   9.325344
3    mae  0.150  13.737033   7.874812
4    mse  0.050  10.049173   9.499532
5    mse  0.075  11.077219   7.377624
6    mse  0.100  11.737346   6.298722
7    mse  0.150  12.968459   4.636181

Running tsr from 2024-07-21 21:25:27.489256
Experiment ended at 2024-07-21 22:03:15.362791. Total time taken 0:37:47.873535.
  metric   area       comp       suff
0    mae  0.050  11.704541  11.570921
1    mae  0.075  12.434350  10.168668
2    mae  0.100  12.871117   9.325195
3    mae  0.150  13.639916   7.869612
4    mse  0.050  10.070687   9.305105
5    mse  0.075  11.048676   7.328160
6    mse  0.100  11.673820   6.238665
7    mse  0.150  12.845160   4.595635


>>>> itr_no: 2, seed: 506 <<<<<<
Use GPU: cuda:0
Experiments will be saved in ./results/electricity_MICN/2
test 2607
Loading model from ./results/electricity_MICN/2/checkpoint.pth
Running feature_ablation from 2024-07-21 22:03:17.573058
Experiment ended at 2024-07-21 22:08:14.506252. Total time taken 0:04:56.933194.
  metric   area       comp       suff
0    mae  0.050  10.648054  12.411798
1    mae  0.075  11.722514  11.328061
2    mae  0.100  12.221008  10.690160
3    mae  0.150  13.137336   9.334711
4    mse  0.050   8.840701  10.539250
5    mse  0.075  10.133755   8.944086
6    mse  0.100  10.795057   8.048125
7    mse  0.150  12.097707   6.304471

Running occlusion from 2024-07-21 22:08:14.805849
Experiment ended at 2024-07-21 22:13:16.113879. Total time taken 0:05:01.308030.
  metric   area       comp       suff
0    mae  0.050  11.835013  11.653685
1    mae  0.075  12.659374  10.218194
2    mae  0.100  13.107476   9.377789
3    mae  0.150  13.944090   7.916348
4    mse  0.050  10.343724   9.480385
5    mse  0.075  11.497908   7.459042
6    mse  0.100  12.151926   6.369817
7    mse  0.150  13.469729   4.697890

Running augmented_occlusion from 2024-07-21 22:13:16.391223
Experiment ended at 2024-07-21 22:18:20.624920. Total time taken 0:05:04.233697.
  metric   area       comp       suff
0    mae  0.050   9.961509  13.390179
1    mae  0.075  11.025898  12.546840
2    mae  0.100  11.520582  12.032328
3    mae  0.150  12.377273  10.942600
4    mse  0.050   8.102705  12.147555
5    mse  0.075   9.391500  10.802681
6    mse  0.100  10.050331  10.022514
7    mse  0.150  11.244682   8.473226

Running feature_permutation from 2024-07-21 22:18:20.898144
Experiment ended at 2024-07-21 22:23:21.724165. Total time taken 0:05:00.826021.
  metric   area       comp       suff
0    mae  0.050   8.159194  14.402948
1    mae  0.075   9.284942  13.997799
2    mae  0.100   9.805470  13.789497
3    mae  0.150  10.706361  13.404695
4    mse  0.050   5.902274  13.864351
5    mse  0.075   7.096973  13.126564
6    mse  0.100   7.694060  12.751247
7    mse  0.150   8.875865  12.063456

Running integrated_gradients from 2024-07-21 22:23:21.999385
Experiment ended at 2024-07-21 22:28:53.381621. Total time taken 0:05:31.382236.
  metric   area       comp       suff
0    mae  0.050  10.896774  15.259269
1    mae  0.075  13.229035  15.800164
2    mae  0.100  14.485957  16.223602
3    mae  0.150  16.825449  17.235854
4    mse  0.050   8.759232  14.989354
5    mse  0.075  11.980667  15.938806
6    mse  0.100  13.968060  16.699990
7    mse  0.150  18.144822  18.553622

Running gradient_shap from 2024-07-21 22:28:53.612582
Experiment ended at 2024-07-21 22:32:20.140691. Total time taken 0:03:26.528109.
  metric   area       comp       suff
0    mae  0.050   8.377826  14.544363
1    mae  0.075   9.921656  14.366084
2    mae  0.100  10.723566  14.358863
3    mae  0.150  12.279264  14.489828
4    mse  0.050   6.099919  13.912264
5    mse  0.075   7.895317  13.579861
6    mse  0.100   8.964556  13.555783
7    mse  0.150  11.240512  13.761980

Running winIT from 2024-07-21 22:32:20.400177
Experiment ended at 2024-07-21 22:38:16.485612. Total time taken 0:05:56.085435.
  metric   area       comp       suff
0    mae  0.050   9.052593  14.048556
1    mae  0.075   9.538743  13.887846
2    mae  0.100   9.770994  13.811976
3    mae  0.150  10.190757  13.658254
4    mse  0.050   7.712317  13.296898
5    mse  0.075   8.135537  13.028752
6    mse  0.100   8.347364  12.917451
7    mse  0.150   8.736666  12.688337

Running wtsr from 2024-07-21 22:38:16.724434
Experiment ended at 2024-07-21 22:42:32.968056. Total time taken 0:04:16.243622.
  metric   area       comp       suff
0    mae  0.050  11.982394  11.670525
1    mae  0.075  12.739804  10.242454
2    mae  0.100  13.148165   9.409830
3    mae  0.150  13.925732   7.942946
4    mse  0.050  10.596609   9.545051
5    mse  0.075  11.677777   7.461598
6    mse  0.100  12.282200   6.376675
7    mse  0.150  13.537392   4.703911

Running tsr from 2024-07-21 22:42:33.250784
Experiment ended at 2024-07-21 23:20:31.147690. Total time taken 0:37:57.896906.
  metric   area       comp       suff
0    mae  0.050  11.904782  11.590136
1    mae  0.075  12.706685  10.183652
2    mae  0.100  13.133759   9.370458
3    mae  0.150  13.948686   7.907144
4    mse  0.050  10.391100   9.427317
5    mse  0.075  11.463981   7.413967
6    mse  0.100  12.086507   6.361012
7    mse  0.150  13.358082   4.686246


>>>> itr_no: 3, seed: 608 <<<<<<
Use GPU: cuda:0
Experiments will be saved in ./results/electricity_MICN/3
test 2607
Loading model from ./results/electricity_MICN/3/checkpoint.pth
Running feature_ablation from 2024-07-21 23:20:33.463146
Experiment ended at 2024-07-21 23:25:31.015332. Total time taken 0:04:57.552186.
  metric   area       comp       suff
0    mae  0.050  10.623156  12.689626
1    mae  0.075  11.727600  11.516111
2    mae  0.100  12.279421  10.776640
3    mae  0.150  13.247114   9.443184
4    mse  0.050   8.774563  11.003586
5    mse  0.075  10.099704   9.206164
6    mse  0.100  10.853470   8.144724
7    mse  0.150  12.240064   6.442036

Running occlusion from 2024-07-21 23:25:31.311817
Experiment ended at 2024-07-21 23:30:33.072007. Total time taken 0:05:01.760190.
  metric   area       comp       suff
0    mae  0.050  11.509557  11.685634
1    mae  0.075  12.286490  10.258867
2    mae  0.100  12.750774   9.443639
3    mae  0.150  13.581373   7.981014
4    mse  0.050   9.774125   9.543636
5    mse  0.075  10.802024   7.471206
6    mse  0.100  11.482250   6.412879
7    mse  0.150  12.774076   4.736228

Running augmented_occlusion from 2024-07-21 23:30:33.346347
Experiment ended at 2024-07-21 23:35:37.811720. Total time taken 0:05:04.465373.
  metric   area       comp       suff
0    mae  0.050   9.836922  13.038183
1    mae  0.075  10.840773  12.218221
2    mae  0.100  11.325551  11.708295
3    mae  0.150  12.173492  10.640865
4    mse  0.050   7.937047  11.625649
5    mse  0.075   9.147814  10.307769
6    mse  0.100   9.776997   9.544172
7    mse  0.150  10.902545   8.060020

Running feature_permutation from 2024-07-21 23:35:38.098942
Experiment ended at 2024-07-21 23:40:39.922624. Total time taken 0:05:01.823682.
  metric   area       comp       suff
0    mae  0.050   7.891960  14.701326
1    mae  0.075   9.011986  14.300367
2    mae  0.100   9.554192  14.110260
3    mae  0.150  10.497086  13.762468
4    mse  0.050   5.511732  14.364529
5    mse  0.075   6.669358  13.617027
6    mse  0.100   7.275069  13.260727
7    mse  0.150   8.461056  12.637923

Running integrated_gradients from 2024-07-21 23:40:40.201093
Experiment ended at 2024-07-21 23:46:11.993499. Total time taken 0:05:31.792406.
  metric   area       comp       suff
0    mae  0.050  10.652675  15.357601
1    mae  0.075  13.039602  15.974592
2    mae  0.100  14.343578  16.457648
3    mae  0.150  16.809261  17.594693
4    mse  0.050   8.391481  15.317116
5    mse  0.075  11.590158  16.399929
6    mse  0.100  13.589157  17.273798
7    mse  0.150  17.912128  19.391678

Running gradient_shap from 2024-07-21 23:46:12.229142
Experiment ended at 2024-07-21 23:49:38.954973. Total time taken 0:03:26.725831.
  metric   area       comp       suff
0    mae  0.050   8.315817  14.665173
1    mae  0.075   9.884784  14.543698
2    mae  0.100  10.710208  14.576191
3    mae  0.150  12.329872  14.767123
4    mse  0.050   6.039503  14.111996
5    mse  0.075   7.848878  13.869925
6    mse  0.100   8.924335  13.907650
7    mse  0.150  11.269727  14.205512

Running winIT from 2024-07-21 23:49:39.216787
Experiment ended at 2024-07-21 23:55:35.432743. Total time taken 0:05:56.215956.
  metric   area       comp       suff
0    mae  0.050   8.879641  13.843023
1    mae  0.075   9.390710  13.689122
2    mae  0.100   9.617871  13.612148
3    mae  0.150  10.023558  13.439294
4    mse  0.050   7.656557  12.984299
5    mse  0.075   8.105452  12.727482
6    mse  0.100   8.309684  12.605159
7    mse  0.150   8.680880  12.339063

Running wtsr from 2024-07-21 23:55:35.671058
Experiment ended at 2024-07-21 23:59:52.045831. Total time taken 0:04:16.374773.
  metric   area       comp       suff
0    mae  0.050  11.610136  11.592452
1    mae  0.075  12.448622  10.150283
2    mae  0.100  12.921661   9.331808
3    mae  0.150  13.726561   7.901750
4    mse  0.050  10.027161   9.329971
5    mse  0.075  11.140518   7.298640
6    mse  0.100  11.823547   6.256509
7    mse  0.150  13.074278   4.641705

Running tsr from 2024-07-21 23:59:52.322885
Experiment ended at 2024-07-22 00:37:50.627135. Total time taken 0:37:58.304250.
  metric   area       comp       suff
0    mae  0.050  11.609387  11.696633
1    mae  0.075  12.445663  10.289909
2    mae  0.100  12.927749   9.452379
3    mae  0.150  13.778811   8.013303
4    mse  0.050   9.855019   9.532028
5    mse  0.075  10.992032   7.526798
6    mse  0.100  11.689753   6.434602
7    mse  0.150  12.978105   4.785179

Namespace(task_name='long_term_forecast', train=False, dry_run=False, model='SegRNN', seed=2024, itrs=3, itr_no=None, data='custom', result_path='./results', root_path='./dataset/electricity/', data_path='electricity.csv', flag='test', features='S', target='OT', freq='h', seq_len=96, label_len=12, pred_len=24, seasonal_patterns='Monthly', top_k=5, num_kernels=6, n_features=1, d_model=128, n_heads=4, e_layers=2, d_layers=1, d_ff=256, moving_avg=25, factor=3, distil=True, dropout=0.1, embed='timeF', activation='gelu', output_attention=False, conv_kernel=[18, 12], seg_len=24, num_workers=0, train_epochs=10, batch_size=32, patience=3, learning_rate=0.001, lradj='type1', use_amp=False, use_cpu=False, gpu=0, use_multi_gpu=False, devices='0,1,2,3', p_hidden_dims=[128, 128], p_hidden_layers=2, explainers=['feature_ablation', 'occlusion', 'augmented_occlusion', 'feature_permutation', 'integrated_gradients', 'gradient_shap', 'winIT', 'wtsr', 'tsr'], areas=[0.05, 0.075, 0.1, 0.15], baseline_mode='random', metrics=['mae', 'mse'], overwrite=True, dump_attrs=False, disable_progress=True, use_gpu=True, enc_in=1, dec_in=1, c_out=1)

>>>> itr_no: 1, seed: 648 <<<<<<
Use GPU: cuda:0
Experiments will be saved in ./results/electricity_SegRNN/1
test 2607
Loading model from ./results/electricity_SegRNN/1/checkpoint.pth
Running feature_ablation from 2024-07-22 00:38:00.592831
Experiment ended at 2024-07-22 00:39:49.798059. Total time taken 0:01:49.205228.
  metric   area       comp       suff
0    mae  0.050   9.562654  14.622920
1    mae  0.075  10.751166  13.890434
2    mae  0.100  11.327702  13.463838
3    mae  0.150  12.324916  12.524888
4    mse  0.050   8.232290  13.988618
5    mse  0.075   9.467977  12.704198
6    mse  0.100  10.152148  12.007252
7    mse  0.150  11.470588  10.558351

Running occlusion from 2024-07-22 00:39:50.079128
Experiment ended at 2024-07-22 00:41:43.305474. Total time taken 0:01:53.226346.
  metric   area       comp       suff
0    mae  0.050  11.472906  13.873898
1    mae  0.075  12.561418  12.815492
2    mae  0.100  13.063980  12.215248
3    mae  0.150  13.912045  10.892503
4    mse  0.050  10.477802  12.840349
5    mse  0.075  11.849657  11.078165
6    mse  0.100  12.544979  10.141176
7    mse  0.150  13.815783   8.219043

Running augmented_occlusion from 2024-07-22 00:41:43.583158
Experiment ended at 2024-07-22 00:43:39.777123. Total time taken 0:01:56.193965.
  metric   area       comp       suff
0    mae  0.050   8.587844  15.194607
1    mae  0.075   9.779113  14.521409
2    mae  0.100  10.368550  14.122817
3    mae  0.150  11.454252  13.242613
4    mse  0.050   7.261437  15.170813
5    mse  0.075   8.434021  13.909637
6    mse  0.100   9.096149  13.185677
7    mse  0.150  10.448884  11.684013

Running feature_permutation from 2024-07-22 00:43:40.054672
Experiment ended at 2024-07-22 00:45:33.402785. Total time taken 0:01:53.348113.
  metric   area      comp       suff
0    mae  0.050  6.122348  16.712561
1    mae  0.075  7.531953  16.244284
2    mae  0.100  8.232190  15.964835
3    mae  0.150  9.454025  15.376668
4    mse  0.050  3.886305  17.984654
5    mse  0.075  5.147311  17.068023
6    mse  0.100  5.888213  16.524279
7    mse  0.150  7.323257  15.429293

Running integrated_gradients from 2024-07-22 00:45:33.681553
Traceback (most recent call last):
  File "/u/mi3se/projects/SA-Timeseries/interpret.py", line 73, in <module>
    main(args)
  File "/u/mi3se/projects/SA-Timeseries/interpret.py", line 42, in main
    interpreter.interpret(dataloader)
  File "/u/mi3se/projects/SA-Timeseries/exp/exp_interpret.py", line 212, in interpret
    results, attrs = self.run_regressor(dataloader, name)
  File "/u/mi3se/projects/SA-Timeseries/exp/exp_interpret.py", line 185, in run_regressor
    batch_results, batch_attr = self.evaluate(
  File "/u/mi3se/projects/SA-Timeseries/exp/exp_interpret.py", line 237, in evaluate
    attr = compute_attr(
  File "/u/mi3se/projects/SA-Timeseries/utils/explainer.py", line 100, in compute_attr
    attr = explainer.attribute(
  File "/u/mi3se/anaconda3/envs/ml/lib/python3.10/site-packages/captum/log/__init__.py", line 42, in wrapper
    return func(*args, **kwargs)
  File "/u/mi3se/anaconda3/envs/ml/lib/python3.10/site-packages/captum/attr/_core/integrated_gradients.py", line 286, in attribute
    attributions = self._attribute(
  File "/u/mi3se/anaconda3/envs/ml/lib/python3.10/site-packages/captum/attr/_core/integrated_gradients.py", line 351, in _attribute
    grads = self.gradient_func(
  File "/u/mi3se/anaconda3/envs/ml/lib/python3.10/site-packages/captum/_utils/gradient.py", line 119, in compute_gradients
    grads = torch.autograd.grad(torch.unbind(outputs), inputs)
  File "/u/mi3se/anaconda3/envs/ml/lib/python3.10/site-packages/torch/autograd/__init__.py", line 412, in grad
    result = _engine_run_backward(
  File "/u/mi3se/anaconda3/envs/ml/lib/python3.10/site-packages/torch/autograd/graph.py", line 744, in _engine_run_backward
    return Variable._execution_engine.run_backward(  # Calls into the C++ engine to run the backward pass
RuntimeError: cudnn RNN backward can only be called in training mode
Namespace(task_name='long_term_forecast', train=False, dry_run=False, model='iTransformer', seed=2024, itrs=3, itr_no=None, data='custom', result_path='./results', root_path='./dataset/electricity/', data_path='electricity.csv', flag='test', features='S', target='OT', freq='h', seq_len=96, label_len=12, pred_len=24, seasonal_patterns='Monthly', top_k=5, num_kernels=6, n_features=1, d_model=128, n_heads=4, e_layers=2, d_layers=1, d_ff=256, moving_avg=25, factor=3, distil=True, dropout=0.1, embed='timeF', activation='gelu', output_attention=False, conv_kernel=[18, 12], seg_len=24, num_workers=0, train_epochs=10, batch_size=32, patience=3, learning_rate=0.001, lradj='type1', use_amp=False, use_cpu=False, gpu=0, use_multi_gpu=False, devices='0,1,2,3', p_hidden_dims=[128, 128], p_hidden_layers=2, explainers=['feature_ablation', 'occlusion', 'augmented_occlusion', 'feature_permutation', 'integrated_gradients', 'gradient_shap', 'winIT', 'wtsr', 'tsr'], areas=[0.05, 0.075, 0.1, 0.15], baseline_mode='random', metrics=['mae', 'mse'], overwrite=True, dump_attrs=False, disable_progress=True, use_gpu=True, enc_in=1, dec_in=1, c_out=1)

>>>> itr_no: 1, seed: 648 <<<<<<
Use GPU: cuda:0
Experiments will be saved in ./results/electricity_iTransformer/1
test 2607
Loading model from ./results/electricity_iTransformer/1/checkpoint.pth
Running feature_ablation from 2024-07-22 00:45:43.347918
Experiment ended at 2024-07-22 00:50:36.041441. Total time taken 0:04:52.693523.
  metric   area       comp       suff
0    mae  0.050   8.814405  17.476180
1    mae  0.075  10.428453  16.606614
2    mae  0.100  11.304741  16.033471
3    mae  0.150  12.751735  14.815076
4    mse  0.050   6.998629  20.003082
5    mse  0.075   8.986038  18.159397
6    mse  0.100  10.177185  17.014707
7    mse  0.150  12.285904  14.679399

Running occlusion from 2024-07-22 00:50:36.303844
Experiment ended at 2024-07-22 00:55:34.232179. Total time taken 0:04:57.928335.
  metric   area       comp       suff
0    mae  0.050  11.431595  16.060888
1    mae  0.075  12.838493  14.748760
2    mae  0.100  13.530074  13.893521
3    mae  0.150  14.750451  12.160135
4    mse  0.050  10.407132  17.146443
5    mse  0.075  12.470374  14.625011
6    mse  0.100  13.562173  13.088957
7    mse  0.150  15.618572  10.198198

Running augmented_occlusion from 2024-07-22 00:55:34.489847
Experiment ended at 2024-07-22 01:00:34.795210. Total time taken 0:05:00.305363.
  metric   area       comp       suff
0    mae  0.050   7.324989  18.558796
1    mae  0.075   8.786946  17.738954
2    mae  0.100   9.622636  17.199176
3    mae  0.150  11.021153  16.042404
4    mse  0.050   5.120684  22.573561
5    mse  0.075   6.750638  20.745719
6    mse  0.100   7.776610  19.591394
7    mse  0.150   9.632653  17.212763

Running feature_permutation from 2024-07-22 01:00:35.051982
Experiment ended at 2024-07-22 01:05:32.530173. Total time taken 0:04:57.478191.
  metric   area      comp       suff
0    mae  0.050  5.373598  20.077597
1    mae  0.075  6.671551  19.538026
2    mae  0.100  7.439821  19.217143
3    mae  0.150  8.852061  18.519868
4    mse  0.050  2.847562  25.999644
5    mse  0.075  4.044880  24.685533
6    mse  0.100  4.841775  23.920448
7    mse  0.150  6.465503  22.299878

Running integrated_gradients from 2024-07-22 01:05:32.839756
Traceback (most recent call last):
  File "/u/mi3se/projects/SA-Timeseries/interpret.py", line 73, in <module>
    main(args)
  File "/u/mi3se/projects/SA-Timeseries/interpret.py", line 42, in main
    interpreter.interpret(dataloader)
  File "/u/mi3se/projects/SA-Timeseries/exp/exp_interpret.py", line 212, in interpret
    results, attrs = self.run_regressor(dataloader, name)
  File "/u/mi3se/projects/SA-Timeseries/exp/exp_interpret.py", line 185, in run_regressor
    batch_results, batch_attr = self.evaluate(
  File "/u/mi3se/projects/SA-Timeseries/exp/exp_interpret.py", line 237, in evaluate
    attr = compute_attr(
  File "/u/mi3se/projects/SA-Timeseries/utils/explainer.py", line 100, in compute_attr
    attr = explainer.attribute(
  File "/u/mi3se/anaconda3/envs/ml/lib/python3.10/site-packages/captum/log/__init__.py", line 42, in wrapper
    return func(*args, **kwargs)
  File "/u/mi3se/anaconda3/envs/ml/lib/python3.10/site-packages/captum/attr/_core/integrated_gradients.py", line 286, in attribute
    attributions = self._attribute(
  File "/u/mi3se/anaconda3/envs/ml/lib/python3.10/site-packages/captum/attr/_core/integrated_gradients.py", line 351, in _attribute
    grads = self.gradient_func(
  File "/u/mi3se/anaconda3/envs/ml/lib/python3.10/site-packages/captum/_utils/gradient.py", line 119, in compute_gradients
    grads = torch.autograd.grad(torch.unbind(outputs), inputs)
  File "/u/mi3se/anaconda3/envs/ml/lib/python3.10/site-packages/torch/autograd/__init__.py", line 412, in grad
    result = _engine_run_backward(
  File "/u/mi3se/anaconda3/envs/ml/lib/python3.10/site-packages/torch/autograd/graph.py", line 744, in _engine_run_backward
    return Variable._execution_engine.run_backward(  # Calls into the C++ engine to run the backward pass
RuntimeError: one of the variables needed for gradient computation has been modified by an inplace operation: [torch.cuda.FloatTensor [1600, 96, 1]], which is output 0 of DivBackward0, is at version 1; expected version 0 instead. Hint: enable anomaly detection to find the operation that failed to compute its gradient, with torch.autograd.set_detect_anomaly(True).
Namespace(task_name='long_term_forecast', train=False, dry_run=False, model='Crossformer', seed=2024, itrs=3, itr_no=None, data='custom', result_path='./results', root_path='./dataset/electricity/', data_path='electricity.csv', flag='test', features='S', target='OT', freq='h', seq_len=96, label_len=12, pred_len=24, seasonal_patterns='Monthly', top_k=5, num_kernels=6, n_features=1, d_model=128, n_heads=4, e_layers=2, d_layers=1, d_ff=256, moving_avg=25, factor=3, distil=True, dropout=0.1, embed='timeF', activation='gelu', output_attention=False, conv_kernel=[18, 12], seg_len=24, num_workers=0, train_epochs=10, batch_size=32, patience=3, learning_rate=0.001, lradj='type1', use_amp=False, use_cpu=False, gpu=0, use_multi_gpu=False, devices='0,1,2,3', p_hidden_dims=[128, 128], p_hidden_layers=2, explainers=['feature_ablation', 'occlusion', 'augmented_occlusion', 'feature_permutation', 'integrated_gradients', 'gradient_shap', 'winIT', 'wtsr', 'tsr'], areas=[0.05, 0.075, 0.1, 0.15], baseline_mode='random', metrics=['mae', 'mse'], overwrite=True, dump_attrs=False, disable_progress=True, use_gpu=True, enc_in=1, dec_in=1, c_out=1)

>>>> itr_no: 1, seed: 648 <<<<<<
Use GPU: cuda:0
Experiments will be saved in ./results/electricity_Crossformer/1
test 2607
Loading model from ./results/electricity_Crossformer/1/checkpoint.pth
Running feature_ablation from 2024-07-22 01:05:44.371111
Experiment ended at 2024-07-22 01:30:51.331948. Total time taken 0:25:06.960837.
  metric   area       comp       suff
0    mae  0.050   8.734576  14.979029
1    mae  0.075  10.056061  14.149670
2    mae  0.100  10.707057  13.674896
3    mae  0.150  11.944433  12.665044
4    mse  0.050   7.215952  14.498139
5    mse  0.075   8.696050  13.008504
6    mse  0.100   9.488450  12.205556
7    mse  0.150  11.107344  10.607115

Running occlusion from 2024-07-22 01:30:51.619433
Experiment ended at 2024-07-22 01:56:09.503784. Total time taken 0:25:17.884351.
  metric   area       comp       suff
0    mae  0.050  10.615206  14.002249
1    mae  0.075  11.952215  12.953518
2    mae  0.100  12.561516  12.351851
3    mae  0.150  13.666330  11.020019
4    mse  0.050   9.381029  12.928317
5    mse  0.075  11.074268  11.219997
6    mse  0.100  11.897048  10.301703
7    mse  0.150  13.452906   8.403245

Running augmented_occlusion from 2024-07-22 01:56:09.795543
Experiment ended at 2024-07-22 02:21:26.438028. Total time taken 0:25:16.642485.
  metric   area       comp       suff
0    mae  0.050   7.588033  15.390542
1    mae  0.075   8.927321  14.656104
2    mae  0.100   9.558820  14.230193
3    mae  0.150  10.781664  13.287319
4    mse  0.050   5.900978  15.291241
5    mse  0.075   7.278702  13.944579
6    mse  0.100   7.997355  13.190851
7    mse  0.150   9.468861  11.612023

Running feature_permutation from 2024-07-22 02:21:26.805919
Experiment ended at 2024-07-22 02:46:40.487506. Total time taken 0:25:13.681587.
  metric   area      comp       suff
0    mae  0.050  5.578407  16.812303
1    mae  0.075  6.908427  16.326603
2    mae  0.100  7.567974  16.052175
3    mae  0.150  8.841974  15.417291
4    mse  0.050  3.419711  17.966281
5    mse  0.075  4.602534  17.019348
6    mse  0.100  5.264483  16.510053
7    mse  0.150  6.690283  15.375357

Running integrated_gradients from 2024-07-22 02:46:40.867809
Experiment ended at 2024-07-22 03:04:17.505219. Total time taken 0:17:36.637410.
  metric   area       comp       suff
0    mae  0.050   8.699042  17.602335
1    mae  0.075  10.768804  17.564157
2    mae  0.100  11.695659  17.540498
3    mae  0.150  13.170907  17.503545
4    mse  0.050   6.516657  19.562082
5    mse  0.075   9.223720  19.625884
6    mse  0.100  10.616686  19.673814
7    mse  0.150  13.043075  19.777962

Running gradient_shap from 2024-07-22 03:04:17.765612
Experiment ended at 2024-07-22 03:21:01.417028. Total time taken 0:16:43.651416.
  metric   area       comp       suff
0    mae  0.050   6.233796  16.993046
1    mae  0.075   7.844375  16.652436
2    mae  0.100   8.609618  16.461292
3    mae  0.150  10.042064  16.039172
4    mse  0.050   4.186198  18.259430
5    mse  0.075   5.856898  17.617521
6    mse  0.100   6.751215  17.276910
7    mse  0.150   8.604364  16.580471

Running winIT from 2024-07-22 03:21:01.676560
Experiment ended at 2024-07-22 03:47:15.587417. Total time taken 0:26:13.910857.
  metric   area      comp       suff
0    mae  0.050  7.516679  15.539918
1    mae  0.075  8.258050  15.236148
2    mae  0.100  8.662142  15.037660
3    mae  0.150  9.524357  14.535636
4    mse  0.050  5.642845  15.620799
5    mse  0.075  6.301090  15.067214
6    mse  0.100  6.691373  14.715626
7    mse  0.150  7.576031  13.853372

Running wtsr from 2024-07-22 03:47:15.831095
Experiment ended at 2024-07-22 04:07:59.893132. Total time taken 0:20:44.062037.
  metric   area       comp       suff
0    mae  0.050  10.690463  13.918902
1    mae  0.075  12.007829  12.866697
2    mae  0.100  12.600224  12.260612
3    mae  0.150  13.640027  10.935702
4    mse  0.050   9.540761  12.755224
5    mse  0.075  11.178276  11.073256
6    mse  0.100  11.964599  10.154256
7    mse  0.150  13.426639   8.299931

Running tsr from 2024-07-22 04:08:00.203735
Experiment ended at 2024-07-22 06:32:49.256015. Total time taken 2:24:49.052280.
  metric   area       comp       suff
0    mae  0.050  10.584966  14.046397
1    mae  0.075  11.919314  12.988427
2    mae  0.100  12.548481  12.377412
3    mae  0.150  13.643809  11.016910
4    mse  0.050   9.387604  12.970219
5    mse  0.075  11.041592  11.256293
6    mse  0.100  11.868519  10.329231
7    mse  0.150  13.411733   8.406315


>>>> itr_no: 2, seed: 506 <<<<<<
Use GPU: cuda:0
Experiments will be saved in ./results/electricity_Crossformer/2
test 2607
Loading model from ./results/electricity_Crossformer/2/checkpoint.pth
Running feature_ablation from 2024-07-22 06:32:51.546520
Experiment ended at 2024-07-22 06:58:06.901366. Total time taken 0:25:15.354846.
  metric   area       comp       suff
0    mae  0.050   9.379907  14.472444
1    mae  0.075  10.560609  13.683465
2    mae  0.100  11.128165  13.222631
3    mae  0.150  12.230583  12.213350
4    mse  0.050   8.593841  13.900860
5    mse  0.075   9.862735  12.491004
6    mse  0.100  10.519017  11.725036
7    mse  0.150  11.868131  10.161252

Running occlusion from 2024-07-22 06:58:07.196329
Experiment ended at 2024-07-22 07:23:29.440380. Total time taken 0:25:22.244051.
  metric   area       comp       suff
0    mae  0.050  11.400266  13.573984
1    mae  0.075  12.579021  12.568479
2    mae  0.100  13.119580  11.996391
3    mae  0.150  14.107883  10.721510
4    mse  0.050  10.697920  12.425501
5    mse  0.075  12.247795  10.815546
6    mse  0.100  13.018116   9.961915
7    mse  0.150  14.409156   8.209567

Running augmented_occlusion from 2024-07-22 07:23:29.720760
Experiment ended at 2024-07-22 07:48:54.722557. Total time taken 0:25:25.001797.
  metric   area       comp       suff
0    mae  0.050   8.258596  15.276587
1    mae  0.075   9.605352  14.508265
2    mae  0.100  10.248571  14.069362
3    mae  0.150  11.436284  13.100676
4    mse  0.050   6.993576  15.354324
5    mse  0.075   8.437835  13.918533
6    mse  0.100   9.185330  13.135211
7    mse  0.150  10.648890  11.498926

Running feature_permutation from 2024-07-22 07:48:54.991399
Experiment ended at 2024-07-22 08:14:15.620727. Total time taken 0:25:20.629328.
  metric   area      comp       suff
0    mae  0.050  5.699567  16.657787
1    mae  0.075  7.014227  16.160408
2    mae  0.100  7.657184  15.884535
3    mae  0.150  8.902919  15.291222
4    mse  0.050  3.742803  18.020322
5    mse  0.075  4.937930  17.018649
6    mse  0.100  5.587354  16.479421
7    mse  0.150  6.978368  15.351772

Running integrated_gradients from 2024-07-22 08:14:15.944295
Experiment ended at 2024-07-22 08:31:54.351176. Total time taken 0:17:38.406881.
  metric   area       comp       suff
0    mae  0.050   9.010140  17.724483
1    mae  0.075  11.239977  17.747525
2    mae  0.100  12.233970  17.742629
3    mae  0.150  13.833354  17.691796
4    mse  0.050   6.994837  19.785807
5    mse  0.075  10.023279  19.900353
6    mse  0.100  11.552837  19.940593
7    mse  0.150  14.295512  19.959006

Running gradient_shap from 2024-07-22 08:31:54.611700
Experiment ended at 2024-07-22 08:48:36.452203. Total time taken 0:16:41.840503.
  metric   area       comp       suff
0    mae  0.050   6.242165  17.185689
1    mae  0.075   7.911433  16.880369
2    mae  0.100   8.763947  16.702006
3    mae  0.150  10.297576  16.292958
4    mse  0.050   4.271047  18.842124
5    mse  0.075   6.004297  18.256654
6    mse  0.100   7.018552  17.936166
7    mse  0.150   9.045760  17.243145

Running winIT from 2024-07-22 08:48:36.729411
Experiment ended at 2024-07-22 09:14:55.717286. Total time taken 0:26:18.987875.
  metric   area       comp       suff
0    mae  0.050   8.439005  15.199295
1    mae  0.075   9.125709  14.892436
2    mae  0.100   9.473399  14.691086
3    mae  0.150  10.236706  14.216123
4    mse  0.050   7.142450  15.229987
5    mse  0.075   7.780415  14.695418
6    mse  0.100   8.108900  14.352174
7    mse  0.150   8.878373  13.565452

Running wtsr from 2024-07-22 09:14:56.004442
Experiment ended at 2024-07-22 09:35:43.263741. Total time taken 0:20:47.259299.
  metric   area       comp       suff
0    mae  0.050  11.531070  13.562898
1    mae  0.075  12.691505  12.567447
2    mae  0.100  13.229448  12.006190
3    mae  0.150  14.251031  10.748095
4    mse  0.050  11.009318  12.440063
5    mse  0.075  12.541442  10.857035
6    mse  0.100  13.281681  10.018814
7    mse  0.150  14.770470   8.262312

Running tsr from 2024-07-22 09:35:43.573922
Experiment ended at 2024-07-22 12:00:14.513027. Total time taken 2:24:30.939105.
  metric   area       comp       suff
0    mae  0.050  11.331917  13.515257
1    mae  0.075  12.540201  12.486040
2    mae  0.100  13.083915  11.900682
3    mae  0.150  14.059187  10.644383
4    mse  0.050  10.575184  12.298550
5    mse  0.075  12.153695  10.691220
6    mse  0.100  12.905789   9.835761
7    mse  0.150  14.282328   8.109749


>>>> itr_no: 3, seed: 608 <<<<<<
Use GPU: cuda:0
Experiments will be saved in ./results/electricity_Crossformer/3
test 2607
Loading model from ./results/electricity_Crossformer/3/checkpoint.pth
Running feature_ablation from 2024-07-22 12:00:16.323219
Experiment ended at 2024-07-22 12:25:28.062817. Total time taken 0:25:11.739598.
  metric   area       comp       suff
0    mae  0.050   8.772000  15.187296
1    mae  0.075  10.083893  14.330467
2    mae  0.100  10.746374  13.843951
3    mae  0.150  12.031246  12.776744
4    mse  0.050   6.932984  15.109616
5    mse  0.075   8.420873  13.544306
6    mse  0.100   9.249639  12.708513
7    mse  0.150  11.037053  10.979190

Running occlusion from 2024-07-22 12:25:28.359029
Experiment ended at 2024-07-22 12:50:48.173696. Total time taken 0:25:19.814667.
  metric   area       comp       suff
0    mae  0.050  10.530355  14.263603
1    mae  0.075  11.817479  13.197124
2    mae  0.100  12.429905  12.567991
3    mae  0.150  13.553238  11.204421
4    mse  0.050   8.949921  13.556539
5    mse  0.075  10.615887  11.786475
6    mse  0.100  11.457532  10.805451
7    mse  0.150  13.121085   8.818546

Running augmented_occlusion from 2024-07-22 12:50:48.479228
Experiment ended at 2024-07-22 13:16:08.654263. Total time taken 0:25:20.175035.
  metric   area       comp       suff
0    mae  0.050   7.734606  15.623129
1    mae  0.075   9.096698  14.856976
2    mae  0.100   9.756869  14.427410
3    mae  0.150  10.999702  13.468117
4    mse  0.050   5.818177  15.929144
5    mse  0.075   7.221789  14.483989
6    mse  0.100   7.980787  13.705400
7    mse  0.150   9.549607  12.068928

Running feature_permutation from 2024-07-22 13:16:08.935489
Experiment ended at 2024-07-22 13:41:24.520604. Total time taken 0:25:15.585115.
  metric   area      comp       suff
0    mae  0.050  5.497637  16.923640
1    mae  0.075  6.794110  16.464946
2    mae  0.100  7.441419  16.216576
3    mae  0.150  8.694128  15.620808
4    mse  0.050  3.241657  18.317437
5    mse  0.075  4.379398  17.363106
6    mse  0.100  5.009406  16.858359
7    mse  0.150  6.380212  15.720203

Running integrated_gradients from 2024-07-22 13:41:24.878596
Experiment ended at 2024-07-22 13:59:01.205265. Total time taken 0:17:36.326669.
  metric   area       comp       suff
0    mae  0.050   9.114823  17.953460
1    mae  0.075  11.567891  18.032142
2    mae  0.100  12.680550  18.083656
3    mae  0.150  14.540025  18.158808
4    mse  0.050   6.686690  20.109453
5    mse  0.075   9.992228  20.274335
6    mse  0.100  11.734743  20.399733
7    mse  0.150  15.007920  20.628502

Running gradient_shap from 2024-07-22 13:59:01.471905
Experiment ended at 2024-07-22 14:15:43.090488. Total time taken 0:16:41.618583.
  metric   area       comp       suff
0    mae  0.050   6.376026  17.239353
1    mae  0.075   8.141376  16.897610
2    mae  0.100   9.024137  16.697747
3    mae  0.150  10.634311  16.260621
4    mse  0.050   4.213577  18.809990
5    mse  0.075   6.081997  18.105787
6    mse  0.100   7.137929  17.728007
7    mse  0.150   9.290739  16.945303

Running winIT from 2024-07-22 14:15:43.346966
Experiment ended at 2024-07-22 14:41:56.767492. Total time taken 0:26:13.420526.
  metric   area      comp       suff
0    mae  0.050  7.640457  15.801930
1    mae  0.075  8.357947  15.495129
2    mae  0.100  8.731271  15.295033
3    mae  0.150  9.574621  14.782828
4    mse  0.050  5.599270  16.398544
5    mse  0.075  6.236332  15.848504
6    mse  0.100  6.592137  15.482144
7    mse  0.150  7.460698  14.571126

Running wtsr from 2024-07-22 14:41:57.036489
Experiment ended at 2024-07-22 15:02:43.981235. Total time taken 0:20:46.944746.
  metric   area       comp       suff
0    mae  0.050  10.753518  14.108542
1    mae  0.075  12.036204  13.034388
2    mae  0.100  12.629715  12.412547
3    mae  0.150  13.702797  11.037125
4    mse  0.050   9.285967  13.307303
5    mse  0.075  10.971617  11.534439
6    mse  0.100  11.808970  10.580666
7    mse  0.150  13.386855   8.604056

Running tsr from 2024-07-22 15:02:44.327348
Experiment ended at 2024-07-22 17:29:31.350902. Total time taken 2:26:47.023554.
  metric   area       comp       suff
0    mae  0.050  10.633604  14.248249
1    mae  0.075  11.918973  13.204815
2    mae  0.100  12.536076  12.602056
3    mae  0.150  13.682988  11.225251
4    mse  0.050   9.000929  13.546182
5    mse  0.075  10.688102  11.808062
6    mse  0.100  11.555267  10.865772
7    mse  0.150  13.292102   8.862004

