Namespace(task_name='long_term_forecast', train=False, dry_run=False, model='DLinear', seed=2024, itrs=3, itr_no=None, data='custom', result_path='./results', root_path='./dataset/electricity/', data_path='electricity.csv', flag='test', features='S', target='OT', freq='h', seq_len=96, label_len=12, pred_len=24, seasonal_patterns='Monthly', top_k=5, num_kernels=6, n_features=1, d_model=128, n_heads=4, e_layers=2, d_layers=1, d_ff=256, moving_avg=25, factor=3, distil=True, dropout=0.1, embed='timeF', activation='gelu', output_attention=False, conv_kernel=[18, 12], seg_len=24, num_workers=0, train_epochs=10, batch_size=32, patience=3, learning_rate=0.001, lradj='type1', use_amp=False, use_cpu=False, gpu=0, use_multi_gpu=False, devices='0,1,2,3', p_hidden_dims=[128, 128], p_hidden_layers=2, explainers=['feature_ablation', 'occlusion', 'augmented_occlusion', 'feature_permutation', 'integrated_gradients', 'gradient_shap', 'winIT', 'wtsr', 'tsr'], areas=[0.05, 0.075, 0.1, 0.15], baseline_mode='random', metrics=['mae', 'mse'], overwrite=False, dump_attrs=False, disable_progress=True, use_gpu=True, enc_in=1, dec_in=1, c_out=1)

>>>> itr_no: 1, seed: 648 <<<<<<
Use GPU: cuda:0
Experiments will be saved in ./results/electricity_DLinear/1
test 2607
Loading model from ./results/electricity_DLinear/1/checkpoint.pth
./results/electricity_DLinear/1/feature_ablation.csv exists. Skipping ...
./results/electricity_DLinear/1/occlusion.csv exists. Skipping ...
./results/electricity_DLinear/1/augmented_occlusion.csv exists. Skipping ...
./results/electricity_DLinear/1/feature_permutation.csv exists. Skipping ...
./results/electricity_DLinear/1/integrated_gradients.csv exists. Skipping ...
./results/electricity_DLinear/1/gradient_shap.csv exists. Skipping ...
./results/electricity_DLinear/1/winIT.csv exists. Skipping ...
./results/electricity_DLinear/1/wtsr.csv exists. Skipping ...
./results/electricity_DLinear/1/tsr.csv exists. Skipping ...

>>>> itr_no: 2, seed: 506 <<<<<<
Use GPU: cuda:0
Experiments will be saved in ./results/electricity_DLinear/2
test 2607
Loading model from ./results/electricity_DLinear/2/checkpoint.pth
./results/electricity_DLinear/2/feature_ablation.csv exists. Skipping ...
./results/electricity_DLinear/2/occlusion.csv exists. Skipping ...
./results/electricity_DLinear/2/augmented_occlusion.csv exists. Skipping ...
./results/electricity_DLinear/2/feature_permutation.csv exists. Skipping ...
./results/electricity_DLinear/2/integrated_gradients.csv exists. Skipping ...
./results/electricity_DLinear/2/gradient_shap.csv exists. Skipping ...
./results/electricity_DLinear/2/winIT.csv exists. Skipping ...
./results/electricity_DLinear/2/wtsr.csv exists. Skipping ...
./results/electricity_DLinear/2/tsr.csv exists. Skipping ...

>>>> itr_no: 3, seed: 608 <<<<<<
Use GPU: cuda:0
Experiments will be saved in ./results/electricity_DLinear/3
test 2607
Loading model from ./results/electricity_DLinear/3/checkpoint.pth
./results/electricity_DLinear/3/feature_ablation.csv exists. Skipping ...
./results/electricity_DLinear/3/occlusion.csv exists. Skipping ...
./results/electricity_DLinear/3/augmented_occlusion.csv exists. Skipping ...
./results/electricity_DLinear/3/feature_permutation.csv exists. Skipping ...
./results/electricity_DLinear/3/integrated_gradients.csv exists. Skipping ...
./results/electricity_DLinear/3/gradient_shap.csv exists. Skipping ...
./results/electricity_DLinear/3/winIT.csv exists. Skipping ...
./results/electricity_DLinear/3/wtsr.csv exists. Skipping ...
./results/electricity_DLinear/3/tsr.csv exists. Skipping ...
Namespace(task_name='long_term_forecast', train=False, dry_run=False, model='MICN', seed=2024, itrs=3, itr_no=None, data='custom', result_path='./results', root_path='./dataset/electricity/', data_path='electricity.csv', flag='test', features='S', target='OT', freq='h', seq_len=96, label_len=12, pred_len=24, seasonal_patterns='Monthly', top_k=5, num_kernels=6, n_features=1, d_model=128, n_heads=4, e_layers=2, d_layers=1, d_ff=256, moving_avg=25, factor=3, distil=True, dropout=0.1, embed='timeF', activation='gelu', output_attention=False, conv_kernel=[18, 12], seg_len=24, num_workers=0, train_epochs=10, batch_size=32, patience=3, learning_rate=0.001, lradj='type1', use_amp=False, use_cpu=False, gpu=0, use_multi_gpu=False, devices='0,1,2,3', p_hidden_dims=[128, 128], p_hidden_layers=2, explainers=['feature_ablation', 'occlusion', 'augmented_occlusion', 'feature_permutation', 'integrated_gradients', 'gradient_shap', 'winIT', 'wtsr', 'tsr'], areas=[0.05, 0.075, 0.1, 0.15], baseline_mode='random', metrics=['mae', 'mse'], overwrite=False, dump_attrs=False, disable_progress=True, use_gpu=True, enc_in=1, dec_in=1, c_out=1)

>>>> itr_no: 1, seed: 648 <<<<<<
Use GPU: cuda:0
Experiments will be saved in ./results/electricity_MICN/1
test 2607
Loading model from ./results/electricity_MICN/1/checkpoint.pth
./results/electricity_MICN/1/feature_ablation.csv exists. Skipping ...
./results/electricity_MICN/1/occlusion.csv exists. Skipping ...
./results/electricity_MICN/1/augmented_occlusion.csv exists. Skipping ...
./results/electricity_MICN/1/feature_permutation.csv exists. Skipping ...
./results/electricity_MICN/1/integrated_gradients.csv exists. Skipping ...
./results/electricity_MICN/1/gradient_shap.csv exists. Skipping ...
./results/electricity_MICN/1/winIT.csv exists. Skipping ...
./results/electricity_MICN/1/wtsr.csv exists. Skipping ...
./results/electricity_MICN/1/tsr.csv exists. Skipping ...

>>>> itr_no: 2, seed: 506 <<<<<<
Use GPU: cuda:0
Experiments will be saved in ./results/electricity_MICN/2
test 2607
Loading model from ./results/electricity_MICN/2/checkpoint.pth
./results/electricity_MICN/2/feature_ablation.csv exists. Skipping ...
./results/electricity_MICN/2/occlusion.csv exists. Skipping ...
./results/electricity_MICN/2/augmented_occlusion.csv exists. Skipping ...
./results/electricity_MICN/2/feature_permutation.csv exists. Skipping ...
./results/electricity_MICN/2/integrated_gradients.csv exists. Skipping ...
./results/electricity_MICN/2/gradient_shap.csv exists. Skipping ...
./results/electricity_MICN/2/winIT.csv exists. Skipping ...
./results/electricity_MICN/2/wtsr.csv exists. Skipping ...
./results/electricity_MICN/2/tsr.csv exists. Skipping ...

>>>> itr_no: 3, seed: 608 <<<<<<
Use GPU: cuda:0
Experiments will be saved in ./results/electricity_MICN/3
test 2607
Loading model from ./results/electricity_MICN/3/checkpoint.pth
./results/electricity_MICN/3/feature_ablation.csv exists. Skipping ...
./results/electricity_MICN/3/occlusion.csv exists. Skipping ...
./results/electricity_MICN/3/augmented_occlusion.csv exists. Skipping ...
./results/electricity_MICN/3/feature_permutation.csv exists. Skipping ...
./results/electricity_MICN/3/integrated_gradients.csv exists. Skipping ...
./results/electricity_MICN/3/gradient_shap.csv exists. Skipping ...
./results/electricity_MICN/3/winIT.csv exists. Skipping ...
./results/electricity_MICN/3/wtsr.csv exists. Skipping ...
./results/electricity_MICN/3/tsr.csv exists. Skipping ...
Namespace(task_name='long_term_forecast', train=False, dry_run=False, model='SegRNN', seed=2024, itrs=3, itr_no=None, data='custom', result_path='./results', root_path='./dataset/electricity/', data_path='electricity.csv', flag='test', features='S', target='OT', freq='h', seq_len=96, label_len=12, pred_len=24, seasonal_patterns='Monthly', top_k=5, num_kernels=6, n_features=1, d_model=128, n_heads=4, e_layers=2, d_layers=1, d_ff=256, moving_avg=25, factor=3, distil=True, dropout=0.1, embed='timeF', activation='gelu', output_attention=False, conv_kernel=[18, 12], seg_len=24, num_workers=0, train_epochs=10, batch_size=32, patience=3, learning_rate=0.001, lradj='type1', use_amp=False, use_cpu=False, gpu=0, use_multi_gpu=False, devices='0,1,2,3', p_hidden_dims=[128, 128], p_hidden_layers=2, explainers=['feature_ablation', 'occlusion', 'augmented_occlusion', 'feature_permutation', 'integrated_gradients', 'gradient_shap', 'winIT', 'wtsr', 'tsr'], areas=[0.05, 0.075, 0.1, 0.15], baseline_mode='random', metrics=['mae', 'mse'], overwrite=False, dump_attrs=False, disable_progress=True, use_gpu=True, enc_in=1, dec_in=1, c_out=1)

>>>> itr_no: 1, seed: 648 <<<<<<
Use GPU: cuda:0
Experiments will be saved in ./results/electricity_SegRNN/1
test 2607
Loading model from ./results/electricity_SegRNN/1/checkpoint.pth
./results/electricity_SegRNN/1/feature_ablation.csv exists. Skipping ...
./results/electricity_SegRNN/1/occlusion.csv exists. Skipping ...
./results/electricity_SegRNN/1/augmented_occlusion.csv exists. Skipping ...
./results/electricity_SegRNN/1/feature_permutation.csv exists. Skipping ...
Running integrated_gradients from 2024-07-23 00:11:27.953751
Experiment ended at 2024-07-23 00:13:08.847415. Total time taken 0:01:40.893664.
  metric   area       comp       suff
0    mae  0.050   9.311070  16.050758
1    mae  0.075  11.744099  15.562939
2    mae  0.100  12.810125  15.340814
3    mae  0.150  14.503866  14.916004
4    mse  0.050   6.930620  16.304930
5    mse  0.075  10.208521  15.377084
6    mse  0.100  11.904227  14.987389
7    mse  0.150  14.915679  14.291931

Running gradient_shap from 2024-07-23 00:13:09.019000
Experiment ended at 2024-07-23 00:14:13.758805. Total time taken 0:01:04.739805.
  metric   area       comp       suff
0    mae  0.050   6.663355  16.243080
1    mae  0.075   8.644165  15.687889
2    mae  0.100   9.557915  15.377136
3    mae  0.150  11.172369  14.746243
4    mse  0.050   4.346481  16.907187
5    mse  0.075   6.421298  15.804431
6    mse  0.100   7.521510  15.216291
7    mse  0.150   9.740646  14.055825

./results/electricity_SegRNN/1/winIT.csv exists. Skipping ...
./results/electricity_SegRNN/1/wtsr.csv exists. Skipping ...
./results/electricity_SegRNN/1/tsr.csv exists. Skipping ...

>>>> itr_no: 2, seed: 506 <<<<<<
Use GPU: cuda:0
Experiments will be saved in ./results/electricity_SegRNN/2
test 2607
Loading model from ./results/electricity_SegRNN/2/checkpoint.pth
./results/electricity_SegRNN/2/feature_ablation.csv exists. Skipping ...
./results/electricity_SegRNN/2/occlusion.csv exists. Skipping ...
./results/electricity_SegRNN/2/augmented_occlusion.csv exists. Skipping ...
./results/electricity_SegRNN/2/feature_permutation.csv exists. Skipping ...
Running integrated_gradients from 2024-07-23 00:14:14.997664
Experiment ended at 2024-07-23 00:15:53.127569. Total time taken 0:01:38.129905.
  metric   area       comp       suff
0    mae  0.050   9.660241  15.309070
1    mae  0.075  11.560649  14.835466
2    mae  0.100  12.445864  14.610722
3    mae  0.150  13.964339  14.276886
4    mse  0.050   7.622061  15.134185
5    mse  0.075   9.999945  14.233003
6    mse  0.100  11.330735  13.833018
7    mse  0.150  13.902775  13.277922

Running gradient_shap from 2024-07-23 00:15:53.290767
Experiment ended at 2024-07-23 00:16:58.340328. Total time taken 0:01:05.049561.
  metric   area       comp       suff
0    mae  0.050   7.328710  15.734147
1    mae  0.075   9.032901  15.167321
2    mae  0.100   9.850879  14.844312
3    mae  0.150  11.298971  14.200181
4    mse  0.050   5.445351  16.129245
5    mse  0.075   7.090724  14.988316
6    mse  0.100   8.039492  14.378054
7    mse  0.150   9.958279  13.221116

./results/electricity_SegRNN/2/winIT.csv exists. Skipping ...
./results/electricity_SegRNN/2/wtsr.csv exists. Skipping ...
./results/electricity_SegRNN/2/tsr.csv exists. Skipping ...

>>>> itr_no: 3, seed: 608 <<<<<<
Use GPU: cuda:0
Experiments will be saved in ./results/electricity_SegRNN/3
test 2607
Loading model from ./results/electricity_SegRNN/3/checkpoint.pth
./results/electricity_SegRNN/3/feature_ablation.csv exists. Skipping ...
./results/electricity_SegRNN/3/occlusion.csv exists. Skipping ...
./results/electricity_SegRNN/3/augmented_occlusion.csv exists. Skipping ...
./results/electricity_SegRNN/3/feature_permutation.csv exists. Skipping ...
Running integrated_gradients from 2024-07-23 00:16:59.550914
Experiment ended at 2024-07-23 00:18:37.506554. Total time taken 0:01:37.955640.
  metric   area       comp       suff
0    mae  0.050   9.033591  15.534805
1    mae  0.075  11.432200  15.007070
2    mae  0.100  12.464283  14.743119
3    mae  0.150  14.116279  14.322454
4    mse  0.050   6.645263  15.386104
5    mse  0.075   9.809350  14.370398
6    mse  0.100  11.404291  13.896812
7    mse  0.150  14.256973  13.208811

Running gradient_shap from 2024-07-23 00:18:37.687757
Experiment ended at 2024-07-23 00:19:42.617877. Total time taken 0:01:04.930120.
  metric   area       comp       suff
0    mae  0.050   6.531395  15.823441
1    mae  0.075   8.474610  15.232388
2    mae  0.100   9.390766  14.904896
3    mae  0.150  10.939614  14.240335
4    mse  0.050   4.349000  16.189320
5    mse  0.075   6.286927  15.028893
6    mse  0.100   7.360898  14.417163
7    mse  0.150   9.404555  13.237129

./results/electricity_SegRNN/3/winIT.csv exists. Skipping ...
./results/electricity_SegRNN/3/wtsr.csv exists. Skipping ...
./results/electricity_SegRNN/3/tsr.csv exists. Skipping ...
Namespace(task_name='long_term_forecast', train=False, dry_run=False, model='iTransformer', seed=2024, itrs=3, itr_no=None, data='custom', result_path='./results', root_path='./dataset/electricity/', data_path='electricity.csv', flag='test', features='S', target='OT', freq='h', seq_len=96, label_len=12, pred_len=24, seasonal_patterns='Monthly', top_k=5, num_kernels=6, n_features=1, d_model=128, n_heads=4, e_layers=2, d_layers=1, d_ff=256, moving_avg=25, factor=3, distil=True, dropout=0.1, embed='timeF', activation='gelu', output_attention=False, conv_kernel=[18, 12], seg_len=24, num_workers=0, train_epochs=10, batch_size=32, patience=3, learning_rate=0.001, lradj='type1', use_amp=False, use_cpu=False, gpu=0, use_multi_gpu=False, devices='0,1,2,3', p_hidden_dims=[128, 128], p_hidden_layers=2, explainers=['feature_ablation', 'occlusion', 'augmented_occlusion', 'feature_permutation', 'integrated_gradients', 'gradient_shap', 'winIT', 'wtsr', 'tsr'], areas=[0.05, 0.075, 0.1, 0.15], baseline_mode='random', metrics=['mae', 'mse'], overwrite=False, dump_attrs=False, disable_progress=True, use_gpu=True, enc_in=1, dec_in=1, c_out=1)

>>>> itr_no: 1, seed: 648 <<<<<<
Use GPU: cuda:0
Experiments will be saved in ./results/electricity_iTransformer/1
test 2607
Loading model from ./results/electricity_iTransformer/1/checkpoint.pth
./results/electricity_iTransformer/1/feature_ablation.csv exists. Skipping ...
./results/electricity_iTransformer/1/occlusion.csv exists. Skipping ...
./results/electricity_iTransformer/1/augmented_occlusion.csv exists. Skipping ...
./results/electricity_iTransformer/1/feature_permutation.csv exists. Skipping ...
Running integrated_gradients from 2024-07-23 00:20:01.469964
Experiment ended at 2024-07-23 00:22:38.838345. Total time taken 0:02:37.368381.
  metric   area       comp       suff
0    mae  0.050   7.520239  21.566911
1    mae  0.075   9.768246  21.687436
2    mae  0.100  10.905964  21.747977
3    mae  0.150  12.891023  21.612330
4    mse  0.050   4.535591  29.221266
5    mse  0.075   7.029725  29.419014
6    mse  0.100   8.530325  29.490417
7    mse  0.150  11.531050  29.080435

Running gradient_shap from 2024-07-23 00:22:39.009559
Experiment ended at 2024-07-23 00:24:43.081893. Total time taken 0:02:04.072334.
  metric   area      comp       suff
0    mae  0.050  5.072578  20.274956
1    mae  0.075  6.533541  19.957525
2    mae  0.100  7.467474  19.776065
3    mae  0.150  9.068426  19.354807
4    mse  0.050  2.716580  26.389950
5    mse  0.075  3.993742  25.618770
6    mse  0.100  4.874582  25.198020
7    mse  0.150  6.663648  24.219940

./results/electricity_iTransformer/1/winIT.csv exists. Skipping ...
./results/electricity_iTransformer/1/wtsr.csv exists. Skipping ...
./results/electricity_iTransformer/1/tsr.csv exists. Skipping ...

>>>> itr_no: 2, seed: 506 <<<<<<
Use GPU: cuda:0
Experiments will be saved in ./results/electricity_iTransformer/2
test 2607
Loading model from ./results/electricity_iTransformer/2/checkpoint.pth
./results/electricity_iTransformer/2/feature_ablation.csv exists. Skipping ...
./results/electricity_iTransformer/2/occlusion.csv exists. Skipping ...
./results/electricity_iTransformer/2/augmented_occlusion.csv exists. Skipping ...
./results/electricity_iTransformer/2/feature_permutation.csv exists. Skipping ...
Running integrated_gradients from 2024-07-23 00:24:44.317269
Experiment ended at 2024-07-23 00:27:19.525861. Total time taken 0:02:35.208592.
  metric   area       comp       suff
0    mae  0.050   7.165591  21.030673
1    mae  0.075   9.285180  21.169908
2    mae  0.100  10.382030  21.210015
3    mae  0.150  12.379629  21.130605
4    mse  0.050   3.986793  27.601742
5    mse  0.075   6.207396  27.874632
6    mse  0.100   7.620680  27.949271
7    mse  0.150  10.534044  27.745388

Running gradient_shap from 2024-07-23 00:27:19.729995
Experiment ended at 2024-07-23 00:29:23.654871. Total time taken 0:02:03.924876.
  metric   area      comp       suff
0    mae  0.050  4.910927  20.301640
1    mae  0.075  6.297086  20.059141
2    mae  0.100  7.234574  19.945259
3    mae  0.150  8.799681  19.555596
4    mse  0.050  2.465977  26.402627
5    mse  0.075  3.591352  25.829751
6    mse  0.100  4.463924  25.546435
7    mse  0.150  6.194172  24.659708

./results/electricity_iTransformer/2/winIT.csv exists. Skipping ...
./results/electricity_iTransformer/2/wtsr.csv exists. Skipping ...
./results/electricity_iTransformer/2/tsr.csv exists. Skipping ...

>>>> itr_no: 3, seed: 608 <<<<<<
Use GPU: cuda:0
Experiments will be saved in ./results/electricity_iTransformer/3
test 2607
Loading model from ./results/electricity_iTransformer/3/checkpoint.pth
./results/electricity_iTransformer/3/feature_ablation.csv exists. Skipping ...
./results/electricity_iTransformer/3/occlusion.csv exists. Skipping ...
./results/electricity_iTransformer/3/augmented_occlusion.csv exists. Skipping ...
./results/electricity_iTransformer/3/feature_permutation.csv exists. Skipping ...
Running integrated_gradients from 2024-07-23 00:29:24.873003
Experiment ended at 2024-07-23 00:31:59.496301. Total time taken 0:02:34.623298.
  metric   area       comp       suff
0    mae  0.050   7.325050  21.455703
1    mae  0.075   9.462401  21.461398
2    mae  0.100  10.582673  21.436029
3    mae  0.150  12.524465  21.240260
4    mse  0.050   4.250462  28.744647
5    mse  0.075   6.579339  28.706704
6    mse  0.100   8.075520  28.605782
7    mse  0.150  10.936885  28.105569

Running gradient_shap from 2024-07-23 00:31:59.675493
Experiment ended at 2024-07-23 00:34:03.559087. Total time taken 0:02:03.883594.
  metric   area      comp       suff
0    mae  0.050  5.064445  20.659004
1    mae  0.075  6.526075  20.339699
2    mae  0.100  7.460548  20.176433
3    mae  0.150  8.993049  19.729282
4    mse  0.050  2.691770  27.102736
5    mse  0.075  3.934446  26.358182
6    mse  0.100  4.850466  25.984026
7    mse  0.150  6.561661  24.993474

./results/electricity_iTransformer/3/winIT.csv exists. Skipping ...
./results/electricity_iTransformer/3/wtsr.csv exists. Skipping ...
./results/electricity_iTransformer/3/tsr.csv exists. Skipping ...
Namespace(task_name='long_term_forecast', train=False, dry_run=False, model='Crossformer', seed=2024, itrs=3, itr_no=None, data='custom', result_path='./results', root_path='./dataset/electricity/', data_path='electricity.csv', flag='test', features='S', target='OT', freq='h', seq_len=96, label_len=12, pred_len=24, seasonal_patterns='Monthly', top_k=5, num_kernels=6, n_features=1, d_model=128, n_heads=4, e_layers=2, d_layers=1, d_ff=256, moving_avg=25, factor=3, distil=True, dropout=0.1, embed='timeF', activation='gelu', output_attention=False, conv_kernel=[18, 12], seg_len=24, num_workers=0, train_epochs=10, batch_size=32, patience=3, learning_rate=0.001, lradj='type1', use_amp=False, use_cpu=False, gpu=0, use_multi_gpu=False, devices='0,1,2,3', p_hidden_dims=[128, 128], p_hidden_layers=2, explainers=['feature_ablation', 'occlusion', 'augmented_occlusion', 'feature_permutation', 'integrated_gradients', 'gradient_shap', 'winIT', 'wtsr', 'tsr'], areas=[0.05, 0.075, 0.1, 0.15], baseline_mode='random', metrics=['mae', 'mse'], overwrite=False, dump_attrs=False, disable_progress=True, use_gpu=True, enc_in=1, dec_in=1, c_out=1)

>>>> itr_no: 1, seed: 648 <<<<<<
Use GPU: cuda:0
Experiments will be saved in ./results/electricity_Crossformer/1
test 2607
Loading model from ./results/electricity_Crossformer/1/checkpoint.pth
./results/electricity_Crossformer/1/feature_ablation.csv exists. Skipping ...
./results/electricity_Crossformer/1/occlusion.csv exists. Skipping ...
./results/electricity_Crossformer/1/augmented_occlusion.csv exists. Skipping ...
./results/electricity_Crossformer/1/feature_permutation.csv exists. Skipping ...
./results/electricity_Crossformer/1/integrated_gradients.csv exists. Skipping ...
./results/electricity_Crossformer/1/gradient_shap.csv exists. Skipping ...
./results/electricity_Crossformer/1/winIT.csv exists. Skipping ...
./results/electricity_Crossformer/1/wtsr.csv exists. Skipping ...
./results/electricity_Crossformer/1/tsr.csv exists. Skipping ...

>>>> itr_no: 2, seed: 506 <<<<<<
Use GPU: cuda:0
Experiments will be saved in ./results/electricity_Crossformer/2
test 2607
Loading model from ./results/electricity_Crossformer/2/checkpoint.pth
./results/electricity_Crossformer/2/feature_ablation.csv exists. Skipping ...
./results/electricity_Crossformer/2/occlusion.csv exists. Skipping ...
./results/electricity_Crossformer/2/augmented_occlusion.csv exists. Skipping ...
./results/electricity_Crossformer/2/feature_permutation.csv exists. Skipping ...
./results/electricity_Crossformer/2/integrated_gradients.csv exists. Skipping ...
./results/electricity_Crossformer/2/gradient_shap.csv exists. Skipping ...
./results/electricity_Crossformer/2/winIT.csv exists. Skipping ...
./results/electricity_Crossformer/2/wtsr.csv exists. Skipping ...
./results/electricity_Crossformer/2/tsr.csv exists. Skipping ...

>>>> itr_no: 3, seed: 608 <<<<<<
Use GPU: cuda:0
Experiments will be saved in ./results/electricity_Crossformer/3
test 2607
Loading model from ./results/electricity_Crossformer/3/checkpoint.pth
./results/electricity_Crossformer/3/feature_ablation.csv exists. Skipping ...
./results/electricity_Crossformer/3/occlusion.csv exists. Skipping ...
./results/electricity_Crossformer/3/augmented_occlusion.csv exists. Skipping ...
./results/electricity_Crossformer/3/feature_permutation.csv exists. Skipping ...
./results/electricity_Crossformer/3/integrated_gradients.csv exists. Skipping ...
./results/electricity_Crossformer/3/gradient_shap.csv exists. Skipping ...
./results/electricity_Crossformer/3/winIT.csv exists. Skipping ...
./results/electricity_Crossformer/3/wtsr.csv exists. Skipping ...
./results/electricity_Crossformer/3/tsr.csv exists. Skipping ...
