Namespace(task_name='long_term_forecast', train=False, dry_run=False, model='DLinear', seed=2024, itrs=3, itr_no=None, data='custom', result_path='./results', root_path='./dataset/traffic/', data_path='traffic.csv', flag='test', features='S', target='OT', freq='h', seq_len=96, label_len=12, pred_len=24, seasonal_patterns='Monthly', top_k=5, num_kernels=6, n_features=1, d_model=128, n_heads=4, e_layers=2, d_layers=1, d_ff=256, moving_avg=25, factor=3, distil=True, dropout=0.1, embed='timeF', activation='gelu', output_attention=False, conv_kernel=[18, 12], seg_len=24, num_workers=0, train_epochs=10, batch_size=32, patience=3, learning_rate=0.001, lradj='type1', use_amp=False, use_cpu=False, gpu=0, use_multi_gpu=False, devices='0,1,2,3', p_hidden_dims=[128, 128], p_hidden_layers=2, explainers=['feature_ablation', 'occlusion', 'augmented_occlusion', 'feature_permutation', 'integrated_gradients', 'gradient_shap', 'winIT', 'wtsr', 'tsr'], areas=[0.05, 0.075, 0.1, 0.15], baseline_mode='random', metrics=['mae', 'mse'], overwrite=True, dump_attrs=False, disable_progress=True, use_gpu=True, enc_in=1, dec_in=1, c_out=1)

>>>> itr_no: 1, seed: 648 <<<<<<
Use GPU: cuda:0
Experiments will be saved in ./results/traffic_DLinear/1
test 1731
Loading model from ./results/traffic_DLinear/1/checkpoint.pth
Running feature_ablation from 2024-07-21 19:14:37.076960
Experiment ended at 2024-07-21 19:15:30.348370. Total time taken 0:00:53.271410.
  metric   area       comp       suff
0    mae  0.050   8.137828  24.578396
1    mae  0.075  10.010327  22.956377
2    mae  0.100  10.825556  21.979639
3    mae  0.150  12.393265  19.823162
4    mse  0.050   6.666352  34.921265
5    mse  0.075   9.239393  30.896839
6    mse  0.100  10.472531  28.565482
7    mse  0.150  12.813733  23.705742

Running occlusion from 2024-07-21 19:15:31.139647
Experiment ended at 2024-07-21 19:16:21.784352. Total time taken 0:00:50.644705.
  metric   area       comp       suff
0    mae  0.050   8.880472  23.836892
1    mae  0.075  10.722910  21.936242
2    mae  0.100  11.598754  20.815978
3    mae  0.150  13.376677  18.403173
4    mse  0.050   7.490873  32.971936
5    mse  0.075   9.980968  28.344340
6    mse  0.100  11.263990  25.791973
7    mse  0.150  14.007498  20.733763

Running augmented_occlusion from 2024-07-21 19:16:22.029272
Experiment ended at 2024-07-21 19:17:15.010248. Total time taken 0:00:52.980976.
  metric   area       comp       suff
0    mae  0.050   6.533247  25.233392
1    mae  0.075   8.096771  23.940506
2    mae  0.100   8.814843  23.175309
3    mae  0.150  10.263437  21.480632
4    mse  0.050   4.856399  36.841919
5    mse  0.075   6.545293  33.414125
6    mse  0.100   7.396364  31.485700
7    mse  0.150   9.265202  27.463016

Running feature_permutation from 2024-07-21 19:17:15.286890
Experiment ended at 2024-07-21 19:18:06.670238. Total time taken 0:00:51.383348.
  metric   area      comp       suff
0    mae  0.050  5.720611  26.001776
1    mae  0.075  7.088970  25.089982
2    mae  0.100  7.790456  24.550579
3    mae  0.150  9.190055  23.341897
4    mse  0.050  4.117421  38.780482
5    mse  0.075  5.596763  36.542392
6    mse  0.100  6.416800  35.234117
7    mse  0.150  8.173551  32.360974

Running integrated_gradients from 2024-07-21 19:18:06.934391
Experiment ended at 2024-07-21 19:19:16.730765. Total time taken 0:01:09.796374.
  metric   area       comp       suff
0    mae  0.050   8.403974  25.314303
1    mae  0.075  10.354448  24.331901
2    mae  0.100  11.328086  23.789929
3    mae  0.150  13.299804  22.708075
4    mse  0.050   6.974946  37.333190
5    mse  0.075   9.913741  35.149960
6    mse  0.100  11.523174  33.915552
7    mse  0.150  14.950198  31.411060

Running gradient_shap from 2024-07-21 19:19:16.953156
Experiment ended at 2024-07-21 19:19:56.255528. Total time taken 0:00:39.302372.
  metric   area       comp       suff
0    mae  0.050   7.381755  25.509101
1    mae  0.075   9.126021  24.500858
2    mae  0.100   9.963567  23.934537
3    mae  0.150  11.652879  22.732080
4    mse  0.050   6.013980  37.710577
5    mse  0.075   8.477867  35.428178
6    mse  0.100   9.747142  34.131187
7    mse  0.150  12.414940  31.311399

Running winIT from 2024-07-21 19:19:56.501711
Experiment ended at 2024-07-21 19:21:22.143486. Total time taken 0:01:25.641775.
  metric   area      comp       suff
0    mae  0.050  6.510942  26.438675
1    mae  0.075  6.935722  25.727750
2    mae  0.100  7.200510  25.234673
3    mae  0.150  7.945842  23.935789
4    mse  0.050  4.622688  40.355334
5    mse  0.075  5.035809  38.472594
6    mse  0.100  5.308314  37.181209
7    mse  0.150  6.094008  33.854647

Running wtsr from 2024-07-21 19:21:22.355166
Experiment ended at 2024-07-21 19:22:12.385428. Total time taken 0:00:50.030262.
  metric   area       comp       suff
0    mae  0.050   8.901809  23.798207
1    mae  0.075  10.771009  21.881767
2    mae  0.100  11.645114  20.766223
3    mae  0.150  13.440341  18.358938
4    mse  0.050   7.515979  32.848998
5    mse  0.075  10.067222  28.200346
6    mse  0.100  11.349218  25.678687
7    mse  0.150  14.142611  20.648199

Running tsr from 2024-07-21 19:22:12.628849
Experiment ended at 2024-07-21 19:35:12.151716. Total time taken 0:12:59.522867.
  metric   area       comp       suff
0    mae  0.050   8.885421  23.837773
1    mae  0.075  10.714387  21.932447
2    mae  0.100  11.603286  20.815105
3    mae  0.150  13.373913  18.409025
4    mse  0.050   7.533166  32.998068
5    mse  0.075  10.010404  28.346677
6    mse  0.100  11.302183  25.790300
7    mse  0.150  14.045395  20.740435


>>>> itr_no: 2, seed: 506 <<<<<<
Use GPU: cuda:0
Experiments will be saved in ./results/traffic_DLinear/2
test 1731
Loading model from ./results/traffic_DLinear/2/checkpoint.pth
Running feature_ablation from 2024-07-21 19:35:14.364437
Experiment ended at 2024-07-21 19:36:03.826203. Total time taken 0:00:49.461766.
  metric   area       comp       suff
0    mae  0.050   8.170368  24.839739
1    mae  0.075  10.028679  23.196636
2    mae  0.100  10.902633  22.208738
3    mae  0.150  12.570796  20.018483
4    mse  0.050   6.809414  35.745595
5    mse  0.075   9.414598  31.604964
6    mse  0.100  10.743118  29.231598
7    mse  0.150  13.271731  24.276518

Running occlusion from 2024-07-21 19:36:04.142241
Experiment ended at 2024-07-21 19:36:56.626168. Total time taken 0:00:52.483927.
  metric   area       comp       suff
0    mae  0.050   8.831106  24.065530
1    mae  0.075  10.691318  22.138154
2    mae  0.100  11.638838  20.990746
3    mae  0.150  13.547953  18.504930
4    mse  0.050   7.548243  33.757151
5    mse  0.075  10.068458  29.003656
6    mse  0.100  11.452163  26.368932
7    mse  0.150  14.425959  21.161665

Running augmented_occlusion from 2024-07-21 19:36:56.886405
Experiment ended at 2024-07-21 19:37:50.958514. Total time taken 0:00:54.072109.
  metric   area       comp       suff
0    mae  0.050   6.701989  25.573623
1    mae  0.075   8.230432  24.279622
2    mae  0.100   8.973885  23.501689
3    mae  0.150  10.470218  21.765842
4    mse  0.050   5.114742  37.698080
5    mse  0.075   6.794216  34.233799
6    mse  0.100   7.684924  32.268670
7    mse  0.150   9.616935  28.158549

Running feature_permutation from 2024-07-21 19:37:51.220293
Experiment ended at 2024-07-21 19:38:43.425193. Total time taken 0:00:52.204900.
  metric   area      comp       suff
0    mae  0.050  5.697205  26.179887
1    mae  0.075  7.081577  25.278021
2    mae  0.100  7.809828  24.740462
3    mae  0.150  9.271923  23.524595
4    mse  0.050  4.087562  39.513432
5    mse  0.075  5.578981  37.270071
6    mse  0.100  6.439451  35.965022
7    mse  0.150  8.302505  33.054305

Running integrated_gradients from 2024-07-21 19:38:43.679703
Experiment ended at 2024-07-21 19:39:51.619287. Total time taken 0:01:07.939584.
  metric   area       comp       suff
0    mae  0.050   8.503040  25.470953
1    mae  0.075  10.517627  24.499358
2    mae  0.100  11.543633  23.971117
3    mae  0.150  13.622967  22.923978
4    mse  0.050   7.265598  38.006722
5    mse  0.075  10.353544  35.832562
6    mse  0.100  12.080162  34.634642
7    mse  0.150  15.746804  32.251171

Running gradient_shap from 2024-07-21 19:39:51.824283
Experiment ended at 2024-07-21 19:40:30.815323. Total time taken 0:00:38.991040.
  metric   area       comp       suff
0    mae  0.050   7.432944  25.643305
1    mae  0.075   9.168563  24.662828
2    mae  0.100  10.042636  24.095165
3    mae  0.150  11.830090  22.904609
4    mse  0.050   6.234932  38.350667
5    mse  0.075   8.701084  36.125291
6    mse  0.100  10.054955  34.809726
7    mse  0.150  12.920472  32.006460

Running winIT from 2024-07-21 19:40:31.055446
Experiment ended at 2024-07-21 19:41:57.222516. Total time taken 0:01:26.167070.
  metric   area      comp       suff
0    mae  0.050  6.718112  26.568726
1    mae  0.075  7.143794  25.847179
2    mae  0.100  7.394340  25.353197
3    mae  0.150  8.132704  24.050776
4    mse  0.050  5.005392  41.033060
5    mse  0.075  5.432895  39.102775
6    mse  0.100  5.697544  37.795187
7    mse  0.150  6.509156  34.425091

Running wtsr from 2024-07-21 19:41:57.444529
Experiment ended at 2024-07-21 19:42:48.088919. Total time taken 0:00:50.644390.
  metric   area       comp       suff
0    mae  0.050   8.856833  24.019285
1    mae  0.075  10.766335  22.095150
2    mae  0.100  11.722742  20.957760
3    mae  0.150  13.628146  18.499521
4    mse  0.050   7.597390  33.622790
5    mse  0.075  10.220019  28.890498
6    mse  0.100  11.633950  26.284305
7    mse  0.150  14.614621  21.149979

Running tsr from 2024-07-21 19:42:48.349057
Experiment ended at 2024-07-21 19:55:25.835578. Total time taken 0:12:37.486521.
  metric   area       comp       suff
0    mae  0.050   8.880491  23.936693
1    mae  0.075  10.758701  22.030343
2    mae  0.100  11.699849  20.889185
3    mae  0.150  13.580072  18.432938
4    mse  0.050   7.724292  33.489410
5    mse  0.075  10.324416  28.793172
6    mse  0.100  11.726332  26.176005
7    mse  0.150  14.697474  21.036630


>>>> itr_no: 3, seed: 608 <<<<<<
Use GPU: cuda:0
Experiments will be saved in ./results/traffic_DLinear/3
test 1731
Loading model from ./results/traffic_DLinear/3/checkpoint.pth
Running feature_ablation from 2024-07-21 19:55:27.849465
Experiment ended at 2024-07-21 19:56:16.374516. Total time taken 0:00:48.525051.
  metric   area       comp       suff
0    mae  0.050   8.074293  24.513065
1    mae  0.075   9.988001  22.877117
2    mae  0.100  10.806237  21.885743
3    mae  0.150  12.385010  19.695352
4    mse  0.050   6.578814  34.579174
5    mse  0.075   9.203796  30.544181
6    mse  0.100  10.433099  28.205195
7    mse  0.150  12.835739  23.310895

Running occlusion from 2024-07-21 19:56:16.651519
Experiment ended at 2024-07-21 19:57:08.054514. Total time taken 0:00:51.402995.
  metric   area       comp       suff
0    mae  0.050   8.838769  23.909650
1    mae  0.075  10.752192  21.961079
2    mae  0.100  11.645768  20.829728
3    mae  0.150  13.446695  18.399413
4    mse  0.050   7.321214  33.107099
5    mse  0.075   9.920183  28.364860
6    mse  0.100  11.240275  25.788205
7    mse  0.150  14.035307  20.680563

Running augmented_occlusion from 2024-07-21 19:57:08.311625
Experiment ended at 2024-07-21 19:58:01.585883. Total time taken 0:00:53.274258.
  metric   area       comp       suff
0    mae  0.050   6.485612  25.248114
1    mae  0.075   8.027335  23.941437
2    mae  0.100   8.754614  23.168632
3    mae  0.150  10.190115  21.457729
4    mse  0.050   4.639713  36.623620
5    mse  0.075   6.289736  33.174417
6    mse  0.100   7.145398  31.248356
7    mse  0.150   8.988953  27.217204

Running feature_permutation from 2024-07-21 19:58:01.845639
Experiment ended at 2024-07-21 19:58:52.913229. Total time taken 0:00:51.067590.
  metric   area      comp       suff
0    mae  0.050  5.752099  25.930500
1    mae  0.075  7.104797  25.010225
2    mae  0.100  7.799085  24.472423
3    mae  0.150  9.183153  23.233656
4    mse  0.050  3.992209  38.376319
5    mse  0.075  5.445122  36.118654
6    mse  0.100  6.270039  34.834288
7    mse  0.150  8.024729  31.884552

Running integrated_gradients from 2024-07-21 19:58:53.192707
Experiment ended at 2024-07-21 20:00:01.273529. Total time taken 0:01:08.080822.
  metric   area       comp       suff
0    mae  0.050   8.264110  25.252993
1    mae  0.075  10.220668  24.234146
2    mae  0.100  11.189746  23.679228
3    mae  0.150  13.166062  22.551193
4    mse  0.050   6.713346  37.131575
5    mse  0.075   9.633048  34.866304
6    mse  0.100  11.212280  33.618937
7    mse  0.150  14.593670  31.000723

Running gradient_shap from 2024-07-21 20:00:01.479674
Experiment ended at 2024-07-21 20:00:40.308359. Total time taken 0:00:38.828685.
  metric   area       comp       suff
0    mae  0.050   7.325692  25.466124
1    mae  0.075   9.072849  24.439123
2    mae  0.100   9.882898  23.860627
3    mae  0.150  11.557565  22.598948
4    mse  0.050   5.891936  37.538290
5    mse  0.075   8.346601  35.213423
6    mse  0.100   9.578160  33.885277
7    mse  0.150  12.185515  30.904988

Running winIT from 2024-07-21 20:00:40.547830
Experiment ended at 2024-07-21 20:02:07.381947. Total time taken 0:01:26.834117.
  metric   area      comp       suff
0    mae  0.050  6.364106  26.454290
1    mae  0.075  6.807366  25.751146
2    mae  0.100  7.064141  25.261657
3    mae  0.150  7.805483  23.964720
4    mse  0.050  4.425643  40.409867
5    mse  0.075  4.839494  38.555584
6    mse  0.100  5.092002  37.271828
7    mse  0.150  5.868402  33.930917

Running wtsr from 2024-07-21 20:02:07.618065
Experiment ended at 2024-07-21 20:02:57.941745. Total time taken 0:00:50.323680.
  metric   area       comp       suff
0    mae  0.050   8.749402  23.754263
1    mae  0.075  10.636082  21.846818
2    mae  0.100  11.525983  20.722452
3    mae  0.150  13.289702  18.324277
4    mse  0.050   7.259786  32.707908
5    mse  0.075   9.829430  28.070701
6    mse  0.100  11.138064  25.509820
7    mse  0.150  13.832226  20.512070

Running tsr from 2024-07-21 20:02:58.205957
Experiment ended at 2024-07-21 20:15:48.014430. Total time taken 0:12:49.808473.
  metric   area       comp       suff
0    mae  0.050   8.763785  23.770151
1    mae  0.075  10.678327  21.857039
2    mae  0.100  11.568732  20.730253
3    mae  0.150  13.349120  18.327583
4    mse  0.050   7.204452  32.806243
5    mse  0.075   9.815864  28.152613
6    mse  0.100  11.130688  25.594628
7    mse  0.150  13.881430  20.571775

Namespace(task_name='long_term_forecast', train=False, dry_run=False, model='MICN', seed=2024, itrs=3, itr_no=None, data='custom', result_path='./results', root_path='./dataset/traffic/', data_path='traffic.csv', flag='test', features='S', target='OT', freq='h', seq_len=96, label_len=12, pred_len=24, seasonal_patterns='Monthly', top_k=5, num_kernels=6, n_features=1, d_model=128, n_heads=4, e_layers=2, d_layers=1, d_ff=256, moving_avg=25, factor=3, distil=True, dropout=0.1, embed='timeF', activation='gelu', output_attention=False, conv_kernel=[18, 12], seg_len=24, num_workers=0, train_epochs=10, batch_size=32, patience=3, learning_rate=0.001, lradj='type1', use_amp=False, use_cpu=False, gpu=0, use_multi_gpu=False, devices='0,1,2,3', p_hidden_dims=[128, 128], p_hidden_layers=2, explainers=['feature_ablation', 'occlusion', 'augmented_occlusion', 'feature_permutation', 'integrated_gradients', 'gradient_shap', 'winIT', 'wtsr', 'tsr'], areas=[0.05, 0.075, 0.1, 0.15], baseline_mode='random', metrics=['mae', 'mse'], overwrite=True, dump_attrs=False, disable_progress=True, use_gpu=True, enc_in=1, dec_in=1, c_out=1)

>>>> itr_no: 1, seed: 648 <<<<<<
Use GPU: cuda:0
Experiments will be saved in ./results/traffic_MICN/1
test 1731
Loading model from ./results/traffic_MICN/1/checkpoint.pth
Running feature_ablation from 2024-07-21 20:16:10.836308
Experiment ended at 2024-07-21 20:19:40.942670. Total time taken 0:03:30.106362.
  metric   area       comp       suff
0    mae  0.050   7.480365  19.022092
1    mae  0.075   9.367889  16.967515
2    mae  0.100  10.318542  15.879094
3    mae  0.150  12.182509  13.751993
4    mse  0.050   4.927348  20.733964
5    mse  0.075   6.961358  16.559717
6    mse  0.100   8.084779  14.541930
7    mse  0.150  10.502784  11.021571

Running occlusion from 2024-07-21 20:19:41.219983
Experiment ended at 2024-07-21 20:23:02.177362. Total time taken 0:03:20.957379.
  metric   area       comp       suff
0    mae  0.050   8.365150  18.216637
1    mae  0.075  10.178517  16.070030
2    mae  0.100  11.132317  14.942324
3    mae  0.150  13.050023  12.715651
4    mse  0.050   5.773346  19.085639
5    mse  0.075   7.855178  14.917489
6    mse  0.100   9.055487  12.951191
7    mse  0.150  11.673609   9.503579

Running augmented_occlusion from 2024-07-21 20:23:02.497737
Experiment ended at 2024-07-21 20:26:28.762291. Total time taken 0:03:26.264554.
  metric   area       comp       suff
0    mae  0.050   6.471182  20.267700
1    mae  0.075   8.062657  18.631326
2    mae  0.100   8.822600  17.772103
3    mae  0.150  10.212208  16.095363
4    mse  0.050   3.881000  23.676490
5    mse  0.075   5.428254  20.138930
6    mse  0.100   6.247212  18.394323
7    mse  0.150   7.854609  15.233356

Running feature_permutation from 2024-07-21 20:26:29.017079
Experiment ended at 2024-07-21 20:29:51.980345. Total time taken 0:03:22.963266.
  metric   area      comp       suff
0    mae  0.050  5.437339  20.818694
1    mae  0.075  6.697337  19.723614
2    mae  0.100  7.288941  19.159249
3    mae  0.150  8.440404  18.020367
4    mse  0.050  2.935337  24.831459
5    mse  0.075  4.045256  22.440362
6    mse  0.100  4.613978  21.272024
7    mse  0.150  5.788466  19.045638

Running integrated_gradients from 2024-07-21 20:29:52.286330
Experiment ended at 2024-07-21 20:33:36.475102. Total time taken 0:03:44.188772.
  metric   area       comp       suff
0    mae  0.050   7.172126  19.602567
1    mae  0.075   8.786212  18.493812
2    mae  0.100   9.591879  17.938974
3    mae  0.150  11.231734  16.866704
4    mse  0.050   4.366137  22.147583
5    mse  0.075   6.086625  20.022095
6    mse  0.100   7.038311  19.053689
7    mse  0.150   9.193706  17.348295

Running gradient_shap from 2024-07-21 20:33:36.715206
Experiment ended at 2024-07-21 20:35:55.073510. Total time taken 0:02:18.358304.
  metric   area       comp       suff
0    mae  0.050   6.422553  19.983560
1    mae  0.075   7.938158  18.796375
2    mae  0.100   8.633027  18.218216
3    mae  0.150  10.034498  17.052671
4    mse  0.050   3.732030  22.880359
5    mse  0.075   5.250125  20.444496
6    mse  0.100   6.018749  19.350698
7    mse  0.150   7.705272  17.304636

Running winIT from 2024-07-21 20:35:55.312642
Experiment ended at 2024-07-21 20:39:51.922869. Total time taken 0:03:56.610227.
  metric   area      comp       suff
0    mae  0.050  5.256345  21.829260
1    mae  0.075  5.705713  21.272901
2    mae  0.100  5.983116  20.900230
3    mae  0.150  6.744630  19.884162
4    mse  0.050  3.468823  27.248054
5    mse  0.075  3.793400  25.966051
6    mse  0.100  3.989324  25.115158
7    mse  0.150  4.534823  22.843441

Running wtsr from 2024-07-21 20:39:52.139678
Experiment ended at 2024-07-21 20:42:46.560520. Total time taken 0:02:54.420842.
  metric   area       comp       suff
0    mae  0.050   8.364605  18.124728
1    mae  0.075  10.163533  16.009466
2    mae  0.100  11.101931  14.883848
3    mae  0.150  12.994454  12.685944
4    mse  0.050   5.731668  18.899215
5    mse  0.075   7.786603  14.812049
6    mse  0.100   8.950134  12.859259
7    mse  0.150  11.525402   9.466590

Running tsr from 2024-07-21 20:42:46.880033
Experiment ended at 2024-07-21 21:07:49.154468. Total time taken 0:25:02.274435.
  metric   area       comp       suff
0    mae  0.050   8.386727  18.171562
1    mae  0.075  10.150267  16.052263
2    mae  0.100  11.066897  14.934740
3    mae  0.150  12.968243  12.723645
4    mse  0.050   5.797319  19.006677
5    mse  0.075   7.817416  14.905383
6    mse  0.100   8.953930  12.957254
7    mse  0.150  11.534134   9.520645


>>>> itr_no: 2, seed: 506 <<<<<<
Use GPU: cuda:0
Experiments will be saved in ./results/traffic_MICN/2
test 1731
Loading model from ./results/traffic_MICN/2/checkpoint.pth
Running feature_ablation from 2024-07-21 21:07:51.864914
Experiment ended at 2024-07-21 21:11:08.046961. Total time taken 0:03:16.182047.
  metric   area       comp       suff
0    mae  0.050   7.696440  18.667008
1    mae  0.075   9.561867  16.624820
2    mae  0.100  10.527879  15.539230
3    mae  0.150  12.382731  13.442610
4    mse  0.050   5.096547  19.995473
5    mse  0.075   7.174167  15.926750
6    mse  0.100   8.372887  13.953038
7    mse  0.150  10.877551  10.531909

Running occlusion from 2024-07-21 21:11:08.373468
Experiment ended at 2024-07-21 21:14:27.105816. Total time taken 0:03:18.732348.
  metric   area       comp       suff
0    mae  0.050   8.406386  17.796012
1    mae  0.075  10.123739  15.717966
2    mae  0.100  11.045604  14.601427
3    mae  0.150  12.904588  12.398371
4    mse  0.050   5.732277  18.292281
5    mse  0.075   7.703329  14.357698
6    mse  0.100   8.846256  12.440049
7    mse  0.150  11.372242   9.088051

Running augmented_occlusion from 2024-07-21 21:14:27.410042
Experiment ended at 2024-07-21 21:17:47.908403. Total time taken 0:03:20.498361.
  metric   area       comp       suff
0    mae  0.050   6.666890  19.814120
1    mae  0.075   8.247795  18.159407
2    mae  0.100   8.999715  17.273307
3    mae  0.150  10.380696  15.596954
4    mse  0.050   4.050742  22.648730
5    mse  0.075   5.609651  19.143123
6    mse  0.100   6.436631  17.390860
7    mse  0.150   8.064860  14.321913

Running feature_permutation from 2024-07-21 21:17:48.185650
Experiment ended at 2024-07-21 21:21:06.694668. Total time taken 0:03:18.509018.
  metric   area      comp       suff
0    mae  0.050  5.679836  20.244539
1    mae  0.075  6.922866  19.150907
2    mae  0.100  7.489360  18.603863
3    mae  0.150  8.590310  17.498942
4    mse  0.050  3.142753  23.655268
5    mse  0.075  4.285943  21.314217
6    mse  0.100  4.837983  20.208769
7    mse  0.150  5.980334  18.099309

Running integrated_gradients from 2024-07-21 21:21:06.952311
Experiment ended at 2024-07-21 21:24:46.777794. Total time taken 0:03:39.825483.
  metric   area       comp       suff
0    mae  0.050   7.416198  19.061376
1    mae  0.075   8.974169  17.959869
2    mae  0.100   9.756188  17.416918
3    mae  0.150  11.356821  16.382401
4    mse  0.050   4.671214  21.105195
5    mse  0.075   6.392885  19.043811
6    mse  0.100   7.338134  18.122776
7    mse  0.150   9.470011  16.505231

Running gradient_shap from 2024-07-21 21:24:47.017826
Experiment ended at 2024-07-21 21:27:03.444495. Total time taken 0:02:16.426669.
  metric   area       comp       suff
0    mae  0.050   6.660119  19.520562
1    mae  0.075   8.138457  18.325685
2    mae  0.100   8.819341  17.744736
3    mae  0.150  10.186327  16.599402
4    mse  0.050   4.029727  21.939960
5    mse  0.075   5.564537  19.554257
6    mse  0.100   6.336228  18.479721
7    mse  0.150   8.017224  16.530762

Running winIT from 2024-07-21 21:27:03.683167
Experiment ended at 2024-07-21 21:30:56.754050. Total time taken 0:03:53.070883.
  metric   area      comp       suff
0    mae  0.050  5.524991  21.515265
1    mae  0.075  5.951403  20.983184
2    mae  0.100  6.196292  20.631287
3    mae  0.150  6.859964  19.683695
4    mse  0.050  3.893181  26.484857
5    mse  0.075  4.207411  25.287433
6    mse  0.100  4.378857  24.508500
7    mse  0.150  4.841396  22.460934

Running wtsr from 2024-07-21 21:30:56.965843
Experiment ended at 2024-07-21 21:33:45.633915. Total time taken 0:02:48.668072.
  metric   area       comp       suff
0    mae  0.050   8.549355  17.839029
1    mae  0.075  10.323431  15.733019
2    mae  0.100  11.250818  14.612795
3    mae  0.150  13.109431  12.426882
4    mse  0.050   5.876227  18.408572
5    mse  0.075   7.955968  14.399591
6    mse  0.100   9.138729  12.469574
7    mse  0.150  11.701063   9.138350

Running tsr from 2024-07-21 21:33:45.935030
Experiment ended at 2024-07-21 21:58:44.034566. Total time taken 0:24:58.099536.
  metric   area       comp       suff
0    mae  0.050   8.539958  17.827633
1    mae  0.075  10.280136  15.730874
2    mae  0.100  11.192915  14.618687
3    mae  0.150  13.063341  12.424394
4    mse  0.050   5.947145  18.421327
5    mse  0.075   7.991028  14.418565
6    mse  0.100   9.157399  12.500892
7    mse  0.150  11.757844   9.140668


>>>> itr_no: 3, seed: 608 <<<<<<
Use GPU: cuda:0
Experiments will be saved in ./results/traffic_MICN/3
test 1731
Loading model from ./results/traffic_MICN/3/checkpoint.pth
Running feature_ablation from 2024-07-21 21:58:46.493373
Experiment ended at 2024-07-21 22:02:02.298085. Total time taken 0:03:15.804712.
  metric   area       comp       suff
0    mae  0.050   7.765631  19.579401
1    mae  0.075   9.766588  17.400452
2    mae  0.100  10.792280  16.251498
3    mae  0.150  12.793905  14.042798
4    mse  0.050   5.226574  21.854336
5    mse  0.075   7.422647  17.323006
6    mse  0.100   8.693122  15.157842
7    mse  0.150  11.387285  11.423099

Running occlusion from 2024-07-21 22:02:02.609383
Experiment ended at 2024-07-21 22:05:21.211444. Total time taken 0:03:18.602061.
  metric   area       comp       suff
0    mae  0.050   8.616803  18.660818
1    mae  0.075  10.531957  16.471127
2    mae  0.100  11.523283  15.308000
3    mae  0.150  13.513026  13.031579
4    mse  0.050   5.938211  19.975074
5    mse  0.075   8.177465  15.639518
6    mse  0.100   9.450246  13.563666
7    mse  0.150  12.243410   9.958113

Running augmented_occlusion from 2024-07-21 22:05:21.481358
Experiment ended at 2024-07-21 22:08:42.104340. Total time taken 0:03:20.622982.
  metric   area       comp       suff
0    mae  0.050   6.574145  20.866585
1    mae  0.075   8.162147  19.171973
2    mae  0.100   8.948394  18.280931
3    mae  0.150  10.385849  16.552753
4    mse  0.050   3.960738  24.975465
5    mse  0.075   5.472902  21.208925
6    mse  0.100   6.320925  19.360219
7    mse  0.150   7.981182  16.044723

Running feature_permutation from 2024-07-21 22:08:42.377444
Experiment ended at 2024-07-21 22:12:00.770693. Total time taken 0:03:18.393249.
  metric   area      comp       suff
0    mae  0.050  5.712002  21.386590
1    mae  0.075  7.036298  20.252616
2    mae  0.100  7.642248  19.682993
3    mae  0.150  8.826633  18.511457
4    mse  0.050  3.113570  26.048726
5    mse  0.075  4.314162  23.508561
6    mse  0.100  4.913643  22.307235
7    mse  0.150  6.167929  19.952519

Running integrated_gradients from 2024-07-21 22:12:01.030646
Experiment ended at 2024-07-21 22:15:40.539335. Total time taken 0:03:39.508689.
  metric   area       comp       suff
0    mae  0.050   7.532713  19.903201
1    mae  0.075   9.226643  18.719203
2    mae  0.100  10.059881  18.134485
3    mae  0.150  11.757999  17.013213
4    mse  0.050   4.718455  22.732058
5    mse  0.075   6.600256  20.439066
6    mse  0.100   7.627377  19.410163
7    mse  0.150   9.961970  17.615806

Running gradient_shap from 2024-07-21 22:15:40.777676
Experiment ended at 2024-07-21 22:17:56.963875. Total time taken 0:02:16.186199.
  metric   area       comp       suff
0    mae  0.050   6.761069  20.452734
1    mae  0.075   8.357152  19.214033
2    mae  0.100   9.082561  18.608048
3    mae  0.150  10.557337  17.368044
4    mse  0.050   4.047703  23.846003
5    mse  0.075   5.710199  21.248339
6    mse  0.100   6.554027  20.074905
7    mse  0.150   8.414371  17.864710

Running winIT from 2024-07-21 22:17:57.201851
Experiment ended at 2024-07-21 22:21:50.382783. Total time taken 0:03:53.180932.
  metric   area      comp       suff
0    mae  0.050  5.433109  22.589370
1    mae  0.075  5.888731  22.043837
2    mae  0.100  6.166186  21.673606
3    mae  0.150  6.916799  20.678984
4    mse  0.050  3.695617  29.188318
5    mse  0.075  4.020657  27.890597
6    mse  0.100  4.215268  27.017035
7    mse  0.150  4.750495  24.732029

Running wtsr from 2024-07-21 22:21:50.595393
Experiment ended at 2024-07-21 22:24:39.472670. Total time taken 0:02:48.877277.
  metric   area       comp       suff
0    mae  0.050   8.535513  18.688720
1    mae  0.075  10.447920  16.466998
2    mae  0.100  11.430313  15.314849
3    mae  0.150  13.414601  13.035212
4    mse  0.050   5.844375  20.061767
5    mse  0.075   8.055171  15.658999
6    mse  0.100   9.317756  13.593601
7    mse  0.150  12.087893   9.971304

Running tsr from 2024-07-21 22:24:39.729392
Experiment ended at 2024-07-21 22:49:41.144362. Total time taken 0:25:01.414970.
  metric   area       comp       suff
0    mae  0.050   8.601412  18.717912
1    mae  0.075  10.514669  16.500643
2    mae  0.100  11.504589  15.334504
3    mae  0.150  13.478956  13.041476
4    mse  0.050   5.921743  20.140828
5    mse  0.075   8.159758  15.726018
6    mse  0.100   9.436625  13.637356
7    mse  0.150  12.213176   9.987079

Namespace(task_name='long_term_forecast', train=False, dry_run=False, model='SegRNN', seed=2024, itrs=3, itr_no=None, data='custom', result_path='./results', root_path='./dataset/traffic/', data_path='traffic.csv', flag='test', features='S', target='OT', freq='h', seq_len=96, label_len=12, pred_len=24, seasonal_patterns='Monthly', top_k=5, num_kernels=6, n_features=1, d_model=128, n_heads=4, e_layers=2, d_layers=1, d_ff=256, moving_avg=25, factor=3, distil=True, dropout=0.1, embed='timeF', activation='gelu', output_attention=False, conv_kernel=[18, 12], seg_len=24, num_workers=0, train_epochs=10, batch_size=32, patience=3, learning_rate=0.001, lradj='type1', use_amp=False, use_cpu=False, gpu=0, use_multi_gpu=False, devices='0,1,2,3', p_hidden_dims=[128, 128], p_hidden_layers=2, explainers=['feature_ablation', 'occlusion', 'augmented_occlusion', 'feature_permutation', 'integrated_gradients', 'gradient_shap', 'winIT', 'wtsr', 'tsr'], areas=[0.05, 0.075, 0.1, 0.15], baseline_mode='random', metrics=['mae', 'mse'], overwrite=True, dump_attrs=False, disable_progress=True, use_gpu=True, enc_in=1, dec_in=1, c_out=1)

>>>> itr_no: 1, seed: 648 <<<<<<
Use GPU: cuda:0
Experiments will be saved in ./results/traffic_SegRNN/1
test 1731
Loading model from ./results/traffic_SegRNN/1/checkpoint.pth
Running feature_ablation from 2024-07-21 22:50:00.884391
Experiment ended at 2024-07-21 22:51:13.103989. Total time taken 0:01:12.219598.
  metric   area       comp       suff
0    mae  0.050  12.510370  20.797426
1    mae  0.075  13.709812  18.616815
2    mae  0.100  14.196326  17.386254
3    mae  0.150  15.113776  14.822775
4    mse  0.050  13.953789  25.684258
5    mse  0.075  15.642183  20.877654
6    mse  0.100  16.330200  18.404272
7    mse  0.150  17.690907  13.785229

Running occlusion from 2024-07-21 22:51:13.368264
Experiment ended at 2024-07-21 22:52:27.612103. Total time taken 0:01:14.243839.
  metric   area       comp       suff
0    mae  0.050  13.860167  19.568723
1    mae  0.075  14.753666  17.237758
2    mae  0.100  15.145476  15.903705
3    mae  0.150  15.964762  13.182158
4    mse  0.050  15.960008  22.653207
5    mse  0.075  17.269078  17.942032
6    mse  0.100  17.849640  15.481922
7    mse  0.150  19.105628  10.985425

Running augmented_occlusion from 2024-07-21 22:52:27.917586
Experiment ended at 2024-07-21 22:53:44.244922. Total time taken 0:01:16.327336.
  metric   area       comp       suff
0    mae  0.050  11.352473  22.045535
1    mae  0.075  12.518277  20.359440
2    mae  0.100  13.004344  19.380809
3    mae  0.150  13.869402  17.232473
4    mse  0.050  12.712178  28.726446
5    mse  0.075  14.175666  24.846200
6    mse  0.100  14.826020  22.724974
7    mse  0.150  16.028431  18.366814

Running feature_permutation from 2024-07-21 22:53:44.508485
Experiment ended at 2024-07-21 22:54:58.605768. Total time taken 0:01:14.097283.
  metric   area       comp       suff
0    mae  0.050   9.167658  22.535588
1    mae  0.075  10.598278  21.169805
2    mae  0.100  11.252468  20.420705
3    mae  0.150  12.399547  18.884885
4    mse  0.050   8.934853  30.324368
5    mse  0.075  10.603700  27.233455
6    mse  0.100  11.454933  25.639369
7    mse  0.150  13.070328  22.525551

Running integrated_gradients from 2024-07-21 22:54:58.857277
Traceback (most recent call last):
  File "/u/mi3se/projects/SA-Timeseries/interpret.py", line 73, in <module>
    main(args)
  File "/u/mi3se/projects/SA-Timeseries/interpret.py", line 42, in main
    interpreter.interpret(dataloader)
  File "/u/mi3se/projects/SA-Timeseries/exp/exp_interpret.py", line 212, in interpret
    results, attrs = self.run_regressor(dataloader, name)
  File "/u/mi3se/projects/SA-Timeseries/exp/exp_interpret.py", line 185, in run_regressor
    batch_results, batch_attr = self.evaluate(
  File "/u/mi3se/projects/SA-Timeseries/exp/exp_interpret.py", line 237, in evaluate
    attr = compute_attr(
  File "/u/mi3se/projects/SA-Timeseries/utils/explainer.py", line 100, in compute_attr
    attr = explainer.attribute(
  File "/u/mi3se/anaconda3/envs/ml/lib/python3.10/site-packages/captum/log/__init__.py", line 42, in wrapper
    return func(*args, **kwargs)
  File "/u/mi3se/anaconda3/envs/ml/lib/python3.10/site-packages/captum/attr/_core/integrated_gradients.py", line 286, in attribute
    attributions = self._attribute(
  File "/u/mi3se/anaconda3/envs/ml/lib/python3.10/site-packages/captum/attr/_core/integrated_gradients.py", line 351, in _attribute
    grads = self.gradient_func(
  File "/u/mi3se/anaconda3/envs/ml/lib/python3.10/site-packages/captum/_utils/gradient.py", line 119, in compute_gradients
    grads = torch.autograd.grad(torch.unbind(outputs), inputs)
  File "/u/mi3se/anaconda3/envs/ml/lib/python3.10/site-packages/torch/autograd/__init__.py", line 412, in grad
    result = _engine_run_backward(
  File "/u/mi3se/anaconda3/envs/ml/lib/python3.10/site-packages/torch/autograd/graph.py", line 744, in _engine_run_backward
    return Variable._execution_engine.run_backward(  # Calls into the C++ engine to run the backward pass
RuntimeError: cudnn RNN backward can only be called in training mode
Namespace(task_name='long_term_forecast', train=False, dry_run=False, model='iTransformer', seed=2024, itrs=3, itr_no=None, data='custom', result_path='./results', root_path='./dataset/traffic/', data_path='traffic.csv', flag='test', features='S', target='OT', freq='h', seq_len=96, label_len=12, pred_len=24, seasonal_patterns='Monthly', top_k=5, num_kernels=6, n_features=1, d_model=128, n_heads=4, e_layers=2, d_layers=1, d_ff=256, moving_avg=25, factor=3, distil=True, dropout=0.1, embed='timeF', activation='gelu', output_attention=False, conv_kernel=[18, 12], seg_len=24, num_workers=0, train_epochs=10, batch_size=32, patience=3, learning_rate=0.001, lradj='type1', use_amp=False, use_cpu=False, gpu=0, use_multi_gpu=False, devices='0,1,2,3', p_hidden_dims=[128, 128], p_hidden_layers=2, explainers=['feature_ablation', 'occlusion', 'augmented_occlusion', 'feature_permutation', 'integrated_gradients', 'gradient_shap', 'winIT', 'wtsr', 'tsr'], areas=[0.05, 0.075, 0.1, 0.15], baseline_mode='random', metrics=['mae', 'mse'], overwrite=True, dump_attrs=False, disable_progress=True, use_gpu=True, enc_in=1, dec_in=1, c_out=1)

>>>> itr_no: 1, seed: 648 <<<<<<
Use GPU: cuda:0
Experiments will be saved in ./results/traffic_iTransformer/1
test 1731
Loading model from ./results/traffic_iTransformer/1/checkpoint.pth
Running feature_ablation from 2024-07-21 22:55:09.906336
Experiment ended at 2024-07-21 22:58:22.931727. Total time taken 0:03:13.025391.
  metric   area       comp       suff
0    mae  0.050   7.287742  25.813311
1    mae  0.075   8.831965  23.718178
2    mae  0.100   9.707508  22.421514
3    mae  0.150  11.336511  19.570565
4    mse  0.050   4.529863  38.332457
5    mse  0.075   6.194910  32.939263
6    mse  0.100   7.228970  29.752718
7    mse  0.150   9.350630  23.204287

Running occlusion from 2024-07-21 22:58:23.188502
Experiment ended at 2024-07-21 23:01:39.157816. Total time taken 0:03:15.969314.
  metric   area       comp       suff
0    mae  0.050   9.770897  24.636050
1    mae  0.075  10.923479  22.082863
2    mae  0.100  11.522467  20.557287
3    mae  0.150  12.755682  17.354547
4    mse  0.050   7.236060  35.087277
5    mse  0.075   8.681251  28.666202
6    mse  0.100   9.478909  25.095270
7    mse  0.150  11.289003  18.334657

Running augmented_occlusion from 2024-07-21 23:01:39.395846
Experiment ended at 2024-07-21 23:04:56.988573. Total time taken 0:03:17.592727.
  metric   area      comp       suff
0    mae  0.050  6.046302  27.081191
1    mae  0.075  7.274035  25.372857
2    mae  0.100  8.022520  24.304511
3    mae  0.150  9.308584  21.919516
4    mse  0.050  3.290403  41.884526
5    mse  0.075  4.390393  37.191307
6    mse  0.100  5.126695  34.377422
7    mse  0.150  6.476833  28.443056

Running feature_permutation from 2024-07-21 23:04:57.224037
Experiment ended at 2024-07-21 23:08:12.520624. Total time taken 0:03:15.296587.
  metric   area      comp       suff
0    mae  0.050  5.295637  26.907634
1    mae  0.075  6.751458  25.354472
2    mae  0.100  7.628714  24.429569
3    mae  0.150  9.253772  22.449983
4    mse  0.050  2.454439  41.225954
5    mse  0.075  3.751888  37.099918
6    mse  0.100  4.643474  34.745857
7    mse  0.150  6.549115  29.925217

Running integrated_gradients from 2024-07-21 23:08:12.758122
Traceback (most recent call last):
  File "/u/mi3se/projects/SA-Timeseries/interpret.py", line 73, in <module>
    main(args)
  File "/u/mi3se/projects/SA-Timeseries/interpret.py", line 42, in main
    interpreter.interpret(dataloader)
  File "/u/mi3se/projects/SA-Timeseries/exp/exp_interpret.py", line 212, in interpret
    results, attrs = self.run_regressor(dataloader, name)
  File "/u/mi3se/projects/SA-Timeseries/exp/exp_interpret.py", line 185, in run_regressor
    batch_results, batch_attr = self.evaluate(
  File "/u/mi3se/projects/SA-Timeseries/exp/exp_interpret.py", line 237, in evaluate
    attr = compute_attr(
  File "/u/mi3se/projects/SA-Timeseries/utils/explainer.py", line 100, in compute_attr
    attr = explainer.attribute(
  File "/u/mi3se/anaconda3/envs/ml/lib/python3.10/site-packages/captum/log/__init__.py", line 42, in wrapper
    return func(*args, **kwargs)
  File "/u/mi3se/anaconda3/envs/ml/lib/python3.10/site-packages/captum/attr/_core/integrated_gradients.py", line 286, in attribute
    attributions = self._attribute(
  File "/u/mi3se/anaconda3/envs/ml/lib/python3.10/site-packages/captum/attr/_core/integrated_gradients.py", line 351, in _attribute
    grads = self.gradient_func(
  File "/u/mi3se/anaconda3/envs/ml/lib/python3.10/site-packages/captum/_utils/gradient.py", line 119, in compute_gradients
    grads = torch.autograd.grad(torch.unbind(outputs), inputs)
  File "/u/mi3se/anaconda3/envs/ml/lib/python3.10/site-packages/torch/autograd/__init__.py", line 412, in grad
    result = _engine_run_backward(
  File "/u/mi3se/anaconda3/envs/ml/lib/python3.10/site-packages/torch/autograd/graph.py", line 744, in _engine_run_backward
    return Variable._execution_engine.run_backward(  # Calls into the C++ engine to run the backward pass
RuntimeError: one of the variables needed for gradient computation has been modified by an inplace operation: [torch.cuda.FloatTensor [1600, 96, 1]], which is output 0 of DivBackward0, is at version 1; expected version 0 instead. Hint: enable anomaly detection to find the operation that failed to compute its gradient, with torch.autograd.set_detect_anomaly(True).
Namespace(task_name='long_term_forecast', train=False, dry_run=False, model='Crossformer', seed=2024, itrs=3, itr_no=None, data='custom', result_path='./results', root_path='./dataset/traffic/', data_path='traffic.csv', flag='test', features='S', target='OT', freq='h', seq_len=96, label_len=12, pred_len=24, seasonal_patterns='Monthly', top_k=5, num_kernels=6, n_features=1, d_model=128, n_heads=4, e_layers=2, d_layers=1, d_ff=256, moving_avg=25, factor=3, distil=True, dropout=0.1, embed='timeF', activation='gelu', output_attention=False, conv_kernel=[18, 12], seg_len=24, num_workers=0, train_epochs=10, batch_size=32, patience=3, learning_rate=0.001, lradj='type1', use_amp=False, use_cpu=False, gpu=0, use_multi_gpu=False, devices='0,1,2,3', p_hidden_dims=[128, 128], p_hidden_layers=2, explainers=['feature_ablation', 'occlusion', 'augmented_occlusion', 'feature_permutation', 'integrated_gradients', 'gradient_shap', 'winIT', 'wtsr', 'tsr'], areas=[0.05, 0.075, 0.1, 0.15], baseline_mode='random', metrics=['mae', 'mse'], overwrite=True, dump_attrs=False, disable_progress=True, use_gpu=True, enc_in=1, dec_in=1, c_out=1)

>>>> itr_no: 1, seed: 648 <<<<<<
Use GPU: cuda:0
Experiments will be saved in ./results/traffic_Crossformer/1
test 1731
Loading model from ./results/traffic_Crossformer/1/checkpoint.pth
Running feature_ablation from 2024-07-21 23:08:23.402211
Experiment ended at 2024-07-21 23:25:01.127499. Total time taken 0:16:37.725288.
  metric   area      comp       suff
0    mae  0.050  5.703257  22.643753
1    mae  0.075  7.040850  20.230084
2    mae  0.100  7.684721  18.840252
3    mae  0.150  8.894744  15.974092
4    mse  0.050  2.916987  29.995270
5    mse  0.075  4.025078  24.505261
6    mse  0.100  4.624389  21.566870
7    mse  0.150  5.874179  16.039254

Running occlusion from 2024-07-21 23:25:01.382384
Experiment ended at 2024-07-21 23:41:45.152971. Total time taken 0:16:43.770587.
  metric   area      comp       suff
0    mae  0.050  6.707896  21.760975
1    mae  0.075  7.885878  19.021565
2    mae  0.100  8.438510  17.493018
3    mae  0.150  9.562918  14.423920
4    mse  0.050  3.673374  28.323691
5    mse  0.075  4.731837  22.322657
6    mse  0.100  5.278756  19.230534
7    mse  0.150  6.532689  13.593118

Running augmented_occlusion from 2024-07-21 23:41:45.417415
Experiment ended at 2024-07-21 23:58:34.471052. Total time taken 0:16:49.053637.
  metric   area      comp       suff
0    mae  0.050  4.705578  24.189148
1    mae  0.075  5.801787  22.368027
2    mae  0.100  6.335335  21.230336
3    mae  0.150  7.362242  18.695708
4    mse  0.050  2.119435  34.217786
5    mse  0.075  2.886312  29.753528
6    mse  0.100  3.300380  27.110360
7    mse  0.150  4.187610  21.599768

Running feature_permutation from 2024-07-21 23:58:34.730214
Experiment ended at 2024-07-22 00:15:17.127669. Total time taken 0:16:42.397455.
  metric   area      comp       suff
0    mae  0.050  4.552100  23.834442
1    mae  0.075  5.785909  22.009227
2    mae  0.100  6.368629  20.946589
3    mae  0.150  7.518506  18.655653
4    mse  0.050  1.908839  33.000144
5    mse  0.075  2.783025  28.584494
6    mse  0.100  3.249419  26.131965
7    mse  0.150  4.288011  21.166154

Running integrated_gradients from 2024-07-22 00:15:17.376959
Experiment ended at 2024-07-22 00:26:56.871746. Total time taken 0:11:39.494787.
  metric   area       comp       suff
0    mae  0.050   6.132001  21.334345
1    mae  0.075   8.055505  19.281608
2    mae  0.100   9.006648  18.274604
3    mae  0.150  10.764859  16.516120
4    mse  0.050   3.144941  27.065598
5    mse  0.075   4.981176  22.756064
6    mse  0.100   6.051682  20.761647
7    mse  0.150   8.349283  17.493736

Running gradient_shap from 2024-07-22 00:26:57.116809
Experiment ended at 2024-07-22 00:38:00.828956. Total time taken 0:11:03.712147.
  metric   area      comp       suff
0    mae  0.050  5.226718  22.156536
1    mae  0.075  6.933763  20.016745
2    mae  0.100  7.772146  18.920179
3    mae  0.150  9.299168  16.851050
4    mse  0.050  2.453541  28.685572
5    mse  0.075  3.920121  23.958459
6    mse  0.100  4.758782  21.690971
7    mse  0.150  6.528314  17.687761

Running winIT from 2024-07-22 00:38:01.067258
Experiment ended at 2024-07-22 00:55:19.287944. Total time taken 0:17:18.220686.
  metric   area      comp       suff
0    mae  0.050  3.819269  24.959671
1    mae  0.075  4.478956  23.536916
2    mae  0.100  4.863808  22.614427
3    mae  0.150  5.749778  20.444382
4    mse  0.050  1.499299  35.987827
5    mse  0.075  1.855046  32.465117
6    mse  0.100  2.086176  30.272961
7    mse  0.150  2.695548  25.363776

Running wtsr from 2024-07-22 00:55:19.535021
Experiment ended at 2024-07-22 01:09:00.787472. Total time taken 0:13:41.252451.
  metric   area      comp       suff
0    mae  0.050  6.666400  21.726404
1    mae  0.075  7.837902  18.998267
2    mae  0.100  8.397021  17.466037
3    mae  0.150  9.555643  14.387431
4    mse  0.050  3.620521  28.223917
5    mse  0.075  4.689147  22.258001
6    mse  0.100  5.236009  19.172948
7    mse  0.150  6.511396  13.542107

Running tsr from 2024-07-22 01:09:01.048846
Experiment ended at 2024-07-22 02:44:39.464217. Total time taken 1:35:38.415371.
  metric   area      comp       suff
0    mae  0.050  6.757308  21.756994
1    mae  0.075  7.932314  19.042048
2    mae  0.100  8.482909  17.510848
3    mae  0.150  9.607731  14.447324
4    mse  0.050  3.702549  28.315492
5    mse  0.075  4.771675  22.364098
6    mse  0.100  5.328768  19.269388
7    mse  0.150  6.583830  13.616843


>>>> itr_no: 2, seed: 506 <<<<<<
Use GPU: cuda:0
Experiments will be saved in ./results/traffic_Crossformer/2
test 1731
Loading model from ./results/traffic_Crossformer/2/checkpoint.pth
Running feature_ablation from 2024-07-22 02:44:43.370585
Experiment ended at 2024-07-22 03:01:27.268427. Total time taken 0:16:43.897842.
  metric   area      comp       suff
0    mae  0.050  5.287190  21.539962
1    mae  0.075  6.209433  18.946641
2    mae  0.100  6.665927  17.504982
3    mae  0.150  7.576858  14.598475
4    mse  0.050  2.517658  27.669805
5    mse  0.075  3.235018  22.028923
6    mse  0.100  3.622120  19.085277
7    mse  0.150  4.470043  13.671865

Running occlusion from 2024-07-22 03:01:27.573050
Experiment ended at 2024-07-22 03:18:13.284449. Total time taken 0:16:45.711399.
  metric   area      comp       suff
0    mae  0.050  6.184616  19.957696
1    mae  0.075  7.000805  17.114863
2    mae  0.100  7.413129  15.575848
3    mae  0.150  8.202954  12.619121
4    mse  0.050  3.129506  24.288510
5    mse  0.075  3.831025  18.478707
6    mse  0.100  4.217717  15.591251
7    mse  0.150  5.028424  10.606991

Running augmented_occlusion from 2024-07-22 03:18:13.540619
Experiment ended at 2024-07-22 03:35:01.232419. Total time taken 0:16:47.691800.
  metric   area      comp       suff
0    mae  0.050  4.299597  23.161598
1    mae  0.075  5.110169  21.227087
2    mae  0.100  5.478635  20.033170
3    mae  0.150  6.197199  17.403159
4    mse  0.050  1.737963  31.666267
5    mse  0.075  2.248628  27.156547
6    mse  0.100  2.509719  24.511911
7    mse  0.150  3.069977  19.076391

Running feature_permutation from 2024-07-22 03:35:01.487549
Experiment ended at 2024-07-22 03:51:45.504498. Total time taken 0:16:44.016949.
  metric   area      comp       suff
0    mae  0.050  4.062372  22.882636
1    mae  0.075  5.021929  20.963908
2    mae  0.100  5.482587  19.873997
3    mae  0.150  6.371907  17.516385
4    mse  0.050  1.584448  31.136046
5    mse  0.075  2.200269  26.617891
6    mse  0.100  2.531485  24.181202
7    mse  0.150  3.247441  19.214130

Running integrated_gradients from 2024-07-22 03:51:45.797847
Experiment ended at 2024-07-22 04:03:25.364582. Total time taken 0:11:39.566735.
  metric   area      comp       suff
0    mae  0.050  5.675232  19.918448
1    mae  0.075  7.292591  18.011794
2    mae  0.100  8.082617  17.138093
3    mae  0.150  9.622281  15.669440
4    mse  0.050  2.860353  24.427147
5    mse  0.075  4.338667  20.520688
6    mse  0.100  5.167719  18.823578
7    mse  0.150  7.031948  16.110151

Running gradient_shap from 2024-07-22 04:03:25.604412
Experiment ended at 2024-07-22 04:14:27.982875. Total time taken 0:11:02.378463.
  metric   area      comp       suff
0    mae  0.050  4.729470  20.783765
1    mae  0.075  6.131821  18.600395
2    mae  0.100  6.808076  17.506938
3    mae  0.150  8.068673  15.501329
4    mse  0.050  2.157769  26.059173
5    mse  0.075  3.278622  21.430348
6    mse  0.100  3.909370  19.224137
7    mse  0.150  5.227796  15.403599

Running winIT from 2024-07-22 04:14:28.221779
Experiment ended at 2024-07-22 04:31:50.903716. Total time taken 0:17:22.681937.
  metric   area      comp       suff
0    mae  0.050  3.756305  23.181942
1    mae  0.075  4.289683  21.555498
2    mae  0.100  4.605352  20.525176
3    mae  0.150  5.322821  18.195215
4    mse  0.050  1.498680  31.683022
5    mse  0.075  1.770444  27.845130
6    mse  0.100  1.955801  25.528634
7    mse  0.150  2.430373  20.612378

Running wtsr from 2024-07-22 04:31:51.141180
Experiment ended at 2024-07-22 04:45:36.198591. Total time taken 0:13:45.057411.
  metric   area      comp       suff
0    mae  0.050  6.222640  20.244191
1    mae  0.075  7.047026  17.337427
2    mae  0.100  7.452163  15.765434
3    mae  0.150  8.294197  12.763222
4    mse  0.050  3.163587  24.921380
5    mse  0.075  3.885192  18.928508
6    mse  0.100  4.268521  15.935043
7    mse  0.150  5.142536  10.819332

Running tsr from 2024-07-22 04:45:36.475633
Experiment ended at 2024-07-22 06:21:16.448299. Total time taken 1:35:39.972666.
  metric   area      comp       suff
0    mae  0.050  6.308357  20.190409
1    mae  0.075  7.130158  17.313406
2    mae  0.100  7.524092  15.741741
3    mae  0.150  8.353416  12.757672
4    mse  0.050  3.253013  24.878374
5    mse  0.075  3.969827  18.940905
6    mse  0.100  4.340636  15.936301
7    mse  0.150  5.193530  10.848658


>>>> itr_no: 3, seed: 608 <<<<<<
Use GPU: cuda:0
Experiments will be saved in ./results/traffic_Crossformer/3
test 1731
Loading model from ./results/traffic_Crossformer/3/checkpoint.pth
Running feature_ablation from 2024-07-22 06:21:19.854060
Experiment ended at 2024-07-22 06:38:01.171057. Total time taken 0:16:41.316997.
  metric   area      comp       suff
0    mae  0.050  5.528881  22.965372
1    mae  0.075  6.676386  20.553514
2    mae  0.100  7.249317  19.123094
3    mae  0.150  8.398348  16.089072
4    mse  0.050  2.667361  31.678335
5    mse  0.075  3.589957  26.078631
6    mse  0.100  4.114051  22.951681
7    mse  0.150  5.302815  16.855772

Running occlusion from 2024-07-22 06:38:01.549380
Experiment ended at 2024-07-22 06:54:44.511241. Total time taken 0:16:42.961861.
  metric   area      comp       suff
0    mae  0.050  6.899674  21.747897
1    mae  0.075  7.852686  18.950013
2    mae  0.100  8.322313  17.369327
3    mae  0.150  9.239010  14.219909
4    mse  0.050  3.773029  28.723524
5    mse  0.075  4.667782  22.545190
6    mse  0.100  5.149058  19.332536
7    mse  0.150  6.184060  13.546273

Running augmented_occlusion from 2024-07-22 06:54:44.790665
Experiment ended at 2024-07-22 07:11:32.030054. Total time taken 0:16:47.239389.
  metric   area      comp       suff
0    mae  0.050  4.745799  24.276493
1    mae  0.075  5.730902  22.427212
2    mae  0.100  6.186817  21.297478
3    mae  0.150  7.031522  18.732026
4    mse  0.050  2.109181  35.129838
5    mse  0.075  2.796570  30.580172
6    mse  0.100  3.144467  27.926384
7    mse  0.150  3.871029  22.264460

Running feature_permutation from 2024-07-22 07:11:32.280121
Experiment ended at 2024-07-22 07:28:19.233544. Total time taken 0:16:46.953423.
  metric   area      comp       suff
0    mae  0.050  4.668846  24.125799
1    mae  0.075  5.840882  22.210365
2    mae  0.100  6.417710  21.067927
3    mae  0.150  7.499419  18.613044
4    mse  0.050  1.950124  34.436163
5    mse  0.075  2.778378  29.679870
6    mse  0.100  3.244446  27.009673
7    mse  0.150  4.242857  21.605012

Running integrated_gradients from 2024-07-22 07:28:19.513381
Experiment ended at 2024-07-22 07:39:59.652337. Total time taken 0:11:40.138956.
  metric   area       comp       suff
0    mae  0.050   6.257737  21.617474
1    mae  0.075   8.071368  19.539285
2    mae  0.100   8.973442  18.540534
3    mae  0.150  10.671600  16.801895
4    mse  0.050   3.198116  28.471667
5    mse  0.075   4.918485  24.023364
6    mse  0.100   5.930222  21.990993
7    mse  0.150   8.169925  18.628474

Running gradient_shap from 2024-07-22 07:39:59.893870
Experiment ended at 2024-07-22 07:51:03.778135. Total time taken 0:11:03.884265.
  metric   area      comp       suff
0    mae  0.050  5.063761  22.650488
1    mae  0.075  6.657278  20.519927
2    mae  0.100  7.463698  19.332735
3    mae  0.150  9.009244  17.058659
4    mse  0.050  2.300102  30.539173
5    mse  0.075  3.600532  25.676462
6    mse  0.100  4.372612  23.142240
7    mse  0.150  6.096523  18.597194

Running winIT from 2024-07-22 07:51:04.031050
Experiment ended at 2024-07-22 08:08:27.185132. Total time taken 0:17:23.154082.
  metric   area      comp       suff
0    mae  0.050  3.860162  24.499671
1    mae  0.075  4.483350  22.861377
2    mae  0.100  4.851053  21.839590
3    mae  0.150  5.690680  19.512451
4    mse  0.050  1.470839  35.366622
5    mse  0.075  1.797652  31.244768
6    mse  0.100  2.013576  28.787165
7    mse  0.150  2.594740  23.545893

Running wtsr from 2024-07-22 08:08:27.461357
Experiment ended at 2024-07-22 08:22:14.213109. Total time taken 0:13:46.751752.
  metric   area      comp       suff
0    mae  0.050  6.888314  21.757087
1    mae  0.075  7.866617  18.970355
2    mae  0.100  8.307284  17.382439
3    mae  0.150  9.186570  14.198728
4    mse  0.050  3.753782  28.839382
5    mse  0.075  4.666917  22.690062
6    mse  0.100  5.125235  19.452639
7    mse  0.150  6.109556  13.575247

Running tsr from 2024-07-22 08:22:14.520604
Experiment ended at 2024-07-22 09:58:10.529997. Total time taken 1:35:56.009393.
  metric   area      comp       suff
0    mae  0.050  6.760383  21.591464
1    mae  0.075  7.719625  18.844889
2    mae  0.100  8.174236  17.310692
3    mae  0.150  9.083694  14.189714
4    mse  0.050  3.613491  28.509201
5    mse  0.075  4.502853  22.466498
6    mse  0.100  4.968112  19.337667
7    mse  0.150  5.976062  13.577845

