Namespace(task_name='long_term_forecast', train=False, dry_run=False, model='DLinear', seed=2024, itrs=3, itr_no=None, data='custom', result_path='./results', root_path='./dataset/traffic/', data_path='traffic.csv', flag='test', features='S', target='OT', freq='h', seq_len=96, label_len=12, pred_len=24, seasonal_patterns='Monthly', top_k=5, num_kernels=6, n_features=1, d_model=128, n_heads=4, e_layers=2, d_layers=1, d_ff=256, moving_avg=25, factor=3, distil=True, dropout=0.1, embed='timeF', activation='gelu', output_attention=False, conv_kernel=[18, 12], seg_len=24, num_workers=0, train_epochs=10, batch_size=32, patience=3, learning_rate=0.001, lradj='type1', use_amp=False, use_cpu=False, gpu=0, use_multi_gpu=False, devices='0,1,2,3', p_hidden_dims=[128, 128], p_hidden_layers=2, explainers=['feature_ablation', 'occlusion', 'augmented_occlusion', 'feature_permutation', 'integrated_gradients', 'gradient_shap', 'winIT', 'wtsr', 'tsr'], areas=[0.05, 0.075, 0.1, 0.15], baseline_mode='random', metrics=['mae', 'mse'], overwrite=False, dump_attrs=False, disable_progress=True, use_gpu=True, enc_in=1, dec_in=1, c_out=1)

>>>> itr_no: 1, seed: 648 <<<<<<
Use GPU: cuda:0
Experiments will be saved in ./results/traffic_DLinear/1
test 1731
Loading model from ./results/traffic_DLinear/1/checkpoint.pth
./results/traffic_DLinear/1/feature_ablation.csv exists. Skipping ...
./results/traffic_DLinear/1/occlusion.csv exists. Skipping ...
./results/traffic_DLinear/1/augmented_occlusion.csv exists. Skipping ...
./results/traffic_DLinear/1/feature_permutation.csv exists. Skipping ...
./results/traffic_DLinear/1/integrated_gradients.csv exists. Skipping ...
./results/traffic_DLinear/1/gradient_shap.csv exists. Skipping ...
./results/traffic_DLinear/1/winIT.csv exists. Skipping ...
./results/traffic_DLinear/1/wtsr.csv exists. Skipping ...
./results/traffic_DLinear/1/tsr.csv exists. Skipping ...

>>>> itr_no: 2, seed: 506 <<<<<<
Use GPU: cuda:0
Experiments will be saved in ./results/traffic_DLinear/2
test 1731
Loading model from ./results/traffic_DLinear/2/checkpoint.pth
./results/traffic_DLinear/2/feature_ablation.csv exists. Skipping ...
./results/traffic_DLinear/2/occlusion.csv exists. Skipping ...
./results/traffic_DLinear/2/augmented_occlusion.csv exists. Skipping ...
./results/traffic_DLinear/2/feature_permutation.csv exists. Skipping ...
./results/traffic_DLinear/2/integrated_gradients.csv exists. Skipping ...
./results/traffic_DLinear/2/gradient_shap.csv exists. Skipping ...
./results/traffic_DLinear/2/winIT.csv exists. Skipping ...
./results/traffic_DLinear/2/wtsr.csv exists. Skipping ...
./results/traffic_DLinear/2/tsr.csv exists. Skipping ...

>>>> itr_no: 3, seed: 608 <<<<<<
Use GPU: cuda:0
Experiments will be saved in ./results/traffic_DLinear/3
test 1731
Loading model from ./results/traffic_DLinear/3/checkpoint.pth
./results/traffic_DLinear/3/feature_ablation.csv exists. Skipping ...
./results/traffic_DLinear/3/occlusion.csv exists. Skipping ...
./results/traffic_DLinear/3/augmented_occlusion.csv exists. Skipping ...
./results/traffic_DLinear/3/feature_permutation.csv exists. Skipping ...
./results/traffic_DLinear/3/integrated_gradients.csv exists. Skipping ...
./results/traffic_DLinear/3/gradient_shap.csv exists. Skipping ...
./results/traffic_DLinear/3/winIT.csv exists. Skipping ...
./results/traffic_DLinear/3/wtsr.csv exists. Skipping ...
./results/traffic_DLinear/3/tsr.csv exists. Skipping ...
Namespace(task_name='long_term_forecast', train=False, dry_run=False, model='MICN', seed=2024, itrs=3, itr_no=None, data='custom', result_path='./results', root_path='./dataset/traffic/', data_path='traffic.csv', flag='test', features='S', target='OT', freq='h', seq_len=96, label_len=12, pred_len=24, seasonal_patterns='Monthly', top_k=5, num_kernels=6, n_features=1, d_model=128, n_heads=4, e_layers=2, d_layers=1, d_ff=256, moving_avg=25, factor=3, distil=True, dropout=0.1, embed='timeF', activation='gelu', output_attention=False, conv_kernel=[18, 12], seg_len=24, num_workers=0, train_epochs=10, batch_size=32, patience=3, learning_rate=0.001, lradj='type1', use_amp=False, use_cpu=False, gpu=0, use_multi_gpu=False, devices='0,1,2,3', p_hidden_dims=[128, 128], p_hidden_layers=2, explainers=['feature_ablation', 'occlusion', 'augmented_occlusion', 'feature_permutation', 'integrated_gradients', 'gradient_shap', 'winIT', 'wtsr', 'tsr'], areas=[0.05, 0.075, 0.1, 0.15], baseline_mode='random', metrics=['mae', 'mse'], overwrite=False, dump_attrs=False, disable_progress=True, use_gpu=True, enc_in=1, dec_in=1, c_out=1)

>>>> itr_no: 1, seed: 648 <<<<<<
Use GPU: cuda:0
Experiments will be saved in ./results/traffic_MICN/1
test 1731
Loading model from ./results/traffic_MICN/1/checkpoint.pth
./results/traffic_MICN/1/feature_ablation.csv exists. Skipping ...
./results/traffic_MICN/1/occlusion.csv exists. Skipping ...
./results/traffic_MICN/1/augmented_occlusion.csv exists. Skipping ...
./results/traffic_MICN/1/feature_permutation.csv exists. Skipping ...
./results/traffic_MICN/1/integrated_gradients.csv exists. Skipping ...
./results/traffic_MICN/1/gradient_shap.csv exists. Skipping ...
./results/traffic_MICN/1/winIT.csv exists. Skipping ...
./results/traffic_MICN/1/wtsr.csv exists. Skipping ...
./results/traffic_MICN/1/tsr.csv exists. Skipping ...

>>>> itr_no: 2, seed: 506 <<<<<<
Use GPU: cuda:0
Experiments will be saved in ./results/traffic_MICN/2
test 1731
Loading model from ./results/traffic_MICN/2/checkpoint.pth
./results/traffic_MICN/2/feature_ablation.csv exists. Skipping ...
./results/traffic_MICN/2/occlusion.csv exists. Skipping ...
./results/traffic_MICN/2/augmented_occlusion.csv exists. Skipping ...
./results/traffic_MICN/2/feature_permutation.csv exists. Skipping ...
./results/traffic_MICN/2/integrated_gradients.csv exists. Skipping ...
./results/traffic_MICN/2/gradient_shap.csv exists. Skipping ...
./results/traffic_MICN/2/winIT.csv exists. Skipping ...
./results/traffic_MICN/2/wtsr.csv exists. Skipping ...
./results/traffic_MICN/2/tsr.csv exists. Skipping ...

>>>> itr_no: 3, seed: 608 <<<<<<
Use GPU: cuda:0
Experiments will be saved in ./results/traffic_MICN/3
test 1731
Loading model from ./results/traffic_MICN/3/checkpoint.pth
./results/traffic_MICN/3/feature_ablation.csv exists. Skipping ...
./results/traffic_MICN/3/occlusion.csv exists. Skipping ...
./results/traffic_MICN/3/augmented_occlusion.csv exists. Skipping ...
./results/traffic_MICN/3/feature_permutation.csv exists. Skipping ...
./results/traffic_MICN/3/integrated_gradients.csv exists. Skipping ...
./results/traffic_MICN/3/gradient_shap.csv exists. Skipping ...
./results/traffic_MICN/3/winIT.csv exists. Skipping ...
./results/traffic_MICN/3/wtsr.csv exists. Skipping ...
./results/traffic_MICN/3/tsr.csv exists. Skipping ...
Namespace(task_name='long_term_forecast', train=False, dry_run=False, model='SegRNN', seed=2024, itrs=3, itr_no=None, data='custom', result_path='./results', root_path='./dataset/traffic/', data_path='traffic.csv', flag='test', features='S', target='OT', freq='h', seq_len=96, label_len=12, pred_len=24, seasonal_patterns='Monthly', top_k=5, num_kernels=6, n_features=1, d_model=128, n_heads=4, e_layers=2, d_layers=1, d_ff=256, moving_avg=25, factor=3, distil=True, dropout=0.1, embed='timeF', activation='gelu', output_attention=False, conv_kernel=[18, 12], seg_len=24, num_workers=0, train_epochs=10, batch_size=32, patience=3, learning_rate=0.001, lradj='type1', use_amp=False, use_cpu=False, gpu=0, use_multi_gpu=False, devices='0,1,2,3', p_hidden_dims=[128, 128], p_hidden_layers=2, explainers=['feature_ablation', 'occlusion', 'augmented_occlusion', 'feature_permutation', 'integrated_gradients', 'gradient_shap', 'winIT', 'wtsr', 'tsr'], areas=[0.05, 0.075, 0.1, 0.15], baseline_mode='random', metrics=['mae', 'mse'], overwrite=False, dump_attrs=False, disable_progress=True, use_gpu=True, enc_in=1, dec_in=1, c_out=1)

>>>> itr_no: 1, seed: 648 <<<<<<
Use GPU: cuda:0
Experiments will be saved in ./results/traffic_SegRNN/1
test 1731
Loading model from ./results/traffic_SegRNN/1/checkpoint.pth
./results/traffic_SegRNN/1/feature_ablation.csv exists. Skipping ...
./results/traffic_SegRNN/1/occlusion.csv exists. Skipping ...
./results/traffic_SegRNN/1/augmented_occlusion.csv exists. Skipping ...
./results/traffic_SegRNN/1/feature_permutation.csv exists. Skipping ...
Running integrated_gradients from 2024-07-23 00:13:26.924034
Experiment ended at 2024-07-23 00:15:00.899221. Total time taken 0:01:33.975187.
  metric   area       comp       suff
0    mae  0.050   8.792610  22.861171
1    mae  0.075  10.752379  21.519413
2    mae  0.100  11.635599  20.822469
3    mae  0.150  13.285191  19.595962
4    mse  0.050   7.059446  31.794609
5    mse  0.075   9.430737  28.873357
6    mse  0.100  10.577144  27.442831
7    mse  0.150  12.982267  25.074943

Running gradient_shap from 2024-07-23 00:15:01.074565
Experiment ended at 2024-07-23 00:15:58.896280. Total time taken 0:00:57.821715.
  metric   area       comp       suff
0    mae  0.050   6.978007  23.793066
1    mae  0.075   9.043696  22.399609
2    mae  0.100   9.944993  21.609467
3    mae  0.150  11.584256  20.112884
4    mse  0.050   4.743019  33.818859
5    mse  0.075   7.187818  30.602905
6    mse  0.100   8.323124  28.846097
7    mse  0.150  10.558975  25.744848

./results/traffic_SegRNN/1/winIT.csv exists. Skipping ...
./results/traffic_SegRNN/1/wtsr.csv exists. Skipping ...
./results/traffic_SegRNN/1/tsr.csv exists. Skipping ...

>>>> itr_no: 2, seed: 506 <<<<<<
Use GPU: cuda:0
Experiments will be saved in ./results/traffic_SegRNN/2
test 1731
Loading model from ./results/traffic_SegRNN/2/checkpoint.pth
./results/traffic_SegRNN/2/feature_ablation.csv exists. Skipping ...
./results/traffic_SegRNN/2/occlusion.csv exists. Skipping ...
./results/traffic_SegRNN/2/augmented_occlusion.csv exists. Skipping ...
./results/traffic_SegRNN/2/feature_permutation.csv exists. Skipping ...
Running integrated_gradients from 2024-07-23 00:16:00.808743
Experiment ended at 2024-07-23 00:17:29.605858. Total time taken 0:01:28.797115.
  metric   area       comp       suff
0    mae  0.050   8.197276  23.208960
1    mae  0.075  10.145123  21.820898
2    mae  0.100  11.061970  21.131736
3    mae  0.150  12.797334  19.838254
4    mse  0.050   6.075358  32.853676
5    mse  0.075   8.436161  29.781444
6    mse  0.100   9.643480  28.349379
7    mse  0.150  12.271757  25.800355

Running gradient_shap from 2024-07-23 00:17:29.855183
Experiment ended at 2024-07-23 00:18:27.241880. Total time taken 0:00:57.386697.
  metric   area       comp       suff
0    mae  0.050   6.952933  23.577198
1    mae  0.075   8.887667  22.174791
2    mae  0.100   9.746876  21.419775
3    mae  0.150  11.323159  19.900302
4    mse  0.050   4.845356  33.349725
5    mse  0.075   7.108583  30.100332
6    mse  0.100   8.191756  28.447787
7    mse  0.150  10.394201  25.304251

./results/traffic_SegRNN/2/winIT.csv exists. Skipping ...
./results/traffic_SegRNN/2/wtsr.csv exists. Skipping ...
./results/traffic_SegRNN/2/tsr.csv exists. Skipping ...

>>>> itr_no: 3, seed: 608 <<<<<<
Use GPU: cuda:0
Experiments will be saved in ./results/traffic_SegRNN/3
test 1731
Loading model from ./results/traffic_SegRNN/3/checkpoint.pth
./results/traffic_SegRNN/3/feature_ablation.csv exists. Skipping ...
./results/traffic_SegRNN/3/occlusion.csv exists. Skipping ...
./results/traffic_SegRNN/3/augmented_occlusion.csv exists. Skipping ...
./results/traffic_SegRNN/3/feature_permutation.csv exists. Skipping ...
Running integrated_gradients from 2024-07-23 00:18:29.233161
Experiment ended at 2024-07-23 00:19:58.209881. Total time taken 0:01:28.976720.
  metric   area       comp       suff
0    mae  0.050   8.022863  23.034743
1    mae  0.075  10.267394  21.606595
2    mae  0.100  11.278161  20.895705
3    mae  0.150  13.057740  19.600447
4    mse  0.050   5.524031  31.986936
5    mse  0.075   8.182380  28.922140
6    mse  0.100   9.540954  27.505357
7    mse  0.150  12.230992  25.085153

Running gradient_shap from 2024-07-23 00:19:58.432462
Experiment ended at 2024-07-23 00:20:55.857422. Total time taken 0:00:57.424960.
  metric   area       comp       suff
0    mae  0.050   6.614920  23.777692
1    mae  0.075   8.751756  22.407422
2    mae  0.100   9.703006  21.664058
3    mae  0.150  11.393236  20.167147
4    mse  0.050   4.103833  33.797945
5    mse  0.075   6.503263  30.640118
6    mse  0.100   7.680569  29.033663
7    mse  0.150   9.986048  25.984265

./results/traffic_SegRNN/3/winIT.csv exists. Skipping ...
./results/traffic_SegRNN/3/wtsr.csv exists. Skipping ...
./results/traffic_SegRNN/3/tsr.csv exists. Skipping ...
Namespace(task_name='long_term_forecast', train=False, dry_run=False, model='iTransformer', seed=2024, itrs=3, itr_no=None, data='custom', result_path='./results', root_path='./dataset/traffic/', data_path='traffic.csv', flag='test', features='S', target='OT', freq='h', seq_len=96, label_len=12, pred_len=24, seasonal_patterns='Monthly', top_k=5, num_kernels=6, n_features=1, d_model=128, n_heads=4, e_layers=2, d_layers=1, d_ff=256, moving_avg=25, factor=3, distil=True, dropout=0.1, embed='timeF', activation='gelu', output_attention=False, conv_kernel=[18, 12], seg_len=24, num_workers=0, train_epochs=10, batch_size=32, patience=3, learning_rate=0.001, lradj='type1', use_amp=False, use_cpu=False, gpu=0, use_multi_gpu=False, devices='0,1,2,3', p_hidden_dims=[128, 128], p_hidden_layers=2, explainers=['feature_ablation', 'occlusion', 'augmented_occlusion', 'feature_permutation', 'integrated_gradients', 'gradient_shap', 'winIT', 'wtsr', 'tsr'], areas=[0.05, 0.075, 0.1, 0.15], baseline_mode='random', metrics=['mae', 'mse'], overwrite=False, dump_attrs=False, disable_progress=True, use_gpu=True, enc_in=1, dec_in=1, c_out=1)

>>>> itr_no: 1, seed: 648 <<<<<<
Use GPU: cuda:0
Experiments will be saved in ./results/traffic_iTransformer/1
test 1731
Loading model from ./results/traffic_iTransformer/1/checkpoint.pth
./results/traffic_iTransformer/1/feature_ablation.csv exists. Skipping ...
./results/traffic_iTransformer/1/occlusion.csv exists. Skipping ...
./results/traffic_iTransformer/1/augmented_occlusion.csv exists. Skipping ...
./results/traffic_iTransformer/1/feature_permutation.csv exists. Skipping ...
Running integrated_gradients from 2024-07-23 00:21:08.335938
Experiment ended at 2024-07-23 00:23:36.584148. Total time taken 0:02:28.248210.
  metric   area       comp       suff
0    mae  0.050   5.671634  26.272873
1    mae  0.075   7.498988  24.766136
2    mae  0.100   8.607376  23.901985
3    mae  0.150  10.857468  22.318871
4    mse  0.050   2.900928  39.991422
5    mse  0.075   4.694130  36.192154
6    mse  0.100   5.951470  34.052162
7    mse  0.150   8.934490  30.270419

Running gradient_shap from 2024-07-23 00:23:36.800433
Experiment ended at 2024-07-23 00:25:30.291339. Total time taken 0:01:53.490906.
  metric   area      comp       suff
0    mae  0.050  4.945604  26.844431
1    mae  0.075  6.521244  25.367048
2    mae  0.100  7.505781  24.466823
3    mae  0.150  9.428017  22.623087
4    mse  0.050  2.407949  41.305618
5    mse  0.075  3.826949  37.493328
6    mse  0.100  4.839041  35.225640
7    mse  0.150  7.123528  30.709578

./results/traffic_iTransformer/1/winIT.csv exists. Skipping ...
./results/traffic_iTransformer/1/wtsr.csv exists. Skipping ...
./results/traffic_iTransformer/1/tsr.csv exists. Skipping ...

>>>> itr_no: 2, seed: 506 <<<<<<
Use GPU: cuda:0
Experiments will be saved in ./results/traffic_iTransformer/2
test 1731
Loading model from ./results/traffic_iTransformer/2/checkpoint.pth
./results/traffic_iTransformer/2/feature_ablation.csv exists. Skipping ...
./results/traffic_iTransformer/2/occlusion.csv exists. Skipping ...
./results/traffic_iTransformer/2/augmented_occlusion.csv exists. Skipping ...
./results/traffic_iTransformer/2/feature_permutation.csv exists. Skipping ...
Running integrated_gradients from 2024-07-23 00:25:32.195005
Experiment ended at 2024-07-23 00:27:55.880312. Total time taken 0:02:23.685307.
  metric   area       comp       suff
0    mae  0.050   5.761308  26.179407
1    mae  0.075   7.618445  24.659943
2    mae  0.100   8.702324  23.823784
3    mae  0.150  10.933342  22.186451
4    mse  0.050   2.924903  39.721175
5    mse  0.075   4.783122  35.933911
6    mse  0.100   6.024929  33.871159
7    mse  0.150   9.017664  29.994440

Running gradient_shap from 2024-07-23 00:27:56.063144
Experiment ended at 2024-07-23 00:29:49.775131. Total time taken 0:01:53.711987.
  metric   area      comp       suff
0    mae  0.050  4.989095  26.635198
1    mae  0.075  6.580342  25.143571
2    mae  0.100  7.502709  24.270562
3    mae  0.150  9.450774  22.406790
4    mse  0.050  2.416585  40.678064
5    mse  0.075  3.878092  36.849632
6    mse  0.100  4.816042  34.646932
7    mse  0.150  7.127688  30.141792

./results/traffic_iTransformer/2/winIT.csv exists. Skipping ...
./results/traffic_iTransformer/2/wtsr.csv exists. Skipping ...
./results/traffic_iTransformer/2/tsr.csv exists. Skipping ...

>>>> itr_no: 3, seed: 608 <<<<<<
Use GPU: cuda:0
Experiments will be saved in ./results/traffic_iTransformer/3
test 1731
Loading model from ./results/traffic_iTransformer/3/checkpoint.pth
./results/traffic_iTransformer/3/feature_ablation.csv exists. Skipping ...
./results/traffic_iTransformer/3/occlusion.csv exists. Skipping ...
./results/traffic_iTransformer/3/augmented_occlusion.csv exists. Skipping ...
./results/traffic_iTransformer/3/feature_permutation.csv exists. Skipping ...
Running integrated_gradients from 2024-07-23 00:29:51.663314
Experiment ended at 2024-07-23 00:32:15.438090. Total time taken 0:02:23.774776.
  metric   area       comp       suff
0    mae  0.050   5.727383  26.392780
1    mae  0.075   7.619974  24.942068
2    mae  0.100   8.701732  24.134767
3    mae  0.150  10.893212  22.547035
4    mse  0.050   2.981437  40.408088
5    mse  0.075   4.867636  36.720560
6    mse  0.100   6.102745  34.708645
7    mse  0.150   8.981524  30.891692

Running gradient_shap from 2024-07-23 00:32:15.603858
Experiment ended at 2024-07-23 00:34:09.381311. Total time taken 0:01:53.777453.
  metric   area      comp       suff
0    mae  0.050  4.977487  26.883687
1    mae  0.075  6.579867  25.439757
2    mae  0.100  7.500855  24.564818
3    mae  0.150  9.346984  22.743190
4    mse  0.050  2.451845  41.509481
5    mse  0.075  3.896205  37.768321
6    mse  0.100  4.817388  35.542723
7    mse  0.150  6.980797  31.049515

./results/traffic_iTransformer/3/winIT.csv exists. Skipping ...
./results/traffic_iTransformer/3/wtsr.csv exists. Skipping ...
Running tsr from 2024-07-23 00:34:09.574749
Experiment ended at 2024-07-23 01:15:47.786844. Total time taken 0:41:38.212095.
  metric   area       comp       suff
0    mae  0.050   8.429386  24.656750
1    mae  0.075   9.889329  22.169059
2    mae  0.100  10.760916  20.692897
3    mae  0.150  12.364840  17.631173
4    mse  0.050   5.688443  35.114307
5    mse  0.075   7.369177  28.875624
6    mse  0.100   8.462555  25.433384
7    mse  0.150  10.726873  18.903810

Namespace(task_name='long_term_forecast', train=False, dry_run=False, model='Crossformer', seed=2024, itrs=3, itr_no=None, data='custom', result_path='./results', root_path='./dataset/traffic/', data_path='traffic.csv', flag='test', features='S', target='OT', freq='h', seq_len=96, label_len=12, pred_len=24, seasonal_patterns='Monthly', top_k=5, num_kernels=6, n_features=1, d_model=128, n_heads=4, e_layers=2, d_layers=1, d_ff=256, moving_avg=25, factor=3, distil=True, dropout=0.1, embed='timeF', activation='gelu', output_attention=False, conv_kernel=[18, 12], seg_len=24, num_workers=0, train_epochs=10, batch_size=32, patience=3, learning_rate=0.001, lradj='type1', use_amp=False, use_cpu=False, gpu=0, use_multi_gpu=False, devices='0,1,2,3', p_hidden_dims=[128, 128], p_hidden_layers=2, explainers=['feature_ablation', 'occlusion', 'augmented_occlusion', 'feature_permutation', 'integrated_gradients', 'gradient_shap', 'winIT', 'wtsr', 'tsr'], areas=[0.05, 0.075, 0.1, 0.15], baseline_mode='random', metrics=['mae', 'mse'], overwrite=False, dump_attrs=False, disable_progress=True, use_gpu=True, enc_in=1, dec_in=1, c_out=1)

>>>> itr_no: 1, seed: 648 <<<<<<
Use GPU: cuda:0
Experiments will be saved in ./results/traffic_Crossformer/1
test 1731
Loading model from ./results/traffic_Crossformer/1/checkpoint.pth
./results/traffic_Crossformer/1/feature_ablation.csv exists. Skipping ...
./results/traffic_Crossformer/1/occlusion.csv exists. Skipping ...
./results/traffic_Crossformer/1/augmented_occlusion.csv exists. Skipping ...
./results/traffic_Crossformer/1/feature_permutation.csv exists. Skipping ...
./results/traffic_Crossformer/1/integrated_gradients.csv exists. Skipping ...
./results/traffic_Crossformer/1/gradient_shap.csv exists. Skipping ...
./results/traffic_Crossformer/1/winIT.csv exists. Skipping ...
./results/traffic_Crossformer/1/wtsr.csv exists. Skipping ...
./results/traffic_Crossformer/1/tsr.csv exists. Skipping ...

>>>> itr_no: 2, seed: 506 <<<<<<
Use GPU: cuda:0
Experiments will be saved in ./results/traffic_Crossformer/2
test 1731
Loading model from ./results/traffic_Crossformer/2/checkpoint.pth
./results/traffic_Crossformer/2/feature_ablation.csv exists. Skipping ...
./results/traffic_Crossformer/2/occlusion.csv exists. Skipping ...
./results/traffic_Crossformer/2/augmented_occlusion.csv exists. Skipping ...
./results/traffic_Crossformer/2/feature_permutation.csv exists. Skipping ...
./results/traffic_Crossformer/2/integrated_gradients.csv exists. Skipping ...
./results/traffic_Crossformer/2/gradient_shap.csv exists. Skipping ...
./results/traffic_Crossformer/2/winIT.csv exists. Skipping ...
./results/traffic_Crossformer/2/wtsr.csv exists. Skipping ...
./results/traffic_Crossformer/2/tsr.csv exists. Skipping ...

>>>> itr_no: 3, seed: 608 <<<<<<
Use GPU: cuda:0
Experiments will be saved in ./results/traffic_Crossformer/3
test 1731
Loading model from ./results/traffic_Crossformer/3/checkpoint.pth
./results/traffic_Crossformer/3/feature_ablation.csv exists. Skipping ...
./results/traffic_Crossformer/3/occlusion.csv exists. Skipping ...
./results/traffic_Crossformer/3/augmented_occlusion.csv exists. Skipping ...
./results/traffic_Crossformer/3/feature_permutation.csv exists. Skipping ...
./results/traffic_Crossformer/3/integrated_gradients.csv exists. Skipping ...
./results/traffic_Crossformer/3/gradient_shap.csv exists. Skipping ...
./results/traffic_Crossformer/3/winIT.csv exists. Skipping ...
./results/traffic_Crossformer/3/wtsr.csv exists. Skipping ...
./results/traffic_Crossformer/3/tsr.csv exists. Skipping ...
