Args in experiment:
Namespace(task_name='long_term_forecast', train=True, dry_run=False, model='DLinear', seed=2024, itrs=3, itr_no=None, data='custom', result_path='./results', root_path='./dataset/traffic/', data_path='traffic.csv', flag='test', features='S', target='OT', freq='h', seq_len=96, label_len=12, pred_len=24, seasonal_patterns='Monthly', top_k=5, num_kernels=6, n_features=1, d_model=128, n_heads=4, e_layers=2, d_layers=1, d_ff=256, moving_avg=25, factor=3, distil=True, dropout=0.1, embed='timeF', activation='gelu', output_attention=False, conv_kernel=[18, 12], seg_len=24, num_workers=0, train_epochs=10, batch_size=32, patience=3, learning_rate=0.001, lradj='type1', use_amp=False, use_cpu=False, gpu=0, use_multi_gpu=False, devices='0,1,2,3', p_hidden_dims=[128, 128], p_hidden_layers=2, use_gpu=True, enc_in=1, dec_in=1, c_out=1)

>>>> itr_no: 1, seed: 648 <<<<<<
Use GPU: cuda:0
Experiments will be saved in ./results/traffic_DLinear/1
>>>>>>> training : >>>>>>>>>
train 13916
val 1732
Training started at 2024-07-16 22:56:33.917734.
	iters: 100, epoch: 1 | loss: 0.2255148
	speed: 0.0037s/iter; left time: 15.7119s
	iters: 200, epoch: 1 | loss: 0.2086011
	speed: 0.0029s/iter; left time: 11.9504s
	iters: 300, epoch: 1 | loss: 0.0959865
	speed: 0.0029s/iter; left time: 11.6612s
	iters: 400, epoch: 1 | loss: 0.0745851
	speed: 0.0029s/iter; left time: 11.3422s
Epoch: 1 cost time: 1.3340661525726318
Epoch: 1, Steps: 434 | Train Loss: 0.13692 Vali Loss: 0.18365
Validation loss decreased (inf --> 0.183645).  Saving model ...
Updating learning rate to 0.001
	iters: 100, epoch: 2 | loss: 0.0768118
	speed: 0.0049s/iter; left time: 18.4965s
	iters: 200, epoch: 2 | loss: 0.1021211
	speed: 0.0029s/iter; left time: 10.8146s
	iters: 300, epoch: 2 | loss: 0.0966457
	speed: 0.0029s/iter; left time: 10.4056s
	iters: 400, epoch: 2 | loss: 0.0922780
	speed: 0.0029s/iter; left time: 10.0902s
Epoch: 2 cost time: 1.2552430629730225
Epoch: 2, Steps: 434 | Train Loss: 0.10911 Vali Loss: 0.17182
Validation loss decreased (0.183645 --> 0.171821).  Saving model ...
Updating learning rate to 0.0005
	iters: 100, epoch: 3 | loss: 0.1081849
	speed: 0.0048s/iter; left time: 16.3432s
	iters: 200, epoch: 3 | loss: 0.1060108
	speed: 0.0029s/iter; left time: 9.4028s
	iters: 300, epoch: 3 | loss: 0.1036215
	speed: 0.0030s/iter; left time: 9.5110s
	iters: 400, epoch: 3 | loss: 0.1229822
	speed: 0.0029s/iter; left time: 8.8397s
Epoch: 3 cost time: 1.2621166706085205
Epoch: 3, Steps: 434 | Train Loss: 0.10575 Vali Loss: 0.1778
EarlyStopping counter: 1 out of 3
Loading model from ./results/traffic_DLinear/1/checkpoint.pth
Updating learning rate to 0.00025
	iters: 100, epoch: 4 | loss: 0.1015630
	speed: 0.0048s/iter; left time: 14.1300s
	iters: 200, epoch: 4 | loss: 0.1101440
	speed: 0.0029s/iter; left time: 8.2235s
	iters: 300, epoch: 4 | loss: 0.0959291
	speed: 0.0029s/iter; left time: 7.8545s
	iters: 400, epoch: 4 | loss: 0.0823563
	speed: 0.0029s/iter; left time: 7.5788s
Epoch: 4 cost time: 1.2499079704284668
Epoch: 4, Steps: 434 | Train Loss: 0.10544 Vali Loss: 0.17047
Validation loss decreased (0.171821 --> 0.170467).  Saving model ...
Updating learning rate to 0.000125
	iters: 100, epoch: 5 | loss: 0.1845755
	speed: 0.0048s/iter; left time: 12.1219s
	iters: 200, epoch: 5 | loss: 0.0848014
	speed: 0.0029s/iter; left time: 6.9202s
	iters: 300, epoch: 5 | loss: 0.0865833
	speed: 0.0029s/iter; left time: 6.6234s
	iters: 400, epoch: 5 | loss: 0.0850446
	speed: 0.0029s/iter; left time: 6.3360s
Epoch: 5 cost time: 1.2489778995513916
Epoch: 5, Steps: 434 | Train Loss: 0.10461 Vali Loss: 0.17175
EarlyStopping counter: 1 out of 3
Loading model from ./results/traffic_DLinear/1/checkpoint.pth
Updating learning rate to 6.25e-05
	iters: 100, epoch: 6 | loss: 0.0838311
	speed: 0.0048s/iter; left time: 9.9797s
	iters: 200, epoch: 6 | loss: 0.0785565
	speed: 0.0029s/iter; left time: 5.7048s
	iters: 300, epoch: 6 | loss: 0.0996566
	speed: 0.0029s/iter; left time: 5.3955s
	iters: 400, epoch: 6 | loss: 0.0788490
	speed: 0.0029s/iter; left time: 5.0997s
Epoch: 6 cost time: 1.2528409957885742
Epoch: 6, Steps: 434 | Train Loss: 0.10458 Vali Loss: 0.16991
Validation loss decreased (0.170467 --> 0.169913).  Saving model ...
Updating learning rate to 3.125e-05
	iters: 100, epoch: 7 | loss: 0.0670519
	speed: 0.0048s/iter; left time: 7.9213s
	iters: 200, epoch: 7 | loss: 0.0832113
	speed: 0.0029s/iter; left time: 4.4149s
	iters: 300, epoch: 7 | loss: 0.0749876
	speed: 0.0029s/iter; left time: 4.1327s
	iters: 400, epoch: 7 | loss: 0.0927897
	speed: 0.0029s/iter; left time: 3.8510s
Epoch: 7 cost time: 1.2499985694885254
Epoch: 7, Steps: 434 | Train Loss: 0.10426 Vali Loss: 0.17044
EarlyStopping counter: 1 out of 3
Loading model from ./results/traffic_DLinear/1/checkpoint.pth
Updating learning rate to 1.5625e-05
	iters: 100, epoch: 8 | loss: 0.0936231
	speed: 0.0048s/iter; left time: 5.7975s
	iters: 200, epoch: 8 | loss: 0.0842633
	speed: 0.0029s/iter; left time: 3.1706s
	iters: 300, epoch: 8 | loss: 0.0898282
	speed: 0.0029s/iter; left time: 2.8816s
	iters: 400, epoch: 8 | loss: 0.1793950
	speed: 0.0029s/iter; left time: 2.5997s
Epoch: 8 cost time: 1.2493958473205566
Epoch: 8, Steps: 434 | Train Loss: 0.10413 Vali Loss: 0.17032
EarlyStopping counter: 2 out of 3
Loading model from ./results/traffic_DLinear/1/checkpoint.pth
Updating learning rate to 7.8125e-06
	iters: 100, epoch: 9 | loss: 0.1065986
	speed: 0.0048s/iter; left time: 3.6994s
	iters: 200, epoch: 9 | loss: 0.0794834
	speed: 0.0029s/iter; left time: 1.9263s
	iters: 300, epoch: 9 | loss: 0.1089961
	speed: 0.0029s/iter; left time: 1.6474s
	iters: 400, epoch: 9 | loss: 0.0998849
	speed: 0.0029s/iter; left time: 1.3506s
Epoch: 9 cost time: 1.2522268295288086
Epoch: 9, Steps: 434 | Train Loss: 0.10427 Vali Loss: 0.17006
EarlyStopping counter: 3 out of 3
Early stopping
Training ended at 2024-07-16 22:56:46.136029, time taken 0:00:12.218295, per epoch 0:00:01.357588
Loading model from ./results/traffic_DLinear/1/checkpoint.pth
val 1732
Preds and Trues shape: (1732, 24, 1) (1732, 24, 1)
flag:val, mse:0.1695, mae:0.30637, rmse: 0.41171.
>>>>>>> testing : <<<<<<<<<<<
test 1731
Preds and Trues shape: (1731, 24, 1) (1731, 24, 1)
flag:test, mse:0.28006, mae:0.3581, rmse: 0.5292.


>>>> itr_no: 2, seed: 506 <<<<<<
Use GPU: cuda:0
Experiments will be saved in ./results/traffic_DLinear/2
>>>>>>> training : >>>>>>>>>
train 13916
val 1732
Training started at 2024-07-16 22:56:54.476933.
	iters: 100, epoch: 1 | loss: 0.1234288
	speed: 0.0030s/iter; left time: 12.7417s
	iters: 200, epoch: 1 | loss: 0.1071024
	speed: 0.0029s/iter; left time: 11.9441s
	iters: 300, epoch: 1 | loss: 0.0896429
	speed: 0.0029s/iter; left time: 11.6618s
	iters: 400, epoch: 1 | loss: 0.1354816
	speed: 0.0029s/iter; left time: 11.3424s
Epoch: 1 cost time: 1.2637088298797607
Epoch: 1, Steps: 434 | Train Loss: 0.13758 Vali Loss: 0.1917
Validation loss decreased (inf --> 0.191703).  Saving model ...
Updating learning rate to 0.001
	iters: 100, epoch: 2 | loss: 0.1025241
	speed: 0.0048s/iter; left time: 18.4165s
	iters: 200, epoch: 2 | loss: 0.2416400
	speed: 0.0029s/iter; left time: 10.6637s
	iters: 300, epoch: 2 | loss: 0.1107091
	speed: 0.0029s/iter; left time: 10.3940s
	iters: 400, epoch: 2 | loss: 0.1036926
	speed: 0.0029s/iter; left time: 10.1268s
Epoch: 2 cost time: 1.2512786388397217
Epoch: 2, Steps: 434 | Train Loss: 0.10923 Vali Loss: 0.18211
Validation loss decreased (0.191703 --> 0.182107).  Saving model ...
Updating learning rate to 0.0005
	iters: 100, epoch: 3 | loss: 0.0985942
	speed: 0.0048s/iter; left time: 16.3294s
	iters: 200, epoch: 3 | loss: 0.1407174
	speed: 0.0029s/iter; left time: 9.4277s
	iters: 300, epoch: 3 | loss: 0.0917184
	speed: 0.0029s/iter; left time: 9.1243s
	iters: 400, epoch: 3 | loss: 0.0971516
	speed: 0.0031s/iter; left time: 9.4363s
Epoch: 3 cost time: 1.270871639251709
Epoch: 3, Steps: 434 | Train Loss: 0.10593 Vali Loss: 0.16847
Validation loss decreased (0.182107 --> 0.168467).  Saving model ...
Updating learning rate to 0.00025
	iters: 100, epoch: 4 | loss: 0.0892608
	speed: 0.0048s/iter; left time: 14.2218s
	iters: 200, epoch: 4 | loss: 0.1004550
	speed: 0.0029s/iter; left time: 8.1761s
	iters: 300, epoch: 4 | loss: 0.0858593
	speed: 0.0029s/iter; left time: 7.8852s
	iters: 400, epoch: 4 | loss: 0.1140003
	speed: 0.0029s/iter; left time: 7.6150s
Epoch: 4 cost time: 1.252016544342041
Epoch: 4, Steps: 434 | Train Loss: 0.1047 Vali Loss: 0.16831
Validation loss decreased (0.168467 --> 0.168314).  Saving model ...
Updating learning rate to 0.000125
	iters: 100, epoch: 5 | loss: 0.1038581
	speed: 0.0048s/iter; left time: 12.1139s
	iters: 200, epoch: 5 | loss: 0.0738303
	speed: 0.0033s/iter; left time: 7.8499s
	iters: 300, epoch: 5 | loss: 0.0860015
	speed: 0.0029s/iter; left time: 6.6334s
	iters: 400, epoch: 5 | loss: 0.0952567
	speed: 0.0029s/iter; left time: 6.3413s
Epoch: 5 cost time: 1.2883541584014893
Epoch: 5, Steps: 434 | Train Loss: 0.10422 Vali Loss: 0.17013
EarlyStopping counter: 1 out of 3
Loading model from ./results/traffic_DLinear/2/checkpoint.pth
Updating learning rate to 6.25e-05
	iters: 100, epoch: 6 | loss: 0.0941848
	speed: 0.0050s/iter; left time: 10.2561s
	iters: 200, epoch: 6 | loss: 0.1326338
	speed: 0.0032s/iter; left time: 6.2593s
	iters: 300, epoch: 6 | loss: 0.1436756
	speed: 0.0029s/iter; left time: 5.3797s
	iters: 400, epoch: 6 | loss: 0.1335416
	speed: 0.0029s/iter; left time: 5.0924s
Epoch: 6 cost time: 1.2924082279205322
Epoch: 6, Steps: 434 | Train Loss: 0.104 Vali Loss: 0.16896
EarlyStopping counter: 2 out of 3
Loading model from ./results/traffic_DLinear/2/checkpoint.pth
Updating learning rate to 3.125e-05
	iters: 100, epoch: 7 | loss: 0.1044805
	speed: 0.0048s/iter; left time: 7.8761s
	iters: 200, epoch: 7 | loss: 0.1156290
	speed: 0.0029s/iter; left time: 4.4278s
	iters: 300, epoch: 7 | loss: 0.0711570
	speed: 0.0029s/iter; left time: 4.1349s
	iters: 400, epoch: 7 | loss: 0.0787401
	speed: 0.0030s/iter; left time: 4.0766s
Epoch: 7 cost time: 1.2678227424621582
Epoch: 7, Steps: 434 | Train Loss: 0.104 Vali Loss: 0.16811
Validation loss decreased (0.168314 --> 0.168112).  Saving model ...
Updating learning rate to 1.5625e-05
	iters: 100, epoch: 8 | loss: 0.0966408
	speed: 0.0048s/iter; left time: 5.8178s
	iters: 200, epoch: 8 | loss: 0.1115242
	speed: 0.0029s/iter; left time: 3.1761s
	iters: 300, epoch: 8 | loss: 0.0789592
	speed: 0.0029s/iter; left time: 2.8849s
	iters: 400, epoch: 8 | loss: 0.0702814
	speed: 0.0030s/iter; left time: 2.6952s
Epoch: 8 cost time: 1.2613022327423096
Epoch: 8, Steps: 434 | Train Loss: 0.10355 Vali Loss: 0.16912
EarlyStopping counter: 1 out of 3
Loading model from ./results/traffic_DLinear/2/checkpoint.pth
Updating learning rate to 7.8125e-06
	iters: 100, epoch: 9 | loss: 0.1047598
	speed: 0.0048s/iter; left time: 3.7000s
	iters: 200, epoch: 9 | loss: 0.1463340
	speed: 0.0029s/iter; left time: 1.9241s
	iters: 300, epoch: 9 | loss: 0.1070952
	speed: 0.0029s/iter; left time: 1.6364s
	iters: 400, epoch: 9 | loss: 0.1813835
	speed: 0.0029s/iter; left time: 1.3481s
Epoch: 9 cost time: 1.2493417263031006
Epoch: 9, Steps: 434 | Train Loss: 0.10382 Vali Loss: 0.16872
EarlyStopping counter: 2 out of 3
Loading model from ./results/traffic_DLinear/2/checkpoint.pth
Updating learning rate to 3.90625e-06
	iters: 100, epoch: 10 | loss: 0.0903060
	speed: 0.0048s/iter; left time: 1.6125s
	iters: 200, epoch: 10 | loss: 0.0921109
	speed: 0.0029s/iter; left time: 0.6768s
	iters: 300, epoch: 10 | loss: 0.0664199
	speed: 0.0029s/iter; left time: 0.3912s
	iters: 400, epoch: 10 | loss: 0.0724142
	speed: 0.0029s/iter; left time: 0.1009s
Epoch: 10 cost time: 1.253016471862793
Epoch: 10, Steps: 434 | Train Loss: 0.10374 Vali Loss: 0.16847
EarlyStopping counter: 3 out of 3
Early stopping
Training ended at 2024-07-16 22:57:08.082717, time taken 0:00:13.605784, per epoch 0:00:01.360578
Loading model from ./results/traffic_DLinear/2/checkpoint.pth
val 1732
Preds and Trues shape: (1732, 24, 1) (1732, 24, 1)
flag:val, mse:0.1676, mae:0.30516, rmse: 0.40939.
>>>>>>> testing : <<<<<<<<<<<
test 1731
Preds and Trues shape: (1731, 24, 1) (1731, 24, 1)
flag:test, mse:0.27835, mae:0.35715, rmse: 0.52759.


>>>> itr_no: 3, seed: 608 <<<<<<
Use GPU: cuda:0
Experiments will be saved in ./results/traffic_DLinear/3
>>>>>>> training : >>>>>>>>>
train 13916
val 1732
Training started at 2024-07-16 22:57:16.491327.
	iters: 100, epoch: 1 | loss: 0.1208583
	speed: 0.0030s/iter; left time: 12.7193s
	iters: 200, epoch: 1 | loss: 0.1063777
	speed: 0.0029s/iter; left time: 11.8953s
	iters: 300, epoch: 1 | loss: 0.1048884
	speed: 0.0029s/iter; left time: 11.6291s
	iters: 400, epoch: 1 | loss: 0.1562646
	speed: 0.0029s/iter; left time: 11.3214s
Epoch: 1 cost time: 1.2612357139587402
Epoch: 1, Steps: 434 | Train Loss: 0.13716 Vali Loss: 0.18474
Validation loss decreased (inf --> 0.184742).  Saving model ...
Updating learning rate to 0.001
	iters: 100, epoch: 2 | loss: 0.1023641
	speed: 0.0048s/iter; left time: 18.4215s
	iters: 200, epoch: 2 | loss: 0.0999335
	speed: 0.0029s/iter; left time: 10.6578s
	iters: 300, epoch: 2 | loss: 0.1456120
	speed: 0.0029s/iter; left time: 10.3786s
	iters: 400, epoch: 2 | loss: 0.1278066
	speed: 0.0029s/iter; left time: 10.0957s
Epoch: 2 cost time: 1.2495663166046143
Epoch: 2, Steps: 434 | Train Loss: 0.10918 Vali Loss: 0.18538
EarlyStopping counter: 1 out of 3
Loading model from ./results/traffic_DLinear/3/checkpoint.pth
Updating learning rate to 0.0005
	iters: 100, epoch: 3 | loss: 0.0963011
	speed: 0.0048s/iter; left time: 16.2587s
	iters: 200, epoch: 3 | loss: 0.1185629
	speed: 0.0029s/iter; left time: 9.4083s
	iters: 300, epoch: 3 | loss: 0.1309168
	speed: 0.0029s/iter; left time: 9.1195s
	iters: 400, epoch: 3 | loss: 0.0905958
	speed: 0.0029s/iter; left time: 8.8411s
Epoch: 3 cost time: 1.249189853668213
Epoch: 3, Steps: 434 | Train Loss: 0.10884 Vali Loss: 0.17704
Validation loss decreased (0.184742 --> 0.177036).  Saving model ...
Updating learning rate to 0.00025
	iters: 100, epoch: 4 | loss: 0.0823025
	speed: 0.0048s/iter; left time: 14.1699s
	iters: 200, epoch: 4 | loss: 0.0777937
	speed: 0.0029s/iter; left time: 8.2471s
	iters: 300, epoch: 4 | loss: 0.0993268
	speed: 0.0029s/iter; left time: 7.8714s
	iters: 400, epoch: 4 | loss: 0.0947065
	speed: 0.0029s/iter; left time: 7.5849s
Epoch: 4 cost time: 1.251805305480957
Epoch: 4, Steps: 434 | Train Loss: 0.10625 Vali Loss: 0.1749
Validation loss decreased (0.177036 --> 0.174901).  Saving model ...
Updating learning rate to 0.000125
	iters: 100, epoch: 5 | loss: 0.1109012
	speed: 0.0048s/iter; left time: 12.0879s
	iters: 200, epoch: 5 | loss: 0.0970796
	speed: 0.0029s/iter; left time: 6.9082s
	iters: 300, epoch: 5 | loss: 0.0786381
	speed: 0.0029s/iter; left time: 6.6325s
	iters: 400, epoch: 5 | loss: 0.0944899
	speed: 0.0029s/iter; left time: 6.3302s
Epoch: 5 cost time: 1.2485506534576416
Epoch: 5, Steps: 434 | Train Loss: 0.10532 Vali Loss: 0.17173
Validation loss decreased (0.174901 --> 0.171731).  Saving model ...
Updating learning rate to 6.25e-05
	iters: 100, epoch: 6 | loss: 0.1323470
	speed: 0.0048s/iter; left time: 10.0271s
	iters: 200, epoch: 6 | loss: 0.0716755
	speed: 0.0029s/iter; left time: 5.6652s
	iters: 300, epoch: 6 | loss: 0.0827575
	speed: 0.0029s/iter; left time: 5.3891s
	iters: 400, epoch: 6 | loss: 0.0811715
	speed: 0.0029s/iter; left time: 5.0850s
Epoch: 6 cost time: 1.249302864074707
Epoch: 6, Steps: 434 | Train Loss: 0.1048 Vali Loss: 0.17001
Validation loss decreased (0.171731 --> 0.170013).  Saving model ...
Updating learning rate to 3.125e-05
	iters: 100, epoch: 7 | loss: 0.0869046
	speed: 0.0048s/iter; left time: 7.9290s
	iters: 200, epoch: 7 | loss: 0.0889289
	speed: 0.0029s/iter; left time: 4.4114s
	iters: 300, epoch: 7 | loss: 0.0992914
	speed: 0.0029s/iter; left time: 4.1275s
	iters: 400, epoch: 7 | loss: 0.1109135
	speed: 0.0029s/iter; left time: 3.8519s
Epoch: 7 cost time: 1.248945951461792
Epoch: 7, Steps: 434 | Train Loss: 0.10456 Vali Loss: 0.1722
EarlyStopping counter: 1 out of 3
Loading model from ./results/traffic_DLinear/3/checkpoint.pth
Updating learning rate to 1.5625e-05
	iters: 100, epoch: 8 | loss: 0.1625802
	speed: 0.0048s/iter; left time: 5.7832s
	iters: 200, epoch: 8 | loss: 0.0847278
	speed: 0.0029s/iter; left time: 3.1726s
	iters: 300, epoch: 8 | loss: 0.0796210
	speed: 0.0029s/iter; left time: 2.8853s
	iters: 400, epoch: 8 | loss: 0.1274936
	speed: 0.0029s/iter; left time: 2.5961s
Epoch: 8 cost time: 1.2491211891174316
Epoch: 8, Steps: 434 | Train Loss: 0.10456 Vali Loss: 0.17112
EarlyStopping counter: 2 out of 3
Loading model from ./results/traffic_DLinear/3/checkpoint.pth
Updating learning rate to 7.8125e-06
	iters: 100, epoch: 9 | loss: 0.0955577
	speed: 0.0051s/iter; left time: 3.8894s
	iters: 200, epoch: 9 | loss: 0.1179831
	speed: 0.0029s/iter; left time: 1.9665s
	iters: 300, epoch: 9 | loss: 0.1096116
	speed: 0.0029s/iter; left time: 1.6361s
	iters: 400, epoch: 9 | loss: 0.1097206
	speed: 0.0029s/iter; left time: 1.3484s
Epoch: 9 cost time: 1.294729232788086
Epoch: 9, Steps: 434 | Train Loss: 0.10459 Vali Loss: 0.17063
EarlyStopping counter: 3 out of 3
Early stopping
Training ended at 2024-07-16 22:57:28.657706, time taken 0:00:12.166379, per epoch 0:00:01.351820
Loading model from ./results/traffic_DLinear/3/checkpoint.pth
val 1732
Preds and Trues shape: (1732, 24, 1) (1732, 24, 1)
flag:val, mse:0.16932, mae:0.30544, rmse: 0.41149.
>>>>>>> testing : <<<<<<<<<<<
test 1731
Preds and Trues shape: (1731, 24, 1) (1731, 24, 1)
flag:test, mse:0.2785, mae:0.3557, rmse: 0.52773.

Args in experiment:
Namespace(task_name='long_term_forecast', train=True, dry_run=False, model='SegRNN', seed=2024, itrs=3, itr_no=None, data='custom', result_path='./results', root_path='./dataset/traffic/', data_path='traffic.csv', flag='test', features='S', target='OT', freq='h', seq_len=96, label_len=12, pred_len=24, seasonal_patterns='Monthly', top_k=5, num_kernels=6, n_features=1, d_model=128, n_heads=4, e_layers=2, d_layers=1, d_ff=256, moving_avg=25, factor=3, distil=True, dropout=0.1, embed='timeF', activation='gelu', output_attention=False, conv_kernel=[18, 12], seg_len=24, num_workers=0, train_epochs=10, batch_size=32, patience=3, learning_rate=0.001, lradj='type1', use_amp=False, use_cpu=False, gpu=0, use_multi_gpu=False, devices='0,1,2,3', p_hidden_dims=[128, 128], p_hidden_layers=2, use_gpu=True, enc_in=1, dec_in=1, c_out=1)

>>>> itr_no: 1, seed: 648 <<<<<<
Use GPU: cuda:0
Experiments will be saved in ./results/traffic_SegRNN/1
>>>>>>> training : >>>>>>>>>
train 13916
val 1732
Training started at 2024-07-16 22:57:46.381487.
	iters: 100, epoch: 1 | loss: 0.1199341
	speed: 0.0066s/iter; left time: 27.8286s
	iters: 200, epoch: 1 | loss: 0.1374679
	speed: 0.0091s/iter; left time: 37.5933s
	iters: 300, epoch: 1 | loss: 0.1151320
	speed: 0.0108s/iter; left time: 43.7038s
	iters: 400, epoch: 1 | loss: 0.0826833
	speed: 0.0112s/iter; left time: 44.2506s
Epoch: 1 cost time: 4.156872987747192
Epoch: 1, Steps: 434 | Train Loss: 0.18098 Vali Loss: 0.15665
Validation loss decreased (inf --> 0.156646).  Saving model ...
Updating learning rate to 0.001
	iters: 100, epoch: 2 | loss: 0.0713406
	speed: 0.0165s/iter; left time: 62.6778s
	iters: 200, epoch: 2 | loss: 0.1394342
	speed: 0.0100s/iter; left time: 36.8888s
	iters: 300, epoch: 2 | loss: 0.1281312
	speed: 0.0113s/iter; left time: 40.8918s
	iters: 400, epoch: 2 | loss: 0.0702140
	speed: 0.0102s/iter; left time: 35.6062s
Epoch: 2 cost time: 4.572550535202026
Epoch: 2, Steps: 434 | Train Loss: 0.096826 Vali Loss: 0.12298
Validation loss decreased (0.156646 --> 0.122980).  Saving model ...
Updating learning rate to 0.0005
	iters: 100, epoch: 3 | loss: 0.0825225
	speed: 0.0157s/iter; left time: 52.9500s
	iters: 200, epoch: 3 | loss: 0.0852831
	speed: 0.0111s/iter; left time: 36.2418s
	iters: 300, epoch: 3 | loss: 0.0878508
	speed: 0.0104s/iter; left time: 32.8657s
	iters: 400, epoch: 3 | loss: 0.0986826
	speed: 0.0113s/iter; left time: 34.8481s
Epoch: 3 cost time: 4.659202814102173
Epoch: 3, Steps: 434 | Train Loss: 0.081816 Vali Loss: 0.099753
Validation loss decreased (0.122980 --> 0.099753).  Saving model ...
Updating learning rate to 0.00025
	iters: 100, epoch: 4 | loss: 0.0820642
	speed: 0.0159s/iter; left time: 46.7818s
	iters: 200, epoch: 4 | loss: 0.0571279
	speed: 0.0103s/iter; left time: 29.1395s
	iters: 300, epoch: 4 | loss: 0.0663292
	speed: 0.0105s/iter; left time: 28.7525s
	iters: 400, epoch: 4 | loss: 0.0809058
	speed: 0.0109s/iter; left time: 28.7081s
Epoch: 4 cost time: 4.557591199874878
Epoch: 4, Steps: 434 | Train Loss: 0.075855 Vali Loss: 0.096702
Validation loss decreased (0.099753 --> 0.096702).  Saving model ...
Updating learning rate to 0.000125
	iters: 100, epoch: 5 | loss: 0.0728079
	speed: 0.0157s/iter; left time: 39.2769s
	iters: 200, epoch: 5 | loss: 0.0482258
	speed: 0.0111s/iter; left time: 26.5880s
	iters: 300, epoch: 5 | loss: 0.0734569
	speed: 0.0110s/iter; left time: 25.4003s
	iters: 400, epoch: 5 | loss: 0.0526391
	speed: 0.0112s/iter; left time: 24.7227s
Epoch: 5 cost time: 4.646020412445068
Epoch: 5, Steps: 434 | Train Loss: 0.072654 Vali Loss: 0.089566
Validation loss decreased (0.096702 --> 0.089566).  Saving model ...
Updating learning rate to 6.25e-05
	iters: 100, epoch: 6 | loss: 0.0664765
	speed: 0.0151s/iter; left time: 31.3717s
	iters: 200, epoch: 6 | loss: 0.0596062
	speed: 0.0111s/iter; left time: 21.9112s
	iters: 300, epoch: 6 | loss: 0.0989469
	speed: 0.0108s/iter; left time: 20.1587s
	iters: 400, epoch: 6 | loss: 0.0573934
	speed: 0.0110s/iter; left time: 19.5525s
Epoch: 6 cost time: 4.678658485412598
Epoch: 6, Steps: 434 | Train Loss: 0.070812 Vali Loss: 0.087487
Validation loss decreased (0.089566 --> 0.087487).  Saving model ...
Updating learning rate to 3.125e-05
	iters: 100, epoch: 7 | loss: 0.0638062
	speed: 0.0148s/iter; left time: 24.2873s
	iters: 200, epoch: 7 | loss: 0.0520769
	speed: 0.0113s/iter; left time: 17.4096s
	iters: 300, epoch: 7 | loss: 0.0650566
	speed: 0.0114s/iter; left time: 16.4095s
	iters: 400, epoch: 7 | loss: 0.1384389
	speed: 0.0102s/iter; left time: 13.6583s
Epoch: 7 cost time: 4.530502557754517
Epoch: 7, Steps: 434 | Train Loss: 0.069911 Vali Loss: 0.086779
Validation loss decreased (0.087487 --> 0.086779).  Saving model ...
Updating learning rate to 1.5625e-05
	iters: 100, epoch: 8 | loss: 0.0592389
	speed: 0.0152s/iter; left time: 18.3154s
	iters: 200, epoch: 8 | loss: 0.0629124
	speed: 0.0108s/iter; left time: 11.9155s
	iters: 300, epoch: 8 | loss: 0.0449851
	speed: 0.0113s/iter; left time: 11.3390s
	iters: 400, epoch: 8 | loss: 0.0542290
	speed: 0.0110s/iter; left time: 9.9255s
Epoch: 8 cost time: 4.6588990688323975
Epoch: 8, Steps: 434 | Train Loss: 0.069721 Vali Loss: 0.086667
Validation loss decreased (0.086779 --> 0.086667).  Saving model ...
Updating learning rate to 7.8125e-06
	iters: 100, epoch: 9 | loss: 0.0684218
	speed: 0.0166s/iter; left time: 12.7658s
	iters: 200, epoch: 9 | loss: 0.0571844
	speed: 0.0102s/iter; left time: 6.7967s
	iters: 300, epoch: 9 | loss: 0.0452337
	speed: 0.0112s/iter; left time: 6.3672s
	iters: 400, epoch: 9 | loss: 0.1247268
	speed: 0.0106s/iter; left time: 4.9747s
Epoch: 9 cost time: 4.637371063232422
Epoch: 9, Steps: 434 | Train Loss: 0.069518 Vali Loss: 0.086095
Validation loss decreased (0.086667 --> 0.086095).  Saving model ...
Updating learning rate to 3.90625e-06
	iters: 100, epoch: 10 | loss: 0.1295699
	speed: 0.0155s/iter; left time: 5.1916s
	iters: 200, epoch: 10 | loss: 0.0566249
	speed: 0.0102s/iter; left time: 2.3908s
	iters: 300, epoch: 10 | loss: 0.0706284
	speed: 0.0104s/iter; left time: 1.3998s
	iters: 400, epoch: 10 | loss: 0.1161283
	speed: 0.0104s/iter; left time: 0.3625s
Epoch: 10 cost time: 4.452277421951294
Epoch: 10, Steps: 434 | Train Loss: 0.069502 Vali Loss: 0.085993
Validation loss decreased (0.086095 --> 0.085993).  Saving model ...
Updating learning rate to 1.953125e-06
Training ended at 2024-07-16 22:58:33.965693, time taken 0:00:47.584206, per epoch 0:00:05.287134
Loading model from ./results/traffic_SegRNN/1/checkpoint.pth
val 1732
Preds and Trues shape: (1732, 24, 1) (1732, 24, 1)
flag:val, mse:0.086691, mae:0.203, rmse: 0.29443.
>>>>>>> testing : <<<<<<<<<<<
test 1731
Preds and Trues shape: (1731, 24, 1) (1731, 24, 1)
flag:test, mse:0.24509, mae:0.29341, rmse: 0.49506.


>>>> itr_no: 2, seed: 506 <<<<<<
Use GPU: cuda:0
Experiments will be saved in ./results/traffic_SegRNN/2
>>>>>>> training : >>>>>>>>>
train 13916
val 1732
Training started at 2024-07-16 22:58:42.608652.
	iters: 100, epoch: 1 | loss: 0.1534318
	speed: 0.0056s/iter; left time: 23.5873s
	iters: 200, epoch: 1 | loss: 0.1802702
	speed: 0.0093s/iter; left time: 38.5389s
	iters: 300, epoch: 1 | loss: 0.1337915
	speed: 0.0109s/iter; left time: 43.9122s
	iters: 400, epoch: 1 | loss: 0.0823695
	speed: 0.0102s/iter; left time: 40.3177s
Epoch: 1 cost time: 3.989537000656128
Epoch: 1, Steps: 434 | Train Loss: 0.18724 Vali Loss: 0.16338
Validation loss decreased (inf --> 0.163382).  Saving model ...
Updating learning rate to 0.001
	iters: 100, epoch: 2 | loss: 0.1079709
	speed: 0.0170s/iter; left time: 64.5833s
	iters: 200, epoch: 2 | loss: 0.0861554
	speed: 0.0105s/iter; left time: 38.9062s
	iters: 300, epoch: 2 | loss: 0.0625162
	speed: 0.0110s/iter; left time: 39.5039s
	iters: 400, epoch: 2 | loss: 0.0796480
	speed: 0.0107s/iter; left time: 37.5618s
Epoch: 2 cost time: 4.673702001571655
Epoch: 2, Steps: 434 | Train Loss: 0.097855 Vali Loss: 0.12721
Validation loss decreased (0.163382 --> 0.127207).  Saving model ...
Updating learning rate to 0.0005
	iters: 100, epoch: 3 | loss: 0.0620655
	speed: 0.0156s/iter; left time: 52.5884s
	iters: 200, epoch: 3 | loss: 0.0700882
	speed: 0.0112s/iter; left time: 36.5533s
	iters: 300, epoch: 3 | loss: 0.1258221
	speed: 0.0111s/iter; left time: 35.3365s
	iters: 400, epoch: 3 | loss: 0.0411810
	speed: 0.0114s/iter; left time: 34.9670s
Epoch: 3 cost time: 4.688603401184082
Epoch: 3, Steps: 434 | Train Loss: 0.081393 Vali Loss: 0.10426
Validation loss decreased (0.127207 --> 0.104264).  Saving model ...
Updating learning rate to 0.00025
	iters: 100, epoch: 4 | loss: 0.0514987
	speed: 0.0154s/iter; left time: 45.1555s
	iters: 200, epoch: 4 | loss: 0.0442824
	speed: 0.0114s/iter; left time: 32.4311s
	iters: 300, epoch: 4 | loss: 0.0696199
	speed: 0.0111s/iter; left time: 30.2886s
	iters: 400, epoch: 4 | loss: 0.0790737
	speed: 0.0108s/iter; left time: 28.3989s
Epoch: 4 cost time: 4.704792499542236
Epoch: 4, Steps: 434 | Train Loss: 0.074849 Vali Loss: 0.093178
Validation loss decreased (0.104264 --> 0.093178).  Saving model ...
Updating learning rate to 0.000125
	iters: 100, epoch: 5 | loss: 0.2098711
	speed: 0.0158s/iter; left time: 39.5688s
	iters: 200, epoch: 5 | loss: 0.0627938
	speed: 0.0111s/iter; left time: 26.6246s
	iters: 300, epoch: 5 | loss: 0.0615516
	speed: 0.0114s/iter; left time: 26.1885s
	iters: 400, epoch: 5 | loss: 0.0594590
	speed: 0.0109s/iter; left time: 24.0800s
Epoch: 5 cost time: 4.7003936767578125
Epoch: 5, Steps: 434 | Train Loss: 0.072138 Vali Loss: 0.094158
EarlyStopping counter: 1 out of 3
Loading model from ./results/traffic_SegRNN/2/checkpoint.pth
Updating learning rate to 6.25e-05
	iters: 100, epoch: 6 | loss: 0.0617190
	speed: 0.0148s/iter; left time: 30.7210s
	iters: 200, epoch: 6 | loss: 0.0492097
	speed: 0.0105s/iter; left time: 20.7513s
	iters: 300, epoch: 6 | loss: 0.0482498
	speed: 0.0109s/iter; left time: 20.3351s
	iters: 400, epoch: 6 | loss: 0.0756799
	speed: 0.0102s/iter; left time: 18.0892s
Epoch: 6 cost time: 4.456746339797974
Epoch: 6, Steps: 434 | Train Loss: 0.071896 Vali Loss: 0.090604
Validation loss decreased (0.093178 --> 0.090604).  Saving model ...
Updating learning rate to 3.125e-05
	iters: 100, epoch: 7 | loss: 0.0615894
	speed: 0.0149s/iter; left time: 24.3979s
	iters: 200, epoch: 7 | loss: 0.0639006
	speed: 0.0107s/iter; left time: 16.4595s
	iters: 300, epoch: 7 | loss: 0.0541294
	speed: 0.0109s/iter; left time: 15.6201s
	iters: 400, epoch: 7 | loss: 0.0558420
	speed: 0.0100s/iter; left time: 13.3179s
Epoch: 7 cost time: 4.383537292480469
Epoch: 7, Steps: 434 | Train Loss: 0.070841 Vali Loss: 0.090241
Validation loss decreased (0.090604 --> 0.090241).  Saving model ...
Updating learning rate to 1.5625e-05
	iters: 100, epoch: 8 | loss: 0.0517821
	speed: 0.0128s/iter; left time: 15.4573s
	iters: 200, epoch: 8 | loss: 0.0551813
	speed: 0.0109s/iter; left time: 11.9904s
	iters: 300, epoch: 8 | loss: 0.0399890
	speed: 0.0110s/iter; left time: 11.0235s
	iters: 400, epoch: 8 | loss: 0.0402306
	speed: 0.0100s/iter; left time: 9.0716s
Epoch: 8 cost time: 4.357023477554321
Epoch: 8, Steps: 434 | Train Loss: 0.070371 Vali Loss: 0.091252
EarlyStopping counter: 1 out of 3
Loading model from ./results/traffic_SegRNN/2/checkpoint.pth
Updating learning rate to 7.8125e-06
	iters: 100, epoch: 9 | loss: 0.0489650
	speed: 0.0146s/iter; left time: 11.2598s
	iters: 200, epoch: 9 | loss: 0.0455077
	speed: 0.0109s/iter; left time: 7.2614s
	iters: 300, epoch: 9 | loss: 0.0689435
	speed: 0.0115s/iter; left time: 6.5204s
	iters: 400, epoch: 9 | loss: 0.0520987
	speed: 0.0110s/iter; left time: 5.1722s
Epoch: 9 cost time: 4.612858057022095
Epoch: 9, Steps: 434 | Train Loss: 0.070339 Vali Loss: 0.090678
EarlyStopping counter: 2 out of 3
Loading model from ./results/traffic_SegRNN/2/checkpoint.pth
Updating learning rate to 3.90625e-06
	iters: 100, epoch: 10 | loss: 0.0461638
	speed: 0.0149s/iter; left time: 4.9923s
	iters: 200, epoch: 10 | loss: 0.0472718
	speed: 0.0105s/iter; left time: 2.4723s
	iters: 300, epoch: 10 | loss: 0.0663850
	speed: 0.0109s/iter; left time: 1.4673s
	iters: 400, epoch: 10 | loss: 0.1036826
	speed: 0.0103s/iter; left time: 0.3615s
Epoch: 10 cost time: 4.460830926895142
Epoch: 10, Steps: 434 | Train Loss: 0.070483 Vali Loss: 0.091306
EarlyStopping counter: 3 out of 3
Early stopping
Training ended at 2024-07-16 22:59:29.604681, time taken 0:00:46.996029, per epoch 0:00:04.699603
Loading model from ./results/traffic_SegRNN/2/checkpoint.pth
val 1732
Preds and Trues shape: (1732, 24, 1) (1732, 24, 1)
flag:val, mse:0.090648, mae:0.20972, rmse: 0.30108.
>>>>>>> testing : <<<<<<<<<<<
test 1731
Preds and Trues shape: (1731, 24, 1) (1731, 24, 1)
flag:test, mse:0.25208, mae:0.30202, rmse: 0.50208.


>>>> itr_no: 3, seed: 608 <<<<<<
Use GPU: cuda:0
Experiments will be saved in ./results/traffic_SegRNN/3
>>>>>>> training : >>>>>>>>>
train 13916
val 1732
Training started at 2024-07-16 22:59:38.176904.
	iters: 100, epoch: 1 | loss: 0.1187228
	speed: 0.0061s/iter; left time: 25.6649s
	iters: 200, epoch: 1 | loss: 0.1081791
	speed: 0.0094s/iter; left time: 39.0271s
	iters: 300, epoch: 1 | loss: 0.1094526
	speed: 0.0107s/iter; left time: 43.2600s
	iters: 400, epoch: 1 | loss: 0.0883458
	speed: 0.0114s/iter; left time: 45.0887s
Epoch: 1 cost time: 4.156307220458984
Epoch: 1, Steps: 434 | Train Loss: 0.17977 Vali Loss: 0.18203
Validation loss decreased (inf --> 0.182029).  Saving model ...
Updating learning rate to 0.001
	iters: 100, epoch: 2 | loss: 0.0714350
	speed: 0.0163s/iter; left time: 62.0646s
	iters: 200, epoch: 2 | loss: 0.1417521
	speed: 0.0107s/iter; left time: 39.6703s
	iters: 300, epoch: 2 | loss: 0.0802860
	speed: 0.0105s/iter; left time: 37.7982s
	iters: 400, epoch: 2 | loss: 0.0908264
	speed: 0.0113s/iter; left time: 39.6267s
Epoch: 2 cost time: 4.66334080696106
Epoch: 2, Steps: 434 | Train Loss: 0.098777 Vali Loss: 0.1328
Validation loss decreased (0.182029 --> 0.132796).  Saving model ...
Updating learning rate to 0.0005
	iters: 100, epoch: 3 | loss: 0.0936985
	speed: 0.0151s/iter; left time: 50.7761s
	iters: 200, epoch: 3 | loss: 0.0747533
	speed: 0.0115s/iter; left time: 37.5710s
	iters: 300, epoch: 3 | loss: 0.0659643
	speed: 0.0114s/iter; left time: 36.2029s
	iters: 400, epoch: 3 | loss: 0.0752247
	speed: 0.0108s/iter; left time: 33.3293s
Epoch: 3 cost time: 4.6507909297943115
Epoch: 3, Steps: 434 | Train Loss: 0.082126 Vali Loss: 0.11462
Validation loss decreased (0.132796 --> 0.114619).  Saving model ...
Updating learning rate to 0.00025
	iters: 100, epoch: 4 | loss: 0.0582488
	speed: 0.0146s/iter; left time: 42.8623s
	iters: 200, epoch: 4 | loss: 0.0522006
	speed: 0.0110s/iter; left time: 31.2091s
	iters: 300, epoch: 4 | loss: 0.0541078
	speed: 0.0111s/iter; left time: 30.2708s
	iters: 400, epoch: 4 | loss: 0.0703113
	speed: 0.0109s/iter; left time: 28.7241s
Epoch: 4 cost time: 4.541517972946167
Epoch: 4, Steps: 434 | Train Loss: 0.075701 Vali Loss: 0.097619
Validation loss decreased (0.114619 --> 0.097619).  Saving model ...
Updating learning rate to 0.000125
	iters: 100, epoch: 5 | loss: 0.0501792
	speed: 0.0150s/iter; left time: 37.4831s
	iters: 200, epoch: 5 | loss: 0.0535267
	speed: 0.0108s/iter; left time: 25.9976s
	iters: 300, epoch: 5 | loss: 0.0544403
	speed: 0.0109s/iter; left time: 25.0855s
	iters: 400, epoch: 5 | loss: 0.0942818
	speed: 0.0098s/iter; left time: 21.5851s
Epoch: 5 cost time: 4.508094787597656
Epoch: 5, Steps: 434 | Train Loss: 0.072148 Vali Loss: 0.092111
Validation loss decreased (0.097619 --> 0.092111).  Saving model ...
Updating learning rate to 6.25e-05
	iters: 100, epoch: 6 | loss: 0.1069049
	speed: 0.0163s/iter; left time: 33.7056s
	iters: 200, epoch: 6 | loss: 0.0736983
	speed: 0.0100s/iter; left time: 19.7414s
	iters: 300, epoch: 6 | loss: 0.0727116
	speed: 0.0114s/iter; left time: 21.2617s
	iters: 400, epoch: 6 | loss: 0.1339430
	speed: 0.0111s/iter; left time: 19.7389s
Epoch: 6 cost time: 4.657959938049316
Epoch: 6, Steps: 434 | Train Loss: 0.070732 Vali Loss: 0.090621
Validation loss decreased (0.092111 --> 0.090621).  Saving model ...
Updating learning rate to 3.125e-05
	iters: 100, epoch: 7 | loss: 0.1241944
	speed: 0.0155s/iter; left time: 25.3760s
	iters: 200, epoch: 7 | loss: 0.0533875
	speed: 0.0104s/iter; left time: 15.9845s
	iters: 300, epoch: 7 | loss: 0.0785944
	speed: 0.0100s/iter; left time: 14.4270s
	iters: 400, epoch: 7 | loss: 0.0777460
	speed: 0.0102s/iter; left time: 13.6451s
Epoch: 7 cost time: 4.387693166732788
Epoch: 7, Steps: 434 | Train Loss: 0.06999 Vali Loss: 0.088329
Validation loss decreased (0.090621 --> 0.088329).  Saving model ...
Updating learning rate to 1.5625e-05
	iters: 100, epoch: 8 | loss: 0.0402658
	speed: 0.0159s/iter; left time: 19.1002s
	iters: 200, epoch: 8 | loss: 0.0525469
	speed: 0.0109s/iter; left time: 12.0432s
	iters: 300, epoch: 8 | loss: 0.0550592
	speed: 0.0114s/iter; left time: 11.4709s
	iters: 400, epoch: 8 | loss: 0.0698811
	speed: 0.0112s/iter; left time: 10.1139s
Epoch: 8 cost time: 4.751075029373169
Epoch: 8, Steps: 434 | Train Loss: 0.069618 Vali Loss: 0.091146
EarlyStopping counter: 1 out of 3
Loading model from ./results/traffic_SegRNN/3/checkpoint.pth
Updating learning rate to 7.8125e-06
	iters: 100, epoch: 9 | loss: 0.0459137
	speed: 0.0152s/iter; left time: 11.6761s
	iters: 200, epoch: 9 | loss: 0.0368803
	speed: 0.0101s/iter; left time: 6.7432s
	iters: 300, epoch: 9 | loss: 0.0525410
	speed: 0.0109s/iter; left time: 6.1916s
	iters: 400, epoch: 9 | loss: 0.0655401
	speed: 0.0095s/iter; left time: 4.4457s
Epoch: 9 cost time: 4.318556308746338
Epoch: 9, Steps: 434 | Train Loss: 0.069769 Vali Loss: 0.090037
EarlyStopping counter: 2 out of 3
Loading model from ./results/traffic_SegRNN/3/checkpoint.pth
Updating learning rate to 3.90625e-06
	iters: 100, epoch: 10 | loss: 0.0623233
	speed: 0.0136s/iter; left time: 4.5586s
	iters: 200, epoch: 10 | loss: 0.0969271
	speed: 0.0114s/iter; left time: 2.6713s
	iters: 300, epoch: 10 | loss: 0.0499756
	speed: 0.0107s/iter; left time: 1.4445s
	iters: 400, epoch: 10 | loss: 0.0978487
	speed: 0.0101s/iter; left time: 0.3547s
Epoch: 10 cost time: 4.427179336547852
Epoch: 10, Steps: 434 | Train Loss: 0.069583 Vali Loss: 0.089805
EarlyStopping counter: 3 out of 3
Early stopping
Training ended at 2024-07-16 23:00:25.231920, time taken 0:00:47.055016, per epoch 0:00:04.705502
Loading model from ./results/traffic_SegRNN/3/checkpoint.pth
val 1732
Preds and Trues shape: (1732, 24, 1) (1732, 24, 1)
flag:val, mse:0.088705, mae:0.20535, rmse: 0.29783.
>>>>>>> testing : <<<<<<<<<<<
test 1731
Preds and Trues shape: (1731, 24, 1) (1731, 24, 1)
flag:test, mse:0.24726, mae:0.29499, rmse: 0.49726.

Args in experiment:
Namespace(task_name='long_term_forecast', train=True, dry_run=False, model='MICN', seed=2024, itrs=3, itr_no=None, data='custom', result_path='./results', root_path='./dataset/traffic/', data_path='traffic.csv', flag='test', features='S', target='OT', freq='h', seq_len=96, label_len=12, pred_len=24, seasonal_patterns='Monthly', top_k=5, num_kernels=6, n_features=1, d_model=128, n_heads=4, e_layers=2, d_layers=1, d_ff=256, moving_avg=25, factor=3, distil=True, dropout=0.1, embed='timeF', activation='gelu', output_attention=False, conv_kernel=[18, 12], seg_len=24, num_workers=0, train_epochs=10, batch_size=32, patience=3, learning_rate=0.001, lradj='type1', use_amp=False, use_cpu=False, gpu=0, use_multi_gpu=False, devices='0,1,2,3', p_hidden_dims=[128, 128], p_hidden_layers=2, use_gpu=True, enc_in=1, dec_in=1, c_out=1)

>>>> itr_no: 1, seed: 648 <<<<<<
Use GPU: cuda:0
Experiments will be saved in ./results/traffic_MICN/1
>>>>>>> training : >>>>>>>>>
train 13916
val 1732
Training started at 2024-07-16 23:00:40.954049.
	iters: 100, epoch: 1 | loss: 0.0980432
	speed: 0.0273s/iter; left time: 115.7496s
	iters: 200, epoch: 1 | loss: 0.1092682
	speed: 0.0286s/iter; left time: 118.3679s
	iters: 300, epoch: 1 | loss: 0.0592657
	speed: 0.0286s/iter; left time: 115.7621s
	iters: 400, epoch: 1 | loss: 0.0844470
	speed: 0.0288s/iter; left time: 113.3084s
Epoch: 1 cost time: 12.301576852798462
Epoch: 1, Steps: 434 | Train Loss: 0.13499 Vali Loss: 0.12248
Validation loss decreased (inf --> 0.122477).  Saving model ...
Updating learning rate to 0.001
	iters: 100, epoch: 2 | loss: 0.1040629
	speed: 0.0434s/iter; left time: 165.1701s
	iters: 200, epoch: 2 | loss: 0.0717347
	speed: 0.0287s/iter; left time: 106.5256s
	iters: 300, epoch: 2 | loss: 0.0583640
	speed: 0.0284s/iter; left time: 102.4364s
	iters: 400, epoch: 2 | loss: 0.0793503
	speed: 0.0284s/iter; left time: 99.6009s
Epoch: 2 cost time: 12.367524147033691
Epoch: 2, Steps: 434 | Train Loss: 0.074066 Vali Loss: 0.1157
Validation loss decreased (0.122477 --> 0.115704).  Saving model ...
Updating learning rate to 0.0005
	iters: 100, epoch: 3 | loss: 0.0892650
	speed: 0.0427s/iter; left time: 144.0950s
	iters: 200, epoch: 3 | loss: 0.1176389
	speed: 0.0273s/iter; left time: 89.4372s
	iters: 300, epoch: 3 | loss: 0.0671182
	speed: 0.0288s/iter; left time: 91.2604s
	iters: 400, epoch: 3 | loss: 0.1285768
	speed: 0.0281s/iter; left time: 86.2932s
Epoch: 3 cost time: 12.163687705993652
Epoch: 3, Steps: 434 | Train Loss: 0.066577 Vali Loss: 0.10078
Validation loss decreased (0.115704 --> 0.100778).  Saving model ...
Updating learning rate to 0.00025
	iters: 100, epoch: 4 | loss: 0.0491088
	speed: 0.0434s/iter; left time: 127.6123s
	iters: 200, epoch: 4 | loss: 0.0313779
	speed: 0.0292s/iter; left time: 82.8643s
	iters: 300, epoch: 4 | loss: 0.0505812
	speed: 0.0286s/iter; left time: 78.2934s
	iters: 400, epoch: 4 | loss: 0.0570038
	speed: 0.0287s/iter; left time: 75.8197s
Epoch: 4 cost time: 12.508237361907959
Epoch: 4, Steps: 434 | Train Loss: 0.062968 Vali Loss: 0.10023
Validation loss decreased (0.100778 --> 0.100233).  Saving model ...
Updating learning rate to 0.000125
	iters: 100, epoch: 5 | loss: 0.0761820
	speed: 0.0436s/iter; left time: 109.2912s
	iters: 200, epoch: 5 | loss: 0.1263668
	speed: 0.0281s/iter; left time: 67.5475s
	iters: 300, epoch: 5 | loss: 0.0395714
	speed: 0.0284s/iter; left time: 65.5094s
	iters: 400, epoch: 5 | loss: 0.0381188
	speed: 0.0288s/iter; left time: 63.6108s
Epoch: 5 cost time: 12.293076992034912
Epoch: 5, Steps: 434 | Train Loss: 0.061183 Vali Loss: 0.087631
Validation loss decreased (0.100233 --> 0.087631).  Saving model ...
Updating learning rate to 6.25e-05
	iters: 100, epoch: 6 | loss: 0.0555249
	speed: 0.0430s/iter; left time: 88.9744s
	iters: 200, epoch: 6 | loss: 0.0522749
	speed: 0.0290s/iter; left time: 57.0709s
	iters: 300, epoch: 6 | loss: 0.0657702
	speed: 0.0284s/iter; left time: 53.1550s
	iters: 400, epoch: 6 | loss: 0.0469994
	speed: 0.0283s/iter; left time: 50.0768s
Epoch: 6 cost time: 12.368472576141357
Epoch: 6, Steps: 434 | Train Loss: 0.05988 Vali Loss: 0.089296
EarlyStopping counter: 1 out of 3
Loading model from ./results/traffic_MICN/1/checkpoint.pth
Updating learning rate to 3.125e-05
	iters: 100, epoch: 7 | loss: 0.0537845
	speed: 0.0397s/iter; left time: 64.9618s
	iters: 200, epoch: 7 | loss: 0.0446718
	speed: 0.0289s/iter; left time: 44.4054s
	iters: 300, epoch: 7 | loss: 0.0505196
	speed: 0.0286s/iter; left time: 41.0421s
	iters: 400, epoch: 7 | loss: 0.0575120
	speed: 0.0283s/iter; left time: 37.8775s
Epoch: 7 cost time: 12.103631258010864
Epoch: 7, Steps: 434 | Train Loss: 0.05976 Vali Loss: 0.088026
EarlyStopping counter: 2 out of 3
Loading model from ./results/traffic_MICN/1/checkpoint.pth
Updating learning rate to 1.5625e-05
	iters: 100, epoch: 8 | loss: 0.0557851
	speed: 0.0402s/iter; left time: 48.3034s
	iters: 200, epoch: 8 | loss: 0.0477105
	speed: 0.0284s/iter; left time: 31.3263s
	iters: 300, epoch: 8 | loss: 0.0432060
	speed: 0.0288s/iter; left time: 28.9099s
	iters: 400, epoch: 8 | loss: 0.0845839
	speed: 0.0284s/iter; left time: 25.6321s
Epoch: 8 cost time: 12.005634307861328
Epoch: 8, Steps: 434 | Train Loss: 0.059826 Vali Loss: 0.088672
EarlyStopping counter: 3 out of 3
Early stopping
Training ended at 2024-07-16 23:02:23.044043, time taken 0:01:42.089994, per epoch 0:00:12.761249
Loading model from ./results/traffic_MICN/1/checkpoint.pth
val 1732
Preds and Trues shape: (1732, 24, 1) (1732, 24, 1)
flag:val, mse:0.08766, mae:0.20359, rmse: 0.29607.
>>>>>>> testing : <<<<<<<<<<<
test 1731
Preds and Trues shape: (1731, 24, 1) (1731, 24, 1)
flag:test, mse:0.20017, mae:0.27022, rmse: 0.4474.


>>>> itr_no: 2, seed: 506 <<<<<<
Use GPU: cuda:0
Experiments will be saved in ./results/traffic_MICN/2
>>>>>>> training : >>>>>>>>>
train 13916
val 1732
Training started at 2024-07-16 23:02:31.935778.
	iters: 100, epoch: 1 | loss: 0.2179138
	speed: 0.0238s/iter; left time: 101.1160s
	iters: 200, epoch: 1 | loss: 0.0902871
	speed: 0.0287s/iter; left time: 118.8771s
	iters: 300, epoch: 1 | loss: 0.0715811
	speed: 0.0282s/iter; left time: 114.1170s
	iters: 400, epoch: 1 | loss: 0.0718768
	speed: 0.0274s/iter; left time: 108.0227s
Epoch: 1 cost time: 11.806966304779053
Epoch: 1, Steps: 434 | Train Loss: 0.14126 Vali Loss: 0.14507
Validation loss decreased (inf --> 0.145071).  Saving model ...
Updating learning rate to 0.001
	iters: 100, epoch: 2 | loss: 0.0715623
	speed: 0.0440s/iter; left time: 167.3342s
	iters: 200, epoch: 2 | loss: 0.1180068
	speed: 0.0284s/iter; left time: 105.3226s
	iters: 300, epoch: 2 | loss: 0.0625215
	speed: 0.0285s/iter; left time: 102.8349s
	iters: 400, epoch: 2 | loss: 0.0590333
	speed: 0.0287s/iter; left time: 100.5606s
Epoch: 2 cost time: 12.41522216796875
Epoch: 2, Steps: 434 | Train Loss: 0.074529 Vali Loss: 0.11275
Validation loss decreased (0.145071 --> 0.112751).  Saving model ...
Updating learning rate to 0.0005
	iters: 100, epoch: 3 | loss: 0.0560388
	speed: 0.0436s/iter; left time: 147.0633s
	iters: 200, epoch: 3 | loss: 0.1027163
	speed: 0.0286s/iter; left time: 93.5620s
	iters: 300, epoch: 3 | loss: 0.0681143
	speed: 0.0285s/iter; left time: 90.4894s
	iters: 400, epoch: 3 | loss: 0.1307223
	speed: 0.0281s/iter; left time: 86.3811s
Epoch: 3 cost time: 12.354122877120972
Epoch: 3, Steps: 434 | Train Loss: 0.066972 Vali Loss: 0.10051
Validation loss decreased (0.112751 --> 0.100514).  Saving model ...
Updating learning rate to 0.00025
	iters: 100, epoch: 4 | loss: 0.0489421
	speed: 0.0432s/iter; left time: 126.9278s
	iters: 200, epoch: 4 | loss: 0.0436868
	speed: 0.0288s/iter; left time: 81.7448s
	iters: 300, epoch: 4 | loss: 0.0513643
	speed: 0.0286s/iter; left time: 78.2839s
	iters: 400, epoch: 4 | loss: 0.1264779
	speed: 0.0289s/iter; left time: 76.1356s
Epoch: 4 cost time: 12.429050207138062
Epoch: 4, Steps: 434 | Train Loss: 0.063564 Vali Loss: 0.097195
Validation loss decreased (0.100514 --> 0.097195).  Saving model ...
Updating learning rate to 0.000125
	iters: 100, epoch: 5 | loss: 0.0866640
	speed: 0.0427s/iter; left time: 106.9571s
	iters: 200, epoch: 5 | loss: 0.1091776
	speed: 0.0279s/iter; left time: 66.9909s
	iters: 300, epoch: 5 | loss: 0.0867406
	speed: 0.0285s/iter; left time: 65.6992s
	iters: 400, epoch: 5 | loss: 0.0617854
	speed: 0.0285s/iter; left time: 62.9432s
Epoch: 5 cost time: 12.224851131439209
Epoch: 5, Steps: 434 | Train Loss: 0.061295 Vali Loss: 0.089727
Validation loss decreased (0.097195 --> 0.089727).  Saving model ...
Updating learning rate to 6.25e-05
	iters: 100, epoch: 6 | loss: 0.1076726
	speed: 0.0428s/iter; left time: 88.6433s
	iters: 200, epoch: 6 | loss: 0.0520822
	speed: 0.0285s/iter; left time: 56.0812s
	iters: 300, epoch: 6 | loss: 0.0700901
	speed: 0.0284s/iter; left time: 53.1961s
	iters: 400, epoch: 6 | loss: 0.0613690
	speed: 0.0284s/iter; left time: 50.2680s
Epoch: 6 cost time: 12.312967538833618
Epoch: 6, Steps: 434 | Train Loss: 0.060302 Vali Loss: 0.087172
Validation loss decreased (0.089727 --> 0.087172).  Saving model ...
Updating learning rate to 3.125e-05
	iters: 100, epoch: 7 | loss: 0.0363158
	speed: 0.0432s/iter; left time: 70.7110s
	iters: 200, epoch: 7 | loss: 0.0621355
	speed: 0.0285s/iter; left time: 43.7284s
	iters: 300, epoch: 7 | loss: 0.0519420
	speed: 0.0286s/iter; left time: 41.1255s
	iters: 400, epoch: 7 | loss: 0.0695321
	speed: 0.0284s/iter; left time: 37.9255s
Epoch: 7 cost time: 12.255209922790527
Epoch: 7, Steps: 434 | Train Loss: 0.059557 Vali Loss: 0.088446
EarlyStopping counter: 1 out of 3
Loading model from ./results/traffic_MICN/2/checkpoint.pth
Updating learning rate to 1.5625e-05
	iters: 100, epoch: 8 | loss: 0.0410130
	speed: 0.0386s/iter; left time: 46.4230s
	iters: 200, epoch: 8 | loss: 0.2161405
	speed: 0.0284s/iter; left time: 31.3197s
	iters: 300, epoch: 8 | loss: 0.0784990
	speed: 0.0282s/iter; left time: 28.2689s
	iters: 400, epoch: 8 | loss: 0.0559072
	speed: 0.0286s/iter; left time: 25.8088s
Epoch: 8 cost time: 12.021325826644897
Epoch: 8, Steps: 434 | Train Loss: 0.05941 Vali Loss: 0.087485
EarlyStopping counter: 2 out of 3
Loading model from ./results/traffic_MICN/2/checkpoint.pth
Updating learning rate to 7.8125e-06
	iters: 100, epoch: 9 | loss: 0.0925670
	speed: 0.0403s/iter; left time: 30.9530s
	iters: 200, epoch: 9 | loss: 0.0480616
	speed: 0.0285s/iter; left time: 19.0587s
	iters: 300, epoch: 9 | loss: 0.0530335
	speed: 0.0289s/iter; left time: 16.4681s
	iters: 400, epoch: 9 | loss: 0.0312021
	speed: 0.0290s/iter; left time: 13.5975s
Epoch: 9 cost time: 12.231109142303467
Epoch: 9, Steps: 434 | Train Loss: 0.0595 Vali Loss: 0.088142
EarlyStopping counter: 3 out of 3
Early stopping
Training ended at 2024-07-16 23:04:26.416421, time taken 0:01:54.480643, per epoch 0:00:12.720071
Loading model from ./results/traffic_MICN/2/checkpoint.pth
val 1732
Preds and Trues shape: (1732, 24, 1) (1732, 24, 1)
flag:val, mse:0.08761, mae:0.20142, rmse: 0.29599.
>>>>>>> testing : <<<<<<<<<<<
test 1731
Preds and Trues shape: (1731, 24, 1) (1731, 24, 1)
flag:test, mse:0.20323, mae:0.27208, rmse: 0.45081.


>>>> itr_no: 3, seed: 608 <<<<<<
Use GPU: cuda:0
Experiments will be saved in ./results/traffic_MICN/3
>>>>>>> training : >>>>>>>>>
train 13916
val 1732
Training started at 2024-07-16 23:04:35.460005.
	iters: 100, epoch: 1 | loss: 0.0911461
	speed: 0.0241s/iter; left time: 102.3437s
	iters: 200, epoch: 1 | loss: 0.0907354
	speed: 0.0282s/iter; left time: 116.5978s
	iters: 300, epoch: 1 | loss: 0.1168400
	speed: 0.0291s/iter; left time: 117.4937s
	iters: 400, epoch: 1 | loss: 0.0790817
	speed: 0.0287s/iter; left time: 113.0941s
Epoch: 1 cost time: 11.9828462600708
Epoch: 1, Steps: 434 | Train Loss: 0.13719 Vali Loss: 0.11912
Validation loss decreased (inf --> 0.119116).  Saving model ...
Updating learning rate to 0.001
	iters: 100, epoch: 2 | loss: 0.0619847
	speed: 0.0440s/iter; left time: 167.3961s
	iters: 200, epoch: 2 | loss: 0.0590286
	speed: 0.0284s/iter; left time: 105.1778s
	iters: 300, epoch: 2 | loss: 0.0820071
	speed: 0.0284s/iter; left time: 102.5843s
	iters: 400, epoch: 2 | loss: 0.0709091
	speed: 0.0283s/iter; left time: 99.1453s
Epoch: 2 cost time: 12.353310346603394
Epoch: 2, Steps: 434 | Train Loss: 0.074666 Vali Loss: 0.099418
Validation loss decreased (0.119116 --> 0.099418).  Saving model ...
Updating learning rate to 0.0005
	iters: 100, epoch: 3 | loss: 0.0447138
	speed: 0.0428s/iter; left time: 144.2918s
	iters: 200, epoch: 3 | loss: 0.0679661
	speed: 0.0288s/iter; left time: 94.4248s
	iters: 300, epoch: 3 | loss: 0.0449729
	speed: 0.0279s/iter; left time: 88.5995s
	iters: 400, epoch: 3 | loss: 0.0780860
	speed: 0.0289s/iter; left time: 88.6731s
Epoch: 3 cost time: 12.323974370956421
Epoch: 3, Steps: 434 | Train Loss: 0.066917 Vali Loss: 0.097747
Validation loss decreased (0.099418 --> 0.097747).  Saving model ...
Updating learning rate to 0.00025
	iters: 100, epoch: 4 | loss: 0.0546894
	speed: 0.0434s/iter; left time: 127.6917s
	iters: 200, epoch: 4 | loss: 0.1326192
	speed: 0.0285s/iter; left time: 80.8587s
	iters: 300, epoch: 4 | loss: 0.0891847
	speed: 0.0282s/iter; left time: 77.2700s
	iters: 400, epoch: 4 | loss: 0.0505457
	speed: 0.0279s/iter; left time: 73.5818s
Epoch: 4 cost time: 12.256187677383423
Epoch: 4, Steps: 434 | Train Loss: 0.063555 Vali Loss: 0.092745
Validation loss decreased (0.097747 --> 0.092745).  Saving model ...
Updating learning rate to 0.000125
	iters: 100, epoch: 5 | loss: 0.0479995
	speed: 0.0433s/iter; left time: 108.5314s
	iters: 200, epoch: 5 | loss: 0.0425148
	speed: 0.0283s/iter; left time: 68.1464s
	iters: 300, epoch: 5 | loss: 0.0440445
	speed: 0.0283s/iter; left time: 65.1654s
	iters: 400, epoch: 5 | loss: 0.0318581
	speed: 0.0284s/iter; left time: 62.6503s
Epoch: 5 cost time: 12.239832639694214
Epoch: 5, Steps: 434 | Train Loss: 0.062121 Vali Loss: 0.092274
Validation loss decreased (0.092745 --> 0.092274).  Saving model ...
Updating learning rate to 6.25e-05
	iters: 100, epoch: 6 | loss: 0.0594133
	speed: 0.0421s/iter; left time: 87.1731s
	iters: 200, epoch: 6 | loss: 0.0417353
	speed: 0.0282s/iter; left time: 55.6028s
	iters: 300, epoch: 6 | loss: 0.0366641
	speed: 0.0289s/iter; left time: 54.0651s
	iters: 400, epoch: 6 | loss: 0.0945246
	speed: 0.0283s/iter; left time: 50.1110s
Epoch: 6 cost time: 12.3078932762146
Epoch: 6, Steps: 434 | Train Loss: 0.060719 Vali Loss: 0.090636
Validation loss decreased (0.092274 --> 0.090636).  Saving model ...
Updating learning rate to 3.125e-05
	iters: 100, epoch: 7 | loss: 0.0676247
	speed: 0.0425s/iter; left time: 69.5863s
	iters: 200, epoch: 7 | loss: 0.0586444
	speed: 0.0285s/iter; left time: 43.8418s
	iters: 300, epoch: 7 | loss: 0.0361215
	speed: 0.0284s/iter; left time: 40.8422s
	iters: 400, epoch: 7 | loss: 0.0425675
	speed: 0.0283s/iter; left time: 37.8682s
Epoch: 7 cost time: 12.258431434631348
Epoch: 7, Steps: 434 | Train Loss: 0.060047 Vali Loss: 0.087192
Validation loss decreased (0.090636 --> 0.087192).  Saving model ...
Updating learning rate to 1.5625e-05
	iters: 100, epoch: 8 | loss: 0.0528110
	speed: 0.0433s/iter; left time: 52.0993s
	iters: 200, epoch: 8 | loss: 0.0607043
	speed: 0.0283s/iter; left time: 31.2153s
	iters: 300, epoch: 8 | loss: 0.0696100
	speed: 0.0283s/iter; left time: 28.4024s
	iters: 400, epoch: 8 | loss: 0.0647122
	speed: 0.0284s/iter; left time: 25.6524s
Epoch: 8 cost time: 12.286116600036621
Epoch: 8, Steps: 434 | Train Loss: 0.059609 Vali Loss: 0.089813
EarlyStopping counter: 1 out of 3
Loading model from ./results/traffic_MICN/3/checkpoint.pth
Updating learning rate to 7.8125e-06
	iters: 100, epoch: 9 | loss: 0.0470555
	speed: 0.0387s/iter; left time: 29.7621s
	iters: 200, epoch: 9 | loss: 0.0487761
	speed: 0.0285s/iter; left time: 19.0912s
	iters: 300, epoch: 9 | loss: 0.0743334
	speed: 0.0281s/iter; left time: 16.0053s
	iters: 400, epoch: 9 | loss: 0.0440446
	speed: 0.0285s/iter; left time: 13.3534s
Epoch: 9 cost time: 11.974241971969604
Epoch: 9, Steps: 434 | Train Loss: 0.059558 Vali Loss: 0.088662
EarlyStopping counter: 2 out of 3
Loading model from ./results/traffic_MICN/3/checkpoint.pth
Updating learning rate to 3.90625e-06
	iters: 100, epoch: 10 | loss: 0.0501351
	speed: 0.0399s/iter; left time: 13.3689s
	iters: 200, epoch: 10 | loss: 0.0279074
	speed: 0.0284s/iter; left time: 6.6690s
	iters: 300, epoch: 10 | loss: 0.0470029
	speed: 0.0287s/iter; left time: 3.8734s
	iters: 400, epoch: 10 | loss: 0.0578670
	speed: 0.0285s/iter; left time: 0.9958s
Epoch: 10 cost time: 12.091025114059448
Epoch: 10, Steps: 434 | Train Loss: 0.059534 Vali Loss: 0.088818
EarlyStopping counter: 3 out of 3
Early stopping
Training ended at 2024-07-16 23:06:42.533269, time taken 0:02:07.073264, per epoch 0:00:12.707326
Loading model from ./results/traffic_MICN/3/checkpoint.pth
val 1732
Preds and Trues shape: (1732, 24, 1) (1732, 24, 1)
flag:val, mse:0.087379, mae:0.20701, rmse: 0.2956.
>>>>>>> testing : <<<<<<<<<<<
test 1731
Preds and Trues shape: (1731, 24, 1) (1731, 24, 1)
flag:test, mse:0.19715, mae:0.27192, rmse: 0.44402.

Args in experiment:
Namespace(task_name='long_term_forecast', train=True, dry_run=False, model='Crossformer', seed=2024, itrs=3, itr_no=None, data='custom', result_path='./results', root_path='./dataset/traffic/', data_path='traffic.csv', flag='test', features='S', target='OT', freq='h', seq_len=96, label_len=12, pred_len=24, seasonal_patterns='Monthly', top_k=5, num_kernels=6, n_features=1, d_model=128, n_heads=4, e_layers=2, d_layers=1, d_ff=256, moving_avg=25, factor=3, distil=True, dropout=0.1, embed='timeF', activation='gelu', output_attention=False, conv_kernel=[18, 12], seg_len=24, num_workers=0, train_epochs=10, batch_size=32, patience=3, learning_rate=0.001, lradj='type1', use_amp=False, use_cpu=False, gpu=0, use_multi_gpu=False, devices='0,1,2,3', p_hidden_dims=[128, 128], p_hidden_layers=2, use_gpu=True, enc_in=1, dec_in=1, c_out=1)

>>>> itr_no: 1, seed: 648 <<<<<<
Use GPU: cuda:0
Experiments will be saved in ./results/traffic_Crossformer/1
>>>>>>> training : >>>>>>>>>
train 13916
val 1732
Training started at 2024-07-16 23:07:02.019756.
	iters: 100, epoch: 1 | loss: 0.1734634
	speed: 0.1023s/iter; left time: 433.6993s
	iters: 200, epoch: 1 | loss: 0.0928459
	speed: 0.0920s/iter; left time: 380.8658s
	iters: 300, epoch: 1 | loss: 0.0998587
	speed: 0.0906s/iter; left time: 365.9508s
	iters: 400, epoch: 1 | loss: 0.0692419
	speed: 0.0883s/iter; left time: 347.8188s
Epoch: 1 cost time: 40.47735238075256
Epoch: 1, Steps: 434 | Train Loss: 0.17455 Vali Loss: 0.11161
Validation loss decreased (inf --> 0.111609).  Saving model ...
Updating learning rate to 0.001
	iters: 100, epoch: 2 | loss: 0.0834138
	speed: 0.1369s/iter; left time: 521.1572s
	iters: 200, epoch: 2 | loss: 0.0799935
	speed: 0.0911s/iter; left time: 337.7077s
	iters: 300, epoch: 2 | loss: 0.1179832
	speed: 0.0900s/iter; left time: 324.7135s
	iters: 400, epoch: 2 | loss: 0.0729183
	speed: 0.0904s/iter; left time: 317.0289s
Epoch: 2 cost time: 39.30189085006714
Epoch: 2, Steps: 434 | Train Loss: 0.082161 Vali Loss: 0.074305
Validation loss decreased (0.111609 --> 0.074305).  Saving model ...
Updating learning rate to 0.0005
	iters: 100, epoch: 3 | loss: 0.0415153
	speed: 0.1363s/iter; left time: 459.5843s
	iters: 200, epoch: 3 | loss: 0.0400489
	speed: 0.0903s/iter; left time: 295.6046s
	iters: 300, epoch: 3 | loss: 0.0847581
	speed: 0.0881s/iter; left time: 279.6977s
	iters: 400, epoch: 3 | loss: 0.0834071
	speed: 0.0874s/iter; left time: 268.6278s
Epoch: 3 cost time: 38.65551948547363
Epoch: 3, Steps: 434 | Train Loss: 0.064151 Vali Loss: 0.067447
Validation loss decreased (0.074305 --> 0.067447).  Saving model ...
Updating learning rate to 0.00025
	iters: 100, epoch: 4 | loss: 0.0399705
	speed: 0.1329s/iter; left time: 390.6343s
	iters: 200, epoch: 4 | loss: 0.0321919
	speed: 0.0918s/iter; left time: 260.5683s
	iters: 300, epoch: 4 | loss: 0.0454481
	speed: 0.0925s/iter; left time: 253.2751s
	iters: 400, epoch: 4 | loss: 0.0523982
	speed: 0.0928s/iter; left time: 244.9212s
Epoch: 4 cost time: 39.665918827056885
Epoch: 4, Steps: 434 | Train Loss: 0.057657 Vali Loss: 0.056911
Validation loss decreased (0.067447 --> 0.056911).  Saving model ...
Updating learning rate to 0.000125
	iters: 100, epoch: 5 | loss: 0.0505595
	speed: 0.1347s/iter; left time: 337.5005s
	iters: 200, epoch: 5 | loss: 0.0691294
	speed: 0.0876s/iter; left time: 210.7186s
	iters: 300, epoch: 5 | loss: 0.0548752
	speed: 0.0894s/iter; left time: 206.1129s
	iters: 400, epoch: 5 | loss: 0.0559541
	speed: 0.0932s/iter; left time: 205.4445s
Epoch: 5 cost time: 39.3077175617218
Epoch: 5, Steps: 434 | Train Loss: 0.054181 Vali Loss: 0.059456
EarlyStopping counter: 1 out of 3
Loading model from ./results/traffic_Crossformer/1/checkpoint.pth
Updating learning rate to 6.25e-05
	iters: 100, epoch: 6 | loss: 0.0541581
	speed: 0.1342s/iter; left time: 277.9385s
	iters: 200, epoch: 6 | loss: 0.0336161
	speed: 0.0915s/iter; left time: 180.2582s
	iters: 300, epoch: 6 | loss: 0.0424349
	speed: 0.0943s/iter; left time: 176.4033s
	iters: 400, epoch: 6 | loss: 0.0581121
	speed: 0.0901s/iter; left time: 159.6158s
Epoch: 6 cost time: 39.668277978897095
Epoch: 6, Steps: 434 | Train Loss: 0.053484 Vali Loss: 0.057511
EarlyStopping counter: 2 out of 3
Loading model from ./results/traffic_Crossformer/1/checkpoint.pth
Updating learning rate to 3.125e-05
	iters: 100, epoch: 7 | loss: 0.0797877
	speed: 0.1304s/iter; left time: 213.4631s
	iters: 200, epoch: 7 | loss: 0.0708033
	speed: 0.0914s/iter; left time: 140.4446s
	iters: 300, epoch: 7 | loss: 0.0384439
	speed: 0.0922s/iter; left time: 132.5061s
	iters: 400, epoch: 7 | loss: 0.0420713
	speed: 0.0924s/iter; left time: 123.5329s
Epoch: 7 cost time: 39.43170189857483
Epoch: 7, Steps: 434 | Train Loss: 0.053475 Vali Loss: 0.056722
Validation loss decreased (0.056911 --> 0.056722).  Saving model ...
Updating learning rate to 1.5625e-05
	iters: 100, epoch: 8 | loss: 0.0738990
	speed: 0.1360s/iter; left time: 163.6167s
	iters: 200, epoch: 8 | loss: 0.0450126
	speed: 0.0895s/iter; left time: 98.7092s
	iters: 300, epoch: 8 | loss: 0.0363981
	speed: 0.0924s/iter; left time: 92.6797s
	iters: 400, epoch: 8 | loss: 0.0385686
	speed: 0.0959s/iter; left time: 86.6416s
Epoch: 8 cost time: 40.16541337966919
Epoch: 8, Steps: 434 | Train Loss: 0.052187 Vali Loss: 0.054861
Validation loss decreased (0.056722 --> 0.054861).  Saving model ...
Updating learning rate to 7.8125e-06
	iters: 100, epoch: 9 | loss: 0.0254790
	speed: 0.1391s/iter; left time: 106.9792s
	iters: 200, epoch: 9 | loss: 0.0294689
	speed: 0.0936s/iter; left time: 62.6018s
	iters: 300, epoch: 9 | loss: 0.0468880
	speed: 0.0955s/iter; left time: 54.3448s
	iters: 400, epoch: 9 | loss: 0.0457988
	speed: 0.0940s/iter; left time: 44.0714s
Epoch: 9 cost time: 40.78787279129028
Epoch: 9, Steps: 434 | Train Loss: 0.05192 Vali Loss: 0.05467
Validation loss decreased (0.054861 --> 0.054670).  Saving model ...
Updating learning rate to 3.90625e-06
	iters: 100, epoch: 10 | loss: 0.0798509
	speed: 0.1405s/iter; left time: 47.0543s
	iters: 200, epoch: 10 | loss: 0.0495219
	speed: 0.0980s/iter; left time: 23.0346s
	iters: 300, epoch: 10 | loss: 0.0293424
	speed: 0.0936s/iter; left time: 12.6399s
	iters: 400, epoch: 10 | loss: 0.0446978
	speed: 0.0931s/iter; left time: 3.2580s
Epoch: 10 cost time: 40.847190618515015
Epoch: 10, Steps: 434 | Train Loss: 0.051953 Vali Loss: 0.054346
Validation loss decreased (0.054670 --> 0.054346).  Saving model ...
Updating learning rate to 1.953125e-06
Training ended at 2024-07-16 23:13:54.077022, time taken 0:06:52.057266, per epoch 0:00:45.784141
Loading model from ./results/traffic_Crossformer/1/checkpoint.pth
val 1732
Preds and Trues shape: (1732, 24, 1) (1732, 24, 1)
flag:val, mse:0.054808, mae:0.14854, rmse: 0.23411.
>>>>>>> testing : <<<<<<<<<<<
test 1731
Preds and Trues shape: (1731, 24, 1) (1731, 24, 1)
flag:test, mse:0.18126, mae:0.24324, rmse: 0.42574.


>>>> itr_no: 2, seed: 506 <<<<<<
Use GPU: cuda:0
Experiments will be saved in ./results/traffic_Crossformer/2
>>>>>>> training : >>>>>>>>>
train 13916
val 1732
Training started at 2024-07-16 23:14:04.788714.
	iters: 100, epoch: 1 | loss: 0.1317569
	speed: 0.0932s/iter; left time: 395.2644s
	iters: 200, epoch: 1 | loss: 0.1038251
	speed: 0.0966s/iter; left time: 400.0823s
	iters: 300, epoch: 1 | loss: 0.1114885
	speed: 0.0925s/iter; left time: 373.5931s
	iters: 400, epoch: 1 | loss: 0.0859914
	speed: 0.0929s/iter; left time: 366.2746s
Epoch: 1 cost time: 41.03382420539856
Epoch: 1, Steps: 434 | Train Loss: 0.17898 Vali Loss: 0.12563
Validation loss decreased (inf --> 0.125630).  Saving model ...
Updating learning rate to 0.001
	iters: 100, epoch: 2 | loss: 0.0813872
	speed: 0.1454s/iter; left time: 553.4815s
	iters: 200, epoch: 2 | loss: 0.0960738
	speed: 0.0930s/iter; left time: 344.8237s
	iters: 300, epoch: 2 | loss: 0.0639230
	speed: 0.0937s/iter; left time: 338.0986s
	iters: 400, epoch: 2 | loss: 0.0565742
	speed: 0.0932s/iter; left time: 326.9179s
Epoch: 2 cost time: 40.869062423706055
Epoch: 2, Steps: 434 | Train Loss: 0.081127 Vali Loss: 0.080663
Validation loss decreased (0.125630 --> 0.080663).  Saving model ...
Updating learning rate to 0.0005
	iters: 100, epoch: 3 | loss: 0.0595043
	speed: 0.1371s/iter; left time: 462.6041s
	iters: 200, epoch: 3 | loss: 0.0416629
	speed: 0.0923s/iter; left time: 301.9511s
	iters: 300, epoch: 3 | loss: 0.0575891
	speed: 0.0940s/iter; left time: 298.1758s
	iters: 400, epoch: 3 | loss: 0.0921930
	speed: 0.0930s/iter; left time: 285.6856s
Epoch: 3 cost time: 40.331639766693115
Epoch: 3, Steps: 434 | Train Loss: 0.063534 Vali Loss: 0.074758
Validation loss decreased (0.080663 --> 0.074758).  Saving model ...
Updating learning rate to 0.00025
	iters: 100, epoch: 4 | loss: 0.0468356
	speed: 0.1430s/iter; left time: 420.1824s
	iters: 200, epoch: 4 | loss: 0.0609796
	speed: 0.0916s/iter; left time: 260.1716s
	iters: 300, epoch: 4 | loss: 0.0758459
	speed: 0.0916s/iter; left time: 251.0097s
	iters: 400, epoch: 4 | loss: 0.0748470
	speed: 0.0914s/iter; left time: 241.1073s
Epoch: 4 cost time: 40.1469030380249
Epoch: 4, Steps: 434 | Train Loss: 0.056866 Vali Loss: 0.067193
Validation loss decreased (0.074758 --> 0.067193).  Saving model ...
Updating learning rate to 0.000125
	iters: 100, epoch: 5 | loss: 0.0746359
	speed: 0.1399s/iter; left time: 350.5651s
	iters: 200, epoch: 5 | loss: 0.0370972
	speed: 0.0914s/iter; left time: 219.9133s
	iters: 300, epoch: 5 | loss: 0.0470623
	speed: 0.0957s/iter; left time: 220.6160s
	iters: 400, epoch: 5 | loss: 0.0507219
	speed: 0.0956s/iter; left time: 210.8601s
Epoch: 5 cost time: 40.76587533950806
Epoch: 5, Steps: 434 | Train Loss: 0.053208 Vali Loss: 0.060537
Validation loss decreased (0.067193 --> 0.060537).  Saving model ...
Updating learning rate to 6.25e-05
	iters: 100, epoch: 6 | loss: 0.0891611
	speed: 0.1347s/iter; left time: 279.0593s
	iters: 200, epoch: 6 | loss: 0.0505897
	speed: 0.0886s/iter; left time: 174.6083s
	iters: 300, epoch: 6 | loss: 0.0375305
	speed: 0.0888s/iter; left time: 166.2323s
	iters: 400, epoch: 6 | loss: 0.0437287
	speed: 0.0913s/iter; left time: 161.7646s
Epoch: 6 cost time: 38.86894226074219
Epoch: 6, Steps: 434 | Train Loss: 0.051167 Vali Loss: 0.059774
Validation loss decreased (0.060537 --> 0.059774).  Saving model ...
Updating learning rate to 3.125e-05
	iters: 100, epoch: 7 | loss: 0.0664974
	speed: 0.1366s/iter; left time: 223.6479s
	iters: 200, epoch: 7 | loss: 0.0385506
	speed: 0.0908s/iter; left time: 139.5404s
	iters: 300, epoch: 7 | loss: 0.0687495
	speed: 0.0901s/iter; left time: 129.4210s
	iters: 400, epoch: 7 | loss: 0.0478671
	speed: 0.0898s/iter; left time: 120.0377s
Epoch: 7 cost time: 39.42951321601868
Epoch: 7, Steps: 434 | Train Loss: 0.049971 Vali Loss: 0.057156
Validation loss decreased (0.059774 --> 0.057156).  Saving model ...
Updating learning rate to 1.5625e-05
	iters: 100, epoch: 8 | loss: 0.0677143
	speed: 0.1335s/iter; left time: 160.6551s
	iters: 200, epoch: 8 | loss: 0.0939817
	speed: 0.0905s/iter; left time: 99.8194s
	iters: 300, epoch: 8 | loss: 0.0890102
	speed: 0.0936s/iter; left time: 93.8776s
	iters: 400, epoch: 8 | loss: 0.0404403
	speed: 0.0938s/iter; left time: 84.6767s
Epoch: 8 cost time: 39.85370898246765
Epoch: 8, Steps: 434 | Train Loss: 0.049465 Vali Loss: 0.057531
EarlyStopping counter: 1 out of 3
Loading model from ./results/traffic_Crossformer/2/checkpoint.pth
Updating learning rate to 7.8125e-06
	iters: 100, epoch: 9 | loss: 0.0405687
	speed: 0.1350s/iter; left time: 103.7881s
	iters: 200, epoch: 9 | loss: 0.0320234
	speed: 0.0897s/iter; left time: 59.9911s
	iters: 300, epoch: 9 | loss: 0.0439020
	speed: 0.0895s/iter; left time: 50.9192s
	iters: 400, epoch: 9 | loss: 0.0528875
	speed: 0.0929s/iter; left time: 43.5832s
Epoch: 9 cost time: 39.340348958969116
Epoch: 9, Steps: 434 | Train Loss: 0.049298 Vali Loss: 0.05681
Validation loss decreased (0.057156 --> 0.056810).  Saving model ...
Updating learning rate to 3.90625e-06
	iters: 100, epoch: 10 | loss: 0.0967946
	speed: 0.1402s/iter; left time: 46.9745s
	iters: 200, epoch: 10 | loss: 0.0764244
	speed: 0.0984s/iter; left time: 23.1241s
	iters: 300, epoch: 10 | loss: 0.0309897
	speed: 0.0931s/iter; left time: 12.5654s
	iters: 400, epoch: 10 | loss: 0.0444089
	speed: 0.0920s/iter; left time: 3.2190s
Epoch: 10 cost time: 41.091394662857056
Epoch: 10, Steps: 434 | Train Loss: 0.048989 Vali Loss: 0.056447
Validation loss decreased (0.056810 --> 0.056447).  Saving model ...
Updating learning rate to 1.953125e-06
Training ended at 2024-07-16 23:21:00.514832, time taken 0:06:55.726118, per epoch 0:00:46.191791
Loading model from ./results/traffic_Crossformer/2/checkpoint.pth
val 1732
Preds and Trues shape: (1732, 24, 1) (1732, 24, 1)
flag:val, mse:0.057068, mae:0.15188, rmse: 0.23889.
>>>>>>> testing : <<<<<<<<<<<
test 1731
Preds and Trues shape: (1731, 24, 1) (1731, 24, 1)
flag:test, mse:0.19298, mae:0.25003, rmse: 0.4393.


>>>> itr_no: 3, seed: 608 <<<<<<
Use GPU: cuda:0
Experiments will be saved in ./results/traffic_Crossformer/3
>>>>>>> training : >>>>>>>>>
train 13916
val 1732
Training started at 2024-07-16 23:21:11.140403.
	iters: 100, epoch: 1 | loss: 0.1346959
	speed: 0.0886s/iter; left time: 375.8830s
	iters: 200, epoch: 1 | loss: 0.1263083
	speed: 0.0903s/iter; left time: 373.8682s
	iters: 300, epoch: 1 | loss: 0.1179209
	speed: 0.0954s/iter; left time: 385.5117s
	iters: 400, epoch: 1 | loss: 0.0895285
	speed: 0.0986s/iter; left time: 388.5591s
Epoch: 1 cost time: 40.45519495010376
Epoch: 1, Steps: 434 | Train Loss: 0.18594 Vali Loss: 0.10762
Validation loss decreased (inf --> 0.107618).  Saving model ...
Updating learning rate to 0.001
	iters: 100, epoch: 2 | loss: 0.0733395
	speed: 0.1407s/iter; left time: 535.4693s
	iters: 200, epoch: 2 | loss: 0.0838528
	speed: 0.0969s/iter; left time: 359.1400s
	iters: 300, epoch: 2 | loss: 0.0593789
	speed: 0.0936s/iter; left time: 337.5959s
	iters: 400, epoch: 2 | loss: 0.0861591
	speed: 0.0883s/iter; left time: 309.7882s
Epoch: 2 cost time: 40.64471650123596
Epoch: 2, Steps: 434 | Train Loss: 0.085578 Vali Loss: 0.096015
Validation loss decreased (0.107618 --> 0.096015).  Saving model ...
Updating learning rate to 0.0005
	iters: 100, epoch: 3 | loss: 0.0483135
	speed: 0.1441s/iter; left time: 486.0860s
	iters: 200, epoch: 3 | loss: 0.0497859
	speed: 0.0981s/iter; left time: 321.1967s
	iters: 300, epoch: 3 | loss: 0.0535717
	speed: 0.0895s/iter; left time: 283.9869s
	iters: 400, epoch: 3 | loss: 0.0549067
	speed: 0.0941s/iter; left time: 289.3136s
Epoch: 3 cost time: 41.105910301208496
Epoch: 3, Steps: 434 | Train Loss: 0.065179 Vali Loss: 0.073036
Validation loss decreased (0.096015 --> 0.073036).  Saving model ...
Updating learning rate to 0.00025
	iters: 100, epoch: 4 | loss: 0.0412833
	speed: 0.1396s/iter; left time: 410.4205s
	iters: 200, epoch: 4 | loss: 0.0430338
	speed: 0.0971s/iter; left time: 275.7777s
	iters: 300, epoch: 4 | loss: 0.0348421
	speed: 0.0938s/iter; left time: 257.0135s
	iters: 400, epoch: 4 | loss: 0.0751491
	speed: 0.0977s/iter; left time: 257.7676s
Epoch: 4 cost time: 41.35608458518982
Epoch: 4, Steps: 434 | Train Loss: 0.058323 Vali Loss: 0.064989
Validation loss decreased (0.073036 --> 0.064989).  Saving model ...
Updating learning rate to 0.000125
	iters: 100, epoch: 5 | loss: 0.0452615
	speed: 0.1400s/iter; left time: 350.5801s
	iters: 200, epoch: 5 | loss: 0.0317089
	speed: 0.0939s/iter; left time: 225.9218s
	iters: 300, epoch: 5 | loss: 0.0390821
	speed: 0.0943s/iter; left time: 217.4474s
	iters: 400, epoch: 5 | loss: 0.0533755
	speed: 0.0947s/iter; left time: 208.7999s
Epoch: 5 cost time: 40.82006597518921
Epoch: 5, Steps: 434 | Train Loss: 0.054661 Vali Loss: 0.055814
Validation loss decreased (0.064989 --> 0.055814).  Saving model ...
Updating learning rate to 6.25e-05
	iters: 100, epoch: 6 | loss: 0.0468058
	speed: 0.1401s/iter; left time: 290.1620s
	iters: 200, epoch: 6 | loss: 0.0377961
	speed: 0.0945s/iter; left time: 186.2668s
	iters: 300, epoch: 6 | loss: 0.0729818
	speed: 0.0917s/iter; left time: 171.5770s
	iters: 400, epoch: 6 | loss: 0.0436813
	speed: 0.0984s/iter; left time: 174.3316s
Epoch: 6 cost time: 41.06131911277771
Epoch: 6, Steps: 434 | Train Loss: 0.052169 Vali Loss: 0.056151
EarlyStopping counter: 1 out of 3
Loading model from ./results/traffic_Crossformer/3/checkpoint.pth
Updating learning rate to 3.125e-05
	iters: 100, epoch: 7 | loss: 0.0866610
	speed: 0.1368s/iter; left time: 224.0227s
	iters: 200, epoch: 7 | loss: 0.0982835
	speed: 0.0902s/iter; left time: 138.5822s
	iters: 300, epoch: 7 | loss: 0.0491130
	speed: 0.0926s/iter; left time: 133.0243s
	iters: 400, epoch: 7 | loss: 0.0425731
	speed: 0.0943s/iter; left time: 126.0341s
Epoch: 7 cost time: 40.1001455783844
Epoch: 7, Steps: 434 | Train Loss: 0.051824 Vali Loss: 0.05706
EarlyStopping counter: 2 out of 3
Loading model from ./results/traffic_Crossformer/3/checkpoint.pth
Updating learning rate to 1.5625e-05
	iters: 100, epoch: 8 | loss: 0.0556469
	speed: 0.1353s/iter; left time: 162.7237s
	iters: 200, epoch: 8 | loss: 0.0266001
	speed: 0.0969s/iter; left time: 106.8670s
	iters: 300, epoch: 8 | loss: 0.0466941
	speed: 0.0938s/iter; left time: 94.1246s
	iters: 400, epoch: 8 | loss: 0.1091526
	speed: 0.0942s/iter; left time: 85.0397s
Epoch: 8 cost time: 41.02973985671997
Epoch: 8, Steps: 434 | Train Loss: 0.051973 Vali Loss: 0.0554
Validation loss decreased (0.055814 --> 0.055400).  Saving model ...
Updating learning rate to 7.8125e-06
	iters: 100, epoch: 9 | loss: 0.0419808
	speed: 0.1407s/iter; left time: 108.1841s
	iters: 200, epoch: 9 | loss: 0.0422175
	speed: 0.0922s/iter; left time: 61.7046s
	iters: 300, epoch: 9 | loss: 0.0753298
	speed: 0.0933s/iter; left time: 53.0945s
	iters: 400, epoch: 9 | loss: 0.0425895
	speed: 0.0937s/iter; left time: 43.9525s
Epoch: 9 cost time: 40.41027522087097
Epoch: 9, Steps: 434 | Train Loss: 0.051095 Vali Loss: 0.055028
Validation loss decreased (0.055400 --> 0.055028).  Saving model ...
Updating learning rate to 3.90625e-06
	iters: 100, epoch: 10 | loss: 0.0339223
	speed: 0.1364s/iter; left time: 45.7003s
	iters: 200, epoch: 10 | loss: 0.0433099
	speed: 0.0930s/iter; left time: 21.8600s
	iters: 300, epoch: 10 | loss: 0.0300963
	speed: 0.0926s/iter; left time: 12.4954s
	iters: 400, epoch: 10 | loss: 0.0957358
	speed: 0.0973s/iter; left time: 3.4041s
Epoch: 10 cost time: 40.31734275817871
Epoch: 10, Steps: 434 | Train Loss: 0.050763 Vali Loss: 0.054884
Validation loss decreased (0.055028 --> 0.054884).  Saving model ...
Updating learning rate to 1.953125e-06
Training ended at 2024-07-16 23:28:12.484636, time taken 0:07:01.344233, per epoch 0:00:46.816026
Loading model from ./results/traffic_Crossformer/3/checkpoint.pth
val 1732
Preds and Trues shape: (1732, 24, 1) (1732, 24, 1)
flag:val, mse:0.055427, mae:0.15186, rmse: 0.23543.
>>>>>>> testing : <<<<<<<<<<<
test 1731
Preds and Trues shape: (1731, 24, 1) (1731, 24, 1)
flag:test, mse:0.18229, mae:0.24549, rmse: 0.42696.

slurmstepd: error: *** JOB 4874272 ON lynx10 CANCELLED AT 2024-07-17T04:11:27 DUE TO TIME LIMIT ***
