Namespace(task_name='long_term_forecast', train=False, dry_run=False, model='DLinear', seed=2024, itrs=3, itr_no=None, data='custom', result_path='./results', root_path='./dataset/traffic/', data_path='traffic.csv', flag='test', features='S', target='OT', freq='h', seq_len=96, label_len=12, pred_len=24, seasonal_patterns='Monthly', top_k=5, num_kernels=6, n_features=1, d_model=128, n_heads=4, e_layers=2, d_layers=1, d_ff=256, moving_avg=25, factor=3, distil=True, dropout=0.1, embed='timeF', activation='gelu', output_attention=False, conv_kernel=[18, 12], seg_len=24, num_workers=0, train_epochs=10, batch_size=32, patience=3, learning_rate=0.001, lradj='type1', use_amp=False, use_cpu=False, gpu=0, use_multi_gpu=False, devices='0,1,2,3', p_hidden_dims=[128, 128], p_hidden_layers=2, explainers=['tsr2'], areas=[0.05, 0.075, 0.1, 0.15], baseline_mode='random', metrics=['mae', 'mse'], overwrite=False, dump_attrs=False, disable_progress=True, use_gpu=True, enc_in=1, dec_in=1, c_out=1)

>>>> itr_no: 1, seed: 648 <<<<<<
Use GPU: cuda:0
Experiments will be saved in ./results/traffic_DLinear/1
test 1731
Loading model from ./results/traffic_DLinear/1/checkpoint.pth
Running tsr2 from 2024-07-23 12:54:57.062507
Experiment ended at 2024-07-23 20:12:40.333178. Total time taken 7:17:43.270671.
  metric   area      comp       suff
0    mae  0.050  2.138909  17.439590
1    mae  0.075  2.366091  16.131573
2    mae  0.100  2.416217  15.195596
3    mae  0.150  2.322712  12.210869
4    mse  0.050  0.371328  20.189885
5    mse  0.075  0.423621  18.523780
6    mse  0.100  0.429001  17.207407
7    mse  0.150  0.391574  12.009311


>>>> itr_no: 2, seed: 506 <<<<<<
Use GPU: cuda:0
Experiments will be saved in ./results/traffic_DLinear/2
test 1731
Loading model from ./results/traffic_DLinear/2/checkpoint.pth
Running tsr2 from 2024-07-23 20:12:42.407551
Experiment ended at 2024-07-24 03:28:33.249021. Total time taken 7:15:50.841470.
  metric   area      comp       suff
0    mae  0.050  2.199067  17.736503
1    mae  0.075  2.415602  16.388903
2    mae  0.100  2.446576  15.448390
3    mae  0.150  2.299232  12.504481
4    mse  0.050  0.391160  20.991127
5    mse  0.075  0.437480  19.254161
6    mse  0.100  0.432362  17.935750
7    mse  0.150  0.376703  12.711081


>>>> itr_no: 3, seed: 608 <<<<<<
Use GPU: cuda:0
Experiments will be saved in ./results/traffic_DLinear/3
test 1731
Loading model from ./results/traffic_DLinear/3/checkpoint.pth
Running tsr2 from 2024-07-24 03:28:35.282339
Experiment ended at 2024-07-24 10:26:25.119593. Total time taken 6:57:49.837254.
  metric   area      comp       suff
0    mae  0.050  2.102269  17.349277
1    mae  0.075  2.350224  16.005662
2    mae  0.100  2.387098  15.071458
3    mae  0.150  2.272974  12.055895
4    mse  0.050  0.364239  20.036828
5    mse  0.075  0.418193  18.227070
6    mse  0.100  0.416753  16.890463
7    mse  0.150  0.375765  11.731002


>>>> itr_no: 1, seed: 648 <<<<<<
Use GPU: cuda:0
Experiments will be saved in ./results/traffic_MICN/1
test 1731
Loading model from ./results/traffic_MICN/1/checkpoint.pth
Running tsr2 from 2024-07-24 10:26:56.234053
slurmstepd: error: *** JOB 4880670 ON jaguar05 CANCELLED AT 2024-07-24T13:08:38 DUE TO TIME LIMIT ***
