Running 4-th job 4904587, dataset serial 0 and model iTransformer
Running electricity with iTransformer

>>>> itr_no: 1, seed: 648 <<<<<<
Use GPU: cuda:0
Experiments will be saved in ./results/electricity_iTransformer/1
test 2607
Loading model from ./results/electricity_iTransformer/1/checkpoint.pth
./results/electricity_iTransformer/1/tsr2.csv exists. Skipping ...

>>>> itr_no: 2, seed: 506 <<<<<<
Use GPU: cuda:0
Experiments will be saved in ./results/electricity_iTransformer/2
test 2607
Loading model from ./results/electricity_iTransformer/2/checkpoint.pth

Running tsr2 from 2024-08-02 23:24:48.698773
Resuming from batch 62
Experiment ended at 2024-08-03 03:47:32.448584. Total time taken 4:22:43.749811.
Method resumed at 0.756 fraction. Adjusting the time efficiency 4:22:43.749811 to 17:57:11.374225.

  metric   area      comp       suff
0    mae  0.050  5.134561  17.769989
1    mae  0.075  6.676079  16.737063
2    mae  0.100  7.617877  16.129860
3    mae  0.150  9.494212  14.882577
4    mse  0.050  2.511214  21.480518
5    mse  0.075  3.870483  19.366204
6    mse  0.100  4.856157  18.133873
7    mse  0.150  7.200191  15.665252


>>>> itr_no: 3, seed: 608 <<<<<<
Use GPU: cuda:0
Experiments will be saved in ./results/electricity_iTransformer/3
test 2607
Loading model from ./results/electricity_iTransformer/3/checkpoint.pth

Running tsr2 from 2024-08-03 03:47:34.094678
Resuming from batch 10
Experiment ended at 2024-08-03 19:55:55.119724. Total time taken 16:08:21.025046.
Method resumed at 0.122 fraction. Adjusting the time efficiency 16:08:21.025046 to 18:22:50.611858.

  metric   area       comp       suff
0    mae  0.050   5.719715  18.144754
1    mae  0.075   7.409739  17.020075
2    mae  0.100   8.417127  16.395413
3    mae  0.150  10.388228  15.155015
4    mse  0.050   3.038224  21.972935
5    mse  0.075   4.618477  19.652992
6    mse  0.100   5.744183  18.362357
7    mse  0.150   8.307410  15.912138

