Namespace(task_name='long_term_forecast', train=False, dry_run=False, model='DLinear', seed=2024, itrs=3, itr_no=None, data='custom', result_path='./results', root_path='./dataset/electricity/', data_path='electricity.csv', flag='test', features='S', target='OT', freq='h', seq_len=96, label_len=12, pred_len=24, seasonal_patterns='Monthly', top_k=5, num_kernels=6, n_features=1, d_model=128, n_heads=4, e_layers=2, d_layers=1, d_ff=256, moving_avg=25, factor=3, distil=True, dropout=0.1, embed='timeF', activation='gelu', output_attention=False, conv_kernel=[18, 12], seg_len=24, num_workers=0, train_epochs=10, batch_size=32, patience=3, learning_rate=0.001, lradj='type1', use_amp=False, use_cpu=False, gpu=0, use_multi_gpu=False, devices='0,1,2,3', p_hidden_dims=[128, 128], p_hidden_layers=2, explainers=['tsr2'], areas=[0.05, 0.075, 0.1, 0.15], baseline_mode='random', metrics=['mae', 'mse'], overwrite=False, dump_attrs=False, disable_progress=True, use_gpu=True, enc_in=1, dec_in=1, c_out=1)

>>>> itr_no: 1, seed: 648 <<<<<<
Use GPU: cuda:0
Experiments will be saved in ./results/electricity_DLinear/1
test 2607
Loading model from ./results/electricity_DLinear/1/checkpoint.pth
Running tsr2 from 2024-07-23 12:45:46.909358
Experiment ended at 2024-07-23 23:19:05.050177. Total time taken 10:33:18.140819.
  metric   area      comp       suff
0    mae  0.050  1.965244  10.966330
1    mae  0.075  2.140116  10.363840
2    mae  0.100  2.209075   9.952636
3    mae  0.150  2.342437   8.784249
4    mse  0.050  0.298082   8.019398
5    mse  0.075  0.331926   7.177579
6    mse  0.100  0.348379   6.629671
7    mse  0.150  0.383792   5.129388


>>>> itr_no: 2, seed: 506 <<<<<<
Use GPU: cuda:0
Experiments will be saved in ./results/electricity_DLinear/2
test 2607
Loading model from ./results/electricity_DLinear/2/checkpoint.pth
Running tsr2 from 2024-07-23 23:19:06.450969
Experiment ended at 2024-07-24 09:32:28.227293. Total time taken 10:13:21.776324.
  metric   area      comp       suff
0    mae  0.050  1.889203  10.748424
1    mae  0.075  2.040097  10.155915
2    mae  0.100  2.094226   9.755538
3    mae  0.150  2.236650   8.582179
4    mse  0.050  0.281758   7.670906
5    mse  0.075  0.304695   6.875356
6    mse  0.100  0.313150   6.361354
7    mse  0.150  0.349444   4.827740


>>>> itr_no: 3, seed: 608 <<<<<<
Use GPU: cuda:0
Experiments will be saved in ./results/electricity_DLinear/3
test 2607
Loading model from ./results/electricity_DLinear/3/checkpoint.pth
Running tsr2 from 2024-07-24 09:32:30.187069
slurmstepd: error: *** JOB 4880644 ON adriatic01 CANCELLED AT 2024-07-24T13:00:39 DUE TO TIME LIMIT ***
