Running 11-th job 4892848, dataset serial 2 and model SegRNN
Running MIMIC SegRNN

>>>> itr_no: 1, seed: 648 <<<<<<
Use GPU: cuda:0
Dead patients 1832, percentage 9.96.
train 18390
Dead patients 229, percentage 9.96.
test 2299
Experiments will be saved in ./results/mimic_iii_SegRNN/1
Dead patients 229, percentage 9.96.
test 2299
Loading model from ./results/mimic_iii_SegRNN/1/checkpoint.pth

Running tsr2 from 2024-08-01 21:58:47.338888
Experiment ended at 2024-08-02 04:10:10.848119. Total time taken 6:11:23.509231.
           metric   area      comp      suff
0        accuracy  0.050  0.856988  0.914850
1        accuracy  0.075  0.851562  0.919407
2        accuracy  0.100  0.843533  0.922703
3        accuracy  0.150  0.835206  0.924913
4             auc  0.050  0.233615  0.150214
5             auc  0.075  0.232736  0.146408
6             auc  0.100  0.227421  0.155460
7             auc  0.150  0.227474  0.154431
8   cross_entropy  0.050  0.371459  0.242918
9   cross_entropy  0.075  0.388585  0.233189
10  cross_entropy  0.100  0.411225  0.225259
11  cross_entropy  0.150  0.437181  0.216166


>>>> itr_no: 2, seed: 506 <<<<<<
Use GPU: cuda:0
Dead patients 1832, percentage 9.96.
train 18390
Dead patients 229, percentage 9.96.
test 2299
Experiments will be saved in ./results/mimic_iii_SegRNN/2
Dead patients 229, percentage 9.96.
test 2299
Loading model from ./results/mimic_iii_SegRNN/2/checkpoint.pth

Running tsr2 from 2024-08-02 04:10:14.367398
Experiment ended at 2024-08-02 10:25:59.897526. Total time taken 6:15:45.530128.
           metric   area      comp      suff
0        accuracy  0.050  0.865234  0.926866
1        accuracy  0.075  0.860243  0.928168
2        accuracy  0.100  0.849609  0.933594
3        accuracy  0.150  0.839627  0.930339
4             auc  0.050  0.199440  0.115613
5             auc  0.075  0.195486  0.116723
6             auc  0.100  0.191093  0.122585
7             auc  0.150  0.190895  0.122888
8   cross_entropy  0.050  0.341774  0.252692
9   cross_entropy  0.075  0.354911  0.246061
10  cross_entropy  0.100  0.372028  0.231395
11  cross_entropy  0.150  0.395952  0.221613


>>>> itr_no: 3, seed: 608 <<<<<<
Use GPU: cuda:0
Dead patients 1832, percentage 9.96.
train 18390
Dead patients 229, percentage 9.96.
test 2299
Experiments will be saved in ./results/mimic_iii_SegRNN/3
Dead patients 229, percentage 9.96.
test 2299
Loading model from ./results/mimic_iii_SegRNN/3/checkpoint.pth

Running tsr2 from 2024-08-02 10:26:03.316793
Experiment ended at 2024-08-02 16:38:41.551272. Total time taken 6:12:38.234479.
           metric   area      comp      suff
0        accuracy  0.050  0.933594  0.930122
1        accuracy  0.075  0.930773  0.933594
2        accuracy  0.100  0.931424  0.934679
3        accuracy  0.150  0.926175  0.937283
4             auc  0.050  0.194185  0.116603
5             auc  0.075  0.193348  0.110990
6             auc  0.100  0.194882  0.111981
7             auc  0.150  0.191190  0.111456
8   cross_entropy  0.050  0.211095  0.230490
9   cross_entropy  0.075  0.221542  0.223199
10  cross_entropy  0.100  0.231001  0.216544
11  cross_entropy  0.150  0.249695  0.203680

