Running 5-th job 4892842, dataset serial 1 and model DLinear
Running traffic with DLinear

>>>> itr_no: 1, seed: 648 <<<<<<
Use GPU: cuda:0
Experiments will be saved in ./results/traffic_DLinear/1
test 1731
Loading model from ./results/traffic_DLinear/1/checkpoint.pth

Running tsr2 from 2024-08-01 21:57:47.399802
Experiment ended at 2024-08-02 01:13:14.294149. Total time taken 3:15:26.894347.
  metric   area       comp       suff
0    mae  0.050   6.129205  16.360172
1    mae  0.075   8.301122  15.612126
2    mae  0.100   9.438802  15.256258
3    mae  0.150  11.288356  14.833747
4    mse  0.050   4.367417  17.347907
5    mse  0.075   6.877163  15.855905
6    mse  0.100   8.403661  15.222311
7    mse  0.150  10.981590  14.488014


>>>> itr_no: 2, seed: 506 <<<<<<
Use GPU: cuda:0
Experiments will be saved in ./results/traffic_DLinear/2
test 1731
Loading model from ./results/traffic_DLinear/2/checkpoint.pth

Running tsr2 from 2024-08-02 01:13:16.519785
Experiment ended at 2024-08-02 04:29:48.713703. Total time taken 3:16:32.193918.
  metric   area       comp       suff
0    mae  0.050   6.139129  16.550198
1    mae  0.075   8.297843  15.797986
2    mae  0.100   9.421314  15.450101
3    mae  0.150  11.264596  14.974068
4    mse  0.050   4.483671  17.927487
5    mse  0.075   7.019829  16.403189
6    mse  0.100   8.503939  15.774912
7    mse  0.150  11.082973  14.945571


>>>> itr_no: 3, seed: 608 <<<<<<
Use GPU: cuda:0
Experiments will be saved in ./results/traffic_DLinear/3
test 1731
Loading model from ./results/traffic_DLinear/3/checkpoint.pth

Running tsr2 from 2024-08-02 04:29:50.667501
Experiment ended at 2024-08-02 07:35:38.282220. Total time taken 3:05:47.614719.
  metric   area       comp       suff
0    mae  0.050   5.977341  16.533390
1    mae  0.075   8.131429  15.747988
2    mae  0.100   9.257746  15.362262
3    mae  0.150  11.161503  14.910907
4    mse  0.050   4.184427  17.915623
5    mse  0.075   6.729419  16.268528
6    mse  0.100   8.235573  15.560038
7    mse  0.150  10.927867  14.765280

