Running 1-th job 4892838, dataset serial 0 and model DLinear
Running electricity with DLinear

>>>> itr_no: 1, seed: 648 <<<<<<
Use GPU: cuda:0
Experiments will be saved in ./results/electricity_DLinear/1
test 2607
Loading model from ./results/electricity_DLinear/1/checkpoint.pth

Running tsr2 from 2024-08-01 21:57:46.022271
Experiment ended at 2024-08-02 01:00:54.143177. Total time taken 3:03:08.120906.
  metric   area       comp       suff
0    mae  0.050   6.401551  12.911443
1    mae  0.075   7.953549  12.353784
2    mae  0.100   8.816139  11.983689
3    mae  0.150  10.810552  11.025898
4    mse  0.050   4.920418  11.866725
5    mse  0.075   6.352111  10.909605
6    mse  0.100   7.226347  10.255181
7    mse  0.150   9.503028   8.695550


>>>> itr_no: 2, seed: 506 <<<<<<
Use GPU: cuda:0
Experiments will be saved in ./results/electricity_DLinear/2
test 2607
Loading model from ./results/electricity_DLinear/2/checkpoint.pth

Running tsr2 from 2024-08-02 01:00:55.213634
Experiment ended at 2024-08-02 03:53:42.940943. Total time taken 2:52:47.727309.
  metric   area       comp       suff
0    mae  0.050   6.192045  12.571417
1    mae  0.075   7.679710  12.067470
2    mae  0.100   8.544257  11.708011
3    mae  0.150  10.496185  10.773944
4    mse  0.050   4.629417  11.213739
5    mse  0.075   6.013972  10.339103
6    mse  0.100   6.897924   9.720198
7    mse  0.150   9.119121   8.227341


>>>> itr_no: 3, seed: 608 <<<<<<
Use GPU: cuda:0
Experiments will be saved in ./results/electricity_DLinear/3
test 2607
Loading model from ./results/electricity_DLinear/3/checkpoint.pth

Running tsr2 from 2024-08-02 03:53:43.894717
Experiment ended at 2024-08-02 06:46:40.042207. Total time taken 2:52:56.147490.
  metric   area       comp       suff
0    mae  0.050   6.462113  12.784442
1    mae  0.075   8.007741  12.220437
2    mae  0.100   8.878775  11.845951
3    mae  0.150  10.834191  10.920236
4    mse  0.050   5.185615  11.527059
5    mse  0.075   6.671881  10.513726
6    mse  0.100   7.587235   9.863324
7    mse  0.150   9.858176   8.415438

