Running 4-th job 4892866, dataset serial 1, seq_len 48
Running traffic with seq_len 48

>>>> itr_no: 1, seed: 648 <<<<<<
Use GPU: cuda:0
Experiments will be saved in ./results/traffic_iTransformer_sl_48/1
test 1731
Loading model from ./results/traffic_iTransformer_sl_48/1/checkpoint.pth

Running tsr2 from 2024-08-01 22:33:18.812659
Experiment ended at 2024-08-02 04:51:16.822495. Total time taken 6:17:58.009836.
  metric   area       comp       suff
0    mae  0.050   4.960074  24.083049
1    mae  0.075   6.171552  23.022061
2    mae  0.100   7.291536  22.028957
3    mae  0.150  10.177380  19.226644
4    mse  0.050   3.206004  43.496311
5    mse  0.075   4.538177  40.168976
6    mse  0.100   5.971331  37.204305
7    mse  0.150  10.396736  29.543717


>>>> itr_no: 2, seed: 506 <<<<<<
Use GPU: cuda:0
Experiments will be saved in ./results/traffic_iTransformer_sl_48/2
test 1731
Loading model from ./results/traffic_iTransformer_sl_48/2/checkpoint.pth

Running tsr2 from 2024-08-02 04:51:19.299522
Experiment ended at 2024-08-02 11:14:38.359429. Total time taken 6:23:19.059907.
  metric   area       comp       suff
0    mae  0.050   5.655005  25.936153
1    mae  0.075   6.930268  24.863935
2    mae  0.100   8.082614  23.833130
3    mae  0.150  11.136597  20.963372
4    mse  0.050   4.242183  51.558854
5    mse  0.075   5.852714  47.907966
6    mse  0.100   7.525557  44.588699
7    mse  0.150  12.851510  35.970588


>>>> itr_no: 3, seed: 608 <<<<<<
Use GPU: cuda:0
Experiments will be saved in ./results/traffic_iTransformer_sl_48/3
test 1731
Loading model from ./results/traffic_iTransformer_sl_48/3/checkpoint.pth

Running tsr2 from 2024-08-02 11:14:40.707004
Experiment ended at 2024-08-02 17:34:42.476687. Total time taken 6:20:01.769683.
  metric   area       comp       suff
0    mae  0.050   5.152847  25.564304
1    mae  0.075   6.391864  24.490198
2    mae  0.100   7.493566  23.432564
3    mae  0.150  10.479569  20.519983
4    mse  0.050   3.372229  48.917371
5    mse  0.075   4.783010  45.387865
6    mse  0.100   6.230456  42.100478
7    mse  0.150  10.771092  33.854418

