Running 6-th job 4892861, dataset serial 2, seq_len 36
Running MIMIC with seq_len 36

>>>> itr_no: 1, seed: 648 <<<<<<
Use GPU: cuda:0
Dead patients 1832, percentage 9.96.
train 18390
Dead patients 229, percentage 9.96.
test 2299
Experiments will be saved in ./results/mimic_iii_iTransformer_sl_36/1
Dead patients 229, percentage 9.96.
test 2299
Loading model from ./results/mimic_iii_iTransformer_sl_36/1/checkpoint.pth

Running tsr2 from 2024-08-01 22:33:17.752657
Experiment ended at 2024-08-02 02:33:08.768521. Total time taken 3:59:51.015864.
           metric   area      comp      suff
0        accuracy  0.050  0.997396  0.994792
1        accuracy  0.075  0.996311  0.995226
2        accuracy  0.100  0.995443  0.996094
3        accuracy  0.150  0.995009  0.996094
4             auc  0.050  0.070781  0.031133
5             auc  0.075  0.071778  0.034782
6             auc  0.100  0.070426  0.039675
7             auc  0.150  0.070815  0.041561
8   cross_entropy  0.050  0.071916  0.095003
9   cross_entropy  0.075  0.074032  0.090786
10  cross_entropy  0.100  0.078819  0.087219
11  cross_entropy  0.150  0.081593  0.084269


>>>> itr_no: 2, seed: 506 <<<<<<
Use GPU: cuda:0
Dead patients 1832, percentage 9.96.
train 18390
Dead patients 229, percentage 9.96.
test 2299
Experiments will be saved in ./results/mimic_iii_iTransformer_sl_36/2
Dead patients 229, percentage 9.96.
test 2299
Loading model from ./results/mimic_iii_iTransformer_sl_36/2/checkpoint.pth

Running tsr2 from 2024-08-02 02:33:12.140704
Experiment ended at 2024-08-02 05:51:18.878962. Total time taken 3:18:06.738258.
           metric   area      comp      suff
0        accuracy  0.050  0.965712  0.853459
1        accuracy  0.075  0.955826  0.857293
2        accuracy  0.100  0.946848  0.860910
3        accuracy  0.150  0.925829  0.865950
4             auc  0.050  0.254081  0.136780
5             auc  0.075  0.251577  0.137918
6             auc  0.100  0.246633  0.137166
7             auc  0.150  0.239502  0.141833
8   cross_entropy  0.050  0.158155  0.455929
9   cross_entropy  0.075  0.163807  0.427618
10  cross_entropy  0.100  0.172499  0.404359
11  cross_entropy  0.150  0.194577  0.365292


>>>> itr_no: 3, seed: 608 <<<<<<
Use GPU: cuda:0
Dead patients 1832, percentage 9.96.
train 18390
Dead patients 229, percentage 9.96.
test 2299
Experiments will be saved in ./results/mimic_iii_iTransformer_sl_36/3
Dead patients 229, percentage 9.96.
test 2299
Loading model from ./results/mimic_iii_iTransformer_sl_36/3/checkpoint.pth

Running tsr2 from 2024-08-02 05:51:21.952196
Experiment ended at 2024-08-02 09:08:06.040473. Total time taken 3:16:44.088277.
           metric   area      comp      suff
0        accuracy  0.050  0.971627  0.913018
1        accuracy  0.075  0.969457  0.916056
2        accuracy  0.100  0.961958  0.920613
3        accuracy  0.150  0.952032  0.923217
4             auc  0.050  0.193328  0.098130
5             auc  0.075  0.188617  0.097724
6             auc  0.100  0.183379  0.091172
7             auc  0.150  0.169143  0.089432
8   cross_entropy  0.050  0.168233  0.291409
9   cross_entropy  0.075  0.168974  0.275944
10  cross_entropy  0.100  0.171138  0.265182
11  cross_entropy  0.150  0.182272  0.244720

/var/spool/slurmd/job4892861/slurm_script: line 81: --overwrite: command not found
