Namespace(task_name='long_term_forecast', train=False, dry_run=False, model='DLinear', seed=2024, itrs=3, itr_no=None, data='custom', result_path='scratch', root_path='./dataset/electricity/', data_path='electricity.csv', flag='test', features='S', target='OT', freq='h', seq_len=96, label_len=12, pred_len=24, seasonal_patterns='Monthly', top_k=5, num_kernels=6, n_features=1, d_model=128, n_heads=4, e_layers=2, d_layers=1, d_ff=256, moving_avg=25, factor=3, distil=True, dropout=0.1, embed='timeF', activation='gelu', output_attention=False, conv_kernel=[18, 12], seg_len=24, num_workers=0, train_epochs=10, batch_size=32, patience=3, learning_rate=0.001, lradj='type1', use_amp=False, use_cpu=False, gpu=0, use_multi_gpu=False, devices='0,1,2,3', p_hidden_dims=[128, 128], p_hidden_layers=2, explainers=['wtsr'], areas=[0.05, 0.075, 0.1, 0.15], baseline_mode='random', metrics=['mae', 'mse'], overwrite=True, dump_attrs=False, disable_progress=True, use_gpu=True, enc_in=1, dec_in=1, c_out=1)

>>>> itr_no: 1, seed: 648 <<<<<<
Use GPU: cuda:0
Experiments will be saved in scratch/electricity_DLinear/1
test 2607
Loading model from scratch/electricity_DLinear/1/checkpoint.pth
Running wtsr from 2024-07-22 12:06:04.334202
Experiment ended at 2024-07-22 12:08:08.839300. Total time taken 0:02:04.505098.
  metric   area       comp       suff
0    mae  0.050  11.182432  12.694577
1    mae  0.075  11.718224  11.780942
2    mae  0.100  12.005147  11.236419
3    mae  0.150  12.704369   9.973342
4    mse  0.050  10.070176  10.676996
5    mse  0.075  10.618827   9.330014
6    mse  0.100  10.981182   8.555827
7    mse  0.150  11.943087   6.865416


>>>> itr_no: 2, seed: 506 <<<<<<
Use GPU: cuda:0
Experiments will be saved in scratch/electricity_DLinear/2
test 2607
Loading model from scratch/electricity_DLinear/2/checkpoint.pth
Running wtsr from 2024-07-22 12:08:10.624179
Experiment ended at 2024-07-22 12:10:07.296621. Total time taken 0:01:56.672442.
  metric   area       comp       suff
0    mae  0.050  10.757492  12.323547
1    mae  0.075  11.301807  11.470680
2    mae  0.100  11.570030  10.959200
3    mae  0.150  12.220290   9.796807
4    mse  0.050   9.253855  10.059709
5    mse  0.075   9.829775   8.861911
6    mse  0.100  10.166077   8.170333
7    mse  0.150  11.044721   6.670978


>>>> itr_no: 3, seed: 608 <<<<<<
Use GPU: cuda:0
Experiments will be saved in scratch/electricity_DLinear/3
test 2607
Loading model from scratch/electricity_DLinear/3/checkpoint.pth
Running wtsr from 2024-07-22 12:10:08.837007
Experiment ended at 2024-07-22 12:12:05.066947. Total time taken 0:01:56.229940.
  metric   area       comp       suff
0    mae  0.050  11.169524  12.558359
1    mae  0.075  11.722648  11.655532
2    mae  0.100  12.003867  11.113895
3    mae  0.150  12.665253   9.895312
4    mse  0.050   9.927367  10.433292
5    mse  0.075  10.563304   9.135480
6    mse  0.100  10.940775   8.388875
7    mse  0.150  11.862502   6.791464

Namespace(task_name='long_term_forecast', train=False, dry_run=False, model='MICN', seed=2024, itrs=3, itr_no=None, data='custom', result_path='scratch', root_path='./dataset/electricity/', data_path='electricity.csv', flag='test', features='S', target='OT', freq='h', seq_len=96, label_len=12, pred_len=24, seasonal_patterns='Monthly', top_k=5, num_kernels=6, n_features=1, d_model=128, n_heads=4, e_layers=2, d_layers=1, d_ff=256, moving_avg=25, factor=3, distil=True, dropout=0.1, embed='timeF', activation='gelu', output_attention=False, conv_kernel=[18, 12], seg_len=24, num_workers=0, train_epochs=10, batch_size=32, patience=3, learning_rate=0.001, lradj='type1', use_amp=False, use_cpu=False, gpu=0, use_multi_gpu=False, devices='0,1,2,3', p_hidden_dims=[128, 128], p_hidden_layers=2, explainers=['wtsr'], areas=[0.05, 0.075, 0.1, 0.15], baseline_mode='random', metrics=['mae', 'mse'], overwrite=True, dump_attrs=False, disable_progress=True, use_gpu=True, enc_in=1, dec_in=1, c_out=1)

>>>> itr_no: 1, seed: 648 <<<<<<
Use GPU: cuda:0
Experiments will be saved in scratch/electricity_MICN/1
test 2607
Loading model from scratch/electricity_MICN/1/checkpoint.pth
Running wtsr from 2024-07-22 12:12:27.229930
Experiment ended at 2024-07-22 12:19:42.829068. Total time taken 0:07:15.599138.
  metric   area       comp       suff
0    mae  0.050  11.655446  11.662649
1    mae  0.075  12.450688  10.227540
2    mae  0.100  12.909927   9.409812
3    mae  0.150  13.750546   7.930916
4    mse  0.050   9.996107   9.486423
5    mse  0.075  11.095170   7.430296
6    mse  0.100  11.779971   6.365444
7    mse  0.150  13.078836   4.674739


>>>> itr_no: 2, seed: 506 <<<<<<
Use GPU: cuda:0
Experiments will be saved in scratch/electricity_MICN/2
test 2607
Loading model from scratch/electricity_MICN/2/checkpoint.pth
Running wtsr from 2024-07-22 12:19:44.654749
Experiment ended at 2024-07-22 12:26:56.203295. Total time taken 0:07:11.548546.
  metric   area       comp       suff
0    mae  0.050  11.600863  11.517416
1    mae  0.075  12.365322  10.149725
2    mae  0.100  12.809750   9.352009
3    mae  0.150  13.629931   7.903901
4    mse  0.050   9.891505   9.249804
5    mse  0.075  10.875075   7.333229
6    mse  0.100  11.502697   6.311450
7    mse  0.150  12.754882   4.673025


>>>> itr_no: 3, seed: 608 <<<<<<
Use GPU: cuda:0
Experiments will be saved in scratch/electricity_MICN/3
test 2607
Loading model from scratch/electricity_MICN/3/checkpoint.pth
Running wtsr from 2024-07-22 12:26:58.116391
Experiment ended at 2024-07-22 12:34:11.116495. Total time taken 0:07:13.000104.
  metric   area       comp       suff
0    mae  0.050  11.527758  11.744626
1    mae  0.075  12.389977  10.266506
2    mae  0.100  12.886771   9.425435
3    mae  0.150  13.753549   7.962442
4    mse  0.050   9.740059   9.624968
5    mse  0.075  10.900778   7.501439
6    mse  0.100  11.633291   6.402149
7    mse  0.150  12.972461   4.726613

Namespace(task_name='long_term_forecast', train=False, dry_run=False, model='SegRNN', seed=2024, itrs=3, itr_no=None, data='custom', result_path='scratch', root_path='./dataset/electricity/', data_path='electricity.csv', flag='test', features='S', target='OT', freq='h', seq_len=96, label_len=12, pred_len=24, seasonal_patterns='Monthly', top_k=5, num_kernels=6, n_features=1, d_model=128, n_heads=4, e_layers=2, d_layers=1, d_ff=256, moving_avg=25, factor=3, distil=True, dropout=0.1, embed='timeF', activation='gelu', output_attention=False, conv_kernel=[18, 12], seg_len=24, num_workers=0, train_epochs=10, batch_size=32, patience=3, learning_rate=0.001, lradj='type1', use_amp=False, use_cpu=False, gpu=0, use_multi_gpu=False, devices='0,1,2,3', p_hidden_dims=[128, 128], p_hidden_layers=2, explainers=['wtsr'], areas=[0.05, 0.075, 0.1, 0.15], baseline_mode='random', metrics=['mae', 'mse'], overwrite=True, dump_attrs=False, disable_progress=True, use_gpu=True, enc_in=1, dec_in=1, c_out=1)

>>>> itr_no: 1, seed: 648 <<<<<<
Use GPU: cuda:0
Experiments will be saved in scratch/electricity_SegRNN/1
test 2607
Loading model from scratch/electricity_SegRNN/1/checkpoint.pth
Running wtsr from 2024-07-22 12:34:26.141919
Experiment ended at 2024-07-22 12:37:16.239151. Total time taken 0:02:50.097232.
  metric   area       comp       suff
0    mae  0.050  11.320577  13.799115
1    mae  0.075  12.441575  12.784974
2    mae  0.100  12.957575  12.181447
3    mae  0.150  13.835822  10.839944
4    mse  0.050  10.096952  12.670968
5    mse  0.075  11.499196  10.997630
6    mse  0.100  12.219113  10.062683
7    mse  0.150  13.517980   8.133466


>>>> itr_no: 2, seed: 506 <<<<<<
Use GPU: cuda:0
Experiments will be saved in scratch/electricity_SegRNN/2
test 2607
Loading model from scratch/electricity_SegRNN/2/checkpoint.pth
Running wtsr from 2024-07-22 12:37:17.817093
Experiment ended at 2024-07-22 12:40:06.884136. Total time taken 0:02:49.067043.
  metric   area       comp       suff
0    mae  0.050  11.454478  13.200976
1    mae  0.075  12.488724  12.172531
2    mae  0.100  12.957948  11.562230
3    mae  0.150  13.828849  10.226455
4    mse  0.050  10.320335  11.616512
5    mse  0.075  11.632602   9.984306
6    mse  0.100  12.267598   9.071946
7    mse  0.150  13.503017   7.238664


>>>> itr_no: 3, seed: 608 <<<<<<
Use GPU: cuda:0
Experiments will be saved in scratch/electricity_SegRNN/3
test 2607
Loading model from scratch/electricity_SegRNN/3/checkpoint.pth
Running wtsr from 2024-07-22 12:40:08.447922
Experiment ended at 2024-07-22 12:42:56.794446. Total time taken 0:02:48.346524.
  metric   area       comp       suff
0    mae  0.050  11.077898  13.634389
1    mae  0.075  12.215251  12.643890
2    mae  0.100  12.727130  12.065576
3    mae  0.150  13.630348  10.745959
4    mse  0.050   9.803019  12.480541
5    mse  0.075  11.179852  10.876646
6    mse  0.100  11.866813   9.991229
7    mse  0.150  13.172454   8.099638

Namespace(task_name='long_term_forecast', train=False, dry_run=False, model='iTransformer', seed=2024, itrs=3, itr_no=None, data='custom', result_path='scratch', root_path='./dataset/electricity/', data_path='electricity.csv', flag='test', features='S', target='OT', freq='h', seq_len=96, label_len=12, pred_len=24, seasonal_patterns='Monthly', top_k=5, num_kernels=6, n_features=1, d_model=128, n_heads=4, e_layers=2, d_layers=1, d_ff=256, moving_avg=25, factor=3, distil=True, dropout=0.1, embed='timeF', activation='gelu', output_attention=False, conv_kernel=[18, 12], seg_len=24, num_workers=0, train_epochs=10, batch_size=32, patience=3, learning_rate=0.001, lradj='type1', use_amp=False, use_cpu=False, gpu=0, use_multi_gpu=False, devices='0,1,2,3', p_hidden_dims=[128, 128], p_hidden_layers=2, explainers=['wtsr'], areas=[0.05, 0.075, 0.1, 0.15], baseline_mode='random', metrics=['mae', 'mse'], overwrite=True, dump_attrs=False, disable_progress=True, use_gpu=True, enc_in=1, dec_in=1, c_out=1)

>>>> itr_no: 1, seed: 648 <<<<<<
Use GPU: cuda:0
Experiments will be saved in scratch/electricity_iTransformer/1
test 2607
Loading model from scratch/electricity_iTransformer/1/checkpoint.pth
Running wtsr from 2024-07-22 12:43:09.971893
Experiment ended at 2024-07-22 12:48:56.673335. Total time taken 0:05:46.701442.
  metric   area       comp       suff
0    mae  0.050  11.460582  16.074495
1    mae  0.075  12.839978  14.810299
2    mae  0.100  13.555566  14.011975
3    mae  0.150  14.833289  12.390587
4    mse  0.050  10.366244  17.169020
5    mse  0.075  12.379487  14.716201
6    mse  0.100  13.512891  13.261685
7    mse  0.150  15.676594  10.510954


>>>> itr_no: 2, seed: 506 <<<<<<
Use GPU: cuda:0
Experiments will be saved in scratch/electricity_iTransformer/2
test 2607
Loading model from scratch/electricity_iTransformer/2/checkpoint.pth
Running wtsr from 2024-07-22 12:48:58.365251
Experiment ended at 2024-07-22 12:54:43.909307. Total time taken 0:05:45.544056.
  metric   area       comp       suff
0    mae  0.050  11.342051  15.804145
1    mae  0.075  12.608339  14.581237
2    mae  0.100  13.231777  13.777459
3    mae  0.150  14.426083  12.166875
4    mse  0.050  10.225807  16.448284
5    mse  0.075  11.946925  14.149561
6    mse  0.100  12.843678  12.736909
7    mse  0.150  14.715095  10.089994


>>>> itr_no: 3, seed: 608 <<<<<<
Use GPU: cuda:0
Experiments will be saved in scratch/electricity_iTransformer/3
test 2607
Loading model from scratch/electricity_iTransformer/3/checkpoint.pth
Running wtsr from 2024-07-22 12:54:45.508262
Experiment ended at 2024-07-22 13:00:31.276629. Total time taken 0:05:45.768367.
  metric   area       comp       suff
0    mae  0.050  11.398875  16.323845
1    mae  0.075  12.711235  15.023230
2    mae  0.100  13.381658  14.191529
3    mae  0.150  14.655704  12.530395
4    mse  0.050  10.401631  17.508749
5    mse  0.075  12.313095  14.993827
6    mse  0.100  13.342822  13.476961
7    mse  0.150  15.406339  10.688494

Namespace(task_name='long_term_forecast', train=False, dry_run=False, model='Crossformer', seed=2024, itrs=3, itr_no=None, data='custom', result_path='scratch', root_path='./dataset/electricity/', data_path='electricity.csv', flag='test', features='S', target='OT', freq='h', seq_len=96, label_len=12, pred_len=24, seasonal_patterns='Monthly', top_k=5, num_kernels=6, n_features=1, d_model=128, n_heads=4, e_layers=2, d_layers=1, d_ff=256, moving_avg=25, factor=3, distil=True, dropout=0.1, embed='timeF', activation='gelu', output_attention=False, conv_kernel=[18, 12], seg_len=24, num_workers=0, train_epochs=10, batch_size=32, patience=3, learning_rate=0.001, lradj='type1', use_amp=False, use_cpu=False, gpu=0, use_multi_gpu=False, devices='0,1,2,3', p_hidden_dims=[128, 128], p_hidden_layers=2, explainers=['wtsr'], areas=[0.05, 0.075, 0.1, 0.15], baseline_mode='random', metrics=['mae', 'mse'], overwrite=True, dump_attrs=False, disable_progress=True, use_gpu=True, enc_in=1, dec_in=1, c_out=1)

>>>> itr_no: 1, seed: 648 <<<<<<
Use GPU: cuda:0
Experiments will be saved in scratch/electricity_Crossformer/1
test 2607
Loading model from scratch/electricity_Crossformer/1/checkpoint.pth
Running wtsr from 2024-07-22 13:00:45.088659
Experiment ended at 2024-07-22 13:30:42.462524. Total time taken 0:29:57.373865.
  metric   area       comp       suff
0    mae  0.050  10.555776  14.073906
1    mae  0.075  11.883060  13.011546
2    mae  0.100  12.495176  12.398155
3    mae  0.150  13.610788  11.057067
4    mse  0.050   9.198996  12.987690
5    mse  0.075  10.850553  11.276617
6    mse  0.100  11.667252  10.343443
7    mse  0.150  13.214307   8.440984


>>>> itr_no: 2, seed: 506 <<<<<<
Use GPU: cuda:0
Experiments will be saved in scratch/electricity_Crossformer/2
test 2607
Loading model from scratch/electricity_Crossformer/2/checkpoint.pth
Running wtsr from 2024-07-22 13:30:45.152194
Experiment ended at 2024-07-22 14:00:42.602280. Total time taken 0:29:57.450086.
  metric   area       comp       suff
0    mae  0.050  11.252984  13.449799
1    mae  0.075  12.407567  12.459473
2    mae  0.100  12.924083  11.889611
3    mae  0.150  13.909357  10.630649
4    mse  0.050  10.528871  12.205313
5    mse  0.075  12.008767  10.662271
6    mse  0.100  12.702213   9.828311
7    mse  0.150  14.066986   8.102638


>>>> itr_no: 3, seed: 608 <<<<<<
Use GPU: cuda:0
Experiments will be saved in scratch/electricity_Crossformer/3
test 2607
Loading model from scratch/electricity_Crossformer/3/checkpoint.pth
Running wtsr from 2024-07-22 14:00:45.469968
Experiment ended at 2024-07-22 14:30:41.777527. Total time taken 0:29:56.307559.
  metric   area       comp       suff
0    mae  0.050  10.523552  14.201049
1    mae  0.075  11.827245  13.146419
2    mae  0.100  12.442499  12.525539
3    mae  0.150  13.564416  11.160414
4    mse  0.050   8.733027  13.469683
5    mse  0.075  10.439637  11.730738
6    mse  0.100  11.317566  10.766029
7    mse  0.150  12.988007   8.795268

Namespace(task_name='long_term_forecast', train=False, dry_run=False, model='DLinear', seed=2024, itrs=3, itr_no=None, data='custom', result_path='scratch', root_path='./dataset/traffic/', data_path='traffic.csv', flag='test', features='S', target='OT', freq='h', seq_len=96, label_len=12, pred_len=24, seasonal_patterns='Monthly', top_k=5, num_kernels=6, n_features=1, d_model=128, n_heads=4, e_layers=2, d_layers=1, d_ff=256, moving_avg=25, factor=3, distil=True, dropout=0.1, embed='timeF', activation='gelu', output_attention=False, conv_kernel=[18, 12], seg_len=24, num_workers=0, train_epochs=10, batch_size=32, patience=3, learning_rate=0.001, lradj='type1', use_amp=False, use_cpu=False, gpu=0, use_multi_gpu=False, devices='0,1,2,3', p_hidden_dims=[128, 128], p_hidden_layers=2, explainers=['wtsr'], areas=[0.05, 0.075, 0.1, 0.15], baseline_mode='random', metrics=['mae', 'mse'], overwrite=True, dump_attrs=False, disable_progress=True, use_gpu=True, enc_in=1, dec_in=1, c_out=1)

>>>> itr_no: 1, seed: 648 <<<<<<
Use GPU: cuda:0
Experiments will be saved in scratch/traffic_DLinear/1
test 1731
Loading model from scratch/traffic_DLinear/1/checkpoint.pth
Running wtsr from 2024-07-22 14:31:14.109711
Experiment ended at 2024-07-22 14:32:31.999109. Total time taken 0:01:17.889398.
  metric   area       comp       suff
0    mae  0.050   8.906867  23.801610
1    mae  0.075  10.743966  21.908189
2    mae  0.100  11.625460  20.794722
3    mae  0.150  13.385360  18.393518
4    mse  0.050   7.476716  32.925818
5    mse  0.075   9.980091  28.304357
6    mse  0.100  11.274742  25.769577
7    mse  0.150  13.992647  20.757307


>>>> itr_no: 2, seed: 506 <<<<<<
Use GPU: cuda:0
Experiments will be saved in scratch/traffic_DLinear/2
test 1731
Loading model from scratch/traffic_DLinear/2/checkpoint.pth
Running wtsr from 2024-07-22 14:32:34.404528
Experiment ended at 2024-07-22 14:33:51.693333. Total time taken 0:01:17.288805.
  metric   area       comp       suff
0    mae  0.050   8.899175  24.074388
1    mae  0.075  10.780954  22.158152
2    mae  0.100  11.714344  21.015499
3    mae  0.150  13.602011  18.540000
4    mse  0.050   7.601840  33.778472
5    mse  0.075  10.186383  29.037285
6    mse  0.100  11.568707  26.413138
7    mse  0.150  14.530683  21.230772


>>>> itr_no: 3, seed: 608 <<<<<<
Use GPU: cuda:0
Experiments will be saved in scratch/traffic_DLinear/3
test 1731
Loading model from scratch/traffic_DLinear/3/checkpoint.pth
Running wtsr from 2024-07-22 14:33:53.970831
Experiment ended at 2024-07-22 14:35:11.637856. Total time taken 0:01:17.667025.
  metric   area       comp       suff
0    mae  0.050   8.831478  23.734033
1    mae  0.075  10.698159  21.817025
2    mae  0.100  11.571381  20.695184
3    mae  0.150  13.325117  18.285799
4    mse  0.050   7.361575  32.648887
5    mse  0.075   9.899257  28.016489
6    mse  0.100  11.183821  25.477341
7    mse  0.150  13.902108  20.458003

Namespace(task_name='long_term_forecast', train=False, dry_run=False, model='MICN', seed=2024, itrs=3, itr_no=None, data='custom', result_path='scratch', root_path='./dataset/traffic/', data_path='traffic.csv', flag='test', features='S', target='OT', freq='h', seq_len=96, label_len=12, pred_len=24, seasonal_patterns='Monthly', top_k=5, num_kernels=6, n_features=1, d_model=128, n_heads=4, e_layers=2, d_layers=1, d_ff=256, moving_avg=25, factor=3, distil=True, dropout=0.1, embed='timeF', activation='gelu', output_attention=False, conv_kernel=[18, 12], seg_len=24, num_workers=0, train_epochs=10, batch_size=32, patience=3, learning_rate=0.001, lradj='type1', use_amp=False, use_cpu=False, gpu=0, use_multi_gpu=False, devices='0,1,2,3', p_hidden_dims=[128, 128], p_hidden_layers=2, explainers=['wtsr'], areas=[0.05, 0.075, 0.1, 0.15], baseline_mode='random', metrics=['mae', 'mse'], overwrite=True, dump_attrs=False, disable_progress=True, use_gpu=True, enc_in=1, dec_in=1, c_out=1)

>>>> itr_no: 1, seed: 648 <<<<<<
Use GPU: cuda:0
Experiments will be saved in scratch/traffic_MICN/1
test 1731
Loading model from scratch/traffic_MICN/1/checkpoint.pth
Running wtsr from 2024-07-22 14:35:26.300295
Experiment ended at 2024-07-22 14:40:21.770422. Total time taken 0:04:55.470127.
  metric   area       comp       suff
0    mae  0.050   8.354752  18.109551
1    mae  0.075  10.155526  15.989135
2    mae  0.100  11.088326  14.867352
3    mae  0.150  13.003947  12.656167
4    mse  0.050   5.741427  18.887528
5    mse  0.075   7.807525  14.787612
6    mse  0.100   8.963775  12.836316
7    mse  0.150  11.562179   9.419759


>>>> itr_no: 2, seed: 506 <<<<<<
Use GPU: cuda:0
Experiments will be saved in scratch/traffic_MICN/2
test 1731
Loading model from scratch/traffic_MICN/2/checkpoint.pth
Running wtsr from 2024-07-22 14:40:24.434773
Experiment ended at 2024-07-22 14:45:19.775753. Total time taken 0:04:55.340980.
  metric   area       comp       suff
0    mae  0.050   8.488527  17.807151
1    mae  0.075  10.257949  15.721676
2    mae  0.100  11.172276  14.611412
3    mae  0.150  13.026682  12.429266
4    mse  0.050   5.836452  18.329612
5    mse  0.075   7.912861  14.375344
6    mse  0.100   9.088900  12.471622
7    mse  0.150  11.663207   9.138282


>>>> itr_no: 3, seed: 608 <<<<<<
Use GPU: cuda:0
Experiments will be saved in scratch/traffic_MICN/3
test 1731
Loading model from scratch/traffic_MICN/3/checkpoint.pth
Running wtsr from 2024-07-22 14:45:22.465084
Experiment ended at 2024-07-22 14:50:18.608952. Total time taken 0:04:56.143868.
  metric   area       comp       suff
0    mae  0.050   8.611813  18.649702
1    mae  0.075  10.511923  16.436916
2    mae  0.100  11.509074  15.270290
3    mae  0.150  13.521722  12.991218
4    mse  0.050   5.972551  19.975933
5    mse  0.075   8.198003  15.599086
6    mse  0.100   9.487530  13.521254
7    mse  0.150  12.299323   9.911002

Namespace(task_name='long_term_forecast', train=False, dry_run=False, model='SegRNN', seed=2024, itrs=3, itr_no=None, data='custom', result_path='scratch', root_path='./dataset/traffic/', data_path='traffic.csv', flag='test', features='S', target='OT', freq='h', seq_len=96, label_len=12, pred_len=24, seasonal_patterns='Monthly', top_k=5, num_kernels=6, n_features=1, d_model=128, n_heads=4, e_layers=2, d_layers=1, d_ff=256, moving_avg=25, factor=3, distil=True, dropout=0.1, embed='timeF', activation='gelu', output_attention=False, conv_kernel=[18, 12], seg_len=24, num_workers=0, train_epochs=10, batch_size=32, patience=3, learning_rate=0.001, lradj='type1', use_amp=False, use_cpu=False, gpu=0, use_multi_gpu=False, devices='0,1,2,3', p_hidden_dims=[128, 128], p_hidden_layers=2, explainers=['wtsr'], areas=[0.05, 0.075, 0.1, 0.15], baseline_mode='random', metrics=['mae', 'mse'], overwrite=True, dump_attrs=False, disable_progress=True, use_gpu=True, enc_in=1, dec_in=1, c_out=1)

>>>> itr_no: 1, seed: 648 <<<<<<
Use GPU: cuda:0
Experiments will be saved in scratch/traffic_SegRNN/1
test 1731
Loading model from scratch/traffic_SegRNN/1/checkpoint.pth
Running wtsr from 2024-07-22 14:50:32.475291
Experiment ended at 2024-07-22 14:52:26.860679. Total time taken 0:01:54.385388.
  metric   area       comp       suff
0    mae  0.050  13.810529  19.616308
1    mae  0.075  14.692079  17.230688
2    mae  0.100  15.086550  15.908542
3    mae  0.150  15.949497  13.154943
4    mse  0.050  15.835277  22.840788
5    mse  0.075  17.118165  17.990004
6    mse  0.100  17.698235  15.541205
7    mse  0.150  19.014864  10.984249


>>>> itr_no: 2, seed: 506 <<<<<<
Use GPU: cuda:0
Experiments will be saved in scratch/traffic_SegRNN/2
test 1731
Loading model from scratch/traffic_SegRNN/2/checkpoint.pth
Running wtsr from 2024-07-22 14:52:29.205464
Experiment ended at 2024-07-22 14:54:23.711824. Total time taken 0:01:54.506360.
  metric   area       comp       suff
0    mae  0.050  13.117423  19.778072
1    mae  0.075  14.124190  17.442536
2    mae  0.100  14.570818  16.139793
3    mae  0.150  15.502952  13.459141
4    mse  0.050  14.560111  23.099867
5    mse  0.075  16.037335  18.302427
6    mse  0.100  16.724547  15.854055
7    mse  0.150  18.222380  11.363435


>>>> itr_no: 3, seed: 608 <<<<<<
Use GPU: cuda:0
Experiments will be saved in scratch/traffic_SegRNN/3
test 1731
Loading model from scratch/traffic_SegRNN/3/checkpoint.pth
Running wtsr from 2024-07-22 14:54:26.017876
Experiment ended at 2024-07-22 14:56:20.427952. Total time taken 0:01:54.410076.
  metric   area       comp       suff
0    mae  0.050  12.840592  19.422865
1    mae  0.075  13.802911  17.079627
2    mae  0.100  14.286058  15.742023
3    mae  0.150  15.298419  13.000790
4    mse  0.050  14.267281  21.960418
5    mse  0.075  15.594159  17.276110
6    mse  0.100  16.299284  14.846044
7    mse  0.150  17.841554  10.446376

Namespace(task_name='long_term_forecast', train=False, dry_run=False, model='iTransformer', seed=2024, itrs=3, itr_no=None, data='custom', result_path='scratch', root_path='./dataset/traffic/', data_path='traffic.csv', flag='test', features='S', target='OT', freq='h', seq_len=96, label_len=12, pred_len=24, seasonal_patterns='Monthly', top_k=5, num_kernels=6, n_features=1, d_model=128, n_heads=4, e_layers=2, d_layers=1, d_ff=256, moving_avg=25, factor=3, distil=True, dropout=0.1, embed='timeF', activation='gelu', output_attention=False, conv_kernel=[18, 12], seg_len=24, num_workers=0, train_epochs=10, batch_size=32, patience=3, learning_rate=0.001, lradj='type1', use_amp=False, use_cpu=False, gpu=0, use_multi_gpu=False, devices='0,1,2,3', p_hidden_dims=[128, 128], p_hidden_layers=2, explainers=['wtsr'], areas=[0.05, 0.075, 0.1, 0.15], baseline_mode='random', metrics=['mae', 'mse'], overwrite=True, dump_attrs=False, disable_progress=True, use_gpu=True, enc_in=1, dec_in=1, c_out=1)

>>>> itr_no: 1, seed: 648 <<<<<<
Use GPU: cuda:0
Experiments will be saved in scratch/traffic_iTransformer/1
test 1731
Loading model from scratch/traffic_iTransformer/1/checkpoint.pth
Running wtsr from 2024-07-22 14:56:34.330272
Experiment ended at 2024-07-22 15:00:27.363064. Total time taken 0:03:53.032792.
  metric   area       comp       suff
0    mae  0.050   9.804449  24.628749
1    mae  0.075  10.883958  22.072871
2    mae  0.100  11.498785  20.549461
3    mae  0.150  12.733948  17.380801
4    mse  0.050   7.237678  35.029477
5    mse  0.075   8.586012  28.653732
6    mse  0.100   9.406853  25.109237
7    mse  0.150  11.207902  18.400947


>>>> itr_no: 2, seed: 506 <<<<<<
Use GPU: cuda:0
Experiments will be saved in scratch/traffic_iTransformer/2
test 1731
Loading model from scratch/traffic_iTransformer/2/checkpoint.pth
Running wtsr from 2024-07-22 15:00:29.738352
Experiment ended at 2024-07-22 15:04:22.644380. Total time taken 0:03:52.906028.
  metric   area       comp       suff
0    mae  0.050   9.869171  24.534435
1    mae  0.075  11.019312  21.972700
2    mae  0.100  11.629365  20.446555
3    mae  0.150  12.913223  17.288540
4    mse  0.050   7.166914  34.850075
5    mse  0.075   8.637951  28.474829
6    mse  0.100   9.459970  24.922010
7    mse  0.150  11.371963  18.245635


>>>> itr_no: 3, seed: 608 <<<<<<
Use GPU: cuda:0
Experiments will be saved in scratch/traffic_iTransformer/3
test 1731
Loading model from scratch/traffic_iTransformer/3/checkpoint.pth
Running wtsr from 2024-07-22 15:04:24.980385
Experiment ended at 2024-07-22 15:08:18.933120. Total time taken 0:03:53.952735.
  metric   area       comp       suff
0    mae  0.050   9.918091  24.580463
1    mae  0.075  11.089491  22.085928
2    mae  0.100  11.706469  20.601981
3    mae  0.150  12.974634  17.487994
4    mse  0.050   7.300327  34.975779
5    mse  0.075   8.832249  28.750166
6    mse  0.100   9.697069  25.294309
7    mse  0.150  11.642247  18.679948

Namespace(task_name='long_term_forecast', train=False, dry_run=False, model='Crossformer', seed=2024, itrs=3, itr_no=None, data='custom', result_path='scratch', root_path='./dataset/traffic/', data_path='traffic.csv', flag='test', features='S', target='OT', freq='h', seq_len=96, label_len=12, pred_len=24, seasonal_patterns='Monthly', top_k=5, num_kernels=6, n_features=1, d_model=128, n_heads=4, e_layers=2, d_layers=1, d_ff=256, moving_avg=25, factor=3, distil=True, dropout=0.1, embed='timeF', activation='gelu', output_attention=False, conv_kernel=[18, 12], seg_len=24, num_workers=0, train_epochs=10, batch_size=32, patience=3, learning_rate=0.001, lradj='type1', use_amp=False, use_cpu=False, gpu=0, use_multi_gpu=False, devices='0,1,2,3', p_hidden_dims=[128, 128], p_hidden_layers=2, explainers=['wtsr'], areas=[0.05, 0.075, 0.1, 0.15], baseline_mode='random', metrics=['mae', 'mse'], overwrite=True, dump_attrs=False, disable_progress=True, use_gpu=True, enc_in=1, dec_in=1, c_out=1)

>>>> itr_no: 1, seed: 648 <<<<<<
Use GPU: cuda:0
Experiments will be saved in scratch/traffic_Crossformer/1
test 1731
Loading model from scratch/traffic_Crossformer/1/checkpoint.pth
Running wtsr from 2024-07-22 15:08:33.030733
Experiment ended at 2024-07-22 15:28:50.344346. Total time taken 0:20:17.313613.
  metric   area      comp       suff
0    mae  0.050  6.642520  21.697403
1    mae  0.075  7.790030  18.981500
2    mae  0.100  8.335841  17.454714
3    mae  0.150  9.450592  14.371796
4    mse  0.050  3.596211  28.081157
5    mse  0.075  4.614581  22.148584
6    mse  0.100  5.149984  19.077071
7    mse  0.150  6.364210  13.467113


>>>> itr_no: 2, seed: 506 <<<<<<
Use GPU: cuda:0
Experiments will be saved in scratch/traffic_Crossformer/2
test 1731
Loading model from scratch/traffic_Crossformer/2/checkpoint.pth
Running wtsr from 2024-07-22 15:28:54.070492
Experiment ended at 2024-07-22 15:49:14.054300. Total time taken 0:20:19.983808.
  metric   area      comp       suff
0    mae  0.050  6.273842  20.404461
1    mae  0.075  7.083621  17.499135
2    mae  0.100  7.479038  15.903976
3    mae  0.150  8.259606  12.831622
4    mse  0.050  3.244275  25.223327
5    mse  0.075  3.948758  19.213970
6    mse  0.100  4.315324  16.158454
7    mse  0.150  5.107241  10.915571


>>>> itr_no: 3, seed: 608 <<<<<<
Use GPU: cuda:0
Experiments will be saved in scratch/traffic_Crossformer/3
test 1731
Loading model from scratch/traffic_Crossformer/3/checkpoint.pth
Running wtsr from 2024-07-22 15:49:17.211245
Experiment ended at 2024-07-22 16:09:36.748792. Total time taken 0:20:19.537547.
  metric   area      comp       suff
0    mae  0.050  6.852499  21.779673
1    mae  0.075  7.807024  19.059253
2    mae  0.100  8.261117  17.489682
3    mae  0.150  9.180329  14.315173
4    mse  0.050  3.707115  29.011320
5    mse  0.075  4.602083  22.965832
6    mse  0.100  5.066141  19.746245
7    mse  0.150  6.100749  13.837142

Namespace(task_name='classification', train=False, dry_run=False, model='DLinear', seed=2024, itrs=3, itr_no=None, data='mimic', result_path='scratch', root_path='./dataset/mimic_iii/', data_path='mimic_iii.pkl', flag='test', features='MS', target='OT', freq='h', seq_len=96, label_len=48, pred_len=96, seasonal_patterns='Monthly', top_k=5, num_kernels=6, n_features=31, d_model=128, n_heads=4, e_layers=2, d_layers=1, d_ff=256, moving_avg=25, factor=3, distil=True, dropout=0.1, embed='timeF', activation='gelu', output_attention=False, conv_kernel=[18, 12], seg_len=24, num_workers=0, train_epochs=10, batch_size=32, patience=3, learning_rate=0.001, lradj='type1', use_amp=False, use_cpu=False, gpu=0, use_multi_gpu=False, devices='0,1,2,3', p_hidden_dims=[128, 128], p_hidden_layers=2, explainers=['wtsr'], areas=[0.05, 0.075, 0.1, 0.15], baseline_mode='random', metrics=['auc', 'accuracy', 'cross_entropy'], overwrite=True, dump_attrs=False, disable_progress=True, use_gpu=True, enc_in=31, dec_in=31, c_out=31)

>>>> itr_no: 1, seed: 648 <<<<<<
Use GPU: cuda:0
Dead patients 1832, percentage 9.96.
train 18390
Dead patients 229, percentage 9.96.
test 2299
Experiments will be saved in scratch/mimic_iii_DLinear/1
Dead patients 229, percentage 9.96.
test 2299
Loading model from scratch/mimic_iii_DLinear/1/checkpoint.pth
Running wtsr from 2024-07-22 16:10:06.901212
Experiment ended at 2024-07-22 16:12:06.773613. Total time taken 0:01:59.872401.
           metric   area      comp      suff
0        accuracy  0.050  0.981771  0.989149
1        accuracy  0.075  0.981771  0.989800
2        accuracy  0.100  0.981771  0.991536
3        accuracy  0.150  0.981771  0.991102
4             auc  0.050  0.348414  0.401310
5             auc  0.075  0.311703  0.402091
6             auc  0.100  0.290069  0.402315
7             auc  0.150  0.270097  0.402315
8   cross_entropy  0.050  0.106514  0.092417
9   cross_entropy  0.075  0.110378  0.091675
10  cross_entropy  0.100  0.112597  0.091612
11  cross_entropy  0.150  0.113763  0.092637


>>>> itr_no: 2, seed: 506 <<<<<<
Use GPU: cuda:0
Dead patients 1832, percentage 9.96.
train 18390
Dead patients 229, percentage 9.96.
test 2299
Experiments will be saved in scratch/mimic_iii_DLinear/2
Dead patients 229, percentage 9.96.
test 2299
Loading model from scratch/mimic_iii_DLinear/2/checkpoint.pth
Running wtsr from 2024-07-22 16:12:10.225845
Experiment ended at 2024-07-22 16:14:08.036275. Total time taken 0:01:57.810430.
           metric   area      comp      suff
0        accuracy  0.050  0.980903  0.985460
1        accuracy  0.075  0.981120  0.987630
2        accuracy  0.100  0.981337  0.988498
3        accuracy  0.150  0.981337  0.990885
4             auc  0.050  0.336671  0.460969
5             auc  0.075  0.298178  0.466909
6             auc  0.100  0.266066  0.469743
7             auc  0.150  0.247222  0.470762
8   cross_entropy  0.050  0.122756  0.109556
9   cross_entropy  0.075  0.124852  0.109107
10  cross_entropy  0.100  0.127863  0.107689
11  cross_entropy  0.150  0.129128  0.105755


>>>> itr_no: 3, seed: 608 <<<<<<
Use GPU: cuda:0
Dead patients 1832, percentage 9.96.
train 18390
Dead patients 229, percentage 9.96.
test 2299
Experiments will be saved in scratch/mimic_iii_DLinear/3
Dead patients 229, percentage 9.96.
test 2299
Loading model from scratch/mimic_iii_DLinear/3/checkpoint.pth
Running wtsr from 2024-07-22 16:14:11.425134
Experiment ended at 2024-07-22 16:16:09.093196. Total time taken 0:01:57.668062.
           metric   area      comp      suff
0        accuracy  0.050  0.961211  0.978299
1        accuracy  0.075  0.960560  0.979818
2        accuracy  0.100  0.960343  0.983073
3        accuracy  0.150  0.960343  0.985894
4             auc  0.050  0.647813  0.712634
5             auc  0.075  0.613663  0.717156
6             auc  0.100  0.587576  0.717635
7             auc  0.150  0.545795  0.719675
8   cross_entropy  0.050  0.141914  0.114355
9   cross_entropy  0.075  0.149169  0.111656
10  cross_entropy  0.100  0.153888  0.110292
11  cross_entropy  0.150  0.158623  0.109682

Namespace(task_name='classification', train=False, dry_run=False, model='MICN', seed=2024, itrs=3, itr_no=None, data='mimic', result_path='scratch', root_path='./dataset/mimic_iii/', data_path='mimic_iii.pkl', flag='test', features='MS', target='OT', freq='h', seq_len=96, label_len=48, pred_len=96, seasonal_patterns='Monthly', top_k=5, num_kernels=6, n_features=31, d_model=128, n_heads=4, e_layers=2, d_layers=1, d_ff=256, moving_avg=25, factor=3, distil=True, dropout=0.1, embed='timeF', activation='gelu', output_attention=False, conv_kernel=[18, 12], seg_len=24, num_workers=0, train_epochs=10, batch_size=32, patience=3, learning_rate=0.001, lradj='type1', use_amp=False, use_cpu=False, gpu=0, use_multi_gpu=False, devices='0,1,2,3', p_hidden_dims=[128, 128], p_hidden_layers=2, explainers=['wtsr'], areas=[0.05, 0.075, 0.1, 0.15], baseline_mode='random', metrics=['auc', 'accuracy', 'cross_entropy'], overwrite=True, dump_attrs=False, disable_progress=True, use_gpu=True, enc_in=31, dec_in=31, c_out=31)

>>>> itr_no: 1, seed: 648 <<<<<<
Use GPU: cuda:0
Dead patients 1832, percentage 9.96.
train 18390
Dead patients 229, percentage 9.96.
test 2299
Experiments will be saved in scratch/mimic_iii_MICN/1
Dead patients 229, percentage 9.96.
test 2299
Loading model from scratch/mimic_iii_MICN/1/checkpoint.pth
Running wtsr from 2024-07-22 16:16:24.262013
Experiment ended at 2024-07-22 16:23:29.733419. Total time taken 0:07:05.471406.
           metric   area      comp      suff
0        accuracy  0.050  0.975477  0.983724
1        accuracy  0.075  0.974175  0.985026
2        accuracy  0.100  0.973958  0.986545
3        accuracy  0.150  0.973307  0.985894
4             auc  0.050  0.402688  0.411381
5             auc  0.075  0.385992  0.418384
6             auc  0.100  0.374513  0.420763
7             auc  0.150  0.359292  0.424536
8   cross_entropy  0.050  0.139452  0.117422
9   cross_entropy  0.075  0.146317  0.113874
10  cross_entropy  0.100  0.151336  0.111676
11  cross_entropy  0.150  0.155521  0.110563


>>>> itr_no: 2, seed: 506 <<<<<<
Use GPU: cuda:0
Dead patients 1832, percentage 9.96.
train 18390
Dead patients 229, percentage 9.96.
test 2299
Experiments will be saved in scratch/mimic_iii_MICN/2
Dead patients 229, percentage 9.96.
test 2299
Loading model from scratch/mimic_iii_MICN/2/checkpoint.pth
Running wtsr from 2024-07-22 16:23:33.517497
Experiment ended at 2024-07-22 16:30:39.074102. Total time taken 0:07:05.556605.
           metric   area      comp      suff
0        accuracy  0.050  0.962907  0.973404
1        accuracy  0.075  0.962473  0.976442
2        accuracy  0.100  0.961822  0.978355
3        accuracy  0.150  0.960696  0.981867
4             auc  0.050  0.458096  0.577493
5             auc  0.075  0.421415  0.580166
6             auc  0.100  0.416472  0.587425
7             auc  0.150  0.399637  0.588198
8   cross_entropy  0.050  0.223808  0.152515
9   cross_entropy  0.075  0.230334  0.149446
10  cross_entropy  0.100  0.235430  0.146545
11  cross_entropy  0.150  0.238496  0.142820


>>>> itr_no: 3, seed: 608 <<<<<<
Use GPU: cuda:0
Dead patients 1832, percentage 9.96.
train 18390
Dead patients 229, percentage 9.96.
test 2299
Experiments will be saved in scratch/mimic_iii_MICN/3
Dead patients 229, percentage 9.96.
test 2299
Loading model from scratch/mimic_iii_MICN/3/checkpoint.pth
Running wtsr from 2024-07-22 16:30:42.772400
Experiment ended at 2024-07-22 16:37:48.672891. Total time taken 0:07:05.900491.
           metric   area      comp      suff
0        accuracy  0.050  0.959772  0.974095
1        accuracy  0.075  0.956083  0.979561
2        accuracy  0.100  0.955649  0.981297
3        accuracy  0.150  0.956517  0.985894
4             auc  0.050  0.737183  0.812935
5             auc  0.075  0.705963  0.813901
6             auc  0.100  0.684517  0.814882
7             auc  0.150  0.648262  0.816321
8   cross_entropy  0.050  0.192628  0.153678
9   cross_entropy  0.075  0.201867  0.149733
10  cross_entropy  0.100  0.206862  0.147215
11  cross_entropy  0.150  0.213565  0.143820

Namespace(task_name='classification', train=False, dry_run=False, model='SegRNN', seed=2024, itrs=3, itr_no=None, data='mimic', result_path='scratch', root_path='./dataset/mimic_iii/', data_path='mimic_iii.pkl', flag='test', features='MS', target='OT', freq='h', seq_len=96, label_len=48, pred_len=96, seasonal_patterns='Monthly', top_k=5, num_kernels=6, n_features=31, d_model=128, n_heads=4, e_layers=2, d_layers=1, d_ff=256, moving_avg=25, factor=3, distil=True, dropout=0.1, embed='timeF', activation='gelu', output_attention=False, conv_kernel=[18, 12], seg_len=24, num_workers=0, train_epochs=10, batch_size=32, patience=3, learning_rate=0.001, lradj='type1', use_amp=False, use_cpu=False, gpu=0, use_multi_gpu=False, devices='0,1,2,3', p_hidden_dims=[128, 128], p_hidden_layers=2, explainers=['wtsr'], areas=[0.05, 0.075, 0.1, 0.15], baseline_mode='random', metrics=['auc', 'accuracy', 'cross_entropy'], overwrite=True, dump_attrs=False, disable_progress=True, use_gpu=True, enc_in=31, dec_in=31, c_out=31)

>>>> itr_no: 1, seed: 648 <<<<<<
Use GPU: cuda:0
Dead patients 1832, percentage 9.96.
train 18390
Dead patients 229, percentage 9.96.
test 2299
Experiments will be saved in scratch/mimic_iii_SegRNN/1
Dead patients 229, percentage 9.96.
test 2299
Loading model from scratch/mimic_iii_SegRNN/1/checkpoint.pth
Running wtsr from 2024-07-22 16:38:08.345859
Experiment ended at 2024-07-22 16:42:02.928787. Total time taken 0:03:54.582928.
           metric   area      comp      suff
0        accuracy  0.050  0.850453  0.967938
1        accuracy  0.075  0.832618  0.974489
2        accuracy  0.100  0.825457  0.978001
3        accuracy  0.150  0.816993  0.979303
4             auc  0.050  0.491743  0.791059
5             auc  0.075  0.483175  0.794886
6             auc  0.100  0.478499  0.795680
7             auc  0.150  0.476494  0.798097
8   cross_entropy  0.050  0.364693  0.133130
9   cross_entropy  0.075  0.391029  0.115819
10  cross_entropy  0.100  0.404307  0.107028
11  cross_entropy  0.150  0.413401  0.099000


>>>> itr_no: 2, seed: 506 <<<<<<
Use GPU: cuda:0
Dead patients 1832, percentage 9.96.
train 18390
Dead patients 229, percentage 9.96.
test 2299
Experiments will be saved in scratch/mimic_iii_SegRNN/2
Dead patients 229, percentage 9.96.
test 2299
Loading model from scratch/mimic_iii_SegRNN/2/checkpoint.pth
Running wtsr from 2024-07-22 16:42:06.388081
Experiment ended at 2024-07-22 16:46:00.284579. Total time taken 0:03:53.896498.
           metric   area      comp      suff
0        accuracy  0.050  0.908750  0.978516
1        accuracy  0.075  0.901982  0.982205
2        accuracy  0.100  0.902199  0.983290
3        accuracy  0.150  0.905197  0.984809
4             auc  0.050  0.404571  0.600338
5             auc  0.075  0.395382  0.603016
6             auc  0.100  0.384551  0.603559
7             auc  0.150  0.373326  0.605094
8   cross_entropy  0.050  0.295841  0.137091
9   cross_entropy  0.075  0.305470  0.125779
10  cross_entropy  0.100  0.309861  0.120192
11  cross_entropy  0.150  0.310204  0.115713


>>>> itr_no: 3, seed: 608 <<<<<<
Use GPU: cuda:0
Dead patients 1832, percentage 9.96.
train 18390
Dead patients 229, percentage 9.96.
test 2299
Experiments will be saved in scratch/mimic_iii_SegRNN/3
Dead patients 229, percentage 9.96.
test 2299
Loading model from scratch/mimic_iii_SegRNN/3/checkpoint.pth
Running wtsr from 2024-07-22 16:46:03.701389
Experiment ended at 2024-07-22 16:49:58.175290. Total time taken 0:03:54.473901.
           metric   area      comp      suff
0        accuracy  0.050  0.906604  0.969321
1        accuracy  0.075  0.902046  0.970840
2        accuracy  0.100  0.905736  0.971491
3        accuracy  0.150  0.903999  0.974746
4             auc  0.050  0.622529  0.839710
5             auc  0.075  0.613350  0.845142
6             auc  0.100  0.601780  0.847991
7             auc  0.150  0.586587  0.847286
8   cross_entropy  0.050  0.288327  0.156342
9   cross_entropy  0.075  0.294171  0.147792
10  cross_entropy  0.100  0.298362  0.141709
11  cross_entropy  0.150  0.302112  0.134647

Namespace(task_name='classification', train=False, dry_run=False, model='iTransformer', seed=2024, itrs=3, itr_no=None, data='mimic', result_path='scratch', root_path='./dataset/mimic_iii/', data_path='mimic_iii.pkl', flag='test', features='MS', target='OT', freq='h', seq_len=96, label_len=48, pred_len=96, seasonal_patterns='Monthly', top_k=5, num_kernels=6, n_features=31, d_model=128, n_heads=4, e_layers=2, d_layers=1, d_ff=256, moving_avg=25, factor=3, distil=True, dropout=0.1, embed='timeF', activation='gelu', output_attention=False, conv_kernel=[18, 12], seg_len=24, num_workers=0, train_epochs=10, batch_size=32, patience=3, learning_rate=0.001, lradj='type1', use_amp=False, use_cpu=False, gpu=0, use_multi_gpu=False, devices='0,1,2,3', p_hidden_dims=[128, 128], p_hidden_layers=2, explainers=['wtsr'], areas=[0.05, 0.075, 0.1, 0.15], baseline_mode='random', metrics=['auc', 'accuracy', 'cross_entropy'], overwrite=True, dump_attrs=False, disable_progress=True, use_gpu=True, enc_in=31, dec_in=31, c_out=31)

>>>> itr_no: 1, seed: 648 <<<<<<
Use GPU: cuda:0
Dead patients 1832, percentage 9.96.
train 18390
Dead patients 229, percentage 9.96.
test 2299
Experiments will be saved in scratch/mimic_iii_iTransformer/1
Dead patients 229, percentage 9.96.
test 2299
Loading model from scratch/mimic_iii_iTransformer/1/checkpoint.pth
Running wtsr from 2024-07-22 16:50:17.920012
Experiment ended at 2024-07-22 16:55:21.108453. Total time taken 0:05:03.188441.
           metric   area      comp      suff
0        accuracy  0.050  0.965985  0.972930
1        accuracy  0.075  0.963164  0.976836
2        accuracy  0.100  0.962947  0.978138
3        accuracy  0.150  0.962513  0.979657
4             auc  0.050  0.439781  0.424541
5             auc  0.075  0.430375  0.440833
6             auc  0.100  0.423408  0.452842
7             auc  0.150  0.404410  0.459834
8   cross_entropy  0.050  0.158325  0.141906
9   cross_entropy  0.075  0.165738  0.135508
10  cross_entropy  0.100  0.170878  0.130787
11  cross_entropy  0.150  0.177914  0.123060


>>>> itr_no: 2, seed: 506 <<<<<<
Use GPU: cuda:0
Dead patients 1832, percentage 9.96.
train 18390
Dead patients 229, percentage 9.96.
test 2299
Experiments will be saved in scratch/mimic_iii_iTransformer/2
Dead patients 229, percentage 9.96.
test 2299
Loading model from scratch/mimic_iii_iTransformer/2/checkpoint.pth
Running wtsr from 2024-07-22 16:55:24.642983
Experiment ended at 2024-07-22 17:00:28.666976. Total time taken 0:05:04.023993.
           metric   area      comp      suff
0        accuracy  0.050  0.942033  0.964627
1        accuracy  0.075  0.937910  0.970269
2        accuracy  0.100  0.933570  0.969401
3        accuracy  0.150  0.936431  0.974392
4             auc  0.050  0.630322  0.649440
5             auc  0.075  0.610029  0.677797
6             auc  0.100  0.591324  0.684549
7             auc  0.150  0.574177  0.692092
8   cross_entropy  0.050  0.199066  0.135890
9   cross_entropy  0.075  0.209639  0.124949
10  cross_entropy  0.100  0.215110  0.119090
11  cross_entropy  0.150  0.218986  0.112689


>>>> itr_no: 3, seed: 608 <<<<<<
Use GPU: cuda:0
Dead patients 1832, percentage 9.96.
train 18390
Dead patients 229, percentage 9.96.
test 2299
Experiments will be saved in scratch/mimic_iii_iTransformer/3
Dead patients 229, percentage 9.96.
test 2299
Loading model from scratch/mimic_iii_iTransformer/3/checkpoint.pth
Running wtsr from 2024-07-22 17:00:32.071585
Experiment ended at 2024-07-22 17:05:36.156468. Total time taken 0:05:04.084883.
           metric   area      comp      suff
0        accuracy  0.050  0.971748  0.977567
1        accuracy  0.075  0.966282  0.978218
2        accuracy  0.100  0.964980  0.979520
3        accuracy  0.150  0.964980  0.982559
4             auc  0.050  0.516149  0.532122
5             auc  0.075  0.498670  0.551943
6             auc  0.100  0.478292  0.558657
7             auc  0.150  0.453200  0.567589
8   cross_entropy  0.050  0.159636  0.124726
9   cross_entropy  0.075  0.168797  0.117848
10  cross_entropy  0.100  0.173715  0.115359
11  cross_entropy  0.150  0.177060  0.111976

Namespace(task_name='classification', train=False, dry_run=False, model='Crossformer', seed=2024, itrs=3, itr_no=None, data='mimic', result_path='scratch', root_path='./dataset/mimic_iii/', data_path='mimic_iii.pkl', flag='test', features='MS', target='OT', freq='h', seq_len=96, label_len=48, pred_len=96, seasonal_patterns='Monthly', top_k=5, num_kernels=6, n_features=31, d_model=128, n_heads=4, e_layers=2, d_layers=1, d_ff=256, moving_avg=25, factor=3, distil=True, dropout=0.1, embed='timeF', activation='gelu', output_attention=False, conv_kernel=[18, 12], seg_len=24, num_workers=0, train_epochs=10, batch_size=32, patience=3, learning_rate=0.001, lradj='type1', use_amp=False, use_cpu=False, gpu=0, use_multi_gpu=False, devices='0,1,2,3', p_hidden_dims=[128, 128], p_hidden_layers=2, explainers=['wtsr'], areas=[0.05, 0.075, 0.1, 0.15], baseline_mode='random', metrics=['auc', 'accuracy', 'cross_entropy'], overwrite=True, dump_attrs=False, disable_progress=True, use_gpu=True, enc_in=31, dec_in=31, c_out=31)

>>>> itr_no: 1, seed: 648 <<<<<<
Use GPU: cuda:0
Dead patients 1832, percentage 9.96.
train 18390
Dead patients 229, percentage 9.96.
test 2299
Experiments will be saved in scratch/mimic_iii_Crossformer/1
Dead patients 229, percentage 9.96.
test 2299
Loading model from scratch/mimic_iii_Crossformer/1/checkpoint.pth
Running wtsr from 2024-07-22 17:05:53.097721
Experiment ended at 2024-07-22 17:17:02.892796. Total time taken 0:11:09.795075.
           metric   area     comp     suff
0        accuracy  0.050  1.00000  1.00000
1        accuracy  0.075  1.00000  1.00000
2        accuracy  0.100  1.00000  1.00000
3        accuracy  0.150  1.00000  1.00000
4             auc  0.050  0.00000  0.00000
5             auc  0.075  0.00000  0.00000
6             auc  0.100  0.00000  0.00000
7             auc  0.150  0.00000  0.00000
8   cross_entropy  0.050  0.09172  0.09172
9   cross_entropy  0.075  0.09172  0.09172
10  cross_entropy  0.100  0.09172  0.09172
11  cross_entropy  0.150  0.09172  0.09172


>>>> itr_no: 2, seed: 506 <<<<<<
Use GPU: cuda:0
Dead patients 1832, percentage 9.96.
train 18390
Dead patients 229, percentage 9.96.
test 2299
Experiments will be saved in scratch/mimic_iii_Crossformer/2
Dead patients 229, percentage 9.96.
test 2299
Loading model from scratch/mimic_iii_Crossformer/2/checkpoint.pth
Running wtsr from 2024-07-22 17:17:07.872481
Experiment ended at 2024-07-22 17:28:18.829216. Total time taken 0:11:10.956735.
           metric   area      comp      suff
0        accuracy  0.050  0.987847  0.987413
1        accuracy  0.075  0.987413  0.987413
2        accuracy  0.100  0.987413  0.987630
3        accuracy  0.150  0.988281  0.989366
4             auc  0.050  0.360193  0.313628
5             auc  0.075  0.354809  0.344247
6             auc  0.100  0.357266  0.357198
7             auc  0.150  0.358610  0.369478
8   cross_entropy  0.050  0.107406  0.106675
9   cross_entropy  0.075  0.108479  0.100884
10  cross_entropy  0.100  0.108435  0.098961
11  cross_entropy  0.150  0.108633  0.097853


>>>> itr_no: 3, seed: 608 <<<<<<
Use GPU: cuda:0
Dead patients 1832, percentage 9.96.
train 18390
Dead patients 229, percentage 9.96.
test 2299
Experiments will be saved in scratch/mimic_iii_Crossformer/3
Dead patients 229, percentage 9.96.
test 2299
Loading model from scratch/mimic_iii_Crossformer/3/checkpoint.pth
Running wtsr from 2024-07-22 17:28:23.413382
Experiment ended at 2024-07-22 17:39:35.311256. Total time taken 0:11:11.897874.
           metric   area      comp      suff
0        accuracy  0.050  0.993056  0.991319
1        accuracy  0.075  0.993056  0.991319
2        accuracy  0.100  0.993056  0.991319
3        accuracy  0.150  0.991970  0.992188
4             auc  0.050  0.249537  0.237325
5             auc  0.075  0.249089  0.244153
6             auc  0.100  0.249313  0.246741
7             auc  0.150  0.248641  0.248656
8   cross_entropy  0.050  0.034374  0.041327
9   cross_entropy  0.075  0.033629  0.039063
10  cross_entropy  0.100  0.033093  0.037244
11  cross_entropy  0.150  0.032760  0.036272

